#
# A fatal error has been detected by the Java Runtime Environment:
#
#  EXCEPTION_ACCESS_VIOLATION (0xc0000005) at pc=0x00007ffbf2a5cd00, pid=12932, tid=15612
#
# JRE version: OpenJDK Runtime Environment Corretto-17.0.4.9.1 (17.0.4.1+9) (build 17.0.4.1+9-LTS)
# Java VM: OpenJDK 64-Bit Server VM Corretto-17.0.4.9.1 (17.0.4.1+9-LTS, mixed mode, sharing, tiered, compressed oops, compressed class ptrs, g1 gc, windows-amd64)
# Problematic frame:
# V  [jvm.dll+0x1cd00]
#
# No core dump will be written. Minidumps are not enabled by default on client versions of Windows
#
# If you would like to submit a bug report, please visit:
#   https://github.com/corretto/corretto-17/issues/
#

---------------  S U M M A R Y ------------

Command Line: -Dfile.encoding=windows-1251 -Duser.country=RU -Duser.language=ru -Duser.variant Main

Host: Intel(R) Core(TM) i5-10400 CPU @ 2.90GHz, 12 cores, 15G,  Windows 10 , 64 bit Build 19041 (10.0.19041.2364)
Time: Wed Jan 11 12:10:28 2023  Windows 10 , 64 bit Build 19041 (10.0.19041.2364) elapsed time: 4.318548 seconds (0d 0h 0m 4s)

---------------  T H R E A D  ---------------

Current thread (0x0000028fc9158980):  JavaThread "main" [_thread_in_vm, id=15612, stack(0x000000e115b00000,0x000000e115c00000)]

Stack: [0x000000e115b00000,0x000000e115c00000],  sp=0x000000e115bfed38,  free space=1019k
Native frames: (J=compiled Java code, j=interpreted, Vv=VM code, C=native code)
V  [jvm.dll+0x1cd00]

Java frames: (J=compiled Java code, j=interpreted, Vv=VM code)
j  imgui.extension.imguizmo.ImGuizmo.nManipulate([F[FII[F[F)V+0
j  imgui.extension.imguizmo.ImGuizmo.manipulate([F[F[FII[F)V+8
j  engine.gizmo.GizmoSystem.updateGizmo()V+223
j  engine.imGui.SceneViewWindow.imgui()V+578
j  engine.imGui.ImGuiLayer.update()V+25
j  Main.main([Ljava/lang/String;)V+407
v  ~StubRoutines::call_stub

siginfo: EXCEPTION_ACCESS_VIOLATION (0xc0000005), reading address 0x0000000000000000


Register to memory mapping:

RIP=0x00007ffbf2a5cd00 jvm.dll
RAX=0x00007ffbf3354a00 jvm.dll
RBX=0x0000028fc9158980 is a thread
RCX=0x0 is NULL
RDX=0x0 is NULL
RSP=0x000000e115bfed38 is pointing into the stack for thread: 0x0000028fc9158980
RBP=0x0000028fc9158980 is a thread
RSI=0x000000070faf3e00 is pointing into object: org.joml.Vector3f 
{0x000000070faf3df0} - klass: 'org/joml/Vector3f'
 - ---- fields (total size 3 words):
 - public 'x' 'F' @12  1.000000 (3f800000)
 - public 'y' 'F' @16  0.000000
 - public 'z' 'F' @20  0.000000
RDI=0x0 is NULL
R8 =0x0 is NULL
R9 =0x0 is NULL
R10=0x000000e115bfef08 is pointing into the stack for thread: 0x0000028fc9158980
R11=0x0000000000000007 is an unknown value
R12=0x0000028fc9158c28 points into unknown readable memory: 0x0000028fed5e8050 | 50 80 5e ed 8f 02 00 00
R13=0x000000e115bfef20 is pointing into the stack for thread: 0x0000028fc9158980
R14=0x0 is NULL
R15=0x0 is NULL


Registers:
RAX=0x00007ffbf3354a00, RBX=0x0000028fc9158980, RCX=0x0000000000000000, RDX=0x0000000000000000
RSP=0x000000e115bfed38, RBP=0x0000028fc9158980, RSI=0x000000070faf3e00, RDI=0x0000000000000000
R8 =0x0000000000000000, R9 =0x0000000000000000, R10=0x000000e115bfef08, R11=0x0000000000000007
R12=0x0000028fc9158c28, R13=0x000000e115bfef20, R14=0x0000000000000000, R15=0x0000000000000000
RIP=0x00007ffbf2a5cd00, EFLAGS=0x0000000000010246

Top of Stack: (sp=0x000000e115bfed38)
0x000000e115bfed38:   00007ffbf2e0b2f9 000000000000000e
0x000000e115bfed48:   000000001bb55bbd 0000028fed30dea0
0x000000e115bfed58:   0000028fc9158980 0000028fc9158980
0x000000e115bfed68:   0000000000000000 0000028fc9158e60
0x000000e115bfed78:   0000004800000003 000000e115bfef28
0x000000e115bfed88:   0000000064ae0b3e 0000028fed30dea0
0x000000e115bfed98:   000000070faf3d60 000000070faf3e48
0x000000e115bfeda8:   000000070faf3d10 0000028fc9158980
0x000000e115bfedb8:   0000028fc9158980 000000e115bfeee0
0x000000e115bfedc8:   00007ffbf2dabd92 000000e115bfedf0
0x000000e115bfedd8:   0000028fc700c3f0 000000e115bfef08
0x000000e115bfede8:   0000000700000000 0000028fed30dea0
0x000000e115bfedf8:   0000028fed30dea0 0000028ffbdb0c38
0x000000e115bfee08:   0000028fd0c694fe 000000e115bfeee0
0x000000e115bfee18:   0000000000000000 0000028fed30dea0
0x000000e115bfee28:   000000e115bfef28 0000028fc9158980 

Instructions: (pc=0x00007ffbf2a5cd00)
0x00007ffbf2a5cc00:   00 00 00 48 8b 13 0f b6 c2 24 03 3c 03 75 19 48
0x00007ffbf2a5cc10:   83 e2 fc 74 13 48 3b da 74 11 48 8b c2 48 8b 5c
0x00007ffbf2a5cc20:   24 38 48 83 c4 20 5e c3 48 8b d3 48 8b 46 38 0f
0x00007ffbf2a5cc30:   be 88 f0 02 00 00 c1 e9 02 f6 c1 01 74 dc 8b 0d
0x00007ffbf2a5cc40:   b8 d7 b5 00 65 48 8b 04 25 58 00 00 00 48 89 7c
0x00007ffbf2a5cc50:   24 30 bf 20 00 00 00 48 8b 04 c8 48 8b 0d 46 4d
0x00007ffbf2a5cc60:   b5 00 48 81 c1 90 09 00 00 48 8b 3c 07 8b 41 40
0x00007ffbf2a5cc70:   0f b6 57 21 8d 42 01 88 47 21 84 d2 75 0a 48 8b
0x00007ffbf2a5cc80:   d7 e8 2a 73 6b 00 eb 20 80 7f 22 00 75 1a 8b 41
0x00007ffbf2a5cc90:   40 85 05 bd 17 97 00 74 0f b8 ff ff ff ff f0 0f
0x00007ffbf2a5cca0:   c1 41 40 e8 98 73 6b 00 48 8b 4e 38 4c 8b c7 48
0x00007ffbf2a5ccb0:   8b d3 e8 79 f7 ff ff 0f b6 4f 21 48 8b d8 48 8b
0x00007ffbf2a5ccc0:   15 e3 4c b5 00 8d 41 ff 88 47 21 80 f9 01 77 0f
0x00007ffbf2a5ccd0:   48 8d 8a 90 09 00 00 48 8b d7 e8 41 73 6b 00 48
0x00007ffbf2a5cce0:   8b 7c 24 30 48 8b c3 48 8b 5c 24 38 48 83 c4 20
0x00007ffbf2a5ccf0:   5e c3 cc cc cc cc cc cc cc cc cc cc cc cc cc cc
0x00007ffbf2a5cd00:   48 8b 01 c3 cc cc cc cc cc cc cc cc cc cc cc cc
0x00007ffbf2a5cd10:   4c 8b 01 4c 8b c9 48 8b 0d b3 db b0 00 ba 44 60
0x00007ffbf2a5cd20:   08 00 e9 19 f2 ff ff cc cc cc cc cc cc cc cc cc
0x00007ffbf2a5cd30:   48 8b 11 e9 68 fc ff ff cc cc cc cc cc cc cc cc
0x00007ffbf2a5cd40:   4c 8b 01 4c 8b c9 48 8b 0d 83 db b0 00 ba 64 60
0x00007ffbf2a5cd50:   08 00 e9 e9 f1 ff ff cc cc cc cc cc cc cc cc cc
0x00007ffbf2a5cd60:   8b 05 42 20 ab 00 c3 cc cc cc cc cc cc cc cc cc
0x00007ffbf2a5cd70:   0f b6 05 c8 e3 b1 00 48 8b d1 84 c0 74 16 44 8b
0x00007ffbf2a5cd80:   41 08 8b 0d 20 20 ab 00 49 d3 e0 4c 03 05 0e 20
0x00007ffbf2a5cd90:   ab 00 eb 04 4c 8b 41 08 45 8b 50 08 45 85 d2 7e
0x00007ffbf2a5cda0:   0e 41 f6 c2 01 75 53 41 c1 fa 03 41 8b c2 c3 79
0x00007ffbf2a5cdb0:   49 84 c0 b9 10 00 00 00 8b 05 36 2f ab 00 41 b8
0x00007ffbf2a5cdc0:   0c 00 00 00 41 0f 45 c8 ff c8 4c 63 c8 48 63 14
0x00007ffbf2a5cdd0:   11 41 8b ca 83 e1 3f 48 d3 e2 41 8b ca 48 c1 f9
0x00007ffbf2a5cde0:   10 0f b6 c1 49 8d 0c 11 49 f7 d1 48 03 c1 49 c1
0x00007ffbf2a5cdf0:   e9 03 48 c1 e8 03 41 23 c1 c3 49 8b 00 49 8b c8 


Stack slot to memory mapping:
stack at sp + 0 slots: 0x00007ffbf2e0b2f9 jvm.dll
stack at sp + 1 slots: 0x000000000000000e is an unknown value
stack at sp + 2 slots: 0x000000001bb55bbd is an unknown value
stack at sp + 3 slots: {method} {0x0000028fed30dea8} 'nManipulate' '([F[FII[F[F)V' in 'imgui/extension/imguizmo/ImGuizmo'
stack at sp + 4 slots: 0x0000028fc9158980 is a thread
stack at sp + 5 slots: 0x0000028fc9158980 is a thread
stack at sp + 6 slots: 0x0 is NULL
stack at sp + 7 slots: 0x0000028fc9158e60 points into unknown readable memory: 0x6c6d6f6a2e67726f | 6f 72 67 2e 6a 6f 6d 6c


---------------  P R O C E S S  ---------------

Threads class SMR info:
_java_thread_list=0x0000028ff554dfb0, length=13, elements={
0x0000028fc9158980, 0x0000028fec4d1840, 0x0000028fec4d24b0, 0x0000028fec4e9cf0,
0x0000028fec4ea6a0, 0x0000028fec4eb050, 0x0000028fec4ec1a0, 0x0000028fec4ece80,
0x0000028fec4f15c0, 0x0000028fec4f4760, 0x0000028fec61e700, 0x0000028fec62d240,
0x0000028ff54ebc50
}

Java Threads: ( => current thread )
=>0x0000028fc9158980 JavaThread "main" [_thread_in_vm, id=15612, stack(0x000000e115b00000,0x000000e115c00000)]
  0x0000028fec4d1840 JavaThread "Reference Handler" daemon [_thread_blocked, id=8152, stack(0x000000e116200000,0x000000e116300000)]
  0x0000028fec4d24b0 JavaThread "Finalizer" daemon [_thread_blocked, id=16908, stack(0x000000e116300000,0x000000e116400000)]
  0x0000028fec4e9cf0 JavaThread "Signal Dispatcher" daemon [_thread_blocked, id=3616, stack(0x000000e116400000,0x000000e116500000)]
  0x0000028fec4ea6a0 JavaThread "Attach Listener" daemon [_thread_blocked, id=1492, stack(0x000000e116500000,0x000000e116600000)]
  0x0000028fec4eb050 JavaThread "Service Thread" daemon [_thread_blocked, id=9172, stack(0x000000e116600000,0x000000e116700000)]
  0x0000028fec4ec1a0 JavaThread "Monitor Deflation Thread" daemon [_thread_blocked, id=2172, stack(0x000000e116700000,0x000000e116800000)]
  0x0000028fec4ece80 JavaThread "C2 CompilerThread0" daemon [_thread_blocked, id=9192, stack(0x000000e116800000,0x000000e116900000)]
  0x0000028fec4f15c0 JavaThread "C1 CompilerThread0" daemon [_thread_blocked, id=4388, stack(0x000000e116900000,0x000000e116a00000)]
  0x0000028fec4f4760 JavaThread "Sweeper thread" daemon [_thread_blocked, id=10612, stack(0x000000e116a00000,0x000000e116b00000)]
  0x0000028fec61e700 JavaThread "Notification Thread" daemon [_thread_blocked, id=10792, stack(0x000000e116b00000,0x000000e116c00000)]
  0x0000028fec62d240 JavaThread "Common-Cleaner" daemon [_thread_blocked, id=12764, stack(0x000000e116d00000,0x000000e116e00000)]
  0x0000028ff54ebc50 JavaThread "C2 CompilerThread1" daemon [_thread_blocked, id=8640, stack(0x000000e117c00000,0x000000e117d00000)]

Other Threads:
  0x0000028fec4cc5a0 VMThread "VM Thread" [stack: 0x000000e116100000,0x000000e116200000] [id=12096]
  0x0000028fec625410 WatcherThread [stack: 0x000000e116c00000,0x000000e116d00000] [id=16824]
  0x0000028fc91c4a30 GCTaskThread "GC Thread#0" [stack: 0x000000e115c00000,0x000000e115d00000] [id=9012]
  0x0000028ff53ca820 GCTaskThread "GC Thread#1" [stack: 0x000000e116e00000,0x000000e116f00000] [id=1472]
  0x0000028ff5663510 GCTaskThread "GC Thread#2" [stack: 0x000000e117500000,0x000000e117600000] [id=10692]
  0x0000028ff56637c0 GCTaskThread "GC Thread#3" [stack: 0x000000e117600000,0x000000e117700000] [id=9776]
  0x0000028ff4cee480 GCTaskThread "GC Thread#4" [stack: 0x000000e117700000,0x000000e117800000] [id=7308]
  0x0000028ff518fa80 GCTaskThread "GC Thread#5" [stack: 0x000000e117800000,0x000000e117900000] [id=13808]
  0x0000028ff4d4ac30 GCTaskThread "GC Thread#6" [stack: 0x000000e117900000,0x000000e117a00000] [id=5228]
  0x0000028ff4efb6b0 GCTaskThread "GC Thread#7" [stack: 0x000000e117a00000,0x000000e117b00000] [id=4428]
  0x0000028ff4efe190 GCTaskThread "GC Thread#8" [stack: 0x000000e117b00000,0x000000e117c00000] [id=15724]
  0x0000028fc91d5580 ConcurrentGCThread "G1 Main Marker" [stack: 0x000000e115d00000,0x000000e115e00000] [id=8988]
  0x0000028fc91d5e90 ConcurrentGCThread "G1 Conc#0" [stack: 0x000000e115e00000,0x000000e115f00000] [id=7368]
  0x0000028fc922d110 ConcurrentGCThread "G1 Refine#0" [stack: 0x000000e115f00000,0x000000e116000000] [id=11436]
  0x0000028fc922ea40 ConcurrentGCThread "G1 Service" [stack: 0x000000e116000000,0x000000e116100000] [id=5520]

Threads with active compile tasks:

VM state: not at safepoint (normal execution)

VM Mutex/Monitor currently owned by a thread: None

Heap address: 0x0000000702e00000, size: 4050 MB, Compressed Oops mode: Zero based, Oop shift amount: 3

CDS archive(s) mapped at: [0x0000000800000000-0x0000000800bc0000-0x0000000800bc0000), size 12320768, SharedBaseAddress: 0x0000000800000000, ArchiveRelocationMode: 0.
Compressed class space mapped at: 0x0000000800c00000-0x0000000840c00000, reserved size: 1073741824
Narrow klass base: 0x0000000800000000, Narrow klass shift: 0, Narrow klass range: 0x100000000

GC Precious Log:
 CPUs: 12 total, 12 available
 Memory: 16196M
 Large Page Support: Disabled
 NUMA Support: Disabled
 Compressed Oops: Enabled (Zero based)
 Heap Region Size: 2M
 Heap Min Capacity: 8M
 Heap Initial Capacity: 254M
 Heap Max Capacity: 4050M
 Pre-touch: Disabled
 Parallel Workers: 10
 Concurrent Workers: 3
 Concurrent Refinement Workers: 10
 Periodic GC: Disabled

Heap:
 garbage-first heap   total 260096K, used 63796K [0x0000000702e00000, 0x0000000800000000)
  region size 2048K, 26 young (53248K), 1 survivors (2048K)
 Metaspace       used 9288K, committed 9536K, reserved 1064960K
  class space    used 642K, committed 768K, reserved 1048576K

Heap Regions: E=young(eden), S=young(survivor), O=old, HS=humongous(starts), HC=humongous(continues), CS=collection set, F=free, OA=open archive, CA=closed archive, TAMS=top-at-mark-start (previous, next)
|   0|0x0000000702e00000, 0x0000000703000000, 0x0000000703000000|100%| O|  |TAMS 0x0000000702e00000, 0x0000000702e00000| Untracked 
|   1|0x0000000703000000, 0x0000000703200000, 0x0000000703200000|100%| O|  |TAMS 0x0000000703000000, 0x0000000703000000| Untracked 
|   2|0x0000000703200000, 0x0000000703400000, 0x0000000703400000|100%| O|  |TAMS 0x0000000703200000, 0x0000000703200000| Untracked 
|   3|0x0000000703400000, 0x0000000703400000, 0x0000000703600000|  0%| F|  |TAMS 0x0000000703400000, 0x0000000703400000| Untracked 
|   4|0x0000000703600000, 0x0000000703600000, 0x0000000703800000|  0%| F|  |TAMS 0x0000000703600000, 0x0000000703600000| Untracked 
|   5|0x0000000703800000, 0x0000000703800000, 0x0000000703a00000|  0%| F|  |TAMS 0x0000000703800000, 0x0000000703800000| Untracked 
|   6|0x0000000703a00000, 0x0000000703a00000, 0x0000000703c00000|  0%| F|  |TAMS 0x0000000703a00000, 0x0000000703a00000| Untracked 
|   7|0x0000000703c00000, 0x0000000703c00000, 0x0000000703e00000|  0%| F|  |TAMS 0x0000000703c00000, 0x0000000703c00000| Untracked 
|   8|0x0000000703e00000, 0x0000000703e00000, 0x0000000704000000|  0%| F|  |TAMS 0x0000000703e00000, 0x0000000703e00000| Untracked 
|   9|0x0000000704000000, 0x0000000704200000, 0x0000000704200000|100%| O|  |TAMS 0x0000000704000000, 0x0000000704000000| Untracked 
|  10|0x0000000704200000, 0x0000000704400000, 0x0000000704400000|100%| O|  |TAMS 0x0000000704200000, 0x0000000704200000| Untracked 
|  11|0x0000000704400000, 0x0000000704600000, 0x0000000704600000|100%| O|  |TAMS 0x0000000704400000, 0x0000000704400000| Untracked 
|  12|0x0000000704600000, 0x000000070473ca00, 0x0000000704800000| 61%| O|  |TAMS 0x0000000704600000, 0x0000000704600000| Untracked 
|  13|0x0000000704800000, 0x0000000704800000, 0x0000000704a00000|  0%| F|  |TAMS 0x0000000704800000, 0x0000000704800000| Untracked 
|  14|0x0000000704a00000, 0x0000000704a00000, 0x0000000704c00000|  0%| F|  |TAMS 0x0000000704a00000, 0x0000000704a00000| Untracked 
|  15|0x0000000704c00000, 0x0000000704c00000, 0x0000000704e00000|  0%| F|  |TAMS 0x0000000704c00000, 0x0000000704c00000| Untracked 
|  16|0x0000000704e00000, 0x0000000704e00000, 0x0000000705000000|  0%| F|  |TAMS 0x0000000704e00000, 0x0000000704e00000| Untracked 
|  17|0x0000000705000000, 0x0000000705000000, 0x0000000705200000|  0%| F|  |TAMS 0x0000000705000000, 0x0000000705000000| Untracked 
|  18|0x0000000705200000, 0x0000000705200000, 0x0000000705400000|  0%| F|  |TAMS 0x0000000705200000, 0x0000000705200000| Untracked 
|  19|0x0000000705400000, 0x0000000705400000, 0x0000000705600000|  0%| F|  |TAMS 0x0000000705400000, 0x0000000705400000| Untracked 
|  20|0x0000000705600000, 0x0000000705600000, 0x0000000705800000|  0%| F|  |TAMS 0x0000000705600000, 0x0000000705600000| Untracked 
|  21|0x0000000705800000, 0x0000000705800000, 0x0000000705a00000|  0%| F|  |TAMS 0x0000000705800000, 0x0000000705800000| Untracked 
|  22|0x0000000705a00000, 0x0000000705a00000, 0x0000000705c00000|  0%| F|  |TAMS 0x0000000705a00000, 0x0000000705a00000| Untracked 
|  23|0x0000000705c00000, 0x0000000705c00000, 0x0000000705e00000|  0%| F|  |TAMS 0x0000000705c00000, 0x0000000705c00000| Untracked 
|  24|0x0000000705e00000, 0x0000000705e00000, 0x0000000706000000|  0%| F|  |TAMS 0x0000000705e00000, 0x0000000705e00000| Untracked 
|  25|0x0000000706000000, 0x0000000706000000, 0x0000000706200000|  0%| F|  |TAMS 0x0000000706000000, 0x0000000706000000| Untracked 
|  26|0x0000000706200000, 0x0000000706200000, 0x0000000706400000|  0%| F|  |TAMS 0x0000000706200000, 0x0000000706200000| Untracked 
|  27|0x0000000706400000, 0x0000000706400000, 0x0000000706600000|  0%| F|  |TAMS 0x0000000706400000, 0x0000000706400000| Untracked 
|  28|0x0000000706600000, 0x0000000706600000, 0x0000000706800000|  0%| F|  |TAMS 0x0000000706600000, 0x0000000706600000| Untracked 
|  29|0x0000000706800000, 0x0000000706800000, 0x0000000706a00000|  0%| F|  |TAMS 0x0000000706800000, 0x0000000706800000| Untracked 
|  30|0x0000000706a00000, 0x0000000706a00000, 0x0000000706c00000|  0%| F|  |TAMS 0x0000000706a00000, 0x0000000706a00000| Untracked 
|  31|0x0000000706c00000, 0x0000000706c00000, 0x0000000706e00000|  0%| F|  |TAMS 0x0000000706c00000, 0x0000000706c00000| Untracked 
|  32|0x0000000706e00000, 0x0000000706e00000, 0x0000000707000000|  0%| F|  |TAMS 0x0000000706e00000, 0x0000000706e00000| Untracked 
|  33|0x0000000707000000, 0x0000000707000000, 0x0000000707200000|  0%| F|  |TAMS 0x0000000707000000, 0x0000000707000000| Untracked 
|  34|0x0000000707200000, 0x0000000707200000, 0x0000000707400000|  0%| F|  |TAMS 0x0000000707200000, 0x0000000707200000| Untracked 
|  35|0x0000000707400000, 0x0000000707400000, 0x0000000707600000|  0%| F|  |TAMS 0x0000000707400000, 0x0000000707400000| Untracked 
|  36|0x0000000707600000, 0x0000000707600000, 0x0000000707800000|  0%| F|  |TAMS 0x0000000707600000, 0x0000000707600000| Untracked 
|  37|0x0000000707800000, 0x0000000707800000, 0x0000000707a00000|  0%| F|  |TAMS 0x0000000707800000, 0x0000000707800000| Untracked 
|  38|0x0000000707a00000, 0x0000000707a00000, 0x0000000707c00000|  0%| F|  |TAMS 0x0000000707a00000, 0x0000000707a00000| Untracked 
|  39|0x0000000707c00000, 0x0000000707c00000, 0x0000000707e00000|  0%| F|  |TAMS 0x0000000707c00000, 0x0000000707c00000| Untracked 
|  40|0x0000000707e00000, 0x0000000707e00000, 0x0000000708000000|  0%| F|  |TAMS 0x0000000707e00000, 0x0000000707e00000| Untracked 
|  41|0x0000000708000000, 0x0000000708000000, 0x0000000708200000|  0%| F|  |TAMS 0x0000000708000000, 0x0000000708000000| Untracked 
|  42|0x0000000708200000, 0x0000000708200000, 0x0000000708400000|  0%| F|  |TAMS 0x0000000708200000, 0x0000000708200000| Untracked 
|  43|0x0000000708400000, 0x0000000708400000, 0x0000000708600000|  0%| F|  |TAMS 0x0000000708400000, 0x0000000708400000| Untracked 
|  44|0x0000000708600000, 0x0000000708600000, 0x0000000708800000|  0%| F|  |TAMS 0x0000000708600000, 0x0000000708600000| Untracked 
|  45|0x0000000708800000, 0x0000000708800000, 0x0000000708a00000|  0%| F|  |TAMS 0x0000000708800000, 0x0000000708800000| Untracked 
|  46|0x0000000708a00000, 0x0000000708a00000, 0x0000000708c00000|  0%| F|  |TAMS 0x0000000708a00000, 0x0000000708a00000| Untracked 
|  47|0x0000000708c00000, 0x0000000708c00000, 0x0000000708e00000|  0%| F|  |TAMS 0x0000000708c00000, 0x0000000708c00000| Untracked 
|  48|0x0000000708e00000, 0x0000000708e00000, 0x0000000709000000|  0%| F|  |TAMS 0x0000000708e00000, 0x0000000708e00000| Untracked 
|  49|0x0000000709000000, 0x0000000709000000, 0x0000000709200000|  0%| F|  |TAMS 0x0000000709000000, 0x0000000709000000| Untracked 
|  50|0x0000000709200000, 0x0000000709310760, 0x0000000709400000| 53%| S|CS|TAMS 0x0000000709200000, 0x0000000709200000| Complete 
|  51|0x0000000709400000, 0x0000000709400000, 0x0000000709600000|  0%| F|  |TAMS 0x0000000709400000, 0x0000000709400000| Untracked 
|  52|0x0000000709600000, 0x0000000709600000, 0x0000000709800000|  0%| F|  |TAMS 0x0000000709600000, 0x0000000709600000| Untracked 
|  53|0x0000000709800000, 0x0000000709800000, 0x0000000709a00000|  0%| F|  |TAMS 0x0000000709800000, 0x0000000709800000| Untracked 
|  54|0x0000000709a00000, 0x0000000709a00000, 0x0000000709c00000|  0%| F|  |TAMS 0x0000000709a00000, 0x0000000709a00000| Untracked 
|  55|0x0000000709c00000, 0x0000000709c00000, 0x0000000709e00000|  0%| F|  |TAMS 0x0000000709c00000, 0x0000000709c00000| Untracked 
|  56|0x0000000709e00000, 0x0000000709e00000, 0x000000070a000000|  0%| F|  |TAMS 0x0000000709e00000, 0x0000000709e00000| Untracked 
|  57|0x000000070a000000, 0x000000070a000000, 0x000000070a200000|  0%| F|  |TAMS 0x000000070a000000, 0x000000070a000000| Untracked 
|  58|0x000000070a200000, 0x000000070a200000, 0x000000070a400000|  0%| F|  |TAMS 0x000000070a200000, 0x000000070a200000| Untracked 
|  59|0x000000070a400000, 0x000000070a400000, 0x000000070a600000|  0%| F|  |TAMS 0x000000070a400000, 0x000000070a400000| Untracked 
|  60|0x000000070a600000, 0x000000070a600000, 0x000000070a800000|  0%| F|  |TAMS 0x000000070a600000, 0x000000070a600000| Untracked 
|  61|0x000000070a800000, 0x000000070a800000, 0x000000070aa00000|  0%| F|  |TAMS 0x000000070a800000, 0x000000070a800000| Untracked 
|  62|0x000000070aa00000, 0x000000070aa00000, 0x000000070ac00000|  0%| F|  |TAMS 0x000000070aa00000, 0x000000070aa00000| Untracked 
|  63|0x000000070ac00000, 0x000000070ac00000, 0x000000070ae00000|  0%| F|  |TAMS 0x000000070ac00000, 0x000000070ac00000| Untracked 
|  64|0x000000070ae00000, 0x000000070ae00000, 0x000000070b000000|  0%| F|  |TAMS 0x000000070ae00000, 0x000000070ae00000| Untracked 
|  65|0x000000070b000000, 0x000000070b000000, 0x000000070b200000|  0%| F|  |TAMS 0x000000070b000000, 0x000000070b000000| Untracked 
|  66|0x000000070b200000, 0x000000070b200000, 0x000000070b400000|  0%| F|  |TAMS 0x000000070b200000, 0x000000070b200000| Untracked 
|  67|0x000000070b400000, 0x000000070b400000, 0x000000070b600000|  0%| F|  |TAMS 0x000000070b400000, 0x000000070b400000| Untracked 
|  68|0x000000070b600000, 0x000000070b600000, 0x000000070b800000|  0%| F|  |TAMS 0x000000070b600000, 0x000000070b600000| Untracked 
|  69|0x000000070b800000, 0x000000070b800000, 0x000000070ba00000|  0%| F|  |TAMS 0x000000070b800000, 0x000000070b800000| Untracked 
|  70|0x000000070ba00000, 0x000000070ba00000, 0x000000070bc00000|  0%| F|  |TAMS 0x000000070ba00000, 0x000000070ba00000| Untracked 
|  71|0x000000070bc00000, 0x000000070bc00000, 0x000000070be00000|  0%| F|  |TAMS 0x000000070bc00000, 0x000000070bc00000| Untracked 
|  72|0x000000070be00000, 0x000000070be00000, 0x000000070c000000|  0%| F|  |TAMS 0x000000070be00000, 0x000000070be00000| Untracked 
|  73|0x000000070c000000, 0x000000070c000000, 0x000000070c200000|  0%| F|  |TAMS 0x000000070c000000, 0x000000070c000000| Untracked 
|  74|0x000000070c200000, 0x000000070c200000, 0x000000070c400000|  0%| F|  |TAMS 0x000000070c200000, 0x000000070c200000| Untracked 
|  75|0x000000070c400000, 0x000000070c400000, 0x000000070c600000|  0%| F|  |TAMS 0x000000070c400000, 0x000000070c400000| Untracked 
|  76|0x000000070c600000, 0x000000070c600000, 0x000000070c800000|  0%| F|  |TAMS 0x000000070c600000, 0x000000070c600000| Untracked 
|  77|0x000000070c800000, 0x000000070c800000, 0x000000070ca00000|  0%| F|  |TAMS 0x000000070c800000, 0x000000070c800000| Untracked 
|  78|0x000000070ca00000, 0x000000070ca00000, 0x000000070cc00000|  0%| F|  |TAMS 0x000000070ca00000, 0x000000070ca00000| Untracked 
|  79|0x000000070cc00000, 0x000000070cc00000, 0x000000070ce00000|  0%| F|  |TAMS 0x000000070cc00000, 0x000000070cc00000| Untracked 
|  80|0x000000070ce00000, 0x000000070ce00000, 0x000000070d000000|  0%| F|  |TAMS 0x000000070ce00000, 0x000000070ce00000| Untracked 
|  81|0x000000070d000000, 0x000000070d000000, 0x000000070d200000|  0%| F|  |TAMS 0x000000070d000000, 0x000000070d000000| Untracked 
|  82|0x000000070d200000, 0x000000070d200000, 0x000000070d400000|  0%| F|  |TAMS 0x000000070d200000, 0x000000070d200000| Untracked 
|  83|0x000000070d400000, 0x000000070d400000, 0x000000070d600000|  0%| F|  |TAMS 0x000000070d400000, 0x000000070d400000| Untracked 
|  84|0x000000070d600000, 0x000000070d600000, 0x000000070d800000|  0%| F|  |TAMS 0x000000070d600000, 0x000000070d600000| Untracked 
|  85|0x000000070d800000, 0x000000070d800000, 0x000000070da00000|  0%| F|  |TAMS 0x000000070d800000, 0x000000070d800000| Untracked 
|  86|0x000000070da00000, 0x000000070da00000, 0x000000070dc00000|  0%| F|  |TAMS 0x000000070da00000, 0x000000070da00000| Untracked 
|  87|0x000000070dc00000, 0x000000070dc00000, 0x000000070de00000|  0%| F|  |TAMS 0x000000070dc00000, 0x000000070dc00000| Untracked 
|  88|0x000000070de00000, 0x000000070de00000, 0x000000070e000000|  0%| F|  |TAMS 0x000000070de00000, 0x000000070de00000| Untracked 
|  89|0x000000070e000000, 0x000000070e000000, 0x000000070e200000|  0%| F|  |TAMS 0x000000070e000000, 0x000000070e000000| Untracked 
|  90|0x000000070e200000, 0x000000070e200000, 0x000000070e400000|  0%| F|  |TAMS 0x000000070e200000, 0x000000070e200000| Untracked 
|  91|0x000000070e400000, 0x000000070e400000, 0x000000070e600000|  0%| F|  |TAMS 0x000000070e400000, 0x000000070e400000| Untracked 
|  92|0x000000070e600000, 0x000000070e600000, 0x000000070e800000|  0%| F|  |TAMS 0x000000070e600000, 0x000000070e600000| Untracked 
|  93|0x000000070e800000, 0x000000070e800000, 0x000000070ea00000|  0%| F|  |TAMS 0x000000070e800000, 0x000000070e800000| Untracked 
|  94|0x000000070ea00000, 0x000000070ea00000, 0x000000070ec00000|  0%| F|  |TAMS 0x000000070ea00000, 0x000000070ea00000| Untracked 
|  95|0x000000070ec00000, 0x000000070ec00000, 0x000000070ee00000|  0%| F|  |TAMS 0x000000070ec00000, 0x000000070ec00000| Untracked 
|  96|0x000000070ee00000, 0x000000070ee00000, 0x000000070f000000|  0%| F|  |TAMS 0x000000070ee00000, 0x000000070ee00000| Untracked 
|  97|0x000000070f000000, 0x000000070f000000, 0x000000070f200000|  0%| F|  |TAMS 0x000000070f000000, 0x000000070f000000| Untracked 
|  98|0x000000070f200000, 0x000000070f200000, 0x000000070f400000|  0%| F|  |TAMS 0x000000070f200000, 0x000000070f200000| Untracked 
|  99|0x000000070f400000, 0x000000070f400000, 0x000000070f600000|  0%| F|  |TAMS 0x000000070f400000, 0x000000070f400000| Untracked 
| 100|0x000000070f600000, 0x000000070f600000, 0x000000070f800000|  0%| F|  |TAMS 0x000000070f600000, 0x000000070f600000| Untracked 
| 101|0x000000070f800000, 0x000000070f800000, 0x000000070fa00000|  0%| F|  |TAMS 0x000000070f800000, 0x000000070f800000| Untracked 
| 102|0x000000070fa00000, 0x000000070fb00800, 0x000000070fc00000| 50%| E|  |TAMS 0x000000070fa00000, 0x000000070fa00000| Complete 
| 103|0x000000070fc00000, 0x000000070fe00000, 0x000000070fe00000|100%| E|CS|TAMS 0x000000070fc00000, 0x000000070fc00000| Complete 
| 104|0x000000070fe00000, 0x0000000710000000, 0x0000000710000000|100%| E|CS|TAMS 0x000000070fe00000, 0x000000070fe00000| Complete 
| 105|0x0000000710000000, 0x0000000710200000, 0x0000000710200000|100%| E|CS|TAMS 0x0000000710000000, 0x0000000710000000| Complete 
| 106|0x0000000710200000, 0x0000000710400000, 0x0000000710400000|100%| E|CS|TAMS 0x0000000710200000, 0x0000000710200000| Complete 
| 107|0x0000000710400000, 0x0000000710600000, 0x0000000710600000|100%| E|CS|TAMS 0x0000000710400000, 0x0000000710400000| Complete 
| 108|0x0000000710600000, 0x0000000710800000, 0x0000000710800000|100%| E|CS|TAMS 0x0000000710600000, 0x0000000710600000| Complete 
| 109|0x0000000710800000, 0x0000000710a00000, 0x0000000710a00000|100%| E|CS|TAMS 0x0000000710800000, 0x0000000710800000| Complete 
| 110|0x0000000710a00000, 0x0000000710c00000, 0x0000000710c00000|100%| E|CS|TAMS 0x0000000710a00000, 0x0000000710a00000| Complete 
| 111|0x0000000710c00000, 0x0000000710e00000, 0x0000000710e00000|100%| E|CS|TAMS 0x0000000710c00000, 0x0000000710c00000| Complete 
| 112|0x0000000710e00000, 0x0000000711000000, 0x0000000711000000|100%| E|CS|TAMS 0x0000000710e00000, 0x0000000710e00000| Complete 
| 113|0x0000000711000000, 0x0000000711200000, 0x0000000711200000|100%| E|CS|TAMS 0x0000000711000000, 0x0000000711000000| Complete 
| 114|0x0000000711200000, 0x0000000711400000, 0x0000000711400000|100%| E|CS|TAMS 0x0000000711200000, 0x0000000711200000| Complete 
| 115|0x0000000711400000, 0x0000000711600000, 0x0000000711600000|100%| E|CS|TAMS 0x0000000711400000, 0x0000000711400000| Complete 
| 116|0x0000000711600000, 0x0000000711800000, 0x0000000711800000|100%| E|CS|TAMS 0x0000000711600000, 0x0000000711600000| Complete 
| 117|0x0000000711800000, 0x0000000711a00000, 0x0000000711a00000|100%| E|CS|TAMS 0x0000000711800000, 0x0000000711800000| Complete 
| 118|0x0000000711a00000, 0x0000000711c00000, 0x0000000711c00000|100%| E|CS|TAMS 0x0000000711a00000, 0x0000000711a00000| Complete 
| 119|0x0000000711c00000, 0x0000000711e00000, 0x0000000711e00000|100%| E|CS|TAMS 0x0000000711c00000, 0x0000000711c00000| Complete 
| 120|0x0000000711e00000, 0x0000000712000000, 0x0000000712000000|100%| E|CS|TAMS 0x0000000711e00000, 0x0000000711e00000| Complete 
| 121|0x0000000712000000, 0x0000000712200000, 0x0000000712200000|100%| E|CS|TAMS 0x0000000712000000, 0x0000000712000000| Complete 
| 122|0x0000000712200000, 0x0000000712400000, 0x0000000712400000|100%| E|CS|TAMS 0x0000000712200000, 0x0000000712200000| Complete 
| 123|0x0000000712400000, 0x0000000712600000, 0x0000000712600000|100%| E|CS|TAMS 0x0000000712400000, 0x0000000712400000| Complete 
| 124|0x0000000712600000, 0x0000000712800000, 0x0000000712800000|100%| E|CS|TAMS 0x0000000712600000, 0x0000000712600000| Complete 
| 125|0x0000000712800000, 0x0000000712a00000, 0x0000000712a00000|100%| E|CS|TAMS 0x0000000712800000, 0x0000000712800000| Complete 
| 126|0x0000000712a00000, 0x0000000712c00000, 0x0000000712c00000|100%| E|CS|TAMS 0x0000000712a00000, 0x0000000712a00000| Complete 

Card table byte_map: [0x0000028fe09a0000,0x0000028fe1190000] _byte_map_base: 0x0000028fdd189000

Marking Bits (Prev, Next): (CMBitMap*) 0x0000028fc91c4f40, (CMBitMap*) 0x0000028fc91c4f80
 Prev Bits: [0x0000028fe1980000, 0x0000028fe58c8000)
 Next Bits: [0x0000028fe58d0000, 0x0000028fe9818000)

Polling page: 0x0000028fc8930000

Metaspace:

Usage:
  Non-class:      8.44 MB used.
      Class:    642.24 KB used.
       Both:      9.07 MB used.

Virtual space:
  Non-class space:       16.00 MB reserved,       8.56 MB ( 54%) committed,  2 nodes.
      Class space:        1.00 GB reserved,     768.00 KB ( <1%) committed,  1 nodes.
             Both:        1.02 GB reserved,       9.31 MB ( <1%) committed. 

Chunk freelists:
   Non-Class:  2.16 MB
       Class:  3.26 MB
        Both:  5.41 MB

MaxMetaspaceSize: unlimited
CompressedClassSpaceSize: 1.00 GB
Initial GC threshold: 21.00 MB
Current GC threshold: 21.00 MB
CDS: on
MetaspaceReclaimPolicy: balanced
 - commit_granule_bytes: 65536.
 - commit_granule_words: 8192.
 - virtual_space_node_default_size: 1048576.
 - enlarge_chunks_in_place: 1.
 - new_chunks_are_fully_committed: 0.
 - uncommit_free_chunks: 1.
 - use_allocation_guard: 0.
 - handle_deallocations: 1.


Internal statistics:

num_allocs_failed_limit: 0.
num_arena_births: 218.
num_arena_deaths: 0.
num_vsnodes_births: 3.
num_vsnodes_deaths: 0.
num_space_committed: 147.
num_space_uncommitted: 0.
num_chunks_returned_to_freelist: 0.
num_chunks_taken_from_freelist: 497.
num_chunk_merges: 0.
num_chunk_splits: 342.
num_chunks_enlarged: 251.
num_purges: 0.
num_inconsistent_stats: 0.

CodeHeap 'non-profiled nmethods': size=120000Kb used=1722Kb max_used=1722Kb free=118278Kb
 bounds [0x0000028fd8730000, 0x0000028fd89a0000, 0x0000028fdfc60000]
CodeHeap 'profiled nmethods': size=120000Kb used=4181Kb max_used=4181Kb free=115818Kb
 bounds [0x0000028fd1200000, 0x0000028fd1620000, 0x0000028fd8730000]
CodeHeap 'non-nmethods': size=5760Kb used=1761Kb max_used=1847Kb free=3998Kb
 bounds [0x0000028fd0c60000, 0x0000028fd0ed0000, 0x0000028fd1200000]
 total_blobs=3555 nmethods=2319 adapters=1148
 compilation: enabled
              stopped_count=0, restarted_count=0
 full_count=0

Compilation events (20 events):
Event: 4.213 Thread 0x0000028fec4f15c0 2311       3       java.util.Collections$1::<init> (15 bytes)
Event: 4.213 Thread 0x0000028fec4f15c0 nmethod 2311 0x0000028fd1611190 code [0x0000028fd1611320, 0x0000028fd16114f8]
Event: 4.213 Thread 0x0000028fec4f15c0 2312       3       engine.renderEngine.Loader::createVao (24 bytes)
Event: 4.213 Thread 0x0000028fec4f15c0 nmethod 2312 0x0000028fd1611590 code [0x0000028fd1611780, 0x0000028fd1611d08]
Event: 4.213 Thread 0x0000028fec4f15c0 2313       3       engine.renderEngine.Loader::unbindVAO (5 bytes)
Event: 4.214 Thread 0x0000028fec4f15c0 nmethod 2313 0x0000028fd1611f90 code [0x0000028fd1612140, 0x0000028fd16122c8]
Event: 4.214 Thread 0x0000028fec4ece80 2314       4       java.lang.Integer::getChars (131 bytes)
Event: 4.215 Thread 0x0000028fec4ece80 nmethod 2314 0x0000028fd88dd610 code [0x0000028fd88dd780, 0x0000028fd88dd8d8]
Event: 4.270 Thread 0x0000028fec4f15c0 2315       3       java.lang.invoke.MethodHandleNatives::refKindIsField (32 bytes)
Event: 4.270 Thread 0x0000028fec4f15c0 nmethod 2315 0x0000028fd1612390 code [0x0000028fd1612520, 0x0000028fd1612678]
Event: 4.270 Thread 0x0000028fec4ece80 2317       4       jdk.internal.org.objectweb.asm.ByteVector::putByte (39 bytes)
Event: 4.270 Thread 0x0000028fec4f15c0 2318       3       jdk.internal.access.SharedSecrets::getJavaLangAccess (4 bytes)
Event: 4.270 Thread 0x0000028fec4f15c0 nmethod 2318 0x0000028fd1612710 code [0x0000028fd16128a0, 0x0000028fd1612998]
Event: 4.271 Thread 0x0000028fec4f15c0 2319       3       java.lang.invoke.MethodHandles$Lookup::checkAccess (232 bytes)
Event: 4.271 Thread 0x0000028fec4ece80 nmethod 2317 0x0000028fd88ddd10 code [0x0000028fd88ddea0, 0x0000028fd88ddfe8]
Event: 4.271 Thread 0x0000028fec4f15c0 nmethod 2319 0x0000028fd1612a10 code [0x0000028fd1612d00, 0x0000028fd1613db8]
Event: 4.271 Thread 0x0000028fec4f15c0 2320       3       java.lang.invoke.LambdaFormEditor::getInCache (165 bytes)
Event: 4.272 Thread 0x0000028fec4f15c0 nmethod 2320 0x0000028fd1614210 code [0x0000028fd1614480, 0x0000028fd1615398]
Event: 4.277 Thread 0x0000028fec4ece80 2321       4       java.lang.StringConcatHelper::prepend (22 bytes)
Event: 4.279 Thread 0x0000028fec4ece80 nmethod 2321 0x0000028fd88de110 code [0x0000028fd88de2a0, 0x0000028fd88de538]

GC Heap History (10 events):
Event: 1.071 GC heap before
{Heap before GC invocations=0 (full 0):
 garbage-first heap   total 260096K, used 20480K [0x0000000702e00000, 0x0000000800000000)
  region size 2048K, 11 young (22528K), 0 survivors (0K)
 Metaspace       used 6808K, committed 7040K, reserved 1056768K
  class space    used 500K, committed 576K, reserved 1048576K
}
Event: 1.074 GC heap after
{Heap after GC invocations=1 (full 0):
 garbage-first heap   total 260096K, used 3763K [0x0000000702e00000, 0x0000000800000000)
  region size 2048K, 2 young (4096K), 2 survivors (4096K)
 Metaspace       used 6808K, committed 7040K, reserved 1056768K
  class space    used 500K, committed 576K, reserved 1048576K
}
Event: 1.112 GC heap before
{Heap before GC invocations=1 (full 0):
 garbage-first heap   total 260096K, used 32435K [0x0000000702e00000, 0x0000000800000000)
  region size 2048K, 16 young (32768K), 2 survivors (4096K)
 Metaspace       used 6830K, committed 7040K, reserved 1056768K
  class space    used 500K, committed 576K, reserved 1048576K
}
Event: 1.116 GC heap after
{Heap after GC invocations=2 (full 0):
 garbage-first heap   total 260096K, used 6302K [0x0000000702e00000, 0x0000000800000000)
  region size 2048K, 2 young (4096K), 2 survivors (4096K)
 Metaspace       used 6830K, committed 7040K, reserved 1056768K
  class space    used 500K, committed 576K, reserved 1048576K
}
Event: 1.338 GC heap before
{Heap before GC invocations=2 (full 0):
 garbage-first heap   total 260096K, used 133278K [0x0000000702e00000, 0x0000000800000000)
  region size 2048K, 64 young (131072K), 2 survivors (4096K)
 Metaspace       used 6860K, committed 7040K, reserved 1056768K
  class space    used 500K, committed 576K, reserved 1048576K
}
Event: 1.353 GC heap after
{Heap after GC invocations=3 (full 0):
 garbage-first heap   total 260096K, used 22151K [0x0000000702e00000, 0x0000000800000000)
  region size 2048K, 8 young (16384K), 8 survivors (16384K)
 Metaspace       used 6860K, committed 7040K, reserved 1056768K
  class space    used 500K, committed 576K, reserved 1048576K
}
Event: 2.825 GC heap before
{Heap before GC invocations=3 (full 0):
 garbage-first heap   total 260096K, used 169607K [0x0000000702e00000, 0x0000000800000000)
  region size 2048K, 75 young (153600K), 8 survivors (16384K)
 Metaspace       used 9088K, committed 9344K, reserved 1064960K
  class space    used 640K, committed 768K, reserved 1048576K
}
Event: 2.830 GC heap after
{Heap after GC invocations=4 (full 0):
 garbage-first heap   total 260096K, used 15602K [0x0000000702e00000, 0x0000000800000000)
  region size 2048K, 1 young (2048K), 1 survivors (2048K)
 Metaspace       used 9088K, committed 9344K, reserved 1064960K
  class space    used 640K, committed 768K, reserved 1048576K
}
Event: 3.942 GC heap before
{Heap before GC invocations=4 (full 0):
 garbage-first heap   total 260096K, used 169202K [0x0000000702e00000, 0x0000000800000000)
  region size 2048K, 76 young (155648K), 1 survivors (2048K)
 Metaspace       used 9254K, committed 9536K, reserved 1064960K
  class space    used 640K, committed 768K, reserved 1048576K
}
Event: 3.945 GC heap after
{Heap after GC invocations=5 (full 0):
 garbage-first heap   total 260096K, used 14644K [0x0000000702e00000, 0x0000000800000000)
  region size 2048K, 1 young (2048K), 1 survivors (2048K)
 Metaspace       used 9254K, committed 9536K, reserved 1064960K
  class space    used 640K, committed 768K, reserved 1048576K
}

Deoptimization events (20 events):
Event: 3.409 Thread 0x0000028fc9158980 DEOPT PACKING pc=0x0000028fd14f3057 sp=0x000000e115bfec50
Event: 3.409 Thread 0x0000028fc9158980 DEOPT UNPACKING pc=0x0000028fd0cb2b43 sp=0x000000e115bfe170 mode 0
Event: 3.456 Thread 0x0000028fc9158980 DEOPT PACKING pc=0x0000028fd152263c sp=0x000000e115bfebd0
Event: 3.456 Thread 0x0000028fc9158980 DEOPT UNPACKING pc=0x0000028fd0cb2b43 sp=0x000000e115bfe120 mode 0
Event: 3.458 Thread 0x0000028fc9158980 DEOPT PACKING pc=0x0000028fd14f2f6e sp=0x000000e115bfec50
Event: 3.458 Thread 0x0000028fc9158980 DEOPT UNPACKING pc=0x0000028fd0cb2b43 sp=0x000000e115bfe170 mode 0
Event: 3.508 Thread 0x0000028fc9158980 DEOPT PACKING pc=0x0000028fd14f2d47 sp=0x000000e115bfec50
Event: 3.509 Thread 0x0000028fc9158980 DEOPT UNPACKING pc=0x0000028fd0cb2b43 sp=0x000000e115bfe170 mode 0
Event: 3.509 Thread 0x0000028fc9158980 DEOPT PACKING pc=0x0000028fd152263c sp=0x000000e115bfebd0
Event: 3.509 Thread 0x0000028fc9158980 DEOPT UNPACKING pc=0x0000028fd0cb2b43 sp=0x000000e115bfe120 mode 0
Event: 3.510 Thread 0x0000028fc9158980 DEOPT PACKING pc=0x0000028fd14db81b sp=0x000000e115bfebd0
Event: 3.510 Thread 0x0000028fc9158980 DEOPT UNPACKING pc=0x0000028fd0cb2b43 sp=0x000000e115bfe160 mode 0
Event: 3.512 Thread 0x0000028fc9158980 DEOPT PACKING pc=0x0000028fd14f3057 sp=0x000000e115bfec50
Event: 3.512 Thread 0x0000028fc9158980 DEOPT UNPACKING pc=0x0000028fd0cb2b43 sp=0x000000e115bfe170 mode 0
Event: 3.726 Thread 0x0000028fc9158980 DEOPT PACKING pc=0x0000028fd14ee95a sp=0x000000e115bfeca0
Event: 3.726 Thread 0x0000028fc9158980 DEOPT UNPACKING pc=0x0000028fd0cb2b43 sp=0x000000e115bfe180 mode 0
Event: 3.870 Thread 0x0000028fc9158980 DEOPT PACKING pc=0x0000028fd1474551 sp=0x000000e115bfec40
Event: 3.870 Thread 0x0000028fc9158980 DEOPT UNPACKING pc=0x0000028fd0cb2b43 sp=0x000000e115bfe138 mode 0
Event: 3.934 Thread 0x0000028fc9158980 DEOPT PACKING pc=0x0000028fd15148c7 sp=0x000000e115bfdf80
Event: 3.934 Thread 0x0000028fc9158980 DEOPT UNPACKING pc=0x0000028fd0cb2b43 sp=0x000000e115bfd410 mode 0

Classes unloaded (0 events):
No events

Classes redefined (0 events):
No events

Internal exceptions (20 events):
Event: 4.279 Thread 0x0000028fc9158980 Exception <a 'java/io/FileNotFoundException'{0x000000070fdec718}> (0x000000070fdec718) 
thrown [s\src\hotspot\share\prims\jni.cpp, line 516]
Event: 4.279 Thread 0x0000028fc9158980 Exception <a 'java/io/FileNotFoundException'{0x000000070fdf7268}> (0x000000070fdf7268) 
thrown [s\src\hotspot\share\prims\jni.cpp, line 516]
Event: 4.279 Thread 0x0000028fc9158980 Exception <a 'java/io/FileNotFoundException'{0x000000070fa02c70}> (0x000000070fa02c70) 
thrown [s\src\hotspot\share\prims\jni.cpp, line 516]
Event: 4.279 Thread 0x0000028fc9158980 Exception <a 'java/io/FileNotFoundException'{0x000000070fa0d910}> (0x000000070fa0d910) 
thrown [s\src\hotspot\share\prims\jni.cpp, line 516]
Event: 4.279 Thread 0x0000028fc9158980 Exception <a 'java/io/FileNotFoundException'{0x000000070fa18450}> (0x000000070fa18450) 
thrown [s\src\hotspot\share\prims\jni.cpp, line 516]
Event: 4.279 Thread 0x0000028fc9158980 Exception <a 'java/io/FileNotFoundException'{0x000000070fa22fa0}> (0x000000070fa22fa0) 
thrown [s\src\hotspot\share\prims\jni.cpp, line 516]
Event: 4.280 Thread 0x0000028fc9158980 Exception <a 'java/io/FileNotFoundException'{0x000000070fa2e4b8}> (0x000000070fa2e4b8) 
thrown [s\src\hotspot\share\prims\jni.cpp, line 516]
Event: 4.280 Thread 0x0000028fc9158980 Exception <a 'java/io/FileNotFoundException'{0x000000070fa39168}> (0x000000070fa39168) 
thrown [s\src\hotspot\share\prims\jni.cpp, line 516]
Event: 4.280 Thread 0x0000028fc9158980 Exception <a 'java/io/FileNotFoundException'{0x000000070fa43ca8}> (0x000000070fa43ca8) 
thrown [s\src\hotspot\share\prims\jni.cpp, line 516]
Event: 4.280 Thread 0x0000028fc9158980 Exception <a 'java/io/FileNotFoundException'{0x000000070fa4e7f8}> (0x000000070fa4e7f8) 
thrown [s\src\hotspot\share\prims\jni.cpp, line 516]
Event: 4.280 Thread 0x0000028fc9158980 Exception <a 'java/io/FileNotFoundException'{0x000000070fa59d10}> (0x000000070fa59d10) 
thrown [s\src\hotspot\share\prims\jni.cpp, line 516]
Event: 4.280 Thread 0x0000028fc9158980 Exception <a 'java/io/FileNotFoundException'{0x000000070fa649b8}> (0x000000070fa649b8) 
thrown [s\src\hotspot\share\prims\jni.cpp, line 516]
Event: 4.280 Thread 0x0000028fc9158980 Exception <a 'java/io/FileNotFoundException'{0x000000070fa6f4f8}> (0x000000070fa6f4f8) 
thrown [s\src\hotspot\share\prims\jni.cpp, line 516]
Event: 4.281 Thread 0x0000028fc9158980 Exception <a 'java/io/FileNotFoundException'{0x000000070fa7a048}> (0x000000070fa7a048) 
thrown [s\src\hotspot\share\prims\jni.cpp, line 516]
Event: 4.281 Thread 0x0000028fc9158980 Exception <a 'java/io/FileNotFoundException'{0x000000070fa96290}> (0x000000070fa96290) 
thrown [s\src\hotspot\share\prims\jni.cpp, line 516]
Event: 4.281 Thread 0x0000028fc9158980 Exception <a 'java/io/FileNotFoundException'{0x000000070faa0dd0}> (0x000000070faa0dd0) 
thrown [s\src\hotspot\share\prims\jni.cpp, line 516]
Event: 4.281 Thread 0x0000028fc9158980 Exception <a 'java/io/FileNotFoundException'{0x000000070faab920}> (0x000000070faab920) 
thrown [s\src\hotspot\share\prims\jni.cpp, line 516]
Event: 4.282 Thread 0x0000028fc9158980 Exception <a 'java/io/FileNotFoundException'{0x000000070fac7cf0}> (0x000000070fac7cf0) 
thrown [s\src\hotspot\share\prims\jni.cpp, line 516]
Event: 4.282 Thread 0x0000028fc9158980 Exception <a 'java/io/FileNotFoundException'{0x000000070fad2830}> (0x000000070fad2830) 
thrown [s\src\hotspot\share\prims\jni.cpp, line 516]
Event: 4.282 Thread 0x0000028fc9158980 Exception <a 'java/io/FileNotFoundException'{0x000000070fadd380}> (0x000000070fadd380) 
thrown [s\src\hotspot\share\prims\jni.cpp, line 516]

VM Operations (20 events):
Event: 0.812 Executing VM operation: HandshakeAllThreads
Event: 0.812 Executing VM operation: HandshakeAllThreads done
Event: 0.883 Executing VM operation: HandshakeAllThreads
Event: 0.883 Executing VM operation: HandshakeAllThreads done
Event: 0.894 Executing VM operation: ICBufferFull
Event: 0.894 Executing VM operation: ICBufferFull done
Event: 1.071 Executing VM operation: G1CollectForAllocation
Event: 1.074 Executing VM operation: G1CollectForAllocation done
Event: 1.112 Executing VM operation: G1CollectForAllocation
Event: 1.116 Executing VM operation: G1CollectForAllocation done
Event: 1.338 Executing VM operation: G1CollectForAllocation
Event: 1.353 Executing VM operation: G1CollectForAllocation done
Event: 2.359 Executing VM operation: Cleanup
Event: 2.359 Executing VM operation: Cleanup done
Event: 2.825 Executing VM operation: G1CollectForAllocation
Event: 2.830 Executing VM operation: G1CollectForAllocation done
Event: 3.842 Executing VM operation: Cleanup
Event: 3.842 Executing VM operation: Cleanup done
Event: 3.942 Executing VM operation: G1CollectForAllocation
Event: 3.945 Executing VM operation: G1CollectForAllocation done

Events (20 events):
Event: 2.612 loading class java/util/stream/Node$OfPrimitive done
Event: 2.612 loading class java/util/stream/Node$OfInt done
Event: 2.612 loading class java/util/stream/Nodes$EmptyNode$OfInt done
Event: 2.612 loading class java/util/stream/Nodes$EmptyNode$OfLong
Event: 2.612 loading class java/util/stream/Node$OfLong
Event: 2.612 loading class java/util/stream/Node$OfLong done
Event: 2.612 loading class java/util/stream/Nodes$EmptyNode$OfLong done
Event: 2.612 loading class java/util/stream/Nodes$EmptyNode$OfDouble
Event: 2.612 loading class java/util/stream/Node$OfDouble
Event: 2.612 loading class java/util/stream/Node$OfDouble done
Event: 2.612 loading class java/util/stream/Nodes$EmptyNode$OfDouble done
Event: 2.612 loading class java/util/stream/Nodes$FixedNodeBuilder
Event: 2.612 loading class java/util/stream/Node$Builder
Event: 2.612 loading class java/util/stream/Node$Builder done
Event: 2.612 loading class java/util/stream/Nodes$ArrayNode
Event: 2.612 loading class java/util/stream/Nodes$ArrayNode done
Event: 2.612 loading class java/util/stream/Nodes$FixedNodeBuilder done
Event: 2.660 Thread 0x0000028ff54ebc50 Thread added: 0x0000028ff54ebc50
Event: 2.831 Thread 0x0000028ff54e8ec0 Thread added: 0x0000028ff54e8ec0
Event: 4.278 Thread 0x0000028ff54e8ec0 Thread exited: 0x0000028ff54e8ec0


Dynamic libraries:
0x00007ff6f6d10000 - 0x00007ff6f6d1d000 	C:\Users\Kirill\.jdks\corretto-17.0.4.1\bin\java.exe
0x00007ffc4b830000 - 0x00007ffc4ba28000 	C:\WINDOWS\SYSTEM32\ntdll.dll
0x00007ffc4b680000 - 0x00007ffc4b73f000 	C:\WINDOWS\System32\KERNEL32.DLL
0x00007ffc49490000 - 0x00007ffc49762000 	C:\WINDOWS\System32\KERNELBASE.dll
0x00007ffc49770000 - 0x00007ffc49870000 	C:\WINDOWS\System32\ucrtbase.dll
0x00007ffbfedf0000 - 0x00007ffbfee08000 	C:\Users\Kirill\.jdks\corretto-17.0.4.1\bin\jli.dll
0x00007ffbfc610000 - 0x00007ffbfc625000 	C:\Users\Kirill\.jdks\corretto-17.0.4.1\bin\VCRUNTIME140.dll
0x00007ffc4b070000 - 0x00007ffc4b211000 	C:\WINDOWS\System32\USER32.dll
0x00007ffc49190000 - 0x00007ffc491b2000 	C:\WINDOWS\System32\win32u.dll
0x00007ffc482b0000 - 0x00007ffc4854a000 	C:\WINDOWS\WinSxS\amd64_microsoft.windows.common-controls_6595b64144ccf1df_6.0.19041.1110_none_60b5254171f9507e\COMCTL32.dll
0x00007ffc4add0000 - 0x00007ffc4adfb000 	C:\WINDOWS\System32\GDI32.dll
0x00007ffc4a900000 - 0x00007ffc4a99e000 	C:\WINDOWS\System32\msvcrt.dll
0x00007ffc49330000 - 0x00007ffc4943f000 	C:\WINDOWS\System32\gdi32full.dll
0x00007ffc490f0000 - 0x00007ffc4918d000 	C:\WINDOWS\System32\msvcp_win.dll
0x00007ffc4ac00000 - 0x00007ffc4ac32000 	C:\WINDOWS\System32\IMM32.DLL
0x00007ffbfb1f0000 - 0x00007ffbfb28b000 	C:\Users\Kirill\.jdks\corretto-17.0.4.1\bin\msvcp140.dll
0x00007ffbf2a40000 - 0x00007ffbf3654000 	C:\Users\Kirill\.jdks\corretto-17.0.4.1\bin\server\jvm.dll
0x00007ffc4aad0000 - 0x00007ffc4ab7e000 	C:\WINDOWS\System32\ADVAPI32.dll
0x00007ffc4ae00000 - 0x00007ffc4ae9c000 	C:\WINDOWS\System32\sechost.dll
0x00007ffc4a6b0000 - 0x00007ffc4a7d5000 	C:\WINDOWS\System32\RPCRT4.dll
0x00007ffc4afd0000 - 0x00007ffc4afd8000 	C:\WINDOWS\System32\PSAPI.DLL
0x00007ffc31bd0000 - 0x00007ffc31bf7000 	C:\WINDOWS\SYSTEM32\WINMM.dll
0x00007ffc42cf0000 - 0x00007ffc42cfa000 	C:\WINDOWS\SYSTEM32\VERSION.dll
0x00007ffc367d0000 - 0x00007ffc367d9000 	C:\WINDOWS\SYSTEM32\WSOCK32.dll
0x00007ffc4ab80000 - 0x00007ffc4abeb000 	C:\WINDOWS\System32\WS2_32.dll
0x00007ffc46000000 - 0x00007ffc46012000 	C:\WINDOWS\SYSTEM32\kernel.appcore.dll
0x00007ffc06c90000 - 0x00007ffc06c9a000 	C:\Users\Kirill\.jdks\corretto-17.0.4.1\bin\jimage.dll
0x00007ffc48840000 - 0x00007ffc48a24000 	C:\WINDOWS\SYSTEM32\DBGHELP.DLL
0x00007ffc48660000 - 0x00007ffc48695000 	C:\WINDOWS\SYSTEM32\dbgcore.DLL
0x00007ffc492a0000 - 0x00007ffc49322000 	C:\WINDOWS\System32\bcryptPrimitives.dll
0x00007ffbfb1c0000 - 0x00007ffbfb1e5000 	C:\Users\Kirill\.jdks\corretto-17.0.4.1\bin\java.dll
0x00007ffbfaa20000 - 0x00007ffbfaaf6000 	C:\Users\Kirill\.jdks\corretto-17.0.4.1\bin\jsvml.dll
0x00007ffc49e90000 - 0x00007ffc4a5d4000 	C:\WINDOWS\System32\SHELL32.dll
0x00007ffc46300000 - 0x00007ffc46a92000 	C:\WINDOWS\SYSTEM32\windows.storage.dll
0x00007ffc4b220000 - 0x00007ffc4b575000 	C:\WINDOWS\System32\combase.dll
0x00007ffc48210000 - 0x00007ffc48240000 	C:\WINDOWS\SYSTEM32\Wldp.dll
0x00007ffc4ac40000 - 0x00007ffc4aced000 	C:\WINDOWS\System32\SHCORE.dll
0x00007ffc4a650000 - 0x00007ffc4a6a5000 	C:\WINDOWS\System32\shlwapi.dll
0x00007ffc48e60000 - 0x00007ffc48e7f000 	C:\WINDOWS\SYSTEM32\profapi.dll
0x00007ffbfaa00000 - 0x00007ffbfaa19000 	C:\Users\Kirill\.jdks\corretto-17.0.4.1\bin\net.dll
0x00007ffc41d10000 - 0x00007ffc41e1c000 	C:\WINDOWS\SYSTEM32\WINHTTP.dll
0x00007ffc480e0000 - 0x00007ffc4814a000 	C:\WINDOWS\system32\mswsock.dll
0x00007ffbfa9e0000 - 0x00007ffbfa9f5000 	C:\Users\Kirill\.jdks\corretto-17.0.4.1\bin\nio.dll
0x00007ffbfa9c0000 - 0x00007ffbfa9d8000 	C:\Users\Kirill\.jdks\corretto-17.0.4.1\bin\zip.dll
0x00007ffc3bc80000 - 0x00007ffc3bc90000 	C:\Users\Kirill\.jdks\corretto-17.0.4.1\bin\verify.dll
0x00007ffbd21a0000 - 0x00007ffbd2215000 	C:\Users\Kirill\AppData\Local\Temp\lwjglKirill\3.3.1-SNAPSHOT\lwjgl.dll
0x00007ffbd2840000 - 0x00007ffbd28a1000 	C:\Users\Kirill\AppData\Local\Temp\lwjglKirill\3.3.1-SNAPSHOT\glfw.dll
0x00007ffbd1610000 - 0x00007ffbd1655000 	C:\WINDOWS\SYSTEM32\dinput8.dll
0x00007ffbd9d60000 - 0x00007ffbd9d71000 	C:\WINDOWS\SYSTEM32\xinput1_4.dll
0x00007ffc49440000 - 0x00007ffc4948e000 	C:\WINDOWS\System32\cfgmgr32.dll
0x00007ffc48c60000 - 0x00007ffc48c8c000 	C:\WINDOWS\SYSTEM32\DEVOBJ.dll
0x00007ffc45df0000 - 0x00007ffc45e1f000 	C:\WINDOWS\SYSTEM32\dwmapi.dll
0x00007ffc3a8c0000 - 0x00007ffc3aa12000 	C:\WINDOWS\SYSTEM32\inputhost.dll
0x00007ffc4a9a0000 - 0x00007ffc4aa6d000 	C:\WINDOWS\System32\OLEAUT32.dll
0x00007ffc45710000 - 0x00007ffc45802000 	C:\WINDOWS\SYSTEM32\CoreMessaging.dll
0x00007ffc44ce0000 - 0x00007ffc44e34000 	C:\WINDOWS\SYSTEM32\wintypes.dll
0x00007ffc43d80000 - 0x00007ffc43e76000 	C:\WINDOWS\SYSTEM32\PROPSYS.dll
0x00007ffc453b0000 - 0x00007ffc4570e000 	C:\WINDOWS\SYSTEM32\CoreUIComponents.dll
0x00007ffc48c00000 - 0x00007ffc48c33000 	C:\WINDOWS\SYSTEM32\ntmarta.dll
0x00007ffc45c10000 - 0x00007ffc45cae000 	C:\WINDOWS\system32\uxtheme.dll
0x00007ffc4a7e0000 - 0x00007ffc4a8f5000 	C:\WINDOWS\System32\MSCTF.dll
0x00007ffc38f60000 - 0x00007ffc39085000 	C:\WINDOWS\SYSTEM32\opengl32.dll
0x00007ffc3bae0000 - 0x00007ffc3bb0c000 	C:\WINDOWS\SYSTEM32\GLU32.dll
0x00007ffc4b740000 - 0x00007ffc4b7ef000 	C:\WINDOWS\System32\clbcatq.dll
0x00007ffbdb3e0000 - 0x00007ffbdc485000 	C:\WINDOWS\System32\DriverStore\FileRepository\iigd_dch.inf_amd64_51f685305808e3a5\ig9icd64.dll
0x00007ffc4aea0000 - 0x00007ffc4afca000 	C:\WINDOWS\System32\ole32.dll
0x00007ffc47290000 - 0x00007ffc47383000 	C:\WINDOWS\system32\dxgi.dll
0x00007ffbdc9d0000 - 0x00007ffbdcafc000 	C:\WINDOWS\System32\DriverStore\FileRepository\iigd_dch.inf_amd64_51f685305808e3a5\igdml64.dll
0x00007ffc3fb60000 - 0x00007ffc3ff69000 	C:\WINDOWS\System32\DriverStore\FileRepository\iigd_dch.inf_amd64_51f685305808e3a5\igdgmm64.dll
0x00007ffc3beb0000 - 0x00007ffc3f644000 	C:\WINDOWS\System32\DriverStore\FileRepository\iigd_dch.inf_amd64_51f685305808e3a5\igc64.dll
0x00007ffc48ce0000 - 0x00007ffc48d2b000 	C:\WINDOWS\SYSTEM32\powrprof.dll
0x00007ffc48cc0000 - 0x00007ffc48cd2000 	C:\WINDOWS\SYSTEM32\UMPDC.dll
0x00007ffc3bdb0000 - 0x00007ffc3bea9000 	C:\WINDOWS\SYSTEM32\textinputframework.dll
0x00007ffbcad30000 - 0x00007ffbcad8d000 	C:\Users\Kirill\AppData\Local\Temp\lwjglKirill\3.3.1-SNAPSHOT\lwjgl_opengl.dll
0x0000000064a00000 - 0x000000006580f000 	C:\Users\Kirill\AppData\Local\Temp\imgui-java-natives_1673417424969\imgui-java64.dll
0x00007ffc46aa0000 - 0x00007ffc46aad000 	C:\WINDOWS\SYSTEM32\HID.DLL
0x00007ffc49870000 - 0x00007ffc49cd8000 	C:\WINDOWS\System32\SETUPAPI.DLL
0x00007ffc49270000 - 0x00007ffc49297000 	C:\WINDOWS\System32\bcrypt.dll
0x00007ffc49080000 - 0x00007ffc490e9000 	C:\WINDOWS\System32\WINTRUST.dll
0x00007ffc48f20000 - 0x00007ffc49076000 	C:\WINDOWS\System32\CRYPT32.dll
0x00007ffc48640000 - 0x00007ffc48652000 	C:\WINDOWS\SYSTEM32\MSASN1.dll
0x00007ffbcab90000 - 0x00007ffbcac11000 	C:\Users\Kirill\AppData\Local\Temp\lwjglKirill\3.3.1-SNAPSHOT\lwjgl_stb.dll

dbghelp: loaded successfully - version: 4.0.5 - missing functions: none
symbol engine: initialized successfully - sym options: 0x614 - pdb path: .;C:\Users\Kirill\.jdks\corretto-17.0.4.1\bin;C:\WINDOWS\SYSTEM32;C:\WINDOWS\WinSxS\amd64_microsoft.windows.common-controls_6595b64144ccf1df_6.0.19041.1110_none_60b5254171f9507e;C:\Users\Kirill\.jdks\corretto-17.0.4.1\bin\server;C:\Users\Kirill\AppData\Local\Temp\lwjglKirill\3.3.1-SNAPSHOT;C:\WINDOWS\System32\DriverStore\FileRepository\iigd_dch.inf_amd64_51f685305808e3a5;C:\Users\Kirill\AppData\Local\Temp\imgui-java-natives_1673417424969

VM Arguments:
jvm_args: -Dfile.encoding=windows-1251 -Duser.country=RU -Duser.language=ru -Duser.variant 
java_command: Main
java_class_path (initial): C:\_Files\Projects\Java\_GameEngine3\build\classes\java\main;C:\_Files\Projects\Java\_GameEngine3\build\resources\main;C:\Users\Kirill\.gradle\caches\modules-2\files-2.1\org.apache.commons\commons-lang3\3.0\8873bd0bb5cb9ee37f1b04578eb7e26fcdd44cb0\commons-lang3-3.0.jar;C:\Users\Kirill\.gradle\caches\modules-2\files-2.1\commons-io\commons-io\2.0.1\7ffdb02f95af1c1a208544e076cea5b8e66e731a\commons-io-2.0.1.jar;C:\Users\Kirill\.gradle\caches\modules-2\files-2.1\org.reflections\reflections\0.10.2\b638d7ca0e0fe0146b60a0e7ba232ad852a73b31\reflections-0.10.2.jar;C:\Users\Kirill\.gradle\caches\modules-2\files-2.1\org.jetbrains\annotations\20.1.0\2fcd1f3225bca0c4a7bc931142076f8c1e80993f\annotations-20.1.0.jar;C:\_Files\Projects\Java\_GameEngine3\libs\PNGDecoder.jar;C:\Users\Kirill\.gradle\caches\modules-2\files-2.1\com.github.tehleo\junionc\1.1.1\df8a242e6827e044718421574b332e4b86bfa517\junionc-1.1.1.jar;C:\_Files\Projects\Java\_GameEngine3\libs\jbox2d-library.jar;C:\_Files\Projects\Java\_GameEngine3\libs\slick-util.jar;C:\_Files\Projects\Java\_GameEngine3\libs\obj-0.3.0.jar;C:\Users\Kirill\.gradle\caches\modules-2\files-2.1\junit\junit\4.13\e49ccba652b735c93bd6e6f59760d8254cf597dd\junit-4.13.jar;C:\Users\Kirill\.gradle\caches\modules-2\files-2.1\io.github.spair\imgui-java-app\1.86.4\23a06b57a93761cd02b242051e9117bac40d0f7\imgui-java-app-1.86.4.jar;C:\Users\Kirill\.gradle\caches\modules-2\files-2.1\io.github.spair\imgui-java-lwjgl3\1.86.4\a538b7aa58be1c26e0dfe0b5395aaf58cb24e3dd\imgui-java-lwjgl3-1.86.4.jar;C:\Users\Kirill\.gradle\caches\modules-2\files-2.1\io.github.spair\imgui-java-binding\1.86.4\f97d32963ed5988b19f725d6c7d9946091cc3ba7\imgui-java-binding-1.86.4.jar;C:\Users\Kirill\.gradle\caches\modules-2\files-2.1\io.github.spair\imgui-java-natives-windows\1.86.0\b9c0aa0ebf251dbebe0dd7c39499f95cbe03d88\imgui-java-natives-windows-1.86.0.jar;C:\Users\Kirill\.gradle\caches\modules-2\files-2.1\com.google.code.gson\gson\2.9.1\2cc2131b98ebfb04e2b2c7
Launcher Type: SUN_STANDARD

[Global flags]
     intx CICompilerCount                          = 4                                         {product} {ergonomic}
     uint ConcGCThreads                            = 3                                         {product} {ergonomic}
     uint G1ConcRefinementThreads                  = 10                                        {product} {ergonomic}
   size_t G1HeapRegionSize                         = 2097152                                   {product} {ergonomic}
    uintx GCDrainStackTargetSize                   = 64                                        {product} {ergonomic}
   size_t InitialHeapSize                          = 266338304                                 {product} {ergonomic}
   size_t MarkStackSize                            = 4194304                                   {product} {ergonomic}
   size_t MaxHeapSize                              = 4246732800                                {product} {ergonomic}
   size_t MaxNewSize                               = 2548039680                                {product} {ergonomic}
   size_t MinHeapDeltaBytes                        = 2097152                                   {product} {ergonomic}
   size_t MinHeapSize                              = 8388608                                   {product} {ergonomic}
    uintx NonNMethodCodeHeapSize                   = 5839372                                {pd product} {ergonomic}
    uintx NonProfiledCodeHeapSize                  = 122909434                              {pd product} {ergonomic}
    uintx ProfiledCodeHeapSize                     = 122909434                              {pd product} {ergonomic}
    uintx ReservedCodeCacheSize                    = 251658240                              {pd product} {ergonomic}
     bool SegmentedCodeCache                       = true                                      {product} {ergonomic}
   size_t SoftMaxHeapSize                          = 4246732800                             {manageable} {ergonomic}
     bool UseCompressedClassPointers               = true                           {product lp64_product} {ergonomic}
     bool UseCompressedOops                        = true                           {product lp64_product} {ergonomic}
     bool UseG1GC                                  = true                                      {product} {ergonomic}
     bool UseLargePagesIndividualAllocation        = false                                  {pd product} {ergonomic}

Logging:
Log output configuration:
 #0: stdout all=warning uptime,level,tags
 #1: stderr all=off uptime,level,tags

Environment Variables:
PATH=C:\Program Files\Common Files\Oracle\Java\javapath;C:\Program Files\Python310\Scripts\;C:\Program Files\Python310\;C:\WINDOWS\system32;C:\WINDOWS;C:\WINDOWS\System32\Wbem;C:\WINDOWS\System32\WindowsPowerShell\v1.0\;C:\WINDOWS\System32\OpenSSH\;C:\Program Files\dotnet\;C:\Program Files\Git\cmd;C:\Program Files\Java\jdk-18.0.2.1\bin;C:\Users\Kirill\AppData\Local\Microsoft\WindowsApps;C:\Program Files\JetBrains\PyCharm Community Edition 2022.2\bin;;C:\Users\Kirill\AppData\Local\Programs\Microsoft VS Code\bin;C:\Program Files\JetBrains\IntelliJ IDEA Community Edition 2022.2.1\bin;;C:\Program Files\Java\jdk-18.0.2.1\bin;
USERNAME=Kirill
OS=Windows_NT
PROCESSOR_IDENTIFIER=Intel64 Family 6 Model 165 Stepping 3, GenuineIntel
TMP=C:\Users\Kirill\AppData\Local\Temp
TEMP=C:\Users\Kirill\AppData\Local\Temp



---------------  S Y S T E M  ---------------

OS:
 Windows 10 , 64 bit Build 19041 (10.0.19041.2364)
OS uptime: 13 days 22:20 hours

CPU: total 12 (initial active 12) (6 cores per cpu, 2 threads per core) family 6 model 165 stepping 3 microcode 0xe0, cx8, cmov, fxsr, ht, mmx, 3dnowpref, sse, sse2, sse3, ssse3, sse4.1, sse4.2, popcnt, lzcnt, tsc, tscinvbit, avx, avx2, aes, erms, clmul, bmi1, bmi2, adx, fma, vzeroupper, clflush, clflushopt

Memory: 4k page, system-wide physical 16196M (4676M free)
TotalPageFile size 19603M (AvailPageFile size 4895M)
current process WorkingSet (physical memory assigned to process): 1014M, peak: 1020M
current process commit charge ("private bytes"): 984M, peak: 987M

vm_info: OpenJDK 64-Bit Server VM (17.0.4.1+9-LTS) for windows-amd64 JRE (17.0.4.1+9-LTS), built on Aug 12 2022 17:33:36 by "Administrator" with MS VC++ 15.9 (VS2017)

END.
