#
# A fatal error has been detected by the Java Runtime Environment:
#
#  EXCEPTION_ACCESS_VIOLATION (0xc0000005) at pc=0x0000000064b49509, pid=13460, tid=2832
#
# JRE version: OpenJDK Runtime Environment Corretto-17.0.4.9.1 (17.0.4.1+9) (build 17.0.4.1+9-LTS)
# Java VM: OpenJDK 64-Bit Server VM Corretto-17.0.4.9.1 (17.0.4.1+9-LTS, mixed mode, sharing, tiered, compressed oops, compressed class ptrs, g1 gc, windows-amd64)
# Problematic frame:
# C  [imgui-java64.dll+0x149509]
#
# No core dump will be written. Minidumps are not enabled by default on client versions of Windows
#
# If you would like to submit a bug report, please visit:
#   https://github.com/corretto/corretto-17/issues/
# The crash happened outside the Java Virtual Machine in native code.
# See problematic frame for where to report the bug.
#

---------------  S U M M A R Y ------------

Command Line: -Dfile.encoding=windows-1251 -Duser.country=RU -Duser.language=ru -Duser.variant Main

Host: Intel(R) Core(TM) i5-10400 CPU @ 2.90GHz, 12 cores, 15G,  Windows 10 , 64 bit Build 19041 (10.0.19041.2364)
Time: Wed Jan 11 14:08:07 2023  Windows 10 , 64 bit Build 19041 (10.0.19041.2364) elapsed time: 2.655639 seconds (0d 0h 0m 2s)

---------------  T H R E A D  ---------------

Current thread (0x000002af38016910):  JavaThread "main" [_thread_in_native, id=2832, stack(0x000000f68cf00000,0x000000f68d000000)]

Stack: [0x000000f68cf00000,0x000000f68d000000],  sp=0x000000f68cfff0f0,  free space=1020k
Native frames: (J=compiled Java code, j=interpreted, Vv=VM code, C=native code)
C  [imgui-java64.dll+0x149509]

Java frames: (J=compiled Java code, j=interpreted, Vv=VM code)
j  imgui.extension.imnodes.ImNodes.beginNodeEditor()V+0
j  engine.imGui.ImGuiLayer.update()V+143
j  Main.main([Ljava/lang/String;)V+407
v  ~StubRoutines::call_stub

siginfo: EXCEPTION_ACCESS_VIOLATION (0xc0000005), reading address 0x0000000000000070


Register to memory mapping:

RIP=0x0000000064b49509 imgui-java64.dll
RAX=0x0 is NULL
RBX={method} {0x000002af6adb1108} 'beginNodeEditor' '()V' in 'imgui/extension/imnodes/ImNodes'
RCX=0x000002af38016bb8 points into unknown readable memory: 0x000002af5c2d06c0 | c0 06 2d 5c af 02 00 00
RDX=0x000000f68cfff230 is pointing into the stack for thread: 0x000002af38016910
RSP=0x000000f68cfff0f0 is pointing into the stack for thread: 0x000002af38016910
RBP=0x000000f68cfff220 is pointing into the stack for thread: 0x000002af38016910
RSI=0x0000000000000110 is an unknown value
RDI=0x000002af3fb29612 is at code_begin+1394 in an Interpreter codelet
return entry points  [0x000002af3fb290a0, 0x000002af3fb29ba0]  2816 bytes
R8 =0x0000000000000002 is an unknown value
R9 =0x0000000000000002 is an unknown value
R10=0x000002af3fb2d5f2 is at code_begin+946 in an Interpreter codelet
method entry point (kind = native)  [0x000002af3fb2d240, 0x000002af3fb2dbc0]  2432 bytes
R11=0x000000070c3f8fd8 is an oop: java.lang.Class 
{0x000000070c3f8fd8} - klass: 'java/lang/Class'
 - ---- fields (total size 15 words):
 - private volatile transient 'classRedefinedCount' 'I' @12  0
 - private volatile transient 'cachedConstructor' 'Ljava/lang/reflect/Constructor;' @40  NULL (0)
 - private transient 'name' 'Ljava/lang/String;' @44  "imgui.extension.imnodes.ImNodes"{0x000000070c3f9060} (e187f20c)
 - private transient 'module' 'Ljava/lang/Module;' @48  a 'java/lang/Module'{0x0000000702e18000} (e05c3000)
 - private final 'classLoader' 'Ljava/lang/ClassLoader;' @52  a 'jdk/internal/loader/ClassLoaders$AppClassLoader'{0x0000000702e00b28} (e05c0165)
 - private transient 'classData' 'Ljava/lang/Object;' @56  NULL (0)
 - private transient 'packageName' 'Ljava/lang/String;' @60  "imgui.extension.imnodes"{0x000000070c3f4dc0} (e187e9b8)
 - private final 'componentType' 'Ljava/lang/Class;' @64  NULL (0)
 - private volatile transient 'reflectionData' 'Ljava/lang/ref/SoftReference;' @68  NULL (0)
 - private volatile transient 'genericInfo' 'Lsun/reflect/generics/repository/ClassRepository;' @72  NULL (0)
 - private volatile transient 'enumConstants' '[Ljava/lang/Object;' @76  NULL (0)
 - private volatile transient 'enumConstantDirectory' 'Ljava/util/Map;' @80  NULL (0)
 - private volatile transient 'annotationData' 'Ljava/lang/Class$AnnotationData;' @84  NULL (0)
 - private volatile transient 'annotationType' 'Lsun/reflect/annotation/AnnotationType;' @88  NULL (0)
 - transient 'classValueMap' 'Ljava/lang/ClassValue$ClassValueMap;' @92  NULL (0)
 - signature: Limgui/extension/imnodes/ImNodes;
 - fake entry for mirror: 'imgui/extension/imnodes/ImNodes'
 - fake entry for array: NULL
 - fake entry for oop_size: 15
 - fake entry for static_oop_field_count: 1
 - private static final 'STYLE' 'Limgui/extension/imnodes/ImNodesStyle;' @112  a 'imgui/extension/imnodes/ImNodesStyle'{0x000000070c3fb568} (e187f6ad)
R12=0x0 is NULL
R13={method} {0x000002af6adb1108} 'beginNodeEditor' '()V' in 'imgui/extension/imnodes/ImNodes'
R14=0x000000f68cfff238 is pointing into the stack for thread: 0x000002af38016910
R15=0x000002af38016910 is a thread


Registers:
RAX=0x0000000000000000, RBX=0x000002af6adb1100, RCX=0x000002af38016bb8, RDX=0x000000f68cfff230
RSP=0x000000f68cfff0f0, RBP=0x000000f68cfff220, RSI=0x0000000000000110, RDI=0x000002af3fb29612
R8 =0x0000000000000002, R9 =0x0000000000000002, R10=0x000002af3fb2d5f2, R11=0x000000070c3f8fd8
R12=0x0000000000000000, R13=0x000002af6adb1100, R14=0x000000f68cfff238, R15=0x000002af38016910
RIP=0x0000000064b49509, EFLAGS=0x0000000000010206

Top of Stack: (sp=0x000000f68cfff0f0)
0x000000f68cfff0f0:   0000663ad50330a8 00007ffbf303f359
0x000000f68cfff100:   000002af6adb1100 0000000000000000
0x000000f68cfff110:   000002af3fb29612 0000000000000000
0x000000f68cfff120:   000002af38016910 000002af38016910
0x000000f68cfff130:   000000070c7de158 0000000000000000
0x000000f68cfff140:   000000070c7abbd0 0000000000000000
0x000000f68cfff150:   00000000e18f576e 0000000000000000
0x000000f68cfff160:   00000000e18f5772 0000000000000000
0x000000f68cfff170:   0000000000000001 0000000000000000
0x000000f68cfff180:   00000000e18f5776 0000000000000000
0x000000f68cfff190:   000002af6adb1100 0000000000000110
0x000000f68cfff1a0:   000002af3fb29612 000002af3fb2d621
0x000000f68cfff1b0:   000002af6adb1100 0000000000000110
0x000000f68cfff1c0:   000002af5be94bd9 000002af38016910
0x000000f68cfff1d0:   000002af3fb2d2f6 000000f68cfff1d8
0x000000f68cfff1e0:   000002af6adb1100 000000f68cfff238 

Instructions: (pc=0x0000000064b49509)
0x0000000064b49409:   f8 f8 ff 48 89 88 e8 00 00 00 48 b9 42 96 fa f2
0x0000000064b49419:   42 96 fa a0 48 89 88 00 01 00 00 48 b9 42 96 fa
0x0000000064b49429:   ff 5a aa fa 1e 48 89 88 08 01 00 00 48 b9 5a aa
0x0000000064b49439:   fa 96 e1 e1 e1 ff 48 89 88 10 01 00 00 48 b9 b4
0x0000000064b49449:   b4 b4 64 19 19 19 64 48 89 88 18 01 00 00 48 b9
0x0000000064b49459:   19 19 19 c8 96 96 96 64 48 89 90 f0 00 00 00 48
0x0000000064b49469:   ba 42 96 fa 64 42 96 fa f2 48 89 88 20 01 00 00
0x0000000064b49479:   48 b9 96 96 96 c8 c8 c8 c8 64 48 89 90 f8 00 00
0x0000000064b49489:   00 48 89 88 28 01 00 00 48 81 c1 32 32 5a 37 48
0x0000000064b49499:   89 90 3c 01 00 00 48 ba c8 c8 c8 19 c8 c8 c8 c8
0x0000000064b494a9:   c7 80 dc 00 00 00 f0 f0 f0 ff 48 89 88 34 01 00
0x0000000064b494b9:   00 48 89 90 44 01 00 00 c3 66 66 2e 0f 1f 84 00
0x0000000064b494c9:   00 00 00 00 0f 1f 00 57 56 53 48 81 ec a0 00 00
0x0000000064b494d9:   00 0f 11 74 24 40 0f 11 7c 24 50 44 0f 11 44 24
0x0000000064b494e9:   60 44 0f 11 4c 24 70 44 0f 11 94 24 80 00 00 00
0x0000000064b494f9:   44 0f 11 9c 24 90 00 00 00 48 8b 05 97 6b 47 00
0x0000000064b49509:   83 78 70 01 74 21 41 b8 4d 08 00 00 48 8d 15 04
0x0000000064b49519:   95 3e 00 48 8d 0d 3d 98 3e 00 ff 15 ef e1 cb 00
0x0000000064b49529:   48 8b 05 70 6b 47 00 48 8b 70 08 c7 40 70 02 00
0x0000000064b49539:   00 00 48 85 f6 0f 84 b4 04 00 00 48 b8 ff ff 7f
0x0000000064b49549:   7f ff ff 7f 7f 4c 63 46 10 48 c7 86 d8 00 00 00
0x0000000064b49559:   00 00 00 00 48 89 86 e0 00 00 00 48 b8 00 00 80
0x0000000064b49569:   00 00 00 80 00 48 89 86 e8 00 00 00 c6 86 30 01
0x0000000064b49579:   00 00 00 45 85 c0 0f 85 1b 03 00 00 4c 63 46 50
0x0000000064b49589:   45 85 c0 0f 85 fe 02 00 00 4c 63 86 90 00 00 00
0x0000000064b49599:   45 85 c0 0f 85 d6 02 00 00 48 8b 1d f7 6a 47 00
0x0000000064b495a9:   48 c7 83 a4 01 00 00 ff ff ff ff 48 8b 4b 40 48
0x0000000064b495b9:   c7 83 ac 01 00 00 ff ff ff ff c7 83 b4 01 00 00
0x0000000064b495c9:   ff ff ff ff 48 85 c9 74 1c 48 c7 43 38 00 00 00
0x0000000064b495d9:   00 e8 a1 52 f0 ff 48 c7 43 40 00 00 00 00 48 8b
0x0000000064b495e9:   1d b2 6a 47 00 c7 83 b8 01 00 00 00 00 00 00 e8
0x0000000064b495f9:   c3 58 f0 ff 48 8b 1d 9c 6a 47 00 31 d2 31 c9 48 


Stack slot to memory mapping:
stack at sp + 0 slots: 0x0000663ad50330a8 is an unknown value
stack at sp + 1 slots: 0x00007ffbf303f359 jvm.dll
stack at sp + 2 slots: {method} {0x000002af6adb1108} 'beginNodeEditor' '()V' in 'imgui/extension/imnodes/ImNodes'
stack at sp + 3 slots: 0x0 is NULL
stack at sp + 4 slots: 0x000002af3fb29612 is at code_begin+1394 in an Interpreter codelet
return entry points  [0x000002af3fb290a0, 0x000002af3fb29ba0]  2816 bytes
stack at sp + 5 slots: 0x0 is NULL
stack at sp + 6 slots: 0x000002af38016910 is a thread
stack at sp + 7 slots: 0x000002af38016910 is a thread


---------------  P R O C E S S  ---------------

Threads class SMR info:
_java_thread_list=0x000002af644507b0, length=12, elements={
0x000002af38016910, 0x000002af5b398810, 0x000002af5b399590, 0x000002af5b3af8b0,
0x000002af5b3b2180, 0x000002af5b3b2a40, 0x000002af5b3b3300, 0x000002af5b3b3ef0,
0x000002af5b3b7da0, 0x000002af5b3c26c0, 0x000002af5b4fcde0, 0x000002af5b50d2f0
}

Java Threads: ( => current thread )
=>0x000002af38016910 JavaThread "main" [_thread_in_native, id=2832, stack(0x000000f68cf00000,0x000000f68d000000)]
  0x000002af5b398810 JavaThread "Reference Handler" daemon [_thread_blocked, id=14584, stack(0x000000f68d600000,0x000000f68d700000)]
  0x000002af5b399590 JavaThread "Finalizer" daemon [_thread_blocked, id=11336, stack(0x000000f68d700000,0x000000f68d800000)]
  0x000002af5b3af8b0 JavaThread "Signal Dispatcher" daemon [_thread_blocked, id=8568, stack(0x000000f68d800000,0x000000f68d900000)]
  0x000002af5b3b2180 JavaThread "Attach Listener" daemon [_thread_blocked, id=8736, stack(0x000000f68d900000,0x000000f68da00000)]
  0x000002af5b3b2a40 JavaThread "Service Thread" daemon [_thread_blocked, id=14700, stack(0x000000f68da00000,0x000000f68db00000)]
  0x000002af5b3b3300 JavaThread "Monitor Deflation Thread" daemon [_thread_blocked, id=8868, stack(0x000000f68db00000,0x000000f68dc00000)]
  0x000002af5b3b3ef0 JavaThread "C2 CompilerThread0" daemon [_thread_blocked, id=16868, stack(0x000000f68dc00000,0x000000f68dd00000)]
  0x000002af5b3b7da0 JavaThread "C1 CompilerThread0" daemon [_thread_blocked, id=12452, stack(0x000000f68dd00000,0x000000f68de00000)]
  0x000002af5b3c26c0 JavaThread "Sweeper thread" daemon [_thread_blocked, id=11764, stack(0x000000f68de00000,0x000000f68df00000)]
  0x000002af5b4fcde0 JavaThread "Notification Thread" daemon [_thread_blocked, id=14492, stack(0x000000f68df00000,0x000000f68e000000)]
  0x000002af5b50d2f0 JavaThread "Common-Cleaner" daemon [_thread_blocked, id=9992, stack(0x000000f68e100000,0x000000f68e200000)]

Other Threads:
  0x000002af5b05ec00 VMThread "VM Thread" [stack: 0x000000f68d500000,0x000000f68d600000] [id=15640]
  0x000002af380aa000 WatcherThread [stack: 0x000000f68e000000,0x000000f68e100000] [id=13392]
  0x000002af38082bc0 GCTaskThread "GC Thread#0" [stack: 0x000000f68d000000,0x000000f68d100000] [id=14968]
  0x000002af63ca2630 GCTaskThread "GC Thread#1" [stack: 0x000000f68e900000,0x000000f68ea00000] [id=12752]
  0x000002af63ca28e0 GCTaskThread "GC Thread#2" [stack: 0x000000f68ea00000,0x000000f68eb00000] [id=9668]
  0x000002af63fcfc40 GCTaskThread "GC Thread#3" [stack: 0x000000f68eb00000,0x000000f68ec00000] [id=8112]
  0x000002af63c9be10 GCTaskThread "GC Thread#4" [stack: 0x000000f68ec00000,0x000000f68ed00000] [id=14632]
  0x000002af63c9c0c0 GCTaskThread "GC Thread#5" [stack: 0x000000f68ed00000,0x000000f68ee00000] [id=15596]
  0x000002af63c9c780 GCTaskThread "GC Thread#6" [stack: 0x000000f68ee00000,0x000000f68ef00000] [id=12212]
  0x000002af63c367e0 GCTaskThread "GC Thread#7" [stack: 0x000000f68ef00000,0x000000f68f000000] [id=3908]
  0x000002af644fc830 GCTaskThread "GC Thread#8" [stack: 0x000000f68f000000,0x000000f68f100000] [id=8312]
  0x000002af38094b30 ConcurrentGCThread "G1 Main Marker" [stack: 0x000000f68d100000,0x000000f68d200000] [id=15428]
  0x000002af38095c90 ConcurrentGCThread "G1 Conc#0" [stack: 0x000000f68d200000,0x000000f68d300000] [id=11368]
  0x000002af380e6110 ConcurrentGCThread "G1 Refine#0" [stack: 0x000000f68d300000,0x000000f68d400000] [id=12668]
  0x000002af5af27ab0 ConcurrentGCThread "G1 Service" [stack: 0x000000f68d400000,0x000000f68d500000] [id=5208]

Threads with active compile tasks:

VM state: not at safepoint (normal execution)

VM Mutex/Monitor currently owned by a thread: None

Heap address: 0x0000000702e00000, size: 4050 MB, Compressed Oops mode: Zero based, Oop shift amount: 3

CDS archive(s) mapped at: [0x0000000800000000-0x0000000800bc0000-0x0000000800bc0000), size 12320768, SharedBaseAddress: 0x0000000800000000, ArchiveRelocationMode: 0.
Compressed class space mapped at: 0x0000000800c00000-0x0000000840c00000, reserved size: 1073741824
Narrow klass base: 0x0000000800000000, Narrow klass shift: 0, Narrow klass range: 0x100000000

GC Precious Log:
 CPUs: 12 total, 12 available
 Memory: 16196M
 Large Page Support: Disabled
 NUMA Support: Disabled
 Compressed Oops: Enabled (Zero based)
 Heap Region Size: 2M
 Heap Min Capacity: 8M
 Heap Initial Capacity: 254M
 Heap Max Capacity: 4050M
 Pre-touch: Disabled
 Parallel Workers: 10
 Concurrent Workers: 3
 Concurrent Refinement Workers: 10
 Periodic GC: Disabled

Heap:
 garbage-first heap   total 260096K, used 138844K [0x0000000702e00000, 0x0000000800000000)
  region size 2048K, 61 young (124928K), 8 survivors (16384K)
 Metaspace       used 8983K, committed 9280K, reserved 1064960K
  class space    used 640K, committed 768K, reserved 1048576K

Heap Regions: E=young(eden), S=young(survivor), O=old, HS=humongous(starts), HC=humongous(continues), CS=collection set, F=free, OA=open archive, CA=closed archive, TAMS=top-at-mark-start (previous, next)
|   0|0x0000000702e00000, 0x0000000703000000, 0x0000000703000000|100%| O|  |TAMS 0x0000000702e00000, 0x0000000702e00000| Untracked 
|   1|0x0000000703000000, 0x0000000703200000, 0x0000000703200000|100%| O|  |TAMS 0x0000000703000000, 0x0000000703000000| Untracked 
|   2|0x0000000703200000, 0x0000000703397000, 0x0000000703400000| 79%| O|  |TAMS 0x0000000703200000, 0x0000000703200000| Untracked 
|   3|0x0000000703400000, 0x0000000703600000, 0x0000000703600000|100%|HS|  |TAMS 0x0000000703400000, 0x0000000703400000| Complete 
|   4|0x0000000703600000, 0x0000000703800000, 0x0000000703800000|100%|HS|  |TAMS 0x0000000703600000, 0x0000000703600000| Complete 
|   5|0x0000000703800000, 0x0000000703a00000, 0x0000000703a00000|100%|HC|  |TAMS 0x0000000703800000, 0x0000000703800000| Complete 
|   6|0x0000000703a00000, 0x0000000703c00000, 0x0000000703c00000|100%|HS|  |TAMS 0x0000000703a00000, 0x0000000703a00000| Complete 
|   7|0x0000000703c00000, 0x0000000703e00000, 0x0000000703e00000|100%|HS|  |TAMS 0x0000000703c00000, 0x0000000703c00000| Complete 
|   8|0x0000000703e00000, 0x0000000704000000, 0x0000000704000000|100%|HC|  |TAMS 0x0000000703e00000, 0x0000000703e00000| Complete 
|   9|0x0000000704000000, 0x0000000704000000, 0x0000000704200000|  0%| F|  |TAMS 0x0000000704000000, 0x0000000704000000| Untracked 
|  10|0x0000000704200000, 0x0000000704200000, 0x0000000704400000|  0%| F|  |TAMS 0x0000000704200000, 0x0000000704200000| Untracked 
|  11|0x0000000704400000, 0x0000000704400000, 0x0000000704600000|  0%| F|  |TAMS 0x0000000704400000, 0x0000000704400000| Untracked 
|  12|0x0000000704600000, 0x0000000704600000, 0x0000000704800000|  0%| F|  |TAMS 0x0000000704600000, 0x0000000704600000| Untracked 
|  13|0x0000000704800000, 0x0000000704800000, 0x0000000704a00000|  0%| F|  |TAMS 0x0000000704800000, 0x0000000704800000| Untracked 
|  14|0x0000000704a00000, 0x0000000704a00000, 0x0000000704c00000|  0%| F|  |TAMS 0x0000000704a00000, 0x0000000704a00000| Untracked 
|  15|0x0000000704c00000, 0x0000000704c00000, 0x0000000704e00000|  0%| F|  |TAMS 0x0000000704c00000, 0x0000000704c00000| Untracked 
|  16|0x0000000704e00000, 0x0000000704e00000, 0x0000000705000000|  0%| F|  |TAMS 0x0000000704e00000, 0x0000000704e00000| Untracked 
|  17|0x0000000705000000, 0x0000000705000000, 0x0000000705200000|  0%| F|  |TAMS 0x0000000705000000, 0x0000000705000000| Untracked 
|  18|0x0000000705200000, 0x0000000705200000, 0x0000000705400000|  0%| F|  |TAMS 0x0000000705200000, 0x0000000705200000| Untracked 
|  19|0x0000000705400000, 0x0000000705400000, 0x0000000705600000|  0%| F|  |TAMS 0x0000000705400000, 0x0000000705400000| Untracked 
|  20|0x0000000705600000, 0x0000000705600000, 0x0000000705800000|  0%| F|  |TAMS 0x0000000705600000, 0x0000000705600000| Untracked 
|  21|0x0000000705800000, 0x0000000705800000, 0x0000000705a00000|  0%| F|  |TAMS 0x0000000705800000, 0x0000000705800000| Untracked 
|  22|0x0000000705a00000, 0x0000000705a00000, 0x0000000705c00000|  0%| F|  |TAMS 0x0000000705a00000, 0x0000000705a00000| Untracked 
|  23|0x0000000705c00000, 0x0000000705c00000, 0x0000000705e00000|  0%| F|  |TAMS 0x0000000705c00000, 0x0000000705c00000| Untracked 
|  24|0x0000000705e00000, 0x0000000705e00000, 0x0000000706000000|  0%| F|  |TAMS 0x0000000705e00000, 0x0000000705e00000| Untracked 
|  25|0x0000000706000000, 0x0000000706000000, 0x0000000706200000|  0%| F|  |TAMS 0x0000000706000000, 0x0000000706000000| Untracked 
|  26|0x0000000706200000, 0x0000000706200000, 0x0000000706400000|  0%| F|  |TAMS 0x0000000706200000, 0x0000000706200000| Untracked 
|  27|0x0000000706400000, 0x0000000706400000, 0x0000000706600000|  0%| F|  |TAMS 0x0000000706400000, 0x0000000706400000| Untracked 
|  28|0x0000000706600000, 0x0000000706600000, 0x0000000706800000|  0%| F|  |TAMS 0x0000000706600000, 0x0000000706600000| Untracked 
|  29|0x0000000706800000, 0x0000000706800000, 0x0000000706a00000|  0%| F|  |TAMS 0x0000000706800000, 0x0000000706800000| Untracked 
|  30|0x0000000706a00000, 0x0000000706a00000, 0x0000000706c00000|  0%| F|  |TAMS 0x0000000706a00000, 0x0000000706a00000| Untracked 
|  31|0x0000000706c00000, 0x0000000706c00000, 0x0000000706e00000|  0%| F|  |TAMS 0x0000000706c00000, 0x0000000706c00000| Untracked 
|  32|0x0000000706e00000, 0x0000000706e00000, 0x0000000707000000|  0%| F|  |TAMS 0x0000000706e00000, 0x0000000706e00000| Untracked 
|  33|0x0000000707000000, 0x0000000707000000, 0x0000000707200000|  0%| F|  |TAMS 0x0000000707000000, 0x0000000707000000| Untracked 
|  34|0x0000000707200000, 0x0000000707200000, 0x0000000707400000|  0%| F|  |TAMS 0x0000000707200000, 0x0000000707200000| Untracked 
|  35|0x0000000707400000, 0x0000000707400000, 0x0000000707600000|  0%| F|  |TAMS 0x0000000707400000, 0x0000000707400000| Untracked 
|  36|0x0000000707600000, 0x0000000707600000, 0x0000000707800000|  0%| F|  |TAMS 0x0000000707600000, 0x0000000707600000| Untracked 
|  37|0x0000000707800000, 0x0000000707800000, 0x0000000707a00000|  0%| F|  |TAMS 0x0000000707800000, 0x0000000707800000| Untracked 
|  38|0x0000000707a00000, 0x0000000707a00000, 0x0000000707c00000|  0%| F|  |TAMS 0x0000000707a00000, 0x0000000707a00000| Untracked 
|  39|0x0000000707c00000, 0x0000000707c00000, 0x0000000707e00000|  0%| F|  |TAMS 0x0000000707c00000, 0x0000000707c00000| Untracked 
|  40|0x0000000707e00000, 0x0000000707e00000, 0x0000000708000000|  0%| F|  |TAMS 0x0000000707e00000, 0x0000000707e00000| Untracked 
|  41|0x0000000708000000, 0x0000000708000000, 0x0000000708200000|  0%| F|  |TAMS 0x0000000708000000, 0x0000000708000000| Untracked 
|  42|0x0000000708200000, 0x0000000708200000, 0x0000000708400000|  0%| F|  |TAMS 0x0000000708200000, 0x0000000708200000| Untracked 
|  43|0x0000000708400000, 0x0000000708400000, 0x0000000708600000|  0%| F|  |TAMS 0x0000000708400000, 0x0000000708400000| Untracked 
|  44|0x0000000708600000, 0x0000000708600000, 0x0000000708800000|  0%| F|  |TAMS 0x0000000708600000, 0x0000000708600000| Untracked 
|  45|0x0000000708800000, 0x0000000708800000, 0x0000000708a00000|  0%| F|  |TAMS 0x0000000708800000, 0x0000000708800000| Untracked 
|  46|0x0000000708a00000, 0x0000000708a00000, 0x0000000708c00000|  0%| F|  |TAMS 0x0000000708a00000, 0x0000000708a00000| Untracked 
|  47|0x0000000708c00000, 0x0000000708c00000, 0x0000000708e00000|  0%| F|  |TAMS 0x0000000708c00000, 0x0000000708c00000| Untracked 
|  48|0x0000000708e00000, 0x0000000708e00000, 0x0000000709000000|  0%| F|  |TAMS 0x0000000708e00000, 0x0000000708e00000| Untracked 
|  49|0x0000000709000000, 0x0000000709000000, 0x0000000709200000|  0%| F|  |TAMS 0x0000000709000000, 0x0000000709000000| Untracked 
|  50|0x0000000709200000, 0x0000000709200000, 0x0000000709400000|  0%| F|  |TAMS 0x0000000709200000, 0x0000000709200000| Untracked 
|  51|0x0000000709400000, 0x0000000709400000, 0x0000000709600000|  0%| F|  |TAMS 0x0000000709400000, 0x0000000709400000| Untracked 
|  52|0x0000000709600000, 0x0000000709600000, 0x0000000709800000|  0%| F|  |TAMS 0x0000000709600000, 0x0000000709600000| Untracked 
|  53|0x0000000709800000, 0x0000000709800000, 0x0000000709a00000|  0%| F|  |TAMS 0x0000000709800000, 0x0000000709800000| Untracked 
|  54|0x0000000709a00000, 0x0000000709a00000, 0x0000000709c00000|  0%| F|  |TAMS 0x0000000709a00000, 0x0000000709a00000| Untracked 
|  55|0x0000000709c00000, 0x0000000709e00000, 0x0000000709e00000|100%| S|CS|TAMS 0x0000000709c00000, 0x0000000709c00000| Complete 
|  56|0x0000000709e00000, 0x000000070a000000, 0x000000070a000000|100%| S|CS|TAMS 0x0000000709e00000, 0x0000000709e00000| Complete 
|  57|0x000000070a000000, 0x000000070a200000, 0x000000070a200000|100%| S|CS|TAMS 0x000000070a000000, 0x000000070a000000| Complete 
|  58|0x000000070a200000, 0x000000070a400000, 0x000000070a400000|100%| S|CS|TAMS 0x000000070a200000, 0x000000070a200000| Complete 
|  59|0x000000070a400000, 0x000000070a600000, 0x000000070a600000|100%| S|CS|TAMS 0x000000070a400000, 0x000000070a400000| Complete 
|  60|0x000000070a600000, 0x000000070a800000, 0x000000070a800000|100%| S|CS|TAMS 0x000000070a600000, 0x000000070a600000| Complete 
|  61|0x000000070a800000, 0x000000070aa00000, 0x000000070aa00000|100%| S|CS|TAMS 0x000000070a800000, 0x000000070a800000| Complete 
|  62|0x000000070aa00000, 0x000000070ac00000, 0x000000070ac00000|100%| S|CS|TAMS 0x000000070aa00000, 0x000000070aa00000| Complete 
|  63|0x000000070ac00000, 0x000000070ac00000, 0x000000070ae00000|  0%| F|  |TAMS 0x000000070ac00000, 0x000000070ac00000| Untracked 
|  64|0x000000070ae00000, 0x000000070ae00000, 0x000000070b000000|  0%| F|  |TAMS 0x000000070ae00000, 0x000000070ae00000| Untracked 
|  65|0x000000070b000000, 0x000000070b000000, 0x000000070b200000|  0%| F|  |TAMS 0x000000070b000000, 0x000000070b000000| Untracked 
|  66|0x000000070b200000, 0x000000070b200000, 0x000000070b400000|  0%| F|  |TAMS 0x000000070b200000, 0x000000070b200000| Untracked 
|  67|0x000000070b400000, 0x000000070b400000, 0x000000070b600000|  0%| F|  |TAMS 0x000000070b400000, 0x000000070b400000| Untracked 
|  68|0x000000070b600000, 0x000000070b600000, 0x000000070b800000|  0%| F|  |TAMS 0x000000070b600000, 0x000000070b600000| Untracked 
|  69|0x000000070b800000, 0x000000070b800000, 0x000000070ba00000|  0%| F|  |TAMS 0x000000070b800000, 0x000000070b800000| Untracked 
|  70|0x000000070ba00000, 0x000000070ba00000, 0x000000070bc00000|  0%| F|  |TAMS 0x000000070ba00000, 0x000000070ba00000| Untracked 
|  71|0x000000070bc00000, 0x000000070bc00000, 0x000000070be00000|  0%| F|  |TAMS 0x000000070bc00000, 0x000000070bc00000| Untracked 
|  72|0x000000070be00000, 0x000000070be00000, 0x000000070c000000|  0%| F|  |TAMS 0x000000070be00000, 0x000000070be00000| Untracked 
|  73|0x000000070c000000, 0x000000070c000000, 0x000000070c200000|  0%| F|  |TAMS 0x000000070c000000, 0x000000070c000000| Untracked 
|  74|0x000000070c200000, 0x000000070c400000, 0x000000070c400000|100%| E|  |TAMS 0x000000070c200000, 0x000000070c200000| Complete 
|  75|0x000000070c400000, 0x000000070c600000, 0x000000070c600000|100%| E|CS|TAMS 0x000000070c400000, 0x000000070c400000| Complete 
|  76|0x000000070c600000, 0x000000070c800000, 0x000000070c800000|100%| E|CS|TAMS 0x000000070c600000, 0x000000070c600000| Complete 
|  77|0x000000070c800000, 0x000000070ca00000, 0x000000070ca00000|100%| E|CS|TAMS 0x000000070c800000, 0x000000070c800000| Complete 
|  78|0x000000070ca00000, 0x000000070cc00000, 0x000000070cc00000|100%| E|CS|TAMS 0x000000070ca00000, 0x000000070ca00000| Complete 
|  79|0x000000070cc00000, 0x000000070ce00000, 0x000000070ce00000|100%| E|CS|TAMS 0x000000070cc00000, 0x000000070cc00000| Complete 
|  80|0x000000070ce00000, 0x000000070d000000, 0x000000070d000000|100%| E|CS|TAMS 0x000000070ce00000, 0x000000070ce00000| Complete 
|  81|0x000000070d000000, 0x000000070d200000, 0x000000070d200000|100%| E|CS|TAMS 0x000000070d000000, 0x000000070d000000| Complete 
|  82|0x000000070d200000, 0x000000070d400000, 0x000000070d400000|100%| E|CS|TAMS 0x000000070d200000, 0x000000070d200000| Complete 
|  83|0x000000070d400000, 0x000000070d600000, 0x000000070d600000|100%| E|CS|TAMS 0x000000070d400000, 0x000000070d400000| Complete 
|  84|0x000000070d600000, 0x000000070d800000, 0x000000070d800000|100%| E|CS|TAMS 0x000000070d600000, 0x000000070d600000| Complete 
|  85|0x000000070d800000, 0x000000070da00000, 0x000000070da00000|100%| E|CS|TAMS 0x000000070d800000, 0x000000070d800000| Complete 
|  86|0x000000070da00000, 0x000000070dc00000, 0x000000070dc00000|100%| E|CS|TAMS 0x000000070da00000, 0x000000070da00000| Complete 
|  87|0x000000070dc00000, 0x000000070de00000, 0x000000070de00000|100%| E|CS|TAMS 0x000000070dc00000, 0x000000070dc00000| Complete 
|  88|0x000000070de00000, 0x000000070e000000, 0x000000070e000000|100%| E|CS|TAMS 0x000000070de00000, 0x000000070de00000| Complete 
|  89|0x000000070e000000, 0x000000070e200000, 0x000000070e200000|100%| E|CS|TAMS 0x000000070e000000, 0x000000070e000000| Complete 
|  90|0x000000070e200000, 0x000000070e400000, 0x000000070e400000|100%| E|  |TAMS 0x000000070e200000, 0x000000070e200000| Complete 
|  91|0x000000070e400000, 0x000000070e600000, 0x000000070e600000|100%| E|CS|TAMS 0x000000070e400000, 0x000000070e400000| Complete 
|  92|0x000000070e600000, 0x000000070e800000, 0x000000070e800000|100%| E|CS|TAMS 0x000000070e600000, 0x000000070e600000| Complete 
|  93|0x000000070e800000, 0x000000070ea00000, 0x000000070ea00000|100%| E|CS|TAMS 0x000000070e800000, 0x000000070e800000| Complete 
|  94|0x000000070ea00000, 0x000000070ec00000, 0x000000070ec00000|100%| E|CS|TAMS 0x000000070ea00000, 0x000000070ea00000| Complete 
|  95|0x000000070ec00000, 0x000000070ee00000, 0x000000070ee00000|100%| E|CS|TAMS 0x000000070ec00000, 0x000000070ec00000| Complete 
|  96|0x000000070ee00000, 0x000000070f000000, 0x000000070f000000|100%| E|CS|TAMS 0x000000070ee00000, 0x000000070ee00000| Complete 
|  97|0x000000070f000000, 0x000000070f200000, 0x000000070f200000|100%| E|CS|TAMS 0x000000070f000000, 0x000000070f000000| Complete 
|  98|0x000000070f200000, 0x000000070f400000, 0x000000070f400000|100%| E|CS|TAMS 0x000000070f200000, 0x000000070f200000| Complete 
|  99|0x000000070f400000, 0x000000070f600000, 0x000000070f600000|100%| E|CS|TAMS 0x000000070f400000, 0x000000070f400000| Complete 
| 100|0x000000070f600000, 0x000000070f800000, 0x000000070f800000|100%| E|CS|TAMS 0x000000070f600000, 0x000000070f600000| Complete 
| 101|0x000000070f800000, 0x000000070fa00000, 0x000000070fa00000|100%| E|CS|TAMS 0x000000070f800000, 0x000000070f800000| Complete 
| 102|0x000000070fa00000, 0x000000070fc00000, 0x000000070fc00000|100%| E|CS|TAMS 0x000000070fa00000, 0x000000070fa00000| Complete 
| 103|0x000000070fc00000, 0x000000070fe00000, 0x000000070fe00000|100%| E|CS|TAMS 0x000000070fc00000, 0x000000070fc00000| Complete 
| 104|0x000000070fe00000, 0x0000000710000000, 0x0000000710000000|100%| E|CS|TAMS 0x000000070fe00000, 0x000000070fe00000| Complete 
| 105|0x0000000710000000, 0x0000000710200000, 0x0000000710200000|100%| E|CS|TAMS 0x0000000710000000, 0x0000000710000000| Complete 
| 106|0x0000000710200000, 0x0000000710400000, 0x0000000710400000|100%| E|CS|TAMS 0x0000000710200000, 0x0000000710200000| Complete 
| 107|0x0000000710400000, 0x0000000710600000, 0x0000000710600000|100%| E|CS|TAMS 0x0000000710400000, 0x0000000710400000| Complete 
| 108|0x0000000710600000, 0x0000000710800000, 0x0000000710800000|100%| E|CS|TAMS 0x0000000710600000, 0x0000000710600000| Complete 
| 109|0x0000000710800000, 0x0000000710a00000, 0x0000000710a00000|100%| E|CS|TAMS 0x0000000710800000, 0x0000000710800000| Complete 
| 110|0x0000000710a00000, 0x0000000710c00000, 0x0000000710c00000|100%| E|CS|TAMS 0x0000000710a00000, 0x0000000710a00000| Complete 
| 111|0x0000000710c00000, 0x0000000710e00000, 0x0000000710e00000|100%| E|CS|TAMS 0x0000000710c00000, 0x0000000710c00000| Complete 
| 112|0x0000000710e00000, 0x0000000711000000, 0x0000000711000000|100%| E|CS|TAMS 0x0000000710e00000, 0x0000000710e00000| Complete 
| 113|0x0000000711000000, 0x0000000711200000, 0x0000000711200000|100%| E|CS|TAMS 0x0000000711000000, 0x0000000711000000| Complete 
| 114|0x0000000711200000, 0x0000000711400000, 0x0000000711400000|100%| E|CS|TAMS 0x0000000711200000, 0x0000000711200000| Complete 
| 115|0x0000000711400000, 0x0000000711600000, 0x0000000711600000|100%| E|CS|TAMS 0x0000000711400000, 0x0000000711400000| Complete 
| 116|0x0000000711600000, 0x0000000711800000, 0x0000000711800000|100%| E|CS|TAMS 0x0000000711600000, 0x0000000711600000| Complete 
| 117|0x0000000711800000, 0x0000000711a00000, 0x0000000711a00000|100%| E|CS|TAMS 0x0000000711800000, 0x0000000711800000| Complete 
| 118|0x0000000711a00000, 0x0000000711c00000, 0x0000000711c00000|100%| E|CS|TAMS 0x0000000711a00000, 0x0000000711a00000| Complete 
| 119|0x0000000711c00000, 0x0000000711e00000, 0x0000000711e00000|100%| E|CS|TAMS 0x0000000711c00000, 0x0000000711c00000| Complete 
| 120|0x0000000711e00000, 0x0000000712000000, 0x0000000712000000|100%| E|CS|TAMS 0x0000000711e00000, 0x0000000711e00000| Complete 
| 121|0x0000000712000000, 0x0000000712200000, 0x0000000712200000|100%| E|CS|TAMS 0x0000000712000000, 0x0000000712000000| Complete 
| 122|0x0000000712200000, 0x0000000712400000, 0x0000000712400000|100%| E|CS|TAMS 0x0000000712200000, 0x0000000712200000| Complete 
| 123|0x0000000712400000, 0x0000000712600000, 0x0000000712600000|100%| E|CS|TAMS 0x0000000712400000, 0x0000000712400000| Complete 
| 124|0x0000000712600000, 0x0000000712800000, 0x0000000712800000|100%| E|CS|TAMS 0x0000000712600000, 0x0000000712600000| Complete 
| 125|0x0000000712800000, 0x0000000712a00000, 0x0000000712a00000|100%| E|CS|TAMS 0x0000000712800000, 0x0000000712800000| Complete 
| 126|0x0000000712a00000, 0x0000000712c00000, 0x0000000712c00000|100%| E|CS|TAMS 0x0000000712a00000, 0x0000000712a00000| Complete 

Card table byte_map: [0x000002af4f860000,0x000002af50050000] _byte_map_base: 0x000002af4c049000

Marking Bits (Prev, Next): (CMBitMap*) 0x000002af380844f0, (CMBitMap*) 0x000002af38084530
 Prev Bits: [0x000002af50840000, 0x000002af54788000)
 Next Bits: [0x000002af54790000, 0x000002af586d8000)

Polling page: 0x000002af36000000

Metaspace:

Usage:
  Non-class:      8.15 MB used.
      Class:    640.70 KB used.
       Both:      8.77 MB used.

Virtual space:
  Non-class space:       16.00 MB reserved,       8.31 MB ( 52%) committed,  2 nodes.
      Class space:        1.00 GB reserved,     768.00 KB ( <1%) committed,  1 nodes.
             Both:        1.02 GB reserved,       9.06 MB ( <1%) committed. 

Chunk freelists:
   Non-Class:  2.28 MB
       Class:  3.26 MB
        Both:  5.54 MB

MaxMetaspaceSize: unlimited
CompressedClassSpaceSize: 1.00 GB
Initial GC threshold: 21.00 MB
Current GC threshold: 21.00 MB
CDS: on
MetaspaceReclaimPolicy: balanced
 - commit_granule_bytes: 65536.
 - commit_granule_words: 8192.
 - virtual_space_node_default_size: 1048576.
 - enlarge_chunks_in_place: 1.
 - new_chunks_are_fully_committed: 0.
 - uncommit_free_chunks: 1.
 - use_allocation_guard: 0.
 - handle_deallocations: 1.


Internal statistics:

num_allocs_failed_limit: 0.
num_arena_births: 216.
num_arena_deaths: 0.
num_vsnodes_births: 3.
num_vsnodes_deaths: 0.
num_space_committed: 143.
num_space_uncommitted: 0.
num_chunks_returned_to_freelist: 0.
num_chunks_taken_from_freelist: 484.
num_chunk_merges: 0.
num_chunk_splits: 336.
num_chunks_enlarged: 248.
num_purges: 0.
num_inconsistent_stats: 0.

CodeHeap 'non-profiled nmethods': size=120000Kb used=924Kb max_used=924Kb free=119076Kb
 bounds [0x000002af475f0000, 0x000002af47860000, 0x000002af4eb20000]
CodeHeap 'profiled nmethods': size=120000Kb used=3128Kb max_used=3128Kb free=116871Kb
 bounds [0x000002af400c0000, 0x000002af403d0000, 0x000002af475f0000]
CodeHeap 'non-nmethods': size=5760Kb used=1758Kb max_used=1797Kb free=4001Kb
 bounds [0x000002af3fb20000, 0x000002af3fd90000, 0x000002af400c0000]
 total_blobs=2865 nmethods=1630 adapters=1148
 compilation: enabled
              stopped_count=0, restarted_count=0
 full_count=0

Compilation events (20 events):
Event: 2.533 Thread 0x000002af5b3b7da0 nmethod 1616 0x000002af403c5d10 code [0x000002af403c6160, 0x000002af403c83c8]
Event: 2.533 Thread 0x000002af5b3b7da0 1618       3       engine.renderEngine.Loader::loadMeta (95 bytes)
Event: 2.533 Thread 0x000002af5b3b3ef0 nmethod 1619 0x000002af476d5d90 code [0x000002af476d5f00, 0x000002af476d5ff8]
Event: 2.533 Thread 0x000002af5b3b7da0 nmethod 1618 0x000002af403c9090 code [0x000002af403c9300, 0x000002af403c9d38]
Event: 2.535 Thread 0x000002af5b3b7da0 1620       3       java.io.File::length (33 bytes)
Event: 2.535 Thread 0x000002af5b3b7da0 nmethod 1620 0x000002af403ca190 code [0x000002af403ca380, 0x000002af403ca7a8]
Event: 2.565 Thread 0x000002af5b3b7da0 1622       3       java.lang.String::charAt (25 bytes)
Event: 2.565 Thread 0x000002af5b3b3ef0 1623       4       java.util.regex.Pattern::append (43 bytes)
Event: 2.565 Thread 0x000002af5b3b7da0 nmethod 1622 0x000002af403ca910 code [0x000002af403cab00, 0x000002af403cb058]
Event: 2.566 Thread 0x000002af5b3b3ef0 nmethod 1623 0x000002af476d6510 code [0x000002af476d6680, 0x000002af476d6758]
Event: 2.569 Thread 0x000002af5b3b7da0 1626       3       java.lang.invoke.MemberName::isCallerSensitive (8 bytes)
Event: 2.569 Thread 0x000002af5b3b7da0 nmethod 1626 0x000002af403cb290 code [0x000002af403cb440, 0x000002af403cb678]
Event: 2.570 Thread 0x000002af5b3b7da0 1627       3       java.io.File::<init> (78 bytes)
Event: 2.570 Thread 0x000002af5b3b7da0 nmethod 1627 0x000002af403cb790 code [0x000002af403cb940, 0x000002af403cbbe8]
Event: 2.573 Thread 0x000002af5b3b7da0 1628       3       java.io.File::isFile (34 bytes)
Event: 2.573 Thread 0x000002af5b3b7da0 nmethod 1628 0x000002af403cbd10 code [0x000002af403cbf00, 0x000002af403cc448]
Event: 2.576 Thread 0x000002af5b3b7da0 1629       3       java.lang.invoke.MethodHandles$Lookup::<init> (84 bytes)
Event: 2.576 Thread 0x000002af5b3b7da0 nmethod 1629 0x000002af403cc610 code [0x000002af403cc7c0, 0x000002af403cca18]
Event: 2.579 Thread 0x000002af5b3b7da0 1630       3       java.lang.ClassLoader::definePackage (85 bytes)
Event: 2.579 Thread 0x000002af5b3b7da0 nmethod 1630 0x000002af403ccb10 code [0x000002af403ccde0, 0x000002af403cdd38]

GC Heap History (6 events):
Event: 1.085 GC heap before
{Heap before GC invocations=0 (full 0):
 garbage-first heap   total 260096K, used 20480K [0x0000000702e00000, 0x0000000800000000)
  region size 2048K, 11 young (22528K), 0 survivors (0K)
 Metaspace       used 6817K, committed 7040K, reserved 1056768K
  class space    used 500K, committed 576K, reserved 1048576K
}
Event: 1.091 GC heap after
{Heap after GC invocations=1 (full 0):
 garbage-first heap   total 260096K, used 3537K [0x0000000702e00000, 0x0000000800000000)
  region size 2048K, 2 young (4096K), 2 survivors (4096K)
 Metaspace       used 6817K, committed 7040K, reserved 1056768K
  class space    used 500K, committed 576K, reserved 1048576K
}
Event: 1.149 GC heap before
{Heap before GC invocations=1 (full 0):
 garbage-first heap   total 260096K, used 32209K [0x0000000702e00000, 0x0000000800000000)
  region size 2048K, 16 young (32768K), 2 survivors (4096K)
 Metaspace       used 6839K, committed 7040K, reserved 1056768K
  class space    used 500K, committed 576K, reserved 1048576K
}
Event: 1.154 GC heap after
{Heap after GC invocations=2 (full 0):
 garbage-first heap   total 260096K, used 6310K [0x0000000702e00000, 0x0000000800000000)
  region size 2048K, 2 young (4096K), 2 survivors (4096K)
 Metaspace       used 6839K, committed 7040K, reserved 1056768K
  class space    used 500K, committed 576K, reserved 1048576K
}
Event: 1.409 GC heap before
{Heap before GC invocations=2 (full 0):
 garbage-first heap   total 260096K, used 133286K [0x0000000702e00000, 0x0000000800000000)
  region size 2048K, 64 young (131072K), 2 survivors (4096K)
 Metaspace       used 6870K, committed 7040K, reserved 1056768K
  class space    used 500K, committed 576K, reserved 1048576K
}
Event: 1.422 GC heap after
{Heap after GC invocations=3 (full 0):
 garbage-first heap   total 260096K, used 22108K [0x0000000702e00000, 0x0000000800000000)
  region size 2048K, 8 young (16384K), 8 survivors (16384K)
 Metaspace       used 6870K, committed 7040K, reserved 1056768K
  class space    used 500K, committed 576K, reserved 1048576K
}

Deoptimization events (20 events):
Event: 2.278 Thread 0x000002af38016910 Uncommon trap: trap_request=0xffffffbe fr.pc=0x000002af47691184 relative=0x00000000000014a4
Event: 2.278 Thread 0x000002af38016910 Uncommon trap: reason=profile_predicate action=maybe_recompile pc=0x000002af47691184 method=de.javagl.obj.ObjUtils.makePropertiesUnique(Lde/javagl/obj/ReadableObj;Lde/javagl/obj/ObjUtils$PropertyIndexAccessor;Ljava/util/List;Lde/javagl/obj/WritableObj;)V 
Event: 2.278 Thread 0x000002af38016910 DEOPT PACKING pc=0x000002af47691184 sp=0x000000f68cffecb0
Event: 2.278 Thread 0x000002af38016910 DEOPT UNPACKING pc=0x000002af3fb723a3 sp=0x000000f68cffec98 mode 2
Event: 2.278 Thread 0x000002af38016910 Uncommon trap: trap_request=0xffffff45 fr.pc=0x000002af47667e38 relative=0x0000000000000878
Event: 2.278 Thread 0x000002af38016910 Uncommon trap: reason=unstable_if action=reinterpret pc=0x000002af47667e38 method=de.javagl.obj.ObjUtils.makeVertexIndexed(Lde/javagl/obj/ReadableObj;Lde/javagl/obj/WritableObj;)Lde/javagl/obj/WritableObj; @ 78 c2
Event: 2.278 Thread 0x000002af38016910 DEOPT PACKING pc=0x000002af47667e38 sp=0x000000f68cffee00
Event: 2.278 Thread 0x000002af38016910 DEOPT UNPACKING pc=0x000002af3fb723a3 sp=0x000000f68cffeda0 mode 2
Event: 2.279 Thread 0x000002af38016910 DEOPT PACKING pc=0x000002af40320b7b sp=0x000000f68cffebc0
Event: 2.279 Thread 0x000002af38016910 DEOPT UNPACKING pc=0x000002af3fb72b43 sp=0x000000f68cffe250 mode 0
Event: 2.282 Thread 0x000002af38016910 Uncommon trap: trap_request=0xffffffbe fr.pc=0x000002af47691184 relative=0x00000000000014a4
Event: 2.282 Thread 0x000002af38016910 Uncommon trap: reason=profile_predicate action=maybe_recompile pc=0x000002af47691184 method=de.javagl.obj.ObjUtils.makePropertiesUnique(Lde/javagl/obj/ReadableObj;Lde/javagl/obj/ObjUtils$PropertyIndexAccessor;Ljava/util/List;Lde/javagl/obj/WritableObj;)V 
Event: 2.282 Thread 0x000002af38016910 DEOPT PACKING pc=0x000002af47691184 sp=0x000000f68cffecb0
Event: 2.282 Thread 0x000002af38016910 DEOPT UNPACKING pc=0x000002af3fb723a3 sp=0x000000f68cffec98 mode 2
Event: 2.283 Thread 0x000002af38016910 DEOPT PACKING pc=0x000002af40343fc8 sp=0x000000f68cffee50
Event: 2.283 Thread 0x000002af38016910 DEOPT UNPACKING pc=0x000002af3fb72b43 sp=0x000000f68cffe2d0 mode 0
Event: 2.537 Thread 0x000002af38016910 Uncommon trap: trap_request=0xffffffe5 fr.pc=0x000002af475f5528 relative=0x0000000000000088
Event: 2.537 Thread 0x000002af38016910 Uncommon trap: reason=range_check action=reinterpret pc=0x000002af475f5528 method=java.lang.StringLatin1.charAt([BI)C @ 1 c2
Event: 2.537 Thread 0x000002af38016910 DEOPT PACKING pc=0x000002af475f5528 sp=0x000000f68cffef20
Event: 2.537 Thread 0x000002af38016910 DEOPT UNPACKING pc=0x000002af3fb723a3 sp=0x000000f68cffee58 mode 2

Classes unloaded (0 events):
No events

Classes redefined (0 events):
No events

Internal exceptions (20 events):
Event: 2.243 Thread 0x000002af38016910 Exception <a 'java/io/FileNotFoundException'{0x000000070c9fed50}> (0x000000070c9fed50) 
thrown [s\src\hotspot\share\prims\jni.cpp, line 516]
Event: 2.276 Thread 0x000002af38016910 Exception <a 'java/io/FileNotFoundException'{0x000000070c65f820}> (0x000000070c65f820) 
thrown [s\src\hotspot\share\prims\jni.cpp, line 516]
Event: 2.281 Thread 0x000002af38016910 Exception <a 'java/io/FileNotFoundException'{0x000000070c462990}> (0x000000070c462990) 
thrown [s\src\hotspot\share\prims\jni.cpp, line 516]
Event: 2.284 Thread 0x000002af38016910 Exception <a 'java/io/FileNotFoundException'{0x000000070c54f1b8}> (0x000000070c54f1b8) 
thrown [s\src\hotspot\share\prims\jni.cpp, line 516]
Event: 2.287 Thread 0x000002af38016910 Exception <a 'java/io/FileNotFoundException'{0x000000070c5981f8}> (0x000000070c5981f8) 
thrown [s\src\hotspot\share\prims\jni.cpp, line 516]
Event: 2.289 Thread 0x000002af38016910 Exception <a 'java/io/FileNotFoundException'{0x000000070c5b5cd0}> (0x000000070c5b5cd0) 
thrown [s\src\hotspot\share\prims\jni.cpp, line 516]
Event: 2.291 Thread 0x000002af38016910 Exception <a 'java/io/FileNotFoundException'{0x000000070c5fa528}> (0x000000070c5fa528) 
thrown [s\src\hotspot\share\prims\jni.cpp, line 516]
Event: 2.293 Thread 0x000002af38016910 Exception <a 'java/io/FileNotFoundException'{0x000000070c21e0c8}> (0x000000070c21e0c8) 
thrown [s\src\hotspot\share\prims\jni.cpp, line 516]
Event: 2.294 Thread 0x000002af38016910 Exception <a 'java/io/FileNotFoundException'{0x000000070c2296f8}> (0x000000070c2296f8) 
thrown [s\src\hotspot\share\prims\jni.cpp, line 516]
Event: 2.295 Thread 0x000002af38016910 Exception <a 'java/io/FileNotFoundException'{0x000000070c234bc8}> (0x000000070c234bc8) 
thrown [s\src\hotspot\share\prims\jni.cpp, line 516]
Event: 2.296 Thread 0x000002af38016910 Exception <a 'java/io/FileNotFoundException'{0x000000070c240058}> (0x000000070c240058) 
thrown [s\src\hotspot\share\prims\jni.cpp, line 516]
Event: 2.296 Thread 0x000002af38016910 Exception <a 'java/io/FileNotFoundException'{0x000000070c24b498}> (0x000000070c24b498) 
thrown [s\src\hotspot\share\prims\jni.cpp, line 516]
Event: 2.297 Thread 0x000002af38016910 Exception <a 'java/io/FileNotFoundException'{0x000000070c258168}> (0x000000070c258168) 
thrown [s\src\hotspot\share\prims\jni.cpp, line 516]
Event: 2.298 Thread 0x000002af38016910 Exception <a 'java/io/FileNotFoundException'{0x000000070c263658}> (0x000000070c263658) 
thrown [s\src\hotspot\share\prims\jni.cpp, line 516]
Event: 2.300 Thread 0x000002af38016910 Exception <a 'java/io/FileNotFoundException'{0x000000070c284938}> (0x000000070c284938) 
thrown [s\src\hotspot\share\prims\jni.cpp, line 516]
Event: 2.305 Thread 0x000002af38016910 Exception <a 'java/io/FileNotFoundException'{0x000000070c2c6d90}> (0x000000070c2c6d90) 
thrown [s\src\hotspot\share\prims\jni.cpp, line 516]
Event: 2.306 Thread 0x000002af38016910 Exception <a 'java/io/FileNotFoundException'{0x000000070c2d9dd0}> (0x000000070c2d9dd0) 
thrown [s\src\hotspot\share\prims\jni.cpp, line 516]
Event: 2.308 Thread 0x000002af38016910 Exception <a 'java/io/FileNotFoundException'{0x000000070c2ee480}> (0x000000070c2ee480) 
thrown [s\src\hotspot\share\prims\jni.cpp, line 516]
Event: 2.531 Thread 0x000002af38016910 Exception <a 'java/io/FileNotFoundException'{0x000000070c340360}> (0x000000070c340360) 
thrown [s\src\hotspot\share\prims\jni.cpp, line 516]
Event: 2.571 Thread 0x000002af38016910 Exception <a 'java/io/FileNotFoundException'{0x000000070c3cb630}> (0x000000070c3cb630) 
thrown [s\src\hotspot\share\prims\jni.cpp, line 516]

VM Operations (18 events):
Event: 0.068 Executing VM operation: HandshakeAllThreads
Event: 0.068 Executing VM operation: HandshakeAllThreads done
Event: 0.119 Executing VM operation: HandshakeAllThreads
Event: 0.119 Executing VM operation: HandshakeAllThreads done
Event: 0.824 Executing VM operation: HandshakeAllThreads
Event: 0.824 Executing VM operation: HandshakeAllThreads done
Event: 0.881 Executing VM operation: HandshakeAllThreads
Event: 0.881 Executing VM operation: HandshakeAllThreads done
Event: 0.937 Executing VM operation: ICBufferFull
Event: 0.937 Executing VM operation: ICBufferFull done
Event: 1.085 Executing VM operation: G1CollectForAllocation
Event: 1.091 Executing VM operation: G1CollectForAllocation done
Event: 1.149 Executing VM operation: G1CollectForAllocation
Event: 1.154 Executing VM operation: G1CollectForAllocation done
Event: 1.409 Executing VM operation: G1CollectForAllocation
Event: 1.422 Executing VM operation: G1CollectForAllocation done
Event: 2.434 Executing VM operation: Cleanup
Event: 2.435 Executing VM operation: Cleanup done

Events (20 events):
Event: 2.568 loading class java/util/stream/Nodes$EmptyNode$OfInt
Event: 2.568 loading class java/util/stream/Node$OfInt
Event: 2.568 loading class java/util/stream/Node$OfPrimitive
Event: 2.568 loading class java/util/stream/Node$OfPrimitive done
Event: 2.568 loading class java/util/stream/Node$OfInt done
Event: 2.568 loading class java/util/stream/Nodes$EmptyNode$OfInt done
Event: 2.568 loading class java/util/stream/Nodes$EmptyNode$OfLong
Event: 2.568 loading class java/util/stream/Node$OfLong
Event: 2.568 loading class java/util/stream/Node$OfLong done
Event: 2.568 loading class java/util/stream/Nodes$EmptyNode$OfLong done
Event: 2.568 loading class java/util/stream/Nodes$EmptyNode$OfDouble
Event: 2.568 loading class java/util/stream/Node$OfDouble
Event: 2.568 loading class java/util/stream/Node$OfDouble done
Event: 2.568 loading class java/util/stream/Nodes$EmptyNode$OfDouble done
Event: 2.568 loading class java/util/stream/Nodes$FixedNodeBuilder
Event: 2.568 loading class java/util/stream/Node$Builder
Event: 2.568 loading class java/util/stream/Node$Builder done
Event: 2.568 loading class java/util/stream/Nodes$ArrayNode
Event: 2.568 loading class java/util/stream/Nodes$ArrayNode done
Event: 2.568 loading class java/util/stream/Nodes$FixedNodeBuilder done


Dynamic libraries:
0x00007ff6f6d10000 - 0x00007ff6f6d1d000 	C:\Users\Kirill\.jdks\corretto-17.0.4.1\bin\java.exe
0x00007ffc4b830000 - 0x00007ffc4ba28000 	C:\WINDOWS\SYSTEM32\ntdll.dll
0x00007ffc4b680000 - 0x00007ffc4b73f000 	C:\WINDOWS\System32\KERNEL32.DLL
0x00007ffc49490000 - 0x00007ffc49762000 	C:\WINDOWS\System32\KERNELBASE.dll
0x00007ffc49770000 - 0x00007ffc49870000 	C:\WINDOWS\System32\ucrtbase.dll
0x00007ffbfedf0000 - 0x00007ffbfee08000 	C:\Users\Kirill\.jdks\corretto-17.0.4.1\bin\jli.dll
0x00007ffbfc610000 - 0x00007ffbfc625000 	C:\Users\Kirill\.jdks\corretto-17.0.4.1\bin\VCRUNTIME140.dll
0x00007ffc4b070000 - 0x00007ffc4b211000 	C:\WINDOWS\System32\USER32.dll
0x00007ffc49190000 - 0x00007ffc491b2000 	C:\WINDOWS\System32\win32u.dll
0x00007ffc482b0000 - 0x00007ffc4854a000 	C:\WINDOWS\WinSxS\amd64_microsoft.windows.common-controls_6595b64144ccf1df_6.0.19041.1110_none_60b5254171f9507e\COMCTL32.dll
0x00007ffc4add0000 - 0x00007ffc4adfb000 	C:\WINDOWS\System32\GDI32.dll
0x00007ffc4a900000 - 0x00007ffc4a99e000 	C:\WINDOWS\System32\msvcrt.dll
0x00007ffc49330000 - 0x00007ffc4943f000 	C:\WINDOWS\System32\gdi32full.dll
0x00007ffc490f0000 - 0x00007ffc4918d000 	C:\WINDOWS\System32\msvcp_win.dll
0x00007ffc4ac00000 - 0x00007ffc4ac32000 	C:\WINDOWS\System32\IMM32.DLL
0x00007ffbfb1f0000 - 0x00007ffbfb28b000 	C:\Users\Kirill\.jdks\corretto-17.0.4.1\bin\msvcp140.dll
0x00007ffbf2a40000 - 0x00007ffbf3654000 	C:\Users\Kirill\.jdks\corretto-17.0.4.1\bin\server\jvm.dll
0x00007ffc4aad0000 - 0x00007ffc4ab7e000 	C:\WINDOWS\System32\ADVAPI32.dll
0x00007ffc4ae00000 - 0x00007ffc4ae9c000 	C:\WINDOWS\System32\sechost.dll
0x00007ffc4a6b0000 - 0x00007ffc4a7d5000 	C:\WINDOWS\System32\RPCRT4.dll
0x00007ffc4afd0000 - 0x00007ffc4afd8000 	C:\WINDOWS\System32\PSAPI.DLL
0x00007ffc367d0000 - 0x00007ffc367d9000 	C:\WINDOWS\SYSTEM32\WSOCK32.dll
0x00007ffc31bd0000 - 0x00007ffc31bf7000 	C:\WINDOWS\SYSTEM32\WINMM.dll
0x00007ffc4ab80000 - 0x00007ffc4abeb000 	C:\WINDOWS\System32\WS2_32.dll
0x00007ffc42cf0000 - 0x00007ffc42cfa000 	C:\WINDOWS\SYSTEM32\VERSION.dll
0x00007ffc46000000 - 0x00007ffc46012000 	C:\WINDOWS\SYSTEM32\kernel.appcore.dll
0x00007ffc06c90000 - 0x00007ffc06c9a000 	C:\Users\Kirill\.jdks\corretto-17.0.4.1\bin\jimage.dll
0x00007ffc48840000 - 0x00007ffc48a24000 	C:\WINDOWS\SYSTEM32\DBGHELP.DLL
0x00007ffc48660000 - 0x00007ffc48695000 	C:\WINDOWS\SYSTEM32\dbgcore.DLL
0x00007ffc492a0000 - 0x00007ffc49322000 	C:\WINDOWS\System32\bcryptPrimitives.dll
0x00007ffbfb1c0000 - 0x00007ffbfb1e5000 	C:\Users\Kirill\.jdks\corretto-17.0.4.1\bin\java.dll
0x00007ffbfaa20000 - 0x00007ffbfaaf6000 	C:\Users\Kirill\.jdks\corretto-17.0.4.1\bin\jsvml.dll
0x00007ffc49e90000 - 0x00007ffc4a5d4000 	C:\WINDOWS\System32\SHELL32.dll
0x00007ffc46300000 - 0x00007ffc46a92000 	C:\WINDOWS\SYSTEM32\windows.storage.dll
0x00007ffc4b220000 - 0x00007ffc4b575000 	C:\WINDOWS\System32\combase.dll
0x00007ffc48210000 - 0x00007ffc48240000 	C:\WINDOWS\SYSTEM32\Wldp.dll
0x00007ffc4ac40000 - 0x00007ffc4aced000 	C:\WINDOWS\System32\SHCORE.dll
0x00007ffc4a650000 - 0x00007ffc4a6a5000 	C:\WINDOWS\System32\shlwapi.dll
0x00007ffc48e60000 - 0x00007ffc48e7f000 	C:\WINDOWS\SYSTEM32\profapi.dll
0x00007ffbfaa00000 - 0x00007ffbfaa19000 	C:\Users\Kirill\.jdks\corretto-17.0.4.1\bin\net.dll
0x00007ffc41d10000 - 0x00007ffc41e1c000 	C:\WINDOWS\SYSTEM32\WINHTTP.dll
0x00007ffc480e0000 - 0x00007ffc4814a000 	C:\WINDOWS\system32\mswsock.dll
0x00007ffbfa9e0000 - 0x00007ffbfa9f5000 	C:\Users\Kirill\.jdks\corretto-17.0.4.1\bin\nio.dll
0x00007ffbfa9c0000 - 0x00007ffbfa9d8000 	C:\Users\Kirill\.jdks\corretto-17.0.4.1\bin\zip.dll
0x00007ffc3bc80000 - 0x00007ffc3bc90000 	C:\Users\Kirill\.jdks\corretto-17.0.4.1\bin\verify.dll
0x00007ffc324f0000 - 0x00007ffc32565000 	C:\Users\Kirill\AppData\Local\Temp\lwjglKirill\3.3.1-SNAPSHOT\lwjgl.dll
0x00007ffc32480000 - 0x00007ffc324e1000 	C:\Users\Kirill\AppData\Local\Temp\lwjglKirill\3.3.1-SNAPSHOT\glfw.dll
0x00007ffc21bd0000 - 0x00007ffc21c15000 	C:\WINDOWS\SYSTEM32\dinput8.dll
0x00007ffc3b520000 - 0x00007ffc3b531000 	C:\WINDOWS\SYSTEM32\xinput1_4.dll
0x00007ffc49440000 - 0x00007ffc4948e000 	C:\WINDOWS\System32\cfgmgr32.dll
0x00007ffc48c60000 - 0x00007ffc48c8c000 	C:\WINDOWS\SYSTEM32\DEVOBJ.dll
0x00007ffc45df0000 - 0x00007ffc45e1f000 	C:\WINDOWS\SYSTEM32\dwmapi.dll
0x00007ffc3a8c0000 - 0x00007ffc3aa12000 	C:\WINDOWS\SYSTEM32\inputhost.dll
0x00007ffc4a9a0000 - 0x00007ffc4aa6d000 	C:\WINDOWS\System32\OLEAUT32.dll
0x00007ffc45710000 - 0x00007ffc45802000 	C:\WINDOWS\SYSTEM32\CoreMessaging.dll
0x00007ffc44ce0000 - 0x00007ffc44e34000 	C:\WINDOWS\SYSTEM32\wintypes.dll
0x00007ffc43d80000 - 0x00007ffc43e76000 	C:\WINDOWS\SYSTEM32\PROPSYS.dll
0x00007ffc453b0000 - 0x00007ffc4570e000 	C:\WINDOWS\SYSTEM32\CoreUIComponents.dll
0x00007ffc48c00000 - 0x00007ffc48c33000 	C:\WINDOWS\SYSTEM32\ntmarta.dll
0x00007ffc45c10000 - 0x00007ffc45cae000 	C:\WINDOWS\system32\uxtheme.dll
0x00007ffc4a7e0000 - 0x00007ffc4a8f5000 	C:\WINDOWS\System32\MSCTF.dll
0x00007ffc38f60000 - 0x00007ffc39085000 	C:\WINDOWS\SYSTEM32\opengl32.dll
0x00007ffc3bae0000 - 0x00007ffc3bb0c000 	C:\WINDOWS\SYSTEM32\GLU32.dll
0x00007ffc4b740000 - 0x00007ffc4b7ef000 	C:\WINDOWS\System32\clbcatq.dll
0x00007ffc10640000 - 0x00007ffc116e5000 	C:\WINDOWS\System32\DriverStore\FileRepository\iigd_dch.inf_amd64_51f685305808e3a5\ig9icd64.dll
0x00007ffc4aea0000 - 0x00007ffc4afca000 	C:\WINDOWS\System32\ole32.dll
0x00007ffc47290000 - 0x00007ffc47383000 	C:\WINDOWS\system32\dxgi.dll
0x00007ffc1a480000 - 0x00007ffc1a5ac000 	C:\WINDOWS\System32\DriverStore\FileRepository\iigd_dch.inf_amd64_51f685305808e3a5\igdml64.dll
0x00007ffc3fb60000 - 0x00007ffc3ff69000 	C:\WINDOWS\System32\DriverStore\FileRepository\iigd_dch.inf_amd64_51f685305808e3a5\igdgmm64.dll
0x00007ffc3beb0000 - 0x00007ffc3f644000 	C:\WINDOWS\System32\DriverStore\FileRepository\iigd_dch.inf_amd64_51f685305808e3a5\igc64.dll
0x00007ffc48ce0000 - 0x00007ffc48d2b000 	C:\WINDOWS\SYSTEM32\powrprof.dll
0x00007ffc48cc0000 - 0x00007ffc48cd2000 	C:\WINDOWS\SYSTEM32\UMPDC.dll
0x00007ffc3bdb0000 - 0x00007ffc3bea9000 	C:\WINDOWS\SYSTEM32\textinputframework.dll
0x00007ffc21b70000 - 0x00007ffc21bcd000 	C:\Users\Kirill\AppData\Local\Temp\lwjglKirill\3.3.1-SNAPSHOT\lwjgl_opengl.dll
0x0000000064a00000 - 0x000000006580f000 	C:\Users\Kirill\AppData\Local\Temp\imgui-java-natives_1673424485028\imgui-java64.dll
0x00007ffc46aa0000 - 0x00007ffc46aad000 	C:\WINDOWS\SYSTEM32\HID.DLL
0x00007ffc49870000 - 0x00007ffc49cd8000 	C:\WINDOWS\System32\SETUPAPI.DLL
0x00007ffc49270000 - 0x00007ffc49297000 	C:\WINDOWS\System32\bcrypt.dll
0x00007ffc49080000 - 0x00007ffc490e9000 	C:\WINDOWS\System32\WINTRUST.dll
0x00007ffc48f20000 - 0x00007ffc49076000 	C:\WINDOWS\System32\CRYPT32.dll
0x00007ffc48640000 - 0x00007ffc48652000 	C:\WINDOWS\SYSTEM32\MSASN1.dll
0x00007ffc21a90000 - 0x00007ffc21b11000 	C:\Users\Kirill\AppData\Local\Temp\lwjglKirill\3.3.1-SNAPSHOT\lwjgl_stb.dll

dbghelp: loaded successfully - version: 4.0.5 - missing functions: none
symbol engine: initialized successfully - sym options: 0x614 - pdb path: .;C:\Users\Kirill\.jdks\corretto-17.0.4.1\bin;C:\WINDOWS\SYSTEM32;C:\WINDOWS\WinSxS\amd64_microsoft.windows.common-controls_6595b64144ccf1df_6.0.19041.1110_none_60b5254171f9507e;C:\Users\Kirill\.jdks\corretto-17.0.4.1\bin\server;C:\Users\Kirill\AppData\Local\Temp\lwjglKirill\3.3.1-SNAPSHOT;C:\WINDOWS\System32\DriverStore\FileRepository\iigd_dch.inf_amd64_51f685305808e3a5;C:\Users\Kirill\AppData\Local\Temp\imgui-java-natives_1673424485028

VM Arguments:
jvm_args: -Dfile.encoding=windows-1251 -Duser.country=RU -Duser.language=ru -Duser.variant 
java_command: Main
java_class_path (initial): C:\_Files\Projects\Java\_GameEngine3\build\classes\java\main;C:\_Files\Projects\Java\_GameEngine3\build\resources\main;C:\Users\Kirill\.gradle\caches\modules-2\files-2.1\org.apache.commons\commons-lang3\3.0\8873bd0bb5cb9ee37f1b04578eb7e26fcdd44cb0\commons-lang3-3.0.jar;C:\Users\Kirill\.gradle\caches\modules-2\files-2.1\commons-io\commons-io\2.0.1\7ffdb02f95af1c1a208544e076cea5b8e66e731a\commons-io-2.0.1.jar;C:\Users\Kirill\.gradle\caches\modules-2\files-2.1\org.reflections\reflections\0.10.2\b638d7ca0e0fe0146b60a0e7ba232ad852a73b31\reflections-0.10.2.jar;C:\Users\Kirill\.gradle\caches\modules-2\files-2.1\org.jetbrains\annotations\20.1.0\2fcd1f3225bca0c4a7bc931142076f8c1e80993f\annotations-20.1.0.jar;C:\_Files\Projects\Java\_GameEngine3\libs\PNGDecoder.jar;C:\Users\Kirill\.gradle\caches\modules-2\files-2.1\com.github.tehleo\junionc\1.1.1\df8a242e6827e044718421574b332e4b86bfa517\junionc-1.1.1.jar;C:\_Files\Projects\Java\_GameEngine3\libs\jbox2d-library.jar;C:\_Files\Projects\Java\_GameEngine3\libs\slick-util.jar;C:\_Files\Projects\Java\_GameEngine3\libs\obj-0.3.0.jar;C:\Users\Kirill\.gradle\caches\modules-2\files-2.1\junit\junit\4.13\e49ccba652b735c93bd6e6f59760d8254cf597dd\junit-4.13.jar;C:\Users\Kirill\.gradle\caches\modules-2\files-2.1\io.github.spair\imgui-java-app\1.86.4\23a06b57a93761cd02b242051e9117bac40d0f7\imgui-java-app-1.86.4.jar;C:\Users\Kirill\.gradle\caches\modules-2\files-2.1\io.github.spair\imgui-java-lwjgl3\1.86.4\a538b7aa58be1c26e0dfe0b5395aaf58cb24e3dd\imgui-java-lwjgl3-1.86.4.jar;C:\Users\Kirill\.gradle\caches\modules-2\files-2.1\io.github.spair\imgui-java-binding\1.86.4\f97d32963ed5988b19f725d6c7d9946091cc3ba7\imgui-java-binding-1.86.4.jar;C:\Users\Kirill\.gradle\caches\modules-2\files-2.1\io.github.spair\imgui-java-natives-windows\1.86.0\b9c0aa0ebf251dbebe0dd7c39499f95cbe03d88\imgui-java-natives-windows-1.86.0.jar;C:\Users\Kirill\.gradle\caches\modules-2\files-2.1\com.google.code.gson\gson\2.9.1\2cc2131b98ebfb04e2b2c7
Launcher Type: SUN_STANDARD

[Global flags]
     intx CICompilerCount                          = 4                                         {product} {ergonomic}
     uint ConcGCThreads                            = 3                                         {product} {ergonomic}
     uint G1ConcRefinementThreads                  = 10                                        {product} {ergonomic}
   size_t G1HeapRegionSize                         = 2097152                                   {product} {ergonomic}
    uintx GCDrainStackTargetSize                   = 64                                        {product} {ergonomic}
   size_t InitialHeapSize                          = 266338304                                 {product} {ergonomic}
   size_t MarkStackSize                            = 4194304                                   {product} {ergonomic}
   size_t MaxHeapSize                              = 4246732800                                {product} {ergonomic}
   size_t MaxNewSize                               = 2548039680                                {product} {ergonomic}
   size_t MinHeapDeltaBytes                        = 2097152                                   {product} {ergonomic}
   size_t MinHeapSize                              = 8388608                                   {product} {ergonomic}
    uintx NonNMethodCodeHeapSize                   = 5839372                                {pd product} {ergonomic}
    uintx NonProfiledCodeHeapSize                  = 122909434                              {pd product} {ergonomic}
    uintx ProfiledCodeHeapSize                     = 122909434                              {pd product} {ergonomic}
    uintx ReservedCodeCacheSize                    = 251658240                              {pd product} {ergonomic}
     bool SegmentedCodeCache                       = true                                      {product} {ergonomic}
   size_t SoftMaxHeapSize                          = 4246732800                             {manageable} {ergonomic}
     bool UseCompressedClassPointers               = true                           {product lp64_product} {ergonomic}
     bool UseCompressedOops                        = true                           {product lp64_product} {ergonomic}
     bool UseG1GC                                  = true                                      {product} {ergonomic}
     bool UseLargePagesIndividualAllocation        = false                                  {pd product} {ergonomic}

Logging:
Log output configuration:
 #0: stdout all=warning uptime,level,tags
 #1: stderr all=off uptime,level,tags

Environment Variables:
PATH=C:\Program Files\Common Files\Oracle\Java\javapath;C:\Program Files\Python310\Scripts\;C:\Program Files\Python310\;C:\WINDOWS\system32;C:\WINDOWS;C:\WINDOWS\System32\Wbem;C:\WINDOWS\System32\WindowsPowerShell\v1.0\;C:\WINDOWS\System32\OpenSSH\;C:\Program Files\dotnet\;C:\Program Files\Git\cmd;C:\Program Files\Java\jdk-18.0.2.1\bin;C:\Users\Kirill\AppData\Local\Microsoft\WindowsApps;C:\Program Files\JetBrains\PyCharm Community Edition 2022.2\bin;;C:\Users\Kirill\AppData\Local\Programs\Microsoft VS Code\bin;C:\Program Files\JetBrains\IntelliJ IDEA Community Edition 2022.2.1\bin;;C:\Program Files\Java\jdk-18.0.2.1\bin;
USERNAME=Kirill
OS=Windows_NT
PROCESSOR_IDENTIFIER=Intel64 Family 6 Model 165 Stepping 3, GenuineIntel
TMP=C:\Users\Kirill\AppData\Local\Temp
TEMP=C:\Users\Kirill\AppData\Local\Temp



---------------  S Y S T E M  ---------------

OS:
 Windows 10 , 64 bit Build 19041 (10.0.19041.2364)
OS uptime: 14 days 0:18 hours

CPU: total 12 (initial active 12) (6 cores per cpu, 2 threads per core) family 6 model 165 stepping 3 microcode 0xe0, cx8, cmov, fxsr, ht, mmx, 3dnowpref, sse, sse2, sse3, ssse3, sse4.1, sse4.2, popcnt, lzcnt, tsc, tscinvbit, avx, avx2, aes, erms, clmul, bmi1, bmi2, adx, fma, vzeroupper, clflush, clflushopt

Memory: 4k page, system-wide physical 16196M (5240M free)
TotalPageFile size 19603M (AvailPageFile size 5671M)
current process WorkingSet (physical memory assigned to process): 978M, peak: 999M
current process commit charge ("private bytes"): 944M, peak: 966M

vm_info: OpenJDK 64-Bit Server VM (17.0.4.1+9-LTS) for windows-amd64 JRE (17.0.4.1+9-LTS), built on Aug 12 2022 17:33:36 by "Administrator" with MS VC++ 15.9 (VS2017)

END.
