#
# A fatal error has been detected by the Java Runtime Environment:
#
#  EXCEPTION_ACCESS_VIOLATION (0xc0000005) at pc=0x0000000064acfde8, pid=9868, tid=15200
#
# JRE version: OpenJDK Runtime Environment Corretto-17.0.4.9.1 (17.0.4.1+9) (build 17.0.4.1+9-LTS)
# Java VM: OpenJDK 64-Bit Server VM Corretto-17.0.4.9.1 (17.0.4.1+9-LTS, mixed mode, sharing, tiered, compressed oops, compressed class ptrs, g1 gc, windows-amd64)
# Problematic frame:
# C  [imgui-java64.dll+0xcfde8]
#
# No core dump will be written. Minidumps are not enabled by default on client versions of Windows
#
# If you would like to submit a bug report, please visit:
#   https://github.com/corretto/corretto-17/issues/
# The crash happened outside the Java Virtual Machine in native code.
# See problematic frame for where to report the bug.
#

---------------  S U M M A R Y ------------

Command Line: -Dfile.encoding=windows-1251 -Duser.country=RU -Duser.language=ru -Duser.variant Main

Host: Intel(R) Core(TM) i5-10400 CPU @ 2.90GHz, 12 cores, 15G,  Windows 10 , 64 bit Build 19041 (10.0.19041.2364)
Time: Wed Jan 11 13:48:53 2023  Windows 10 , 64 bit Build 19041 (10.0.19041.2364) elapsed time: 2.272990 seconds (0d 0h 0m 2s)

---------------  T H R E A D  ---------------

Current thread (0x00000298f51390f0):  JavaThread "main" [_thread_in_native, id=15200, stack(0x000000eab4700000,0x000000eab4800000)]

Stack: [0x000000eab4700000,0x000000eab4800000],  sp=0x000000eab47feed0,  free space=1019k
Native frames: (J=compiled Java code, j=interpreted, Vv=VM code, C=native code)
C  [imgui-java64.dll+0xcfde8]

Java frames: (J=compiled Java code, j=interpreted, Vv=VM code)
j  imgui.extension.imguizmo.ImGuizmo.nDrawGrid([F[F[FI)V+0
j  imgui.extension.imguizmo.ImGuizmo.drawGrid([F[F[FI)V+4
j  engine.gizmo.GizmoSystem.drawGrid()V+160
j  Main.main([Ljava/lang/String;)V+307
v  ~StubRoutines::call_stub

siginfo: EXCEPTION_ACCESS_VIOLATION (0xc0000005), reading address 0x0000000000000078


Register to memory mapping:

RIP=0x0000000064acfde8 imgui-java64.dll
RAX=0x00000000ffc00000 is an unknown value
RBX=0x0 is NULL
RCX=0x0 is NULL
RDX=0x000000eab47fef80 is pointing into the stack for thread: 0x00000298f51390f0
RSP=0x000000eab47feed0 is pointing into the stack for thread: 0x00000298f51390f0
RBP=0x000000eab47feff0 is pointing into the stack for thread: 0x00000298f51390f0
RSI=0xffc00000ffc00000 is an unknown value
RDI=0x000000eab47fef88 is pointing into the stack for thread: 0x00000298f51390f0
R8 =0x000000eab47fef88 is pointing into the stack for thread: 0x00000298f51390f0
R9 =0x00000000ff808080 is an unknown value
R10=0x0 is NULL
R11=0x0000000702f8ec90 is an oop: java.lang.Class 
{0x0000000702f8ec90} - klass: 'java/lang/Class'
 - ---- fields (total size 15 words):
 - private volatile transient 'classRedefinedCount' 'I' @12  0
 - private volatile transient 'cachedConstructor' 'Ljava/lang/reflect/Constructor;' @40  NULL (0)
 - private transient 'name' 'Ljava/lang/String;' @44  "imgui.extension.imguizmo.ImGuizmo"{0x0000000702f90700} (e05f20e0)
 - private transient 'module' 'Ljava/lang/Module;' @48  a 'java/lang/Module'{0x0000000702e0e090} (e05c1c12)
 - private final 'classLoader' 'Ljava/lang/ClassLoader;' @52  a 'jdk/internal/loader/ClassLoaders$AppClassLoader'{0x0000000702e00e60} (e05c01cc)
 - private transient 'classData' 'Ljava/lang/Object;' @56  NULL (0)
 - private transient 'packageName' 'Ljava/lang/String;' @60  "imgui.extension.imguizmo"{0x0000000702f90750} (e05f20ea)
 - private final 'componentType' 'Ljava/lang/Class;' @64  NULL (0)
 - private volatile transient 'reflectionData' 'Ljava/lang/ref/SoftReference;' @68  NULL (0)
 - private volatile transient 'genericInfo' 'Lsun/reflect/generics/repository/ClassRepository;' @72  NULL (0)
 - private volatile transient 'enumConstants' '[Ljava/lang/Object;' @76  NULL (0)
 - private volatile transient 'enumConstantDirectory' 'Ljava/util/Map;' @80  NULL (0)
 - private volatile transient 'annotationData' 'Ljava/lang/Class$AnnotationData;' @84  NULL (0)
 - private volatile transient 'annotationType' 'Lsun/reflect/annotation/AnnotationType;' @88  NULL (0)
 - transient 'classValueMap' 'Ljava/lang/ClassValue$ClassValueMap;' @92  NULL (0)
 - signature: Limgui/extension/imguizmo/ImGuizmo;
 - fake entry for mirror: 'imgui/extension/imguizmo/ImGuizmo'
 - fake entry for array: NULL
 - fake entry for oop_size: 15
 - fake entry for static_oop_field_count: 1
 - private static final 'MATRICES' '[F' @112  [F{0x0000000702f905f0} (e05f20be)
R12=0x000000070c9961c8 is pointing into object: [F 
{0x000000070c9961b8} - klass: {type array float}
 - length: 16
R13=0x000000eab47fefb0 is pointing into the stack for thread: 0x00000298f51390f0
R14=0x000000eab47ff2a8 is pointing into the stack for thread: 0x00000298f51390f0
R15=0x000000eab47ff298 is pointing into the stack for thread: 0x00000298f51390f0


Registers:
RAX=0x00000000ffc00000, RBX=0x0000000000000000, RCX=0x0000000000000000, RDX=0x000000eab47fef80
RSP=0x000000eab47feed0, RBP=0x000000eab47feff0, RSI=0xffc00000ffc00000, RDI=0x000000eab47fef88
R8 =0x000000eab47fef88, R9 =0x00000000ff808080, R10=0x0000000000000000, R11=0x0000000702f8ec90
R12=0x000000070c9961c8, R13=0x000000eab47fefb0, R14=0x000000eab47ff2a8, R15=0x000000eab47ff298
RIP=0x0000000064acfde8, EFLAGS=0x0000000000010286

Top of Stack: (sp=0x000000eab47feed0)
0x000000eab47feed0:   00000298f5136410 00007ffbf2da8e1a
0x000000eab47feee0:   0000000000000000 0000000000000000
0x000000eab47feef0:   00000298f51390f0 0000000064a1909f
0x000000eab47fef00:   0000000000000000 0000000000000000
0x000000eab47fef10:   0000000000000000 00000000ff808080
0x000000eab47fef20:   000000eab47ff030 000000eab47feff0
0x000000eab47fef30:   000000070c9961c8 0000000064a22a5c
0x000000eab47fef40:   00007ffbf331a2c0 0000000000000000
0x000000eab47fef50:   0000000000000000 0000000000000000
0x000000eab47fef60:   000000003f800000 0000000000000000
0x000000eab47fef70:   0000000000000000 40000000c0000000
0x000000eab47fef80:   ffc00000ffc00000 ffc00000ffc00000
0x000000eab47fef90:   00000000c0000000 00000000c0000000
0x000000eab47fefa0:   00000000c0000000 0000000040000000
0x000000eab47fefb0:   0000000000000000 0000000000000000
0x000000eab47fefc0:   0000000000000000 0000000000000000 

Instructions: (pc=0x0000000064acfde8)
0x0000000064acfce8:   48 63 cb 48 c1 e1 03 e8 5c eb f7 ff 49 8b 94 24
0x0000000064acfcf8:   80 00 00 00 48 89 c5 48 85 d2 74 1e 4d 63 44 24
0x0000000064acfd08:   78 48 89 c1 49 c1 e0 03 e8 03 31 14 00 49 8b 8c
0x0000000064acfd18:   24 80 00 00 00 e8 5e eb f7 ff 49 89 ac 24 80 00
0x0000000064acfd28:   00 00 41 8b 44 24 78 41 89 5c 24 7c e9 23 fd ff
0x0000000064acfd38:   ff 0f 1f 80 00 00 00 00 83 fa 08 bb 08 00 00 00
0x0000000064acfd48:   0f 4d da e9 18 ff ff ff 83 f9 08 bb 08 00 00 00
0x0000000064acfd58:   0f 4d d9 eb 8b 0f 1f 00 83 f9 08 ba 08 00 00 00
0x0000000064acfd68:   0f 4d d1 89 d5 e9 d6 fd ff ff 66 0f 1f 44 00 00
0x0000000064acfd78:   83 fa 08 bb 08 00 00 00 0f 4d da e9 60 fe ff ff
0x0000000064acfd88:   0f 1f 84 00 00 00 00 00 41 54 55 57 56 53 48 83
0x0000000064acfd98:   ec 40 0f 11 74 24 30 48 89 cb 4c 89 c7 41 f7 c1
0x0000000064acfda8:   00 00 00 ff 75 12 0f 10 74 24 30 48 83 c4 40 5b
0x0000000064acfdb8:   5e 5f 5d 41 5c c3 66 90 f3 0f 10 35 60 e3 45 00
0x0000000064acfdc8:   f3 0f 10 52 04 f3 0f 10 0a f3 0f 58 d6 f3 0f 58
0x0000000064acfdd8:   ce 66 0f 7e d6 66 0f 7e c8 48 c1 e6 20 48 09 c6
0x0000000064acfde8:   48 63 41 78 3b 41 7c 0f 84 9b 00 00 00 48 8b ab
0x0000000064acfdf8:   80 00 00 00 48 89 74 c5 00 f3 0f 10 1f 44 8b 43
0x0000000064acfe08:   78 f3 0f 58 de f3 0f 58 77 04 41 8d 50 01 89 53
0x0000000064acfe18:   78 66 48 0f 7e f0 66 0f 7e d9 48 c1 e0 20 48 89
0x0000000064acfe28:   ce 48 09 c6 39 53 7c 0f 84 f3 00 00 00 48 8b ab
0x0000000064acfe38:   80 00 00 00 f3 0f 10 84 24 90 00 00 00 48 63 d2
0x0000000064acfe48:   48 89 d9 48 89 74 d5 00 8b 43 78 c7 44 24 20 00
0x0000000064acfe58:   00 00 00 48 8b 93 80 00 00 00 44 8d 40 01 f3 0f
0x0000000064acfe68:   11 44 24 28 44 89 43 78 e8 4b d1 ff ff 90 0f 10
0x0000000064acfe78:   74 24 30 c7 43 78 00 00 00 00 48 83 c4 40 5b 5e
0x0000000064acfe88:   5f 5d 41 5c c3 0f 1f 00 8d 48 01 85 c0 0f 84 1d
0x0000000064acfe98:   01 00 00 89 c2 c1 ea 1f 01 c2 d1 fa 01 c2 39 ca
0x0000000064acfea8:   0f 4d ca 41 89 cc 39 c8 0f 8d 3f ff ff ff 66 2e
0x0000000064acfeb8:   0f 1f 84 00 00 00 00 00 49 63 cc 44 89 8c 24 88
0x0000000064acfec8:   00 00 00 48 c1 e1 03 e8 7c e9 f7 ff 48 8b 93 80
0x0000000064acfed8:   00 00 00 44 8b 8c 24 88 00 00 00 48 89 c5 48 85 


Stack slot to memory mapping:
stack at sp + 0 slots: 0x00000298f5136410 points into unknown readable memory: 0x0000000000000000 | 00 00 00 00 00 00 00 00
stack at sp + 1 slots: 0x00007ffbf2da8e1a jvm.dll
stack at sp + 2 slots: 0x0 is NULL
stack at sp + 3 slots: 0x0 is NULL
stack at sp + 4 slots: 0x00000298f51390f0 is a thread
stack at sp + 5 slots: 0x0000000064a1909f imgui-java64.dll
stack at sp + 6 slots: 0x0 is NULL
stack at sp + 7 slots: 0x0 is NULL


---------------  P R O C E S S  ---------------

Threads class SMR info:
_java_thread_list=0x00000298a9a8cdb0, length=13, elements={
0x00000298f51390f0, 0x000002989a4993d0, 0x000002989a49a360, 0x000002989a4b2ce0,
0x000002989a4b55b0, 0x000002989a4b6aa0, 0x000002989a4b7360, 0x000002989a4b7f50,
0x000002989b0100a0, 0x000002989b0129b0, 0x000002989b14a400, 0x000002989b1540f0,
0x00000298a39af5b0
}

Java Threads: ( => current thread )
=>0x00000298f51390f0 JavaThread "main" [_thread_in_native, id=15200, stack(0x000000eab4700000,0x000000eab4800000)]
  0x000002989a4993d0 JavaThread "Reference Handler" daemon [_thread_blocked, id=14892, stack(0x000000eab4e00000,0x000000eab4f00000)]
  0x000002989a49a360 JavaThread "Finalizer" daemon [_thread_blocked, id=1044, stack(0x000000eab4f00000,0x000000eab5000000)]
  0x000002989a4b2ce0 JavaThread "Signal Dispatcher" daemon [_thread_blocked, id=14792, stack(0x000000eab5000000,0x000000eab5100000)]
  0x000002989a4b55b0 JavaThread "Attach Listener" daemon [_thread_blocked, id=12988, stack(0x000000eab5100000,0x000000eab5200000)]
  0x000002989a4b6aa0 JavaThread "Service Thread" daemon [_thread_blocked, id=2788, stack(0x000000eab5200000,0x000000eab5300000)]
  0x000002989a4b7360 JavaThread "Monitor Deflation Thread" daemon [_thread_blocked, id=12692, stack(0x000000eab5300000,0x000000eab5400000)]
  0x000002989a4b7f50 JavaThread "C2 CompilerThread0" daemon [_thread_blocked, id=10336, stack(0x000000eab5400000,0x000000eab5500000)]
  0x000002989b0100a0 JavaThread "C1 CompilerThread0" daemon [_thread_blocked, id=16268, stack(0x000000eab5500000,0x000000eab5600000)]
  0x000002989b0129b0 JavaThread "Sweeper thread" daemon [_thread_blocked, id=15580, stack(0x000000eab5600000,0x000000eab5700000)]
  0x000002989b14a400 JavaThread "Notification Thread" daemon [_thread_blocked, id=15012, stack(0x000000eab5700000,0x000000eab5800000)]
  0x000002989b1540f0 JavaThread "Common-Cleaner" daemon [_thread_blocked, id=16216, stack(0x000000eab5900000,0x000000eab5a00000)]
  0x00000298a39af5b0 JavaThread "C2 CompilerThread1" daemon [_thread_blocked, id=8676, stack(0x000000eab6800000,0x000000eab6900000)]

Other Threads:
  0x000002989a490be0 VMThread "VM Thread" [stack: 0x000000eab4d00000,0x000000eab4e00000] [id=9836]
  0x00000298f51e0370 WatcherThread [stack: 0x000000eab5800000,0x000000eab5900000] [id=2928]
  0x00000298f51a8760 GCTaskThread "GC Thread#0" [stack: 0x000000eab4800000,0x000000eab4900000] [id=6692]
  0x00000298a2d8a7c0 GCTaskThread "GC Thread#1" [stack: 0x000000eab5a00000,0x000000eab5b00000] [id=7576]
  0x00000298a2f8ce50 GCTaskThread "GC Thread#2" [stack: 0x000000eab6100000,0x000000eab6200000] [id=13892]
  0x00000298a2f7c210 GCTaskThread "GC Thread#3" [stack: 0x000000eab6200000,0x000000eab6300000] [id=1164]
  0x00000298a2dbfd80 GCTaskThread "GC Thread#4" [stack: 0x000000eab6300000,0x000000eab6400000] [id=16480]
  0x00000298a2dc0030 GCTaskThread "GC Thread#5" [stack: 0x000000eab6400000,0x000000eab6500000] [id=9272]
  0x00000298a33d9880 GCTaskThread "GC Thread#6" [stack: 0x000000eab6500000,0x000000eab6600000] [id=4788]
  0x00000298a2d66b00 GCTaskThread "GC Thread#7" [stack: 0x000000eab6600000,0x000000eab6700000] [id=8716]
  0x00000298a366ae70 GCTaskThread "GC Thread#8" [stack: 0x000000eab6700000,0x000000eab6800000] [id=10492]
  0x00000298f51b92c0 ConcurrentGCThread "G1 Main Marker" [stack: 0x000000eab4900000,0x000000eab4a00000] [id=9828]
  0x00000298f51b9be0 ConcurrentGCThread "G1 Conc#0" [stack: 0x000000eab4a00000,0x000000eab4b00000] [id=12108]
  0x000002989a355500 ConcurrentGCThread "G1 Refine#0" [stack: 0x000000eab4b00000,0x000000eab4c00000] [id=2320]
  0x00000298f520b000 ConcurrentGCThread "G1 Service" [stack: 0x000000eab4c00000,0x000000eab4d00000] [id=2632]

Threads with active compile tasks:

VM state: not at safepoint (normal execution)

VM Mutex/Monitor currently owned by a thread: None

Heap address: 0x0000000702e00000, size: 4050 MB, Compressed Oops mode: Zero based, Oop shift amount: 3

CDS archive(s) mapped at: [0x0000000800000000-0x0000000800bc0000-0x0000000800bc0000), size 12320768, SharedBaseAddress: 0x0000000800000000, ArchiveRelocationMode: 0.
Compressed class space mapped at: 0x0000000800c00000-0x0000000840c00000, reserved size: 1073741824
Narrow klass base: 0x0000000800000000, Narrow klass shift: 0, Narrow klass range: 0x100000000

GC Precious Log:
 CPUs: 12 total, 12 available
 Memory: 16196M
 Large Page Support: Disabled
 NUMA Support: Disabled
 Compressed Oops: Enabled (Zero based)
 Heap Region Size: 2M
 Heap Min Capacity: 8M
 Heap Initial Capacity: 254M
 Heap Max Capacity: 4050M
 Pre-touch: Disabled
 Parallel Workers: 10
 Concurrent Workers: 3
 Concurrent Refinement Workers: 10
 Periodic GC: Disabled

Heap:
 garbage-first heap   total 260096K, used 132953K [0x0000000702e00000, 0x0000000800000000)
  region size 2048K, 59 young (120832K), 9 survivors (18432K)
 Metaspace       used 8648K, committed 8960K, reserved 1064960K
  class space    used 609K, committed 768K, reserved 1048576K

Heap Regions: E=young(eden), S=young(survivor), O=old, HS=humongous(starts), HC=humongous(continues), CS=collection set, F=free, OA=open archive, CA=closed archive, TAMS=top-at-mark-start (previous, next)
|   0|0x0000000702e00000, 0x0000000703000000, 0x0000000703000000|100%| O|  |TAMS 0x0000000702e00000, 0x0000000702e00000| Untracked 
|   1|0x0000000703000000, 0x00000007031d6400, 0x0000000703200000| 91%| O|  |TAMS 0x0000000703000000, 0x0000000703000000| Untracked 
|   2|0x0000000703200000, 0x0000000703400000, 0x0000000703400000|100%|HS|  |TAMS 0x0000000703200000, 0x0000000703200000| Complete 
|   3|0x0000000703400000, 0x0000000703600000, 0x0000000703600000|100%|HS|  |TAMS 0x0000000703400000, 0x0000000703400000| Complete 
|   4|0x0000000703600000, 0x0000000703800000, 0x0000000703800000|100%|HC|  |TAMS 0x0000000703600000, 0x0000000703600000| Complete 
|   5|0x0000000703800000, 0x0000000703a00000, 0x0000000703a00000|100%|HS|  |TAMS 0x0000000703800000, 0x0000000703800000| Complete 
|   6|0x0000000703a00000, 0x0000000703c00000, 0x0000000703c00000|100%|HS|  |TAMS 0x0000000703a00000, 0x0000000703a00000| Complete 
|   7|0x0000000703c00000, 0x0000000703e00000, 0x0000000703e00000|100%|HC|  |TAMS 0x0000000703c00000, 0x0000000703c00000| Complete 
|   8|0x0000000703e00000, 0x0000000703e00000, 0x0000000704000000|  0%| F|  |TAMS 0x0000000703e00000, 0x0000000703e00000| Untracked 
|   9|0x0000000704000000, 0x0000000704000000, 0x0000000704200000|  0%| F|  |TAMS 0x0000000704000000, 0x0000000704000000| Untracked 
|  10|0x0000000704200000, 0x0000000704200000, 0x0000000704400000|  0%| F|  |TAMS 0x0000000704200000, 0x0000000704200000| Untracked 
|  11|0x0000000704400000, 0x0000000704400000, 0x0000000704600000|  0%| F|  |TAMS 0x0000000704400000, 0x0000000704400000| Untracked 
|  12|0x0000000704600000, 0x0000000704600000, 0x0000000704800000|  0%| F|  |TAMS 0x0000000704600000, 0x0000000704600000| Untracked 
|  13|0x0000000704800000, 0x0000000704800000, 0x0000000704a00000|  0%| F|  |TAMS 0x0000000704800000, 0x0000000704800000| Untracked 
|  14|0x0000000704a00000, 0x0000000704a00000, 0x0000000704c00000|  0%| F|  |TAMS 0x0000000704a00000, 0x0000000704a00000| Untracked 
|  15|0x0000000704c00000, 0x0000000704c00000, 0x0000000704e00000|  0%| F|  |TAMS 0x0000000704c00000, 0x0000000704c00000| Untracked 
|  16|0x0000000704e00000, 0x0000000704e00000, 0x0000000705000000|  0%| F|  |TAMS 0x0000000704e00000, 0x0000000704e00000| Untracked 
|  17|0x0000000705000000, 0x0000000705000000, 0x0000000705200000|  0%| F|  |TAMS 0x0000000705000000, 0x0000000705000000| Untracked 
|  18|0x0000000705200000, 0x0000000705200000, 0x0000000705400000|  0%| F|  |TAMS 0x0000000705200000, 0x0000000705200000| Untracked 
|  19|0x0000000705400000, 0x0000000705400000, 0x0000000705600000|  0%| F|  |TAMS 0x0000000705400000, 0x0000000705400000| Untracked 
|  20|0x0000000705600000, 0x0000000705600000, 0x0000000705800000|  0%| F|  |TAMS 0x0000000705600000, 0x0000000705600000| Untracked 
|  21|0x0000000705800000, 0x0000000705800000, 0x0000000705a00000|  0%| F|  |TAMS 0x0000000705800000, 0x0000000705800000| Untracked 
|  22|0x0000000705a00000, 0x0000000705a00000, 0x0000000705c00000|  0%| F|  |TAMS 0x0000000705a00000, 0x0000000705a00000| Untracked 
|  23|0x0000000705c00000, 0x0000000705c00000, 0x0000000705e00000|  0%| F|  |TAMS 0x0000000705c00000, 0x0000000705c00000| Untracked 
|  24|0x0000000705e00000, 0x0000000705e00000, 0x0000000706000000|  0%| F|  |TAMS 0x0000000705e00000, 0x0000000705e00000| Untracked 
|  25|0x0000000706000000, 0x0000000706000000, 0x0000000706200000|  0%| F|  |TAMS 0x0000000706000000, 0x0000000706000000| Untracked 
|  26|0x0000000706200000, 0x0000000706200000, 0x0000000706400000|  0%| F|  |TAMS 0x0000000706200000, 0x0000000706200000| Untracked 
|  27|0x0000000706400000, 0x0000000706400000, 0x0000000706600000|  0%| F|  |TAMS 0x0000000706400000, 0x0000000706400000| Untracked 
|  28|0x0000000706600000, 0x0000000706600000, 0x0000000706800000|  0%| F|  |TAMS 0x0000000706600000, 0x0000000706600000| Untracked 
|  29|0x0000000706800000, 0x0000000706800000, 0x0000000706a00000|  0%| F|  |TAMS 0x0000000706800000, 0x0000000706800000| Untracked 
|  30|0x0000000706a00000, 0x0000000706a00000, 0x0000000706c00000|  0%| F|  |TAMS 0x0000000706a00000, 0x0000000706a00000| Untracked 
|  31|0x0000000706c00000, 0x0000000706c00000, 0x0000000706e00000|  0%| F|  |TAMS 0x0000000706c00000, 0x0000000706c00000| Untracked 
|  32|0x0000000706e00000, 0x0000000706e00000, 0x0000000707000000|  0%| F|  |TAMS 0x0000000706e00000, 0x0000000706e00000| Untracked 
|  33|0x0000000707000000, 0x0000000707000000, 0x0000000707200000|  0%| F|  |TAMS 0x0000000707000000, 0x0000000707000000| Untracked 
|  34|0x0000000707200000, 0x0000000707200000, 0x0000000707400000|  0%| F|  |TAMS 0x0000000707200000, 0x0000000707200000| Untracked 
|  35|0x0000000707400000, 0x0000000707400000, 0x0000000707600000|  0%| F|  |TAMS 0x0000000707400000, 0x0000000707400000| Untracked 
|  36|0x0000000707600000, 0x0000000707600000, 0x0000000707800000|  0%| F|  |TAMS 0x0000000707600000, 0x0000000707600000| Untracked 
|  37|0x0000000707800000, 0x0000000707800000, 0x0000000707a00000|  0%| F|  |TAMS 0x0000000707800000, 0x0000000707800000| Untracked 
|  38|0x0000000707a00000, 0x0000000707a00000, 0x0000000707c00000|  0%| F|  |TAMS 0x0000000707a00000, 0x0000000707a00000| Untracked 
|  39|0x0000000707c00000, 0x0000000707c00000, 0x0000000707e00000|  0%| F|  |TAMS 0x0000000707c00000, 0x0000000707c00000| Untracked 
|  40|0x0000000707e00000, 0x0000000707e00000, 0x0000000708000000|  0%| F|  |TAMS 0x0000000707e00000, 0x0000000707e00000| Untracked 
|  41|0x0000000708000000, 0x0000000708000000, 0x0000000708200000|  0%| F|  |TAMS 0x0000000708000000, 0x0000000708000000| Untracked 
|  42|0x0000000708200000, 0x0000000708200000, 0x0000000708400000|  0%| F|  |TAMS 0x0000000708200000, 0x0000000708200000| Untracked 
|  43|0x0000000708400000, 0x0000000708400000, 0x0000000708600000|  0%| F|  |TAMS 0x0000000708400000, 0x0000000708400000| Untracked 
|  44|0x0000000708600000, 0x0000000708600000, 0x0000000708800000|  0%| F|  |TAMS 0x0000000708600000, 0x0000000708600000| Untracked 
|  45|0x0000000708800000, 0x0000000708800000, 0x0000000708a00000|  0%| F|  |TAMS 0x0000000708800000, 0x0000000708800000| Untracked 
|  46|0x0000000708a00000, 0x0000000708a00000, 0x0000000708c00000|  0%| F|  |TAMS 0x0000000708a00000, 0x0000000708a00000| Untracked 
|  47|0x0000000708c00000, 0x0000000708c00000, 0x0000000708e00000|  0%| F|  |TAMS 0x0000000708c00000, 0x0000000708c00000| Untracked 
|  48|0x0000000708e00000, 0x0000000708e00000, 0x0000000709000000|  0%| F|  |TAMS 0x0000000708e00000, 0x0000000708e00000| Untracked 
|  49|0x0000000709000000, 0x0000000709000000, 0x0000000709200000|  0%| F|  |TAMS 0x0000000709000000, 0x0000000709000000| Untracked 
|  50|0x0000000709200000, 0x0000000709200000, 0x0000000709400000|  0%| F|  |TAMS 0x0000000709200000, 0x0000000709200000| Untracked 
|  51|0x0000000709400000, 0x0000000709400000, 0x0000000709600000|  0%| F|  |TAMS 0x0000000709400000, 0x0000000709400000| Untracked 
|  52|0x0000000709600000, 0x0000000709600000, 0x0000000709800000|  0%| F|  |TAMS 0x0000000709600000, 0x0000000709600000| Untracked 
|  53|0x0000000709800000, 0x0000000709a00000, 0x0000000709a00000|100%| S|CS|TAMS 0x0000000709800000, 0x0000000709800000| Complete 
|  54|0x0000000709a00000, 0x0000000709c00000, 0x0000000709c00000|100%| S|CS|TAMS 0x0000000709a00000, 0x0000000709a00000| Complete 
|  55|0x0000000709c00000, 0x0000000709e00000, 0x0000000709e00000|100%| S|CS|TAMS 0x0000000709c00000, 0x0000000709c00000| Complete 
|  56|0x0000000709e00000, 0x000000070a000000, 0x000000070a000000|100%| S|CS|TAMS 0x0000000709e00000, 0x0000000709e00000| Complete 
|  57|0x000000070a000000, 0x000000070a200000, 0x000000070a200000|100%| S|CS|TAMS 0x000000070a000000, 0x000000070a000000| Complete 
|  58|0x000000070a200000, 0x000000070a400000, 0x000000070a400000|100%| S|CS|TAMS 0x000000070a200000, 0x000000070a200000| Complete 
|  59|0x000000070a400000, 0x000000070a600000, 0x000000070a600000|100%| S|CS|TAMS 0x000000070a400000, 0x000000070a400000| Complete 
|  60|0x000000070a600000, 0x000000070a800000, 0x000000070a800000|100%| S|CS|TAMS 0x000000070a600000, 0x000000070a600000| Complete 
|  61|0x000000070a800000, 0x000000070aa00000, 0x000000070aa00000|100%| S|CS|TAMS 0x000000070a800000, 0x000000070a800000| Complete 
|  62|0x000000070aa00000, 0x000000070aa00000, 0x000000070ac00000|  0%| F|  |TAMS 0x000000070aa00000, 0x000000070aa00000| Untracked 
|  63|0x000000070ac00000, 0x000000070ac00000, 0x000000070ae00000|  0%| F|  |TAMS 0x000000070ac00000, 0x000000070ac00000| Untracked 
|  64|0x000000070ae00000, 0x000000070ae00000, 0x000000070b000000|  0%| F|  |TAMS 0x000000070ae00000, 0x000000070ae00000| Untracked 
|  65|0x000000070b000000, 0x000000070b000000, 0x000000070b200000|  0%| F|  |TAMS 0x000000070b000000, 0x000000070b000000| Untracked 
|  66|0x000000070b200000, 0x000000070b200000, 0x000000070b400000|  0%| F|  |TAMS 0x000000070b200000, 0x000000070b200000| Untracked 
|  67|0x000000070b400000, 0x000000070b400000, 0x000000070b600000|  0%| F|  |TAMS 0x000000070b400000, 0x000000070b400000| Untracked 
|  68|0x000000070b600000, 0x000000070b600000, 0x000000070b800000|  0%| F|  |TAMS 0x000000070b600000, 0x000000070b600000| Untracked 
|  69|0x000000070b800000, 0x000000070b800000, 0x000000070ba00000|  0%| F|  |TAMS 0x000000070b800000, 0x000000070b800000| Untracked 
|  70|0x000000070ba00000, 0x000000070ba00000, 0x000000070bc00000|  0%| F|  |TAMS 0x000000070ba00000, 0x000000070ba00000| Untracked 
|  71|0x000000070bc00000, 0x000000070bc00000, 0x000000070be00000|  0%| F|  |TAMS 0x000000070bc00000, 0x000000070bc00000| Untracked 
|  72|0x000000070be00000, 0x000000070be00000, 0x000000070c000000|  0%| F|  |TAMS 0x000000070be00000, 0x000000070be00000| Untracked 
|  73|0x000000070c000000, 0x000000070c000000, 0x000000070c200000|  0%| F|  |TAMS 0x000000070c000000, 0x000000070c000000| Untracked 
|  74|0x000000070c200000, 0x000000070c200000, 0x000000070c400000|  0%| F|  |TAMS 0x000000070c200000, 0x000000070c200000| Untracked 
|  75|0x000000070c400000, 0x000000070c400000, 0x000000070c600000|  0%| F|  |TAMS 0x000000070c400000, 0x000000070c400000| Untracked 
|  76|0x000000070c600000, 0x000000070c600000, 0x000000070c800000|  0%| F|  |TAMS 0x000000070c600000, 0x000000070c600000| Untracked 
|  77|0x000000070c800000, 0x000000070ca00000, 0x000000070ca00000|100%| E|  |TAMS 0x000000070c800000, 0x000000070c800000| Complete 
|  78|0x000000070ca00000, 0x000000070cc00000, 0x000000070cc00000|100%| E|CS|TAMS 0x000000070ca00000, 0x000000070ca00000| Complete 
|  79|0x000000070cc00000, 0x000000070ce00000, 0x000000070ce00000|100%| E|CS|TAMS 0x000000070cc00000, 0x000000070cc00000| Complete 
|  80|0x000000070ce00000, 0x000000070d000000, 0x000000070d000000|100%| E|CS|TAMS 0x000000070ce00000, 0x000000070ce00000| Complete 
|  81|0x000000070d000000, 0x000000070d200000, 0x000000070d200000|100%| E|CS|TAMS 0x000000070d000000, 0x000000070d000000| Complete 
|  82|0x000000070d200000, 0x000000070d400000, 0x000000070d400000|100%| E|CS|TAMS 0x000000070d200000, 0x000000070d200000| Complete 
|  83|0x000000070d400000, 0x000000070d600000, 0x000000070d600000|100%| E|CS|TAMS 0x000000070d400000, 0x000000070d400000| Complete 
|  84|0x000000070d600000, 0x000000070d800000, 0x000000070d800000|100%| E|CS|TAMS 0x000000070d600000, 0x000000070d600000| Complete 
|  85|0x000000070d800000, 0x000000070da00000, 0x000000070da00000|100%| E|CS|TAMS 0x000000070d800000, 0x000000070d800000| Complete 
|  86|0x000000070da00000, 0x000000070dc00000, 0x000000070dc00000|100%| E|CS|TAMS 0x000000070da00000, 0x000000070da00000| Complete 
|  87|0x000000070dc00000, 0x000000070de00000, 0x000000070de00000|100%| E|CS|TAMS 0x000000070dc00000, 0x000000070dc00000| Complete 
|  88|0x000000070de00000, 0x000000070e000000, 0x000000070e000000|100%| E|CS|TAMS 0x000000070de00000, 0x000000070de00000| Complete 
|  89|0x000000070e000000, 0x000000070e200000, 0x000000070e200000|100%| E|CS|TAMS 0x000000070e000000, 0x000000070e000000| Complete 
|  90|0x000000070e200000, 0x000000070e400000, 0x000000070e400000|100%| E|CS|TAMS 0x000000070e200000, 0x000000070e200000| Complete 
|  91|0x000000070e400000, 0x000000070e600000, 0x000000070e600000|100%| E|  |TAMS 0x000000070e400000, 0x000000070e400000| Complete 
|  92|0x000000070e600000, 0x000000070e800000, 0x000000070e800000|100%| E|CS|TAMS 0x000000070e600000, 0x000000070e600000| Complete 
|  93|0x000000070e800000, 0x000000070ea00000, 0x000000070ea00000|100%| E|CS|TAMS 0x000000070e800000, 0x000000070e800000| Complete 
|  94|0x000000070ea00000, 0x000000070ec00000, 0x000000070ec00000|100%| E|CS|TAMS 0x000000070ea00000, 0x000000070ea00000| Complete 
|  95|0x000000070ec00000, 0x000000070ee00000, 0x000000070ee00000|100%| E|CS|TAMS 0x000000070ec00000, 0x000000070ec00000| Complete 
|  96|0x000000070ee00000, 0x000000070f000000, 0x000000070f000000|100%| E|CS|TAMS 0x000000070ee00000, 0x000000070ee00000| Complete 
|  97|0x000000070f000000, 0x000000070f200000, 0x000000070f200000|100%| E|CS|TAMS 0x000000070f000000, 0x000000070f000000| Complete 
|  98|0x000000070f200000, 0x000000070f400000, 0x000000070f400000|100%| E|CS|TAMS 0x000000070f200000, 0x000000070f200000| Complete 
|  99|0x000000070f400000, 0x000000070f600000, 0x000000070f600000|100%| E|CS|TAMS 0x000000070f400000, 0x000000070f400000| Complete 
| 100|0x000000070f600000, 0x000000070f800000, 0x000000070f800000|100%| E|CS|TAMS 0x000000070f600000, 0x000000070f600000| Complete 
| 101|0x000000070f800000, 0x000000070fa00000, 0x000000070fa00000|100%| E|CS|TAMS 0x000000070f800000, 0x000000070f800000| Complete 
| 102|0x000000070fa00000, 0x000000070fc00000, 0x000000070fc00000|100%| E|CS|TAMS 0x000000070fa00000, 0x000000070fa00000| Complete 
| 103|0x000000070fc00000, 0x000000070fe00000, 0x000000070fe00000|100%| E|CS|TAMS 0x000000070fc00000, 0x000000070fc00000| Complete 
| 104|0x000000070fe00000, 0x0000000710000000, 0x0000000710000000|100%| E|CS|TAMS 0x000000070fe00000, 0x000000070fe00000| Complete 
| 105|0x0000000710000000, 0x0000000710200000, 0x0000000710200000|100%| E|CS|TAMS 0x0000000710000000, 0x0000000710000000| Complete 
| 106|0x0000000710200000, 0x0000000710400000, 0x0000000710400000|100%| E|CS|TAMS 0x0000000710200000, 0x0000000710200000| Complete 
| 107|0x0000000710400000, 0x0000000710600000, 0x0000000710600000|100%| E|CS|TAMS 0x0000000710400000, 0x0000000710400000| Complete 
| 108|0x0000000710600000, 0x0000000710800000, 0x0000000710800000|100%| E|CS|TAMS 0x0000000710600000, 0x0000000710600000| Complete 
| 109|0x0000000710800000, 0x0000000710a00000, 0x0000000710a00000|100%| E|CS|TAMS 0x0000000710800000, 0x0000000710800000| Complete 
| 110|0x0000000710a00000, 0x0000000710c00000, 0x0000000710c00000|100%| E|CS|TAMS 0x0000000710a00000, 0x0000000710a00000| Complete 
| 111|0x0000000710c00000, 0x0000000710e00000, 0x0000000710e00000|100%| E|CS|TAMS 0x0000000710c00000, 0x0000000710c00000| Complete 
| 112|0x0000000710e00000, 0x0000000711000000, 0x0000000711000000|100%| E|CS|TAMS 0x0000000710e00000, 0x0000000710e00000| Complete 
| 113|0x0000000711000000, 0x0000000711200000, 0x0000000711200000|100%| E|CS|TAMS 0x0000000711000000, 0x0000000711000000| Complete 
| 114|0x0000000711200000, 0x0000000711400000, 0x0000000711400000|100%| E|CS|TAMS 0x0000000711200000, 0x0000000711200000| Complete 
| 115|0x0000000711400000, 0x0000000711600000, 0x0000000711600000|100%| E|CS|TAMS 0x0000000711400000, 0x0000000711400000| Complete 
| 116|0x0000000711600000, 0x0000000711800000, 0x0000000711800000|100%| E|CS|TAMS 0x0000000711600000, 0x0000000711600000| Complete 
| 117|0x0000000711800000, 0x0000000711a00000, 0x0000000711a00000|100%| E|CS|TAMS 0x0000000711800000, 0x0000000711800000| Complete 
| 118|0x0000000711a00000, 0x0000000711c00000, 0x0000000711c00000|100%| E|CS|TAMS 0x0000000711a00000, 0x0000000711a00000| Complete 
| 119|0x0000000711c00000, 0x0000000711e00000, 0x0000000711e00000|100%| E|CS|TAMS 0x0000000711c00000, 0x0000000711c00000| Complete 
| 120|0x0000000711e00000, 0x0000000712000000, 0x0000000712000000|100%| E|CS|TAMS 0x0000000711e00000, 0x0000000711e00000| Complete 
| 121|0x0000000712000000, 0x0000000712200000, 0x0000000712200000|100%| E|CS|TAMS 0x0000000712000000, 0x0000000712000000| Complete 
| 122|0x0000000712200000, 0x0000000712400000, 0x0000000712400000|100%| E|CS|TAMS 0x0000000712200000, 0x0000000712200000| Complete 
| 123|0x0000000712400000, 0x0000000712600000, 0x0000000712600000|100%| E|CS|TAMS 0x0000000712400000, 0x0000000712400000| Complete 
| 124|0x0000000712600000, 0x0000000712800000, 0x0000000712800000|100%| E|CS|TAMS 0x0000000712600000, 0x0000000712600000| Complete 
| 125|0x0000000712800000, 0x0000000712a00000, 0x0000000712a00000|100%| E|CS|TAMS 0x0000000712800000, 0x0000000712800000| Complete 
| 126|0x0000000712a00000, 0x0000000712c00000, 0x0000000712c00000|100%| E|CS|TAMS 0x0000000712a00000, 0x0000000712a00000| Complete 

Card table byte_map: [0x000002988f000000,0x000002988f7f0000] _byte_map_base: 0x000002988b7e9000

Marking Bits (Prev, Next): (CMBitMap*) 0x00000298f51a8c80, (CMBitMap*) 0x00000298f51a8cc0
 Prev Bits: [0x000002988ffe0000, 0x0000029893f28000)
 Next Bits: [0x0000029893f30000, 0x0000029897e78000)

Polling page: 0x00000298f4f70000

Metaspace:

Usage:
  Non-class:      7.85 MB used.
      Class:    609.77 KB used.
       Both:      8.45 MB used.

Virtual space:
  Non-class space:       16.00 MB reserved,       8.00 MB ( 50%) committed,  2 nodes.
      Class space:        1.00 GB reserved,     768.00 KB ( <1%) committed,  1 nodes.
             Both:        1.02 GB reserved,       8.75 MB ( <1%) committed. 

Chunk freelists:
   Non-Class:  2.47 MB
       Class:  3.29 MB
        Both:  5.76 MB

MaxMetaspaceSize: unlimited
CompressedClassSpaceSize: 1.00 GB
Initial GC threshold: 21.00 MB
Current GC threshold: 21.00 MB
CDS: on
MetaspaceReclaimPolicy: balanced
 - commit_granule_bytes: 65536.
 - commit_granule_words: 8192.
 - virtual_space_node_default_size: 1048576.
 - enlarge_chunks_in_place: 1.
 - new_chunks_are_fully_committed: 0.
 - uncommit_free_chunks: 1.
 - use_allocation_guard: 0.
 - handle_deallocations: 1.


Internal statistics:

num_allocs_failed_limit: 0.
num_arena_births: 192.
num_arena_deaths: 0.
num_vsnodes_births: 3.
num_vsnodes_deaths: 0.
num_space_committed: 138.
num_space_uncommitted: 0.
num_chunks_returned_to_freelist: 0.
num_chunks_taken_from_freelist: 448.
num_chunk_merges: 0.
num_chunk_splits: 312.
num_chunks_enlarged: 232.
num_purges: 0.
num_inconsistent_stats: 0.

CodeHeap 'non-profiled nmethods': size=120000Kb used=838Kb max_used=838Kb free=119161Kb
 bounds [0x0000029887ad0000, 0x0000029887d40000, 0x000002988f000000]
CodeHeap 'profiled nmethods': size=120000Kb used=2861Kb max_used=2861Kb free=117138Kb
 bounds [0x00000298805a0000, 0x0000029880870000, 0x0000029887ad0000]
CodeHeap 'non-nmethods': size=5760Kb used=1751Kb max_used=1786Kb free=4008Kb
 bounds [0x0000029880000000, 0x0000029880270000, 0x00000298805a0000]
 total_blobs=2751 nmethods=1523 adapters=1141
 compilation: enabled
              stopped_count=0, restarted_count=0
 full_count=0

Compilation events (20 events):
Event: 2.234 Thread 0x000002989b0100a0 1515       3       java.nio.charset.CharsetDecoder::<init> (100 bytes)
Event: 2.235 Thread 0x000002989b0100a0 nmethod 1515 0x0000029880868690 code [0x00000298808688a0, 0x0000029880868f78]
Event: 2.235 Thread 0x00000298a39af5b0 nmethod 1513 0x0000029887b9dd90 code [0x0000029887b9df20, 0x0000029887b9e5d8]
Event: 2.235 Thread 0x00000298a39af5b0 1516       4       java.lang.AbstractStringBuilder::<init> (39 bytes)
Event: 2.236 Thread 0x00000298a39af5b0 nmethod 1516 0x0000029887b9e790 code [0x0000029887b9e920, 0x0000029887b9eb98]
Event: 2.237 Thread 0x000002989a4b7f50 nmethod 1465 0x0000029887b9ec90 code [0x0000029887b9ef20, 0x0000029887ba0870]
Event: 2.237 Thread 0x000002989b0100a0 1517       3       java.lang.StringUTF16::checkBoundsOffCount (10 bytes)
Event: 2.237 Thread 0x000002989b0100a0 nmethod 1517 0x0000029880869110 code [0x00000298808692c0, 0x0000029880869448]
Event: 2.237 Thread 0x000002989b0100a0 1518       3       sun.nio.cs.MS1251::newDecoder (14 bytes)
Event: 2.238 Thread 0x000002989b0100a0 nmethod 1518 0x0000029880869590 code [0x0000029880869760, 0x0000029880869a08]
Event: 2.238 Thread 0x000002989b0100a0 1519       3       sun.nio.cs.SingleByte$Decoder::<init> (30 bytes)
Event: 2.238 Thread 0x000002989b0100a0 nmethod 1519 0x0000029880869b10 code [0x0000029880869ce0, 0x0000029880869ec8]
Event: 2.238 Thread 0x000002989b0100a0 1520       3       sun.nio.cs.SingleByte$Decoder::implReplaceWith (10 bytes)
Event: 2.238 Thread 0x000002989b0100a0 nmethod 1520 0x0000029880869f90 code [0x000002988086a180, 0x000002988086a758]
Event: 2.238 Thread 0x000002989b0100a0 1521       1       jdk.internal.math.FloatingDecimal$BinaryToASCIIBuffer::setSign (6 bytes)
Event: 2.238 Thread 0x000002989b0100a0 nmethod 1521 0x0000029887ba1590 code [0x0000029887ba1720, 0x0000029887ba17f8]
Event: 2.238 Thread 0x000002989b0100a0 1522       3       java.lang.StringUTF16::compress (59 bytes)
Event: 2.238 Thread 0x000002989b0100a0 nmethod 1522 0x000002988086aa10 code [0x000002988086abe0, 0x000002988086af28]
Event: 2.238 Thread 0x000002989b0100a0 1523       3       java.util.HashMap$KeyIterator::next (8 bytes)
Event: 2.239 Thread 0x000002989b0100a0 nmethod 1523 0x000002988086b110 code [0x000002988086b2c0, 0x000002988086b408]

GC Heap History (6 events):
Event: 1.099 GC heap before
{Heap before GC invocations=0 (full 0):
 garbage-first heap   total 260096K, used 20480K [0x0000000702e00000, 0x0000000800000000)
  region size 2048K, 11 young (22528K), 0 survivors (0K)
 Metaspace       used 6813K, committed 7040K, reserved 1056768K
  class space    used 500K, committed 576K, reserved 1048576K
}
Event: 1.101 GC heap after
{Heap after GC invocations=1 (full 0):
 garbage-first heap   total 260096K, used 3639K [0x0000000702e00000, 0x0000000800000000)
  region size 2048K, 2 young (4096K), 2 survivors (4096K)
 Metaspace       used 6813K, committed 7040K, reserved 1056768K
  class space    used 500K, committed 576K, reserved 1048576K
}
Event: 1.138 GC heap before
{Heap before GC invocations=1 (full 0):
 garbage-first heap   total 260096K, used 32311K [0x0000000702e00000, 0x0000000800000000)
  region size 2048K, 16 young (32768K), 2 survivors (4096K)
 Metaspace       used 6838K, committed 7040K, reserved 1056768K
  class space    used 500K, committed 576K, reserved 1048576K
}
Event: 1.141 GC heap after
{Heap after GC invocations=2 (full 0):
 garbage-first heap   total 260096K, used 6352K [0x0000000702e00000, 0x0000000800000000)
  region size 2048K, 2 young (4096K), 2 survivors (4096K)
 Metaspace       used 6838K, committed 7040K, reserved 1056768K
  class space    used 500K, committed 576K, reserved 1048576K
}
Event: 1.364 GC heap before
{Heap before GC invocations=2 (full 0):
 garbage-first heap   total 260096K, used 135376K [0x0000000702e00000, 0x0000000800000000)
  region size 2048K, 65 young (133120K), 2 survivors (4096K)
 Metaspace       used 6865K, committed 7040K, reserved 1056768K
  class space    used 500K, committed 576K, reserved 1048576K
}
Event: 1.377 GC heap after
{Heap after GC invocations=3 (full 0):
 garbage-first heap   total 260096K, used 22361K [0x0000000702e00000, 0x0000000800000000)
  region size 2048K, 9 young (18432K), 9 survivors (18432K)
 Metaspace       used 6865K, committed 7040K, reserved 1056768K
  class space    used 500K, committed 576K, reserved 1048576K
}

Deoptimization events (20 events):
Event: 1.973 Thread 0x00000298f51390f0 DEOPT PACKING pc=0x0000029887b8d9c8 sp=0x000000eab47fe6d0
Event: 1.973 Thread 0x00000298f51390f0 DEOPT UNPACKING pc=0x00000298800523a3 sp=0x000000eab47fe658 mode 2
Event: 1.973 Thread 0x00000298f51390f0 Uncommon trap: trap_request=0xffffffde fr.pc=0x0000029887b8d9c8 relative=0x0000000000000128
Event: 1.973 Thread 0x00000298f51390f0 Uncommon trap: reason=class_check action=maybe_recompile pc=0x0000029887b8d9c8 method=jdk.internal.misc.Unsafe.allocateUninitializedArray(Ljava/lang/Class;I)Ljava/lang/Object; @ 51 c2
Event: 1.973 Thread 0x00000298f51390f0 DEOPT PACKING pc=0x0000029887b8d9c8 sp=0x000000eab47fe4e0
Event: 1.973 Thread 0x00000298f51390f0 DEOPT UNPACKING pc=0x00000298800523a3 sp=0x000000eab47fe468 mode 2
Event: 1.973 Thread 0x00000298f51390f0 Uncommon trap: trap_request=0xffffffde fr.pc=0x0000029887b8d9c8 relative=0x0000000000000128
Event: 1.973 Thread 0x00000298f51390f0 Uncommon trap: reason=class_check action=maybe_recompile pc=0x0000029887b8d9c8 method=jdk.internal.misc.Unsafe.allocateUninitializedArray(Ljava/lang/Class;I)Ljava/lang/Object; @ 51 c2
Event: 1.973 Thread 0x00000298f51390f0 DEOPT PACKING pc=0x0000029887b8d9c8 sp=0x000000eab47fe630
Event: 1.973 Thread 0x00000298f51390f0 DEOPT UNPACKING pc=0x00000298800523a3 sp=0x000000eab47fe5b8 mode 2
Event: 2.003 Thread 0x00000298f51390f0 DEOPT PACKING pc=0x0000029880842356 sp=0x000000eab47fe9f0
Event: 2.003 Thread 0x00000298f51390f0 DEOPT UNPACKING pc=0x0000029880052b43 sp=0x000000eab47fde78 mode 0
Event: 2.057 Thread 0x00000298f51390f0 DEOPT PACKING pc=0x0000029880842356 sp=0x000000eab47fdef0
Event: 2.057 Thread 0x00000298f51390f0 DEOPT UNPACKING pc=0x0000029880052b43 sp=0x000000eab47fd378 mode 0
Event: 2.120 Thread 0x00000298f51390f0 DEOPT PACKING pc=0x0000029880842356 sp=0x000000eab47fde00
Event: 2.120 Thread 0x00000298f51390f0 DEOPT UNPACKING pc=0x0000029880052b43 sp=0x000000eab47fd288 mode 0
Event: 2.164 Thread 0x00000298f51390f0 DEOPT PACKING pc=0x0000029880842356 sp=0x000000eab47fde00
Event: 2.164 Thread 0x00000298f51390f0 DEOPT UNPACKING pc=0x0000029880052b43 sp=0x000000eab47fd288 mode 0
Event: 2.225 Thread 0x00000298f51390f0 DEOPT PACKING pc=0x0000029880842356 sp=0x000000eab47fe960
Event: 2.225 Thread 0x00000298f51390f0 DEOPT UNPACKING pc=0x0000029880052b43 sp=0x000000eab47fdde8 mode 0

Classes unloaded (0 events):
No events

Classes redefined (0 events):
No events

Internal exceptions (20 events):
Event: 2.233 Thread 0x00000298f51390f0 Exception <a 'java/io/FileNotFoundException'{0x000000070c8948e0}> (0x000000070c8948e0) 
thrown [s\src\hotspot\share\prims\jni.cpp, line 516]
Event: 2.233 Thread 0x00000298f51390f0 Exception <a 'java/io/FileNotFoundException'{0x000000070c89f850}> (0x000000070c89f850) 
thrown [s\src\hotspot\share\prims\jni.cpp, line 516]
Event: 2.234 Thread 0x00000298f51390f0 Exception <a 'java/io/FileNotFoundException'{0x000000070c8ab190}> (0x000000070c8ab190) 
thrown [s\src\hotspot\share\prims\jni.cpp, line 516]
Event: 2.234 Thread 0x00000298f51390f0 Exception <a 'java/io/FileNotFoundException'{0x000000070c8b6250}> (0x000000070c8b6250) 
thrown [s\src\hotspot\share\prims\jni.cpp, line 516]
Event: 2.234 Thread 0x00000298f51390f0 Exception <a 'java/io/FileNotFoundException'{0x000000070c8c11b0}> (0x000000070c8c11b0) 
thrown [s\src\hotspot\share\prims\jni.cpp, line 516]
Event: 2.234 Thread 0x00000298f51390f0 Exception <a 'java/io/FileNotFoundException'{0x000000070c8cc120}> (0x000000070c8cc120) 
thrown [s\src\hotspot\share\prims\jni.cpp, line 516]
Event: 2.235 Thread 0x00000298f51390f0 Exception <a 'java/io/FileNotFoundException'{0x000000070c8d7a68}> (0x000000070c8d7a68) 
thrown [s\src\hotspot\share\prims\jni.cpp, line 516]
Event: 2.235 Thread 0x00000298f51390f0 Exception <a 'java/io/FileNotFoundException'{0x000000070c8e2b38}> (0x000000070c8e2b38) 
thrown [s\src\hotspot\share\prims\jni.cpp, line 516]
Event: 2.236 Thread 0x00000298f51390f0 Exception <a 'java/io/FileNotFoundException'{0x000000070c8eda98}> (0x000000070c8eda98) 
thrown [s\src\hotspot\share\prims\jni.cpp, line 516]
Event: 2.236 Thread 0x00000298f51390f0 Exception <a 'java/io/FileNotFoundException'{0x000000070c8f8a08}> (0x000000070c8f8a08) 
thrown [s\src\hotspot\share\prims\jni.cpp, line 516]
Event: 2.236 Thread 0x00000298f51390f0 Exception <a 'java/io/FileNotFoundException'{0x000000070c9045c8}> (0x000000070c9045c8) 
thrown [s\src\hotspot\share\prims\jni.cpp, line 516]
Event: 2.236 Thread 0x00000298f51390f0 Exception <a 'java/io/FileNotFoundException'{0x000000070c90f690}> (0x000000070c90f690) 
thrown [s\src\hotspot\share\prims\jni.cpp, line 516]
Event: 2.236 Thread 0x00000298f51390f0 Exception <a 'java/io/FileNotFoundException'{0x000000070c91a5f0}> (0x000000070c91a5f0) 
thrown [s\src\hotspot\share\prims\jni.cpp, line 516]
Event: 2.237 Thread 0x00000298f51390f0 Exception <a 'java/io/FileNotFoundException'{0x000000070c925560}> (0x000000070c925560) 
thrown [s\src\hotspot\share\prims\jni.cpp, line 516]
Event: 2.237 Thread 0x00000298f51390f0 Exception <a 'java/io/FileNotFoundException'{0x000000070c942098}> (0x000000070c942098) 
thrown [s\src\hotspot\share\prims\jni.cpp, line 516]
Event: 2.237 Thread 0x00000298f51390f0 Exception <a 'java/io/FileNotFoundException'{0x000000070c94cff8}> (0x000000070c94cff8) 
thrown [s\src\hotspot\share\prims\jni.cpp, line 516]
Event: 2.237 Thread 0x00000298f51390f0 Exception <a 'java/io/FileNotFoundException'{0x000000070c957f68}> (0x000000070c957f68) 
thrown [s\src\hotspot\share\prims\jni.cpp, line 516]
Event: 2.238 Thread 0x00000298f51390f0 Exception <a 'java/io/FileNotFoundException'{0x000000070c974c28}> (0x000000070c974c28) 
thrown [s\src\hotspot\share\prims\jni.cpp, line 516]
Event: 2.238 Thread 0x00000298f51390f0 Exception <a 'java/io/FileNotFoundException'{0x000000070c97fb88}> (0x000000070c97fb88) 
thrown [s\src\hotspot\share\prims\jni.cpp, line 516]
Event: 2.238 Thread 0x00000298f51390f0 Exception <a 'java/io/FileNotFoundException'{0x000000070c98aaf8}> (0x000000070c98aaf8) 
thrown [s\src\hotspot\share\prims\jni.cpp, line 516]

VM Operations (16 events):
Event: 0.066 Executing VM operation: HandshakeAllThreads
Event: 0.066 Executing VM operation: HandshakeAllThreads done
Event: 0.117 Executing VM operation: HandshakeAllThreads
Event: 0.117 Executing VM operation: HandshakeAllThreads done
Event: 0.850 Executing VM operation: HandshakeAllThreads
Event: 0.850 Executing VM operation: HandshakeAllThreads done
Event: 0.906 Executing VM operation: HandshakeAllThreads
Event: 0.906 Executing VM operation: HandshakeAllThreads done
Event: 0.913 Executing VM operation: ICBufferFull
Event: 0.913 Executing VM operation: ICBufferFull done
Event: 1.099 Executing VM operation: G1CollectForAllocation
Event: 1.101 Executing VM operation: G1CollectForAllocation done
Event: 1.138 Executing VM operation: G1CollectForAllocation
Event: 1.141 Executing VM operation: G1CollectForAllocation done
Event: 1.363 Executing VM operation: G1CollectForAllocation
Event: 1.377 Executing VM operation: G1CollectForAllocation done

Events (20 events):
Event: 1.107 Thread 0x00000298a2ad9fe0 Thread added: 0x00000298a2ad9fe0
Event: 1.564 Thread 0x00000298a2ad9fe0 Thread exited: 0x00000298a2ad9fe0
Event: 1.904 loading class java/lang/SecurityException
Event: 1.904 loading class java/lang/SecurityException done
Event: 1.906 Thread 0x00000298a2ad9ad0 Thread exited: 0x00000298a2ad9ad0
Event: 2.212 loading class java/lang/Math$RandomNumberGeneratorHolder
Event: 2.212 loading class java/lang/Math$RandomNumberGeneratorHolder done
Event: 2.219 Thread 0x00000298a39af5b0 Thread added: 0x00000298a39af5b0
Event: 2.222 loading class java/io/FileFilter
Event: 2.222 loading class java/io/FileFilter done
Event: 2.222 loading class java/util/zip/CheckedInputStream
Event: 2.222 loading class java/util/zip/CheckedInputStream done
Event: 2.222 loading class java/io/FilenameFilter
Event: 2.222 loading class java/io/FilenameFilter done
Event: 2.224 loading class java/io/CharArrayWriter
Event: 2.224 loading class java/io/CharArrayWriter done
Event: 2.224 loading class java/io/PrintWriter
Event: 2.224 loading class java/io/PrintWriter done
Event: 2.224 loading class java/io/FileOutputStream$1
Event: 2.224 loading class java/io/FileOutputStream$1 done


Dynamic libraries:
0x00007ff6f6d10000 - 0x00007ff6f6d1d000 	C:\Users\Kirill\.jdks\corretto-17.0.4.1\bin\java.exe
0x00007ffc4b830000 - 0x00007ffc4ba28000 	C:\WINDOWS\SYSTEM32\ntdll.dll
0x00007ffc4b680000 - 0x00007ffc4b73f000 	C:\WINDOWS\System32\KERNEL32.DLL
0x00007ffc49490000 - 0x00007ffc49762000 	C:\WINDOWS\System32\KERNELBASE.dll
0x00007ffc49770000 - 0x00007ffc49870000 	C:\WINDOWS\System32\ucrtbase.dll
0x00007ffbfedf0000 - 0x00007ffbfee08000 	C:\Users\Kirill\.jdks\corretto-17.0.4.1\bin\jli.dll
0x00007ffbfc610000 - 0x00007ffbfc625000 	C:\Users\Kirill\.jdks\corretto-17.0.4.1\bin\VCRUNTIME140.dll
0x00007ffc4b070000 - 0x00007ffc4b211000 	C:\WINDOWS\System32\USER32.dll
0x00007ffc49190000 - 0x00007ffc491b2000 	C:\WINDOWS\System32\win32u.dll
0x00007ffc482b0000 - 0x00007ffc4854a000 	C:\WINDOWS\WinSxS\amd64_microsoft.windows.common-controls_6595b64144ccf1df_6.0.19041.1110_none_60b5254171f9507e\COMCTL32.dll
0x00007ffc4add0000 - 0x00007ffc4adfb000 	C:\WINDOWS\System32\GDI32.dll
0x00007ffc4a900000 - 0x00007ffc4a99e000 	C:\WINDOWS\System32\msvcrt.dll
0x00007ffc49330000 - 0x00007ffc4943f000 	C:\WINDOWS\System32\gdi32full.dll
0x00007ffc490f0000 - 0x00007ffc4918d000 	C:\WINDOWS\System32\msvcp_win.dll
0x00007ffc4ac00000 - 0x00007ffc4ac32000 	C:\WINDOWS\System32\IMM32.DLL
0x00007ffbfb1f0000 - 0x00007ffbfb28b000 	C:\Users\Kirill\.jdks\corretto-17.0.4.1\bin\msvcp140.dll
0x00007ffbf2a40000 - 0x00007ffbf3654000 	C:\Users\Kirill\.jdks\corretto-17.0.4.1\bin\server\jvm.dll
0x00007ffc4aad0000 - 0x00007ffc4ab7e000 	C:\WINDOWS\System32\ADVAPI32.dll
0x00007ffc4ae00000 - 0x00007ffc4ae9c000 	C:\WINDOWS\System32\sechost.dll
0x00007ffc4a6b0000 - 0x00007ffc4a7d5000 	C:\WINDOWS\System32\RPCRT4.dll
0x00007ffc4afd0000 - 0x00007ffc4afd8000 	C:\WINDOWS\System32\PSAPI.DLL
0x00007ffc31bd0000 - 0x00007ffc31bf7000 	C:\WINDOWS\SYSTEM32\WINMM.dll
0x00007ffc42cf0000 - 0x00007ffc42cfa000 	C:\WINDOWS\SYSTEM32\VERSION.dll
0x00007ffc367d0000 - 0x00007ffc367d9000 	C:\WINDOWS\SYSTEM32\WSOCK32.dll
0x00007ffc4ab80000 - 0x00007ffc4abeb000 	C:\WINDOWS\System32\WS2_32.dll
0x00007ffc46000000 - 0x00007ffc46012000 	C:\WINDOWS\SYSTEM32\kernel.appcore.dll
0x00007ffc06c90000 - 0x00007ffc06c9a000 	C:\Users\Kirill\.jdks\corretto-17.0.4.1\bin\jimage.dll
0x00007ffc48840000 - 0x00007ffc48a24000 	C:\WINDOWS\SYSTEM32\DBGHELP.DLL
0x00007ffc48660000 - 0x00007ffc48695000 	C:\WINDOWS\SYSTEM32\dbgcore.DLL
0x00007ffc492a0000 - 0x00007ffc49322000 	C:\WINDOWS\System32\bcryptPrimitives.dll
0x00007ffbfb1c0000 - 0x00007ffbfb1e5000 	C:\Users\Kirill\.jdks\corretto-17.0.4.1\bin\java.dll
0x00007ffbfaa20000 - 0x00007ffbfaaf6000 	C:\Users\Kirill\.jdks\corretto-17.0.4.1\bin\jsvml.dll
0x00007ffc49e90000 - 0x00007ffc4a5d4000 	C:\WINDOWS\System32\SHELL32.dll
0x00007ffc46300000 - 0x00007ffc46a92000 	C:\WINDOWS\SYSTEM32\windows.storage.dll
0x00007ffc4b220000 - 0x00007ffc4b575000 	C:\WINDOWS\System32\combase.dll
0x00007ffc48210000 - 0x00007ffc48240000 	C:\WINDOWS\SYSTEM32\Wldp.dll
0x00007ffc4ac40000 - 0x00007ffc4aced000 	C:\WINDOWS\System32\SHCORE.dll
0x00007ffc4a650000 - 0x00007ffc4a6a5000 	C:\WINDOWS\System32\shlwapi.dll
0x00007ffc48e60000 - 0x00007ffc48e7f000 	C:\WINDOWS\SYSTEM32\profapi.dll
0x00007ffbfaa00000 - 0x00007ffbfaa19000 	C:\Users\Kirill\.jdks\corretto-17.0.4.1\bin\net.dll
0x00007ffc41d10000 - 0x00007ffc41e1c000 	C:\WINDOWS\SYSTEM32\WINHTTP.dll
0x00007ffc480e0000 - 0x00007ffc4814a000 	C:\WINDOWS\system32\mswsock.dll
0x00007ffbfa9e0000 - 0x00007ffbfa9f5000 	C:\Users\Kirill\.jdks\corretto-17.0.4.1\bin\nio.dll
0x00007ffbfa9c0000 - 0x00007ffbfa9d8000 	C:\Users\Kirill\.jdks\corretto-17.0.4.1\bin\zip.dll
0x00007ffc3bc80000 - 0x00007ffc3bc90000 	C:\Users\Kirill\.jdks\corretto-17.0.4.1\bin\verify.dll
0x00007ffc21ba0000 - 0x00007ffc21c15000 	C:\Users\Kirill\AppData\Local\Temp\lwjglKirill\3.3.1-SNAPSHOT\lwjgl.dll
0x00007ffc37710000 - 0x00007ffc37771000 	C:\Users\Kirill\AppData\Local\Temp\lwjglKirill\3.3.1-SNAPSHOT\glfw.dll
0x00007ffc32590000 - 0x00007ffc325d5000 	C:\WINDOWS\SYSTEM32\dinput8.dll
0x00007ffc3b520000 - 0x00007ffc3b531000 	C:\WINDOWS\SYSTEM32\xinput1_4.dll
0x00007ffc49440000 - 0x00007ffc4948e000 	C:\WINDOWS\System32\cfgmgr32.dll
0x00007ffc48c60000 - 0x00007ffc48c8c000 	C:\WINDOWS\SYSTEM32\DEVOBJ.dll
0x00007ffc45df0000 - 0x00007ffc45e1f000 	C:\WINDOWS\SYSTEM32\dwmapi.dll
0x00007ffc3a8c0000 - 0x00007ffc3aa12000 	C:\WINDOWS\SYSTEM32\inputhost.dll
0x00007ffc4a9a0000 - 0x00007ffc4aa6d000 	C:\WINDOWS\System32\OLEAUT32.dll
0x00007ffc43d80000 - 0x00007ffc43e76000 	C:\WINDOWS\SYSTEM32\PROPSYS.dll
0x00007ffc45710000 - 0x00007ffc45802000 	C:\WINDOWS\SYSTEM32\CoreMessaging.dll
0x00007ffc44ce0000 - 0x00007ffc44e34000 	C:\WINDOWS\SYSTEM32\wintypes.dll
0x00007ffc453b0000 - 0x00007ffc4570e000 	C:\WINDOWS\SYSTEM32\CoreUIComponents.dll
0x00007ffc48c00000 - 0x00007ffc48c33000 	C:\WINDOWS\SYSTEM32\ntmarta.dll
0x00007ffc45c10000 - 0x00007ffc45cae000 	C:\WINDOWS\system32\uxtheme.dll
0x00007ffc4a7e0000 - 0x00007ffc4a8f5000 	C:\WINDOWS\System32\MSCTF.dll
0x00007ffc38f60000 - 0x00007ffc39085000 	C:\WINDOWS\SYSTEM32\opengl32.dll
0x00007ffc3bae0000 - 0x00007ffc3bb0c000 	C:\WINDOWS\SYSTEM32\GLU32.dll
0x00007ffc4b740000 - 0x00007ffc4b7ef000 	C:\WINDOWS\System32\clbcatq.dll
0x00007ffc10640000 - 0x00007ffc116e5000 	C:\WINDOWS\System32\DriverStore\FileRepository\iigd_dch.inf_amd64_51f685305808e3a5\ig9icd64.dll
0x00007ffc4aea0000 - 0x00007ffc4afca000 	C:\WINDOWS\System32\ole32.dll
0x00007ffc47290000 - 0x00007ffc47383000 	C:\WINDOWS\system32\dxgi.dll
0x00007ffc1c270000 - 0x00007ffc1c39c000 	C:\WINDOWS\System32\DriverStore\FileRepository\iigd_dch.inf_amd64_51f685305808e3a5\igdml64.dll
0x00007ffc3fb60000 - 0x00007ffc3ff69000 	C:\WINDOWS\System32\DriverStore\FileRepository\iigd_dch.inf_amd64_51f685305808e3a5\igdgmm64.dll
0x00007ffc3beb0000 - 0x00007ffc3f644000 	C:\WINDOWS\System32\DriverStore\FileRepository\iigd_dch.inf_amd64_51f685305808e3a5\igc64.dll
0x00007ffc48ce0000 - 0x00007ffc48d2b000 	C:\WINDOWS\SYSTEM32\powrprof.dll
0x00007ffc48cc0000 - 0x00007ffc48cd2000 	C:\WINDOWS\SYSTEM32\UMPDC.dll
0x00007ffc3bdb0000 - 0x00007ffc3bea9000 	C:\WINDOWS\SYSTEM32\textinputframework.dll
0x00007ffc21b40000 - 0x00007ffc21b9d000 	C:\Users\Kirill\AppData\Local\Temp\lwjglKirill\3.3.1-SNAPSHOT\lwjgl_opengl.dll
0x0000000064a00000 - 0x000000006580f000 	C:\Users\Kirill\AppData\Local\Temp\imgui-java-natives_1673423331393\imgui-java64.dll
0x00007ffc46aa0000 - 0x00007ffc46aad000 	C:\WINDOWS\SYSTEM32\HID.DLL
0x00007ffc49870000 - 0x00007ffc49cd8000 	C:\WINDOWS\System32\SETUPAPI.DLL
0x00007ffc49270000 - 0x00007ffc49297000 	C:\WINDOWS\System32\bcrypt.dll
0x00007ffc49080000 - 0x00007ffc490e9000 	C:\WINDOWS\System32\WINTRUST.dll
0x00007ffc48f20000 - 0x00007ffc49076000 	C:\WINDOWS\System32\CRYPT32.dll
0x00007ffc48640000 - 0x00007ffc48652000 	C:\WINDOWS\SYSTEM32\MSASN1.dll
0x00007ffc21a90000 - 0x00007ffc21b11000 	C:\Users\Kirill\AppData\Local\Temp\lwjglKirill\3.3.1-SNAPSHOT\lwjgl_stb.dll

dbghelp: loaded successfully - version: 4.0.5 - missing functions: none
symbol engine: initialized successfully - sym options: 0x614 - pdb path: .;C:\Users\Kirill\.jdks\corretto-17.0.4.1\bin;C:\WINDOWS\SYSTEM32;C:\WINDOWS\WinSxS\amd64_microsoft.windows.common-controls_6595b64144ccf1df_6.0.19041.1110_none_60b5254171f9507e;C:\Users\Kirill\.jdks\corretto-17.0.4.1\bin\server;C:\Users\Kirill\AppData\Local\Temp\lwjglKirill\3.3.1-SNAPSHOT;C:\WINDOWS\System32\DriverStore\FileRepository\iigd_dch.inf_amd64_51f685305808e3a5;C:\Users\Kirill\AppData\Local\Temp\imgui-java-natives_1673423331393

VM Arguments:
jvm_args: -Dfile.encoding=windows-1251 -Duser.country=RU -Duser.language=ru -Duser.variant 
java_command: Main
java_class_path (initial): C:\_Files\Projects\Java\_GameEngine3\build\classes\java\main;C:\_Files\Projects\Java\_GameEngine3\build\resources\main;C:\Users\Kirill\.gradle\caches\modules-2\files-2.1\org.apache.commons\commons-lang3\3.0\8873bd0bb5cb9ee37f1b04578eb7e26fcdd44cb0\commons-lang3-3.0.jar;C:\Users\Kirill\.gradle\caches\modules-2\files-2.1\commons-io\commons-io\2.0.1\7ffdb02f95af1c1a208544e076cea5b8e66e731a\commons-io-2.0.1.jar;C:\Users\Kirill\.gradle\caches\modules-2\files-2.1\org.reflections\reflections\0.10.2\b638d7ca0e0fe0146b60a0e7ba232ad852a73b31\reflections-0.10.2.jar;C:\Users\Kirill\.gradle\caches\modules-2\files-2.1\org.jetbrains\annotations\20.1.0\2fcd1f3225bca0c4a7bc931142076f8c1e80993f\annotations-20.1.0.jar;C:\_Files\Projects\Java\_GameEngine3\libs\PNGDecoder.jar;C:\Users\Kirill\.gradle\caches\modules-2\files-2.1\com.github.tehleo\junionc\1.1.1\df8a242e6827e044718421574b332e4b86bfa517\junionc-1.1.1.jar;C:\_Files\Projects\Java\_GameEngine3\libs\jbox2d-library.jar;C:\_Files\Projects\Java\_GameEngine3\libs\slick-util.jar;C:\_Files\Projects\Java\_GameEngine3\libs\obj-0.3.0.jar;C:\Users\Kirill\.gradle\caches\modules-2\files-2.1\junit\junit\4.13\e49ccba652b735c93bd6e6f59760d8254cf597dd\junit-4.13.jar;C:\Users\Kirill\.gradle\caches\modules-2\files-2.1\io.github.spair\imgui-java-app\1.86.4\23a06b57a93761cd02b242051e9117bac40d0f7\imgui-java-app-1.86.4.jar;C:\Users\Kirill\.gradle\caches\modules-2\files-2.1\io.github.spair\imgui-java-lwjgl3\1.86.4\a538b7aa58be1c26e0dfe0b5395aaf58cb24e3dd\imgui-java-lwjgl3-1.86.4.jar;C:\Users\Kirill\.gradle\caches\modules-2\files-2.1\io.github.spair\imgui-java-binding\1.86.4\f97d32963ed5988b19f725d6c7d9946091cc3ba7\imgui-java-binding-1.86.4.jar;C:\Users\Kirill\.gradle\caches\modules-2\files-2.1\io.github.spair\imgui-java-natives-windows\1.86.0\b9c0aa0ebf251dbebe0dd7c39499f95cbe03d88\imgui-java-natives-windows-1.86.0.jar;C:\Users\Kirill\.gradle\caches\modules-2\files-2.1\com.google.code.gson\gson\2.9.1\2cc2131b98ebfb04e2b2c7
Launcher Type: SUN_STANDARD

[Global flags]
     intx CICompilerCount                          = 4                                         {product} {ergonomic}
     uint ConcGCThreads                            = 3                                         {product} {ergonomic}
     uint G1ConcRefinementThreads                  = 10                                        {product} {ergonomic}
   size_t G1HeapRegionSize                         = 2097152                                   {product} {ergonomic}
    uintx GCDrainStackTargetSize                   = 64                                        {product} {ergonomic}
   size_t InitialHeapSize                          = 266338304                                 {product} {ergonomic}
   size_t MarkStackSize                            = 4194304                                   {product} {ergonomic}
   size_t MaxHeapSize                              = 4246732800                                {product} {ergonomic}
   size_t MaxNewSize                               = 2548039680                                {product} {ergonomic}
   size_t MinHeapDeltaBytes                        = 2097152                                   {product} {ergonomic}
   size_t MinHeapSize                              = 8388608                                   {product} {ergonomic}
    uintx NonNMethodCodeHeapSize                   = 5839372                                {pd product} {ergonomic}
    uintx NonProfiledCodeHeapSize                  = 122909434                              {pd product} {ergonomic}
    uintx ProfiledCodeHeapSize                     = 122909434                              {pd product} {ergonomic}
    uintx ReservedCodeCacheSize                    = 251658240                              {pd product} {ergonomic}
     bool SegmentedCodeCache                       = true                                      {product} {ergonomic}
   size_t SoftMaxHeapSize                          = 4246732800                             {manageable} {ergonomic}
     bool UseCompressedClassPointers               = true                           {product lp64_product} {ergonomic}
     bool UseCompressedOops                        = true                           {product lp64_product} {ergonomic}
     bool UseG1GC                                  = true                                      {product} {ergonomic}
     bool UseLargePagesIndividualAllocation        = false                                  {pd product} {ergonomic}

Logging:
Log output configuration:
 #0: stdout all=warning uptime,level,tags
 #1: stderr all=off uptime,level,tags

Environment Variables:
PATH=C:\Program Files\Common Files\Oracle\Java\javapath;C:\Program Files\Python310\Scripts\;C:\Program Files\Python310\;C:\WINDOWS\system32;C:\WINDOWS;C:\WINDOWS\System32\Wbem;C:\WINDOWS\System32\WindowsPowerShell\v1.0\;C:\WINDOWS\System32\OpenSSH\;C:\Program Files\dotnet\;C:\Program Files\Git\cmd;C:\Program Files\Java\jdk-18.0.2.1\bin;C:\Users\Kirill\AppData\Local\Microsoft\WindowsApps;C:\Program Files\JetBrains\PyCharm Community Edition 2022.2\bin;;C:\Users\Kirill\AppData\Local\Programs\Microsoft VS Code\bin;C:\Program Files\JetBrains\IntelliJ IDEA Community Edition 2022.2.1\bin;;C:\Program Files\Java\jdk-18.0.2.1\bin;
USERNAME=Kirill
OS=Windows_NT
PROCESSOR_IDENTIFIER=Intel64 Family 6 Model 165 Stepping 3, GenuineIntel
TMP=C:\Users\Kirill\AppData\Local\Temp
TEMP=C:\Users\Kirill\AppData\Local\Temp



---------------  S Y S T E M  ---------------

OS:
 Windows 10 , 64 bit Build 19041 (10.0.19041.2364)
OS uptime: 13 days 23:59 hours

CPU: total 12 (initial active 12) (6 cores per cpu, 2 threads per core) family 6 model 165 stepping 3 microcode 0xe0, cx8, cmov, fxsr, ht, mmx, 3dnowpref, sse, sse2, sse3, ssse3, sse4.1, sse4.2, popcnt, lzcnt, tsc, tscinvbit, avx, avx2, aes, erms, clmul, bmi1, bmi2, adx, fma, vzeroupper, clflush, clflushopt

Memory: 4k page, system-wide physical 16196M (6277M free)
TotalPageFile size 19603M (AvailPageFile size 6486M)
current process WorkingSet (physical memory assigned to process): 782M, peak: 782M
current process commit charge ("private bytes"): 839M, peak: 839M

vm_info: OpenJDK 64-Bit Server VM (17.0.4.1+9-LTS) for windows-amd64 JRE (17.0.4.1+9-LTS), built on Aug 12 2022 17:33:36 by "Administrator" with MS VC++ 15.9 (VS2017)

END.
