#
# A fatal error has been detected by the Java Runtime Environment:
#
#  EXCEPTION_ACCESS_VIOLATION (0xc0000005) at pc=0x0000000064a54aae, pid=10716, tid=9908
#
# JRE version: OpenJDK Runtime Environment Corretto-17.0.4.9.1 (17.0.4.1+9) (build 17.0.4.1+9-LTS)
# Java VM: OpenJDK 64-Bit Server VM Corretto-17.0.4.9.1 (17.0.4.1+9-LTS, mixed mode, sharing, tiered, compressed oops, compressed class ptrs, g1 gc, windows-amd64)
# Problematic frame:
# C  [imgui-java64.dll+0x54aae]
#
# No core dump will be written. Minidumps are not enabled by default on client versions of Windows
#
# If you would like to submit a bug report, please visit:
#   https://github.com/corretto/corretto-17/issues/
# The crash happened outside the Java Virtual Machine in native code.
# See problematic frame for where to report the bug.
#

---------------  S U M M A R Y ------------

Command Line: -Dfile.encoding=windows-1251 -Duser.country=RU -Duser.language=ru -Duser.variant Main

Host: Intel(R) Core(TM) i5-10400 CPU @ 2.90GHz, 12 cores, 15G,  Windows 10 , 64 bit Build 19041 (10.0.19041.2364)
Time: Tue Jan 10 15:03:22 2023  Windows 10 , 64 bit Build 19041 (10.0.19041.2364) elapsed time: 4.358518 seconds (0d 0h 0m 4s)

---------------  T H R E A D  ---------------

Current thread (0x000001f34b326890):  JavaThread "main" [_thread_in_native, id=9908, stack(0x000000e271900000,0x000000e271a00000)]

Stack: [0x000000e271900000,0x000000e271a00000],  sp=0x000000e2719ff5b8,  free space=1021k
Native frames: (J=compiled Java code, j=interpreted, Vv=VM code, C=native code)
C  [imgui-java64.dll+0x54aae]

Java frames: (J=compiled Java code, j=interpreted, Vv=VM code)
j  imgui.ImGui.nGetWindowDrawList()J+0
j  imgui.ImGui.getWindowDrawList()Limgui/ImDrawList;+3
j  imgui.extension.imguizmo.ImGuizmo.setDrawList()V+0
j  engine.gizmo.GizmoSystem.update()V+22
j  Main.main([Ljava/lang/String;)V+194
v  ~StubRoutines::call_stub

siginfo: EXCEPTION_ACCESS_VIOLATION (0xc0000005), writing address 0x00000000000000c9


Register to memory mapping:

RIP=0x0000000064a54aae imgui-java64.dll
RAX=0x0 is NULL
RBX={method} {0x000001f370ea0928} 'nGetWindowDrawList' '()J' in 'imgui/ImGui'
RCX=0x000001f34b326b38 points into unknown readable memory: 0x000001f371640f00 | 00 0f 64 71 f3 01 00 00
RDX=0x000000e2719ff640 is pointing into the stack for thread: 0x000001f34b326890
RSP=0x000000e2719ff5b8 is pointing into the stack for thread: 0x000001f34b326890
RBP=0x000000e2719ff630 is pointing into the stack for thread: 0x000001f34b326890
RSI=0x000001f3011c8160 is pointing into metadata
RDI=0x000001f3545f94fe is at code_begin+1118 in an Interpreter codelet
return entry points  [0x000001f3545f90a0, 0x000001f3545f9ba0]  2816 bytes
R8 =0x0000000000000002 is an unknown value
R9 =0x0000000000000002 is an unknown value
R10=0x000001f3545fd5f2 is at code_begin+946 in an Interpreter codelet
method entry point (kind = native)  [0x000001f3545fd240, 0x000001f3545fdbc0]  2432 bytes
R11=0x0000000703038c18 is an oop: java.lang.Class 
{0x0000000703038c18} - klass: 'java/lang/Class'
 - ---- fields (total size 24 words):
 - private volatile transient 'classRedefinedCount' 'I' @12  0
 - private volatile transient 'cachedConstructor' 'Ljava/lang/reflect/Constructor;' @40  NULL (0)
 - private transient 'name' 'Ljava/lang/String;' @44  "imgui.ImGui"{0x000000070303d4b8} (e0607a97)
 - private transient 'module' 'Ljava/lang/Module;' @48  a 'java/lang/Module'{0x0000000702e18af8} (e05c315f)
 - private final 'classLoader' 'Ljava/lang/ClassLoader;' @52  a 'jdk/internal/loader/ClassLoaders$AppClassLoader'{0x0000000702e00af8} (e05c015f)
 - private transient 'classData' 'Ljava/lang/Object;' @56  NULL (0)
 - private transient 'packageName' 'Ljava/lang/String;' @60  "imgui"{0x0000000702ed4c28} (e05da985)
 - private final 'componentType' 'Ljava/lang/Class;' @64  NULL (0)
 - private volatile transient 'reflectionData' 'Ljava/lang/ref/SoftReference;' @68  NULL (0)
 - private volatile transient 'genericInfo' 'Lsun/reflect/generics/repository/ClassRepository;' @72  NULL (0)
 - private volatile transient 'enumConstants' '[Ljava/lang/Object;' @76  NULL (0)
 - private volatile transient 'enumConstantDirectory' 'Ljava/util/Map;' @80  NULL (0)
 - private volatile transient 'annotationData' 'Ljava/lang/Class$AnnotationData;' @84  NULL (0)
 - private volatile transient 'annotationType' 'Lsun/reflect/annotation/AnnotationType;' @88  NULL (0)
 - transient 'classValueMap' 'Ljava/lang/ClassValue$ClassValueMap;' @92  NULL (0)
 - signature: Limgui/ImGui;
 - fake entry for mirror: 'imgui/ImGui'
 - fake entry for array: NULL
 - fake entry for oop_size: 24
 - fake entry for static_oop_field_count: 19
 - private static final 'LIB_PATH_PROP' 'Ljava/lang/String;' @112  "imgui.library.path"{0x000000070303d478} (e0607a8f)
 - private static final 'LIB_NAME_PROP' 'Ljava/lang/String;' @116  "imgui.library.name"{0x000000070303d438} (e0607a87)
 - private static final 'LIB_NAME_DEFAULT' 'Ljava/lang/String;' @120  "imgui-java64"{0x000000070303d400} (e0607a80)
 - private static final 'LIB_TMP_DIR_PREFIX' 'Ljava/lang/String;' @124  "imgui-java-natives_1673341398560"{0x000000070303d3b8} (e0607a77)
 - private static final 'IMGUI_CONTEXT' 'Limgui/internal/ImGuiContext;' @128  a 'imgui/internal/ImGuiContext'{0x0000000703038e30} (e06071c6)
 - private static final 'IMGUI_IO' 'Limgui/ImGuiIO;' @132  a 'imgui/ImGuiIO'{0x0000000703034540} (e06068a8)
 - private static final 'WINDOW_DRAW_LIST' 'Limgui/ImDrawList;' @136  a 'imgui/ImDrawList'{0x0000000703038e18} (e06071c3)
 - private static final 'BACKGROUND_DRAW_LIST' 'Limgui/ImDrawList;' @140  a 'imgui/ImDrawList'{0x0000000703038e00} (e06071c0)
 - private static final 'FOREGROUND_DRAW_LIST' 'Limgui/ImDrawList;' @144  a 'imgui/ImDrawList'{0x0000000703038de8} (e06071bd)
 - private static final 'IMGUI_STORAGE' 'Limgui/ImGuiStorage;' @148  a 'imgui/ImGuiStorage'{0x0000000703038dd0} (e06071ba)
 - private static final 'WINDOW_VIEWPORT' 'Limgui/ImGuiViewport;' @152  a 'imgui/ImGuiViewport'{0x0000000703038db8} (e06071b7)
 - private static final 'FIND_VIEWPORT' 'Limgui/ImGuiViewport;' @156  a 'imgui/ImGuiViewport'{0x0000000703038da0} (e06071b4)
 - private static final 'DRAW_DATA' 'Limgui/ImDrawData;' @160  a 'imgui/ImDrawData'{0x0000000703038d88} (e06071b1)
 - private static final 'FONT' 'Limgui/ImFont;' @164  a 'imgui/ImFont'{0x0000000703038d38} (e06071a7)
 - private static final 'STYLE' 'Limgui/ImGuiStyle;' @168  a 'imgui/ImGuiStyle'{0x0000000703038d20} (e06071a4)
 - private static final 'MAIN_VIEWPORT' 'Limgui/ImGuiViewport;' @172  a 'imgui/ImGuiViewport'{0x0000000703038d08} (e06071a1)
 - private static final 'PLATFORM_IO' 'Limgui/ImGuiPlatformIO;' @176  a 'imgui/ImGuiPlatformIO'{0x0000000703038cf0} (e060719e)
 - private static 'payloadRef' 'Ljava/lang/ref/WeakReference;' @180  NULL (0)
 - private static final 'PAYLOAD_PLACEHOLDER_DATA' '[B' @184  [B{0x0000000703038cd8} (e060719b)
R12=0x0 is NULL
R13={method} {0x000001f370ea0928} 'nGetWindowDrawList' '()J' in 'imgui/ImGui'
R14=0x000000e2719ff648 is pointing into the stack for thread: 0x000001f34b326890
R15=0x000001f34b326890 is a thread


Registers:
RAX=0x0000000000000000, RBX=0x000001f370ea0920, RCX=0x000001f34b326b38, RDX=0x000000e2719ff640
RSP=0x000000e2719ff5b8, RBP=0x000000e2719ff630, RSI=0x000001f3011c8160, RDI=0x000001f3545f94fe
R8 =0x0000000000000002, R9 =0x0000000000000002, R10=0x000001f3545fd5f2, R11=0x0000000703038c18
R12=0x0000000000000000, R13=0x000001f370ea0920, R14=0x000000e2719ff648, R15=0x000001f34b326890
RIP=0x0000000064a54aae, EFLAGS=0x0000000000010283

Top of Stack: (sp=0x000000e2719ff5b8)
0x000000e2719ff5b8:   000001f3545fd621 000001f370ea0920
0x000000e2719ff5c8:   000001f3011c8160 000001f3011c8160
0x000000e2719ff5d8:   00007ffbfd77f2a7 000001f3545fd2f6
0x000000e2719ff5e8:   000000e2719ff5e8 000001f370ea0920
0x000000e2719ff5f8:   000000e2719ff648 000001f370ec8000
0x000000e2719ff608:   0000000000000000 0000000703038c18
0x000000e2719ff618:   000001f370ea0920 0000000000000000
0x000000e2719ff628:   000000e2719ff650 000000e2719ff6a0
0x000000e2719ff638:   000001f3545f95cd 0000000703038c18
0x000000e2719ff648:   000001f3545faf77 0000000703038e18
0x000000e2719ff658:   000000e2719ff658 000001f370ea0883
0x000000e2719ff668:   000000e2719ff6a8 000001f370ec8000
0x000000e2719ff678:   0000000000000000 0000000703038c18
0x000000e2719ff688:   000001f370ea0898 000000e2719ff650
0x000000e2719ff698:   000000e2719ff6b0 000000e2719ff6f8
0x000000e2719ff6a8:   000001f3545f9657 000000e2719ff6b0 

Instructions: (pc=0x0000000064a54aae)
0x0000000064a549ae:   00 00 48 8b 05 91 47 56 00 81 88 28 1e 00 00 00
0x0000000064a549be:   01 00 00 89 88 8c 1e 00 00 c3 0f 1f 84 00 00 00
0x0000000064a549ce:   00 00 48 8b 05 71 47 56 00 41 b8 01 00 00 00 81
0x0000000064a549de:   88 28 1e 00 00 00 02 00 00 85 d2 89 88 90 1e 00
0x0000000064a549ee:   00 41 0f 44 d0 89 90 38 1e 00 00 c3 66 0f 1f 44
0x0000000064a549fe:   00 00 56 53 48 83 ec 28 48 8b 35 3b 47 56 00 8b
0x0000000064a54a0e:   41 08 48 89 cb 85 41 0c 75 38 81 8e 28 1e 00 00
0x0000000064a54a1e:   00 04 00 00 f3 0f 6f 03 0f 11 86 94 1e 00 00 48
0x0000000064a54a2e:   8b 43 10 48 89 86 a4 1e 00 00 0f b7 43 18 66 89
0x0000000064a54a3e:   86 ac 1e 00 00 48 83 c4 28 5b 5e c3 66 0f 1f 44
0x0000000064a54a4e:   00 00 e8 8b b5 13 00 84 c0 75 27 8b 43 08 85 43
0x0000000064a54a5e:   0c 74 b7 41 b8 8d 1e 00 00 48 8d 15 92 c6 4b 00
0x0000000064a54a6e:   48 8d 0d 73 ee 4b 00 ff 15 9d 2c db 00 eb 9b 0f
0x0000000064a54a7e:   1f 00 4c 8d 05 79 c6 4b 00 ba 8d 1e 00 00 48 8d
0x0000000064a54a8e:   0d 55 ee 4b 00 e8 68 b4 13 00 e9 7b ff ff ff 0f
0x0000000064a54a9e:   1f 00 48 8b 05 a1 46 56 00 48 8b 80 28 1d 00 00
0x0000000064a54aae:   c6 80 c9 00 00 00 01 48 8b 80 b0 02 00 00 c3 0f
0x0000000064a54abe:   1f 00 48 8b 05 81 46 56 00 f3 0f 10 80 50 1f 00
0x0000000064a54ace:   00 c3 53 48 83 ec 20 48 8b 1d 6c 46 56 00 48 8b
0x0000000064a54ade:   93 58 1f 00 00 48 85 d2 74 10 48 8b 83 28 1d 00
0x0000000064a54aee:   00 48 8b 40 30 48 39 c2 74 46 e8 e3 b4 13 00 84
0x0000000064a54afe:   c0 75 47 48 8b 93 58 1f 00 00 48 85 d2 74 10 48
0x0000000064a54b0e:   8b 83 28 1d 00 00 48 8b 40 30 48 39 c2 74 21 41
0x0000000064a54b1e:   b8 a1 1e 00 00 48 8d 15 d6 c5 4b 00 48 8d 0d 67
0x0000000064a54b2e:   ee 4b 00 ff 15 e1 2b db 00 48 8b 83 58 1f 00 00
0x0000000064a54b3e:   48 83 c4 20 5b c3 0f 1f 40 00 4c 8d 05 b1 c5 4b
0x0000000064a54b4e:   00 ba a1 1e 00 00 48 8d 0d ed ed 4b 00 e8 a0 b3
0x0000000064a54b5e:   13 00 48 8b 83 58 1f 00 00 48 83 c4 20 5b c3 0f
0x0000000064a54b6e:   1f 00 48 8b 05 d1 45 56 00 48 8b 80 90 1a 00 00
0x0000000064a54b7e:   c3 90 48 8b 05 c1 45 56 00 f3 0f 10 80 98 1a 00
0x0000000064a54b8e:   00 c3 48 8b 05 b1 45 56 00 48 8b 80 a0 1a 00 00
0x0000000064a54b9e:   c3 90 48 83 ec 38 0f 11 74 24 20 0f 2f 05 70 40 


Stack slot to memory mapping:
stack at sp + 0 slots: 0x000001f3545fd621 is at code_begin+993 in an Interpreter codelet
method entry point (kind = native)  [0x000001f3545fd240, 0x000001f3545fdbc0]  2432 bytes
stack at sp + 1 slots: {method} {0x000001f370ea0928} 'nGetWindowDrawList' '()J' in 'imgui/ImGui'
stack at sp + 2 slots: 0x000001f3011c8160 is pointing into metadata
stack at sp + 3 slots: 0x000001f3011c8160 is pointing into metadata
stack at sp + 4 slots: 0x00007ffbfd77f2a7 jvm.dll
stack at sp + 5 slots: 0x000001f3545fd2f6 is at code_begin+182 in an Interpreter codelet
method entry point (kind = native)  [0x000001f3545fd240, 0x000001f3545fdbc0]  2432 bytes
stack at sp + 6 slots: 0x000000e2719ff5e8 is pointing into the stack for thread: 0x000001f34b326890
stack at sp + 7 slots: {method} {0x000001f370ea0928} 'nGetWindowDrawList' '()J' in 'imgui/ImGui'


---------------  P R O C E S S  ---------------

Threads class SMR info:
_java_thread_list=0x000001f3797fd9b0, length=12, elements={
0x000001f34b326890, 0x000001f370623250, 0x000001f370624ae0, 0x000001f37063b520,
0x000001f37063ddf0, 0x000001f37063e7a0, 0x000001f37063f960, 0x000001f3706406f0,
0x000001f370641190, 0x000001f37064bba0, 0x000001f371169390, 0x000001f37119dab0
}

Java Threads: ( => current thread )
=>0x000001f34b326890 JavaThread "main" [_thread_in_native, id=9908, stack(0x000000e271900000,0x000000e271a00000)]
  0x000001f370623250 JavaThread "Reference Handler" daemon [_thread_blocked, id=1472, stack(0x000000e272000000,0x000000e272100000)]
  0x000001f370624ae0 JavaThread "Finalizer" daemon [_thread_blocked, id=11548, stack(0x000000e272100000,0x000000e272200000)]
  0x000001f37063b520 JavaThread "Signal Dispatcher" daemon [_thread_blocked, id=16552, stack(0x000000e272200000,0x000000e272300000)]
  0x000001f37063ddf0 JavaThread "Attach Listener" daemon [_thread_blocked, id=17392, stack(0x000000e272300000,0x000000e272400000)]
  0x000001f37063e7a0 JavaThread "Service Thread" daemon [_thread_blocked, id=15320, stack(0x000000e272400000,0x000000e272500000)]
  0x000001f37063f960 JavaThread "Monitor Deflation Thread" daemon [_thread_blocked, id=5460, stack(0x000000e272500000,0x000000e272600000)]
  0x000001f3706406f0 JavaThread "C2 CompilerThread0" daemon [_thread_blocked, id=14516, stack(0x000000e272600000,0x000000e272700000)]
  0x000001f370641190 JavaThread "C1 CompilerThread0" daemon [_thread_blocked, id=4356, stack(0x000000e272700000,0x000000e272800000)]
  0x000001f37064bba0 JavaThread "Sweeper thread" daemon [_thread_blocked, id=14960, stack(0x000000e272800000,0x000000e272900000)]
  0x000001f371169390 JavaThread "Notification Thread" daemon [_thread_blocked, id=14756, stack(0x000000e272900000,0x000000e272a00000)]
  0x000001f37119dab0 JavaThread "Common-Cleaner" daemon [_thread_blocked, id=12096, stack(0x000000e272b00000,0x000000e272c00000)]

Other Threads:
  0x000001f371042010 VMThread "VM Thread" [stack: 0x000000e271f00000,0x000000e272000000] [id=12076]
  0x000001f34b3aa290 WatcherThread [stack: 0x000000e272a00000,0x000000e272b00000] [id=3324]
  0x000001f34b392b40 GCTaskThread "GC Thread#0" [stack: 0x000000e271a00000,0x000000e271b00000] [id=8332]
  0x000001f378ca1b70 GCTaskThread "GC Thread#1" [stack: 0x000000e273200000,0x000000e273300000] [id=3296]
  0x000001f378e670e0 GCTaskThread "GC Thread#2" [stack: 0x000000e273300000,0x000000e273400000] [id=13764]
  0x000001f378ee8880 GCTaskThread "GC Thread#3" [stack: 0x000000e273400000,0x000000e273500000] [id=4188]
  0x000001f378ee8b30 GCTaskThread "GC Thread#4" [stack: 0x000000e273500000,0x000000e273600000] [id=12240]
  0x000001f3791e9850 GCTaskThread "GC Thread#5" [stack: 0x000000e273600000,0x000000e273700000] [id=4396]
  0x000001f3791eee60 GCTaskThread "GC Thread#6" [stack: 0x000000e273700000,0x000000e273800000] [id=9544]
  0x000001f3791ef520 GCTaskThread "GC Thread#7" [stack: 0x000000e273800000,0x000000e273900000] [id=11668]
  0x000001f3791ef7d0 GCTaskThread "GC Thread#8" [stack: 0x000000e273900000,0x000000e273a00000] [id=11428]
  0x000001f34b3a3790 ConcurrentGCThread "G1 Main Marker" [stack: 0x000000e271b00000,0x000000e271c00000] [id=16528]
  0x000001f34b3a41a0 ConcurrentGCThread "G1 Conc#0" [stack: 0x000000e271c00000,0x000000e271d00000] [id=12872]
  0x000001f34b3feb00 ConcurrentGCThread "G1 Refine#0" [stack: 0x000000e271d00000,0x000000e271e00000] [id=14008]
  0x000001f3704dc680 ConcurrentGCThread "G1 Service" [stack: 0x000000e271e00000,0x000000e271f00000] [id=15204]

Threads with active compile tasks:

VM state: not at safepoint (normal execution)

VM Mutex/Monitor currently owned by a thread: None

Heap address: 0x0000000702e00000, size: 4050 MB, Compressed Oops mode: Zero based, Oop shift amount: 3

CDS archive(s) mapped at: [0x0000000800000000-0x0000000800bc0000-0x0000000800bc0000), size 12320768, SharedBaseAddress: 0x0000000800000000, ArchiveRelocationMode: 0.
Compressed class space mapped at: 0x0000000800c00000-0x0000000840c00000, reserved size: 1073741824
Narrow klass base: 0x0000000800000000, Narrow klass shift: 0, Narrow klass range: 0x100000000

GC Precious Log:
 CPUs: 12 total, 12 available
 Memory: 16196M
 Large Page Support: Disabled
 NUMA Support: Disabled
 Compressed Oops: Enabled (Zero based)
 Heap Region Size: 2M
 Heap Min Capacity: 8M
 Heap Initial Capacity: 254M
 Heap Max Capacity: 4050M
 Pre-touch: Disabled
 Parallel Workers: 10
 Concurrent Workers: 3
 Concurrent Refinement Workers: 10
 Periodic GC: Disabled

Heap:
 garbage-first heap   total 260096K, used 106577K [0x0000000702e00000, 0x0000000800000000)
  region size 2048K, 47 young (96256K), 1 survivors (2048K)
 Metaspace       used 9297K, committed 9536K, reserved 1064960K
  class space    used 641K, committed 768K, reserved 1048576K

Heap Regions: E=young(eden), S=young(survivor), O=old, HS=humongous(starts), HC=humongous(continues), CS=collection set, F=free, OA=open archive, CA=closed archive, TAMS=top-at-mark-start (previous, next)
|   0|0x0000000702e00000, 0x0000000703000000, 0x0000000703000000|100%| O|  |TAMS 0x0000000702e00000, 0x0000000702e00000| Untracked 
|   1|0x0000000703000000, 0x0000000703200000, 0x0000000703200000|100%| O|  |TAMS 0x0000000703000000, 0x0000000703000000| Untracked 
|   2|0x0000000703200000, 0x0000000703400000, 0x0000000703400000|100%| O|  |TAMS 0x0000000703200000, 0x0000000703200000| Untracked 
|   3|0x0000000703400000, 0x0000000703400000, 0x0000000703600000|  0%| F|  |TAMS 0x0000000703400000, 0x0000000703400000| Untracked 
|   4|0x0000000703600000, 0x0000000703600000, 0x0000000703800000|  0%| F|  |TAMS 0x0000000703600000, 0x0000000703600000| Untracked 
|   5|0x0000000703800000, 0x0000000703800000, 0x0000000703a00000|  0%| F|  |TAMS 0x0000000703800000, 0x0000000703800000| Untracked 
|   6|0x0000000703a00000, 0x0000000703a00000, 0x0000000703c00000|  0%| F|  |TAMS 0x0000000703a00000, 0x0000000703a00000| Untracked 
|   7|0x0000000703c00000, 0x0000000703c00000, 0x0000000703e00000|  0%| F|  |TAMS 0x0000000703c00000, 0x0000000703c00000| Untracked 
|   8|0x0000000703e00000, 0x0000000703e00000, 0x0000000704000000|  0%| F|  |TAMS 0x0000000703e00000, 0x0000000703e00000| Untracked 
|   9|0x0000000704000000, 0x0000000704200000, 0x0000000704200000|100%| O|  |TAMS 0x0000000704000000, 0x0000000704000000| Untracked 
|  10|0x0000000704200000, 0x0000000704400000, 0x0000000704400000|100%| O|  |TAMS 0x0000000704200000, 0x0000000704200000| Untracked 
|  11|0x0000000704400000, 0x0000000704600000, 0x0000000704600000|100%| O|  |TAMS 0x0000000704400000, 0x0000000704400000| Untracked 
|  12|0x0000000704600000, 0x0000000704701000, 0x0000000704800000| 50%| O|  |TAMS 0x0000000704600000, 0x0000000704600000| Untracked 
|  13|0x0000000704800000, 0x0000000704800000, 0x0000000704a00000|  0%| F|  |TAMS 0x0000000704800000, 0x0000000704800000| Untracked 
|  14|0x0000000704a00000, 0x0000000704a00000, 0x0000000704c00000|  0%| F|  |TAMS 0x0000000704a00000, 0x0000000704a00000| Untracked 
|  15|0x0000000704c00000, 0x0000000704c00000, 0x0000000704e00000|  0%| F|  |TAMS 0x0000000704c00000, 0x0000000704c00000| Untracked 
|  16|0x0000000704e00000, 0x0000000704e00000, 0x0000000705000000|  0%| F|  |TAMS 0x0000000704e00000, 0x0000000704e00000| Untracked 
|  17|0x0000000705000000, 0x0000000705000000, 0x0000000705200000|  0%| F|  |TAMS 0x0000000705000000, 0x0000000705000000| Untracked 
|  18|0x0000000705200000, 0x0000000705200000, 0x0000000705400000|  0%| F|  |TAMS 0x0000000705200000, 0x0000000705200000| Untracked 
|  19|0x0000000705400000, 0x0000000705400000, 0x0000000705600000|  0%| F|  |TAMS 0x0000000705400000, 0x0000000705400000| Untracked 
|  20|0x0000000705600000, 0x0000000705600000, 0x0000000705800000|  0%| F|  |TAMS 0x0000000705600000, 0x0000000705600000| Untracked 
|  21|0x0000000705800000, 0x0000000705800000, 0x0000000705a00000|  0%| F|  |TAMS 0x0000000705800000, 0x0000000705800000| Untracked 
|  22|0x0000000705a00000, 0x0000000705a00000, 0x0000000705c00000|  0%| F|  |TAMS 0x0000000705a00000, 0x0000000705a00000| Untracked 
|  23|0x0000000705c00000, 0x0000000705c00000, 0x0000000705e00000|  0%| F|  |TAMS 0x0000000705c00000, 0x0000000705c00000| Untracked 
|  24|0x0000000705e00000, 0x0000000705e00000, 0x0000000706000000|  0%| F|  |TAMS 0x0000000705e00000, 0x0000000705e00000| Untracked 
|  25|0x0000000706000000, 0x0000000706000000, 0x0000000706200000|  0%| F|  |TAMS 0x0000000706000000, 0x0000000706000000| Untracked 
|  26|0x0000000706200000, 0x0000000706200000, 0x0000000706400000|  0%| F|  |TAMS 0x0000000706200000, 0x0000000706200000| Untracked 
|  27|0x0000000706400000, 0x0000000706400000, 0x0000000706600000|  0%| F|  |TAMS 0x0000000706400000, 0x0000000706400000| Untracked 
|  28|0x0000000706600000, 0x0000000706600000, 0x0000000706800000|  0%| F|  |TAMS 0x0000000706600000, 0x0000000706600000| Untracked 
|  29|0x0000000706800000, 0x0000000706800000, 0x0000000706a00000|  0%| F|  |TAMS 0x0000000706800000, 0x0000000706800000| Untracked 
|  30|0x0000000706a00000, 0x0000000706a00000, 0x0000000706c00000|  0%| F|  |TAMS 0x0000000706a00000, 0x0000000706a00000| Untracked 
|  31|0x0000000706c00000, 0x0000000706c00000, 0x0000000706e00000|  0%| F|  |TAMS 0x0000000706c00000, 0x0000000706c00000| Untracked 
|  32|0x0000000706e00000, 0x0000000706e00000, 0x0000000707000000|  0%| F|  |TAMS 0x0000000706e00000, 0x0000000706e00000| Untracked 
|  33|0x0000000707000000, 0x0000000707000000, 0x0000000707200000|  0%| F|  |TAMS 0x0000000707000000, 0x0000000707000000| Untracked 
|  34|0x0000000707200000, 0x0000000707200000, 0x0000000707400000|  0%| F|  |TAMS 0x0000000707200000, 0x0000000707200000| Untracked 
|  35|0x0000000707400000, 0x0000000707400000, 0x0000000707600000|  0%| F|  |TAMS 0x0000000707400000, 0x0000000707400000| Untracked 
|  36|0x0000000707600000, 0x0000000707600000, 0x0000000707800000|  0%| F|  |TAMS 0x0000000707600000, 0x0000000707600000| Untracked 
|  37|0x0000000707800000, 0x0000000707800000, 0x0000000707a00000|  0%| F|  |TAMS 0x0000000707800000, 0x0000000707800000| Untracked 
|  38|0x0000000707a00000, 0x0000000707a00000, 0x0000000707c00000|  0%| F|  |TAMS 0x0000000707a00000, 0x0000000707a00000| Untracked 
|  39|0x0000000707c00000, 0x0000000707c00000, 0x0000000707e00000|  0%| F|  |TAMS 0x0000000707c00000, 0x0000000707c00000| Untracked 
|  40|0x0000000707e00000, 0x0000000707e00000, 0x0000000708000000|  0%| F|  |TAMS 0x0000000707e00000, 0x0000000707e00000| Untracked 
|  41|0x0000000708000000, 0x0000000708000000, 0x0000000708200000|  0%| F|  |TAMS 0x0000000708000000, 0x0000000708000000| Untracked 
|  42|0x0000000708200000, 0x0000000708200000, 0x0000000708400000|  0%| F|  |TAMS 0x0000000708200000, 0x0000000708200000| Untracked 
|  43|0x0000000708400000, 0x0000000708400000, 0x0000000708600000|  0%| F|  |TAMS 0x0000000708400000, 0x0000000708400000| Untracked 
|  44|0x0000000708600000, 0x0000000708600000, 0x0000000708800000|  0%| F|  |TAMS 0x0000000708600000, 0x0000000708600000| Untracked 
|  45|0x0000000708800000, 0x0000000708800000, 0x0000000708a00000|  0%| F|  |TAMS 0x0000000708800000, 0x0000000708800000| Untracked 
|  46|0x0000000708a00000, 0x0000000708a00000, 0x0000000708c00000|  0%| F|  |TAMS 0x0000000708a00000, 0x0000000708a00000| Untracked 
|  47|0x0000000708c00000, 0x0000000708c00000, 0x0000000708e00000|  0%| F|  |TAMS 0x0000000708c00000, 0x0000000708c00000| Untracked 
|  48|0x0000000708e00000, 0x0000000708e00000, 0x0000000709000000|  0%| F|  |TAMS 0x0000000708e00000, 0x0000000708e00000| Untracked 
|  49|0x0000000709000000, 0x0000000709000000, 0x0000000709200000|  0%| F|  |TAMS 0x0000000709000000, 0x0000000709000000| Untracked 
|  50|0x0000000709200000, 0x0000000709200000, 0x0000000709400000|  0%| F|  |TAMS 0x0000000709200000, 0x0000000709200000| Untracked 
|  51|0x0000000709400000, 0x00000007095137d0, 0x0000000709600000| 53%| S|CS|TAMS 0x0000000709400000, 0x0000000709400000| Complete 
|  52|0x0000000709600000, 0x0000000709600000, 0x0000000709800000|  0%| F|  |TAMS 0x0000000709600000, 0x0000000709600000| Untracked 
|  53|0x0000000709800000, 0x0000000709800000, 0x0000000709a00000|  0%| F|  |TAMS 0x0000000709800000, 0x0000000709800000| Untracked 
|  54|0x0000000709a00000, 0x0000000709a00000, 0x0000000709c00000|  0%| F|  |TAMS 0x0000000709a00000, 0x0000000709a00000| Untracked 
|  55|0x0000000709c00000, 0x0000000709c00000, 0x0000000709e00000|  0%| F|  |TAMS 0x0000000709c00000, 0x0000000709c00000| Untracked 
|  56|0x0000000709e00000, 0x0000000709e00000, 0x000000070a000000|  0%| F|  |TAMS 0x0000000709e00000, 0x0000000709e00000| Untracked 
|  57|0x000000070a000000, 0x000000070a000000, 0x000000070a200000|  0%| F|  |TAMS 0x000000070a000000, 0x000000070a000000| Untracked 
|  58|0x000000070a200000, 0x000000070a200000, 0x000000070a400000|  0%| F|  |TAMS 0x000000070a200000, 0x000000070a200000| Untracked 
|  59|0x000000070a400000, 0x000000070a400000, 0x000000070a600000|  0%| F|  |TAMS 0x000000070a400000, 0x000000070a400000| Untracked 
|  60|0x000000070a600000, 0x000000070a600000, 0x000000070a800000|  0%| F|  |TAMS 0x000000070a600000, 0x000000070a600000| Untracked 
|  61|0x000000070a800000, 0x000000070a800000, 0x000000070aa00000|  0%| F|  |TAMS 0x000000070a800000, 0x000000070a800000| Untracked 
|  62|0x000000070aa00000, 0x000000070aa00000, 0x000000070ac00000|  0%| F|  |TAMS 0x000000070aa00000, 0x000000070aa00000| Untracked 
|  63|0x000000070ac00000, 0x000000070ac00000, 0x000000070ae00000|  0%| F|  |TAMS 0x000000070ac00000, 0x000000070ac00000| Untracked 
|  64|0x000000070ae00000, 0x000000070ae00000, 0x000000070b000000|  0%| F|  |TAMS 0x000000070ae00000, 0x000000070ae00000| Untracked 
|  65|0x000000070b000000, 0x000000070b000000, 0x000000070b200000|  0%| F|  |TAMS 0x000000070b000000, 0x000000070b000000| Untracked 
|  66|0x000000070b200000, 0x000000070b200000, 0x000000070b400000|  0%| F|  |TAMS 0x000000070b200000, 0x000000070b200000| Untracked 
|  67|0x000000070b400000, 0x000000070b400000, 0x000000070b600000|  0%| F|  |TAMS 0x000000070b400000, 0x000000070b400000| Untracked 
|  68|0x000000070b600000, 0x000000070b600000, 0x000000070b800000|  0%| F|  |TAMS 0x000000070b600000, 0x000000070b600000| Untracked 
|  69|0x000000070b800000, 0x000000070b800000, 0x000000070ba00000|  0%| F|  |TAMS 0x000000070b800000, 0x000000070b800000| Untracked 
|  70|0x000000070ba00000, 0x000000070ba00000, 0x000000070bc00000|  0%| F|  |TAMS 0x000000070ba00000, 0x000000070ba00000| Untracked 
|  71|0x000000070bc00000, 0x000000070bc00000, 0x000000070be00000|  0%| F|  |TAMS 0x000000070bc00000, 0x000000070bc00000| Untracked 
|  72|0x000000070be00000, 0x000000070be00000, 0x000000070c000000|  0%| F|  |TAMS 0x000000070be00000, 0x000000070be00000| Untracked 
|  73|0x000000070c000000, 0x000000070c000000, 0x000000070c200000|  0%| F|  |TAMS 0x000000070c000000, 0x000000070c000000| Untracked 
|  74|0x000000070c200000, 0x000000070c200000, 0x000000070c400000|  0%| F|  |TAMS 0x000000070c200000, 0x000000070c200000| Untracked 
|  75|0x000000070c400000, 0x000000070c400000, 0x000000070c600000|  0%| F|  |TAMS 0x000000070c400000, 0x000000070c400000| Untracked 
|  76|0x000000070c600000, 0x000000070c600000, 0x000000070c800000|  0%| F|  |TAMS 0x000000070c600000, 0x000000070c600000| Untracked 
|  77|0x000000070c800000, 0x000000070c800000, 0x000000070ca00000|  0%| F|  |TAMS 0x000000070c800000, 0x000000070c800000| Untracked 
|  78|0x000000070ca00000, 0x000000070ca00000, 0x000000070cc00000|  0%| F|  |TAMS 0x000000070ca00000, 0x000000070ca00000| Untracked 
|  79|0x000000070cc00000, 0x000000070cc00000, 0x000000070ce00000|  0%| F|  |TAMS 0x000000070cc00000, 0x000000070cc00000| Untracked 
|  80|0x000000070ce00000, 0x000000070ce00000, 0x000000070d000000|  0%| F|  |TAMS 0x000000070ce00000, 0x000000070ce00000| Untracked 
|  81|0x000000070d000000, 0x000000070d200000, 0x000000070d200000|100%| E|  |TAMS 0x000000070d000000, 0x000000070d000000| Complete 
|  82|0x000000070d200000, 0x000000070d400000, 0x000000070d400000|100%| E|CS|TAMS 0x000000070d200000, 0x000000070d200000| Complete 
|  83|0x000000070d400000, 0x000000070d600000, 0x000000070d600000|100%| E|CS|TAMS 0x000000070d400000, 0x000000070d400000| Complete 
|  84|0x000000070d600000, 0x000000070d800000, 0x000000070d800000|100%| E|CS|TAMS 0x000000070d600000, 0x000000070d600000| Complete 
|  85|0x000000070d800000, 0x000000070da00000, 0x000000070da00000|100%| E|CS|TAMS 0x000000070d800000, 0x000000070d800000| Complete 
|  86|0x000000070da00000, 0x000000070dc00000, 0x000000070dc00000|100%| E|CS|TAMS 0x000000070da00000, 0x000000070da00000| Complete 
|  87|0x000000070dc00000, 0x000000070de00000, 0x000000070de00000|100%| E|CS|TAMS 0x000000070dc00000, 0x000000070dc00000| Complete 
|  88|0x000000070de00000, 0x000000070e000000, 0x000000070e000000|100%| E|CS|TAMS 0x000000070de00000, 0x000000070de00000| Complete 
|  89|0x000000070e000000, 0x000000070e200000, 0x000000070e200000|100%| E|CS|TAMS 0x000000070e000000, 0x000000070e000000| Complete 
|  90|0x000000070e200000, 0x000000070e400000, 0x000000070e400000|100%| E|CS|TAMS 0x000000070e200000, 0x000000070e200000| Complete 
|  91|0x000000070e400000, 0x000000070e600000, 0x000000070e600000|100%| E|CS|TAMS 0x000000070e400000, 0x000000070e400000| Complete 
|  92|0x000000070e600000, 0x000000070e800000, 0x000000070e800000|100%| E|CS|TAMS 0x000000070e600000, 0x000000070e600000| Complete 
|  93|0x000000070e800000, 0x000000070ea00000, 0x000000070ea00000|100%| E|CS|TAMS 0x000000070e800000, 0x000000070e800000| Complete 
|  94|0x000000070ea00000, 0x000000070ec00000, 0x000000070ec00000|100%| E|CS|TAMS 0x000000070ea00000, 0x000000070ea00000| Complete 
|  95|0x000000070ec00000, 0x000000070ee00000, 0x000000070ee00000|100%| E|CS|TAMS 0x000000070ec00000, 0x000000070ec00000| Complete 
|  96|0x000000070ee00000, 0x000000070f000000, 0x000000070f000000|100%| E|CS|TAMS 0x000000070ee00000, 0x000000070ee00000| Complete 
|  97|0x000000070f000000, 0x000000070f200000, 0x000000070f200000|100%| E|CS|TAMS 0x000000070f000000, 0x000000070f000000| Complete 
|  98|0x000000070f200000, 0x000000070f400000, 0x000000070f400000|100%| E|CS|TAMS 0x000000070f200000, 0x000000070f200000| Complete 
|  99|0x000000070f400000, 0x000000070f600000, 0x000000070f600000|100%| E|CS|TAMS 0x000000070f400000, 0x000000070f400000| Complete 
| 100|0x000000070f600000, 0x000000070f800000, 0x000000070f800000|100%| E|CS|TAMS 0x000000070f600000, 0x000000070f600000| Complete 
| 101|0x000000070f800000, 0x000000070fa00000, 0x000000070fa00000|100%| E|CS|TAMS 0x000000070f800000, 0x000000070f800000| Complete 
| 102|0x000000070fa00000, 0x000000070fc00000, 0x000000070fc00000|100%| E|CS|TAMS 0x000000070fa00000, 0x000000070fa00000| Complete 
| 103|0x000000070fc00000, 0x000000070fe00000, 0x000000070fe00000|100%| E|CS|TAMS 0x000000070fc00000, 0x000000070fc00000| Complete 
| 104|0x000000070fe00000, 0x0000000710000000, 0x0000000710000000|100%| E|CS|TAMS 0x000000070fe00000, 0x000000070fe00000| Complete 
| 105|0x0000000710000000, 0x0000000710200000, 0x0000000710200000|100%| E|CS|TAMS 0x0000000710000000, 0x0000000710000000| Complete 
| 106|0x0000000710200000, 0x0000000710400000, 0x0000000710400000|100%| E|CS|TAMS 0x0000000710200000, 0x0000000710200000| Complete 
| 107|0x0000000710400000, 0x0000000710600000, 0x0000000710600000|100%| E|CS|TAMS 0x0000000710400000, 0x0000000710400000| Complete 
| 108|0x0000000710600000, 0x0000000710800000, 0x0000000710800000|100%| E|CS|TAMS 0x0000000710600000, 0x0000000710600000| Complete 
| 109|0x0000000710800000, 0x0000000710a00000, 0x0000000710a00000|100%| E|CS|TAMS 0x0000000710800000, 0x0000000710800000| Complete 
| 110|0x0000000710a00000, 0x0000000710c00000, 0x0000000710c00000|100%| E|CS|TAMS 0x0000000710a00000, 0x0000000710a00000| Complete 
| 111|0x0000000710c00000, 0x0000000710e00000, 0x0000000710e00000|100%| E|CS|TAMS 0x0000000710c00000, 0x0000000710c00000| Complete 
| 112|0x0000000710e00000, 0x0000000711000000, 0x0000000711000000|100%| E|CS|TAMS 0x0000000710e00000, 0x0000000710e00000| Complete 
| 113|0x0000000711000000, 0x0000000711200000, 0x0000000711200000|100%| E|CS|TAMS 0x0000000711000000, 0x0000000711000000| Complete 
| 114|0x0000000711200000, 0x0000000711400000, 0x0000000711400000|100%| E|CS|TAMS 0x0000000711200000, 0x0000000711200000| Complete 
| 115|0x0000000711400000, 0x0000000711600000, 0x0000000711600000|100%| E|CS|TAMS 0x0000000711400000, 0x0000000711400000| Complete 
| 116|0x0000000711600000, 0x0000000711800000, 0x0000000711800000|100%| E|CS|TAMS 0x0000000711600000, 0x0000000711600000| Complete 
| 117|0x0000000711800000, 0x0000000711a00000, 0x0000000711a00000|100%| E|CS|TAMS 0x0000000711800000, 0x0000000711800000| Complete 
| 118|0x0000000711a00000, 0x0000000711c00000, 0x0000000711c00000|100%| E|CS|TAMS 0x0000000711a00000, 0x0000000711a00000| Complete 
| 119|0x0000000711c00000, 0x0000000711e00000, 0x0000000711e00000|100%| E|CS|TAMS 0x0000000711c00000, 0x0000000711c00000| Complete 
| 120|0x0000000711e00000, 0x0000000712000000, 0x0000000712000000|100%| E|CS|TAMS 0x0000000711e00000, 0x0000000711e00000| Complete 
| 121|0x0000000712000000, 0x0000000712200000, 0x0000000712200000|100%| E|CS|TAMS 0x0000000712000000, 0x0000000712000000| Complete 
| 122|0x0000000712200000, 0x0000000712400000, 0x0000000712400000|100%| E|CS|TAMS 0x0000000712200000, 0x0000000712200000| Complete 
| 123|0x0000000712400000, 0x0000000712600000, 0x0000000712600000|100%| E|CS|TAMS 0x0000000712400000, 0x0000000712400000| Complete 
| 124|0x0000000712600000, 0x0000000712800000, 0x0000000712800000|100%| E|CS|TAMS 0x0000000712600000, 0x0000000712600000| Complete 
| 125|0x0000000712800000, 0x0000000712a00000, 0x0000000712a00000|100%| E|CS|TAMS 0x0000000712800000, 0x0000000712800000| Complete 
| 126|0x0000000712a00000, 0x0000000712c00000, 0x0000000712c00000|100%| E|CS|TAMS 0x0000000712a00000, 0x0000000712a00000| Complete 

Card table byte_map: [0x000001f364a90000,0x000001f365280000] _byte_map_base: 0x000001f361279000

Marking Bits (Prev, Next): (CMBitMap*) 0x000001f34b393150, (CMBitMap*) 0x000001f34b393190
 Prev Bits: [0x000001f365a70000, 0x000001f3699b8000)
 Next Bits: [0x000001f3699c0000, 0x000001f36d908000)

Polling page: 0x000001f34b0b0000

Metaspace:

Usage:
  Non-class:      8.45 MB used.
      Class:    641.30 KB used.
       Both:      9.08 MB used.

Virtual space:
  Non-class space:       16.00 MB reserved,       8.56 MB ( 54%) committed,  2 nodes.
      Class space:        1.00 GB reserved,     768.00 KB ( <1%) committed,  1 nodes.
             Both:        1.02 GB reserved,       9.31 MB ( <1%) committed. 

Chunk freelists:
   Non-Class:  2.14 MB
       Class:  3.26 MB
        Both:  5.40 MB

MaxMetaspaceSize: unlimited
CompressedClassSpaceSize: 1.00 GB
Initial GC threshold: 21.00 MB
Current GC threshold: 21.00 MB
CDS: on
MetaspaceReclaimPolicy: balanced
 - commit_granule_bytes: 65536.
 - commit_granule_words: 8192.
 - virtual_space_node_default_size: 1048576.
 - enlarge_chunks_in_place: 1.
 - new_chunks_are_fully_committed: 0.
 - uncommit_free_chunks: 1.
 - use_allocation_guard: 0.
 - handle_deallocations: 1.


Internal statistics:

num_allocs_failed_limit: 0.
num_arena_births: 218.
num_arena_deaths: 0.
num_vsnodes_births: 3.
num_vsnodes_deaths: 0.
num_space_committed: 147.
num_space_uncommitted: 0.
num_chunks_returned_to_freelist: 0.
num_chunks_taken_from_freelist: 500.
num_chunk_merges: 0.
num_chunk_splits: 343.
num_chunks_enlarged: 250.
num_purges: 0.
num_inconsistent_stats: 0.

CodeHeap 'non-profiled nmethods': size=120000Kb used=1642Kb max_used=1642Kb free=118357Kb
 bounds [0x000001f35c0c0000, 0x000001f35c330000, 0x000001f3635f0000]
CodeHeap 'profiled nmethods': size=120000Kb used=4307Kb max_used=4307Kb free=115692Kb
 bounds [0x000001f354b90000, 0x000001f354fd0000, 0x000001f35c0c0000]
CodeHeap 'non-nmethods': size=5760Kb used=1756Kb max_used=1831Kb free=4003Kb
 bounds [0x000001f3545f0000, 0x000001f354860000, 0x000001f354b90000]
 total_blobs=3603 nmethods=2368 adapters=1148
 compilation: enabled
              stopped_count=0, restarted_count=0
 full_count=0

Compilation events (20 events):
Event: 4.291 Thread 0x000001f3706406f0 2360       4       engine.renderEngine.shaders.ShaderProgram::loadUniformFloat (21 bytes)
Event: 4.291 Thread 0x000001f3706406f0 nmethod 2360 0x000001f35c259990 code [0x000001f35c259b20, 0x000001f35c259c28]
Event: 4.291 Thread 0x000001f3706406f0 2359       4       java.lang.Long::numberOfTrailingZeros (26 bytes)
Event: 4.292 Thread 0x000001f3706406f0 nmethod 2359 0x000001f35c259d90 code [0x000001f35c259f00, 0x000001f35c259f78]
Event: 4.321 Thread 0x000001f3706406f0 2361       4       java.util.concurrent.ConcurrentHashMap::spread (10 bytes)
Event: 4.321 Thread 0x000001f370641190 2362       3       java.lang.invoke.MethodHandleNatives::refKindIsField (32 bytes)
Event: 4.321 Thread 0x000001f370641190 nmethod 2362 0x000001f354fbf490 code [0x000001f354fbf620, 0x000001f354fbf778]
Event: 4.321 Thread 0x000001f3706406f0 nmethod 2361 0x000001f35c25a390 code [0x000001f35c25a500, 0x000001f35c25a578]
Event: 4.322 Thread 0x000001f3706406f0 2364       4       jdk.internal.org.objectweb.asm.ByteVector::putByte (39 bytes)
Event: 4.322 Thread 0x000001f370641190 2365       3       jdk.internal.access.SharedSecrets::getJavaLangAccess (4 bytes)
Event: 4.322 Thread 0x000001f370641190 nmethod 2365 0x000001f354fbf810 code [0x000001f354fbf9a0, 0x000001f354fbfa98]
Event: 4.322 Thread 0x000001f370641190 2366       3       java.lang.invoke.MethodHandles$Lookup::checkAccess (232 bytes)
Event: 4.322 Thread 0x000001f3706406f0 nmethod 2364 0x000001f35c25a690 code [0x000001f35c25a820, 0x000001f35c25a968]
Event: 4.323 Thread 0x000001f370641190 nmethod 2366 0x000001f354fbfb10 code [0x000001f354fbfe00, 0x000001f354fc0eb8]
Event: 4.323 Thread 0x000001f370641190 2367       3       java.lang.invoke.LambdaFormEditor::getInCache (165 bytes)
Event: 4.323 Thread 0x000001f370641190 nmethod 2367 0x000001f354fc1310 code [0x000001f354fc1580, 0x000001f354fc2498]
Event: 4.345 Thread 0x000001f370641190 2368       3       java.lang.invoke.MethodType::dropParameterTypes (162 bytes)
Event: 4.346 Thread 0x000001f370641190 nmethod 2368 0x000001f354fc2810 code [0x000001f354fc2b00, 0x000001f354fc3aa8]
Event: 4.346 Thread 0x000001f370641190 2369 %     3       org.lwjgl.system.MemoryUtil::encodeUTF8Unsafe @ 14 (226 bytes)
Event: 4.346 Thread 0x000001f370641190 nmethod 2369% 0x000001f354fc3f90 code [0x000001f354fc4200, 0x000001f354fc4b08]

GC Heap History (10 events):
Event: 1.063 GC heap before
{Heap before GC invocations=0 (full 0):
 garbage-first heap   total 260096K, used 20480K [0x0000000702e00000, 0x0000000800000000)
  region size 2048K, 11 young (22528K), 0 survivors (0K)
 Metaspace       used 6798K, committed 6976K, reserved 1056768K
  class space    used 499K, committed 576K, reserved 1048576K
}
Event: 1.066 GC heap after
{Heap after GC invocations=1 (full 0):
 garbage-first heap   total 260096K, used 3623K [0x0000000702e00000, 0x0000000800000000)
  region size 2048K, 2 young (4096K), 2 survivors (4096K)
 Metaspace       used 6798K, committed 6976K, reserved 1056768K
  class space    used 499K, committed 576K, reserved 1048576K
}
Event: 1.103 GC heap before
{Heap before GC invocations=1 (full 0):
 garbage-first heap   total 260096K, used 32295K [0x0000000702e00000, 0x0000000800000000)
  region size 2048K, 16 young (32768K), 2 survivors (4096K)
 Metaspace       used 6824K, committed 6976K, reserved 1056768K
  class space    used 499K, committed 576K, reserved 1048576K
}
Event: 1.107 GC heap after
{Heap after GC invocations=2 (full 0):
 garbage-first heap   total 260096K, used 6569K [0x0000000702e00000, 0x0000000800000000)
  region size 2048K, 2 young (4096K), 2 survivors (4096K)
 Metaspace       used 6824K, committed 6976K, reserved 1056768K
  class space    used 499K, committed 576K, reserved 1048576K
}
Event: 1.326 GC heap before
{Heap before GC invocations=2 (full 0):
 garbage-first heap   total 260096K, used 133545K [0x0000000702e00000, 0x0000000800000000)
  region size 2048K, 64 young (131072K), 2 survivors (4096K)
 Metaspace       used 6853K, committed 7040K, reserved 1056768K
  class space    used 499K, committed 576K, reserved 1048576K
}
Event: 1.339 GC heap after
{Heap after GC invocations=3 (full 0):
 garbage-first heap   total 260096K, used 21856K [0x0000000702e00000, 0x0000000800000000)
  region size 2048K, 8 young (16384K), 8 survivors (16384K)
 Metaspace       used 6853K, committed 7040K, reserved 1056768K
  class space    used 499K, committed 576K, reserved 1048576K
}
Event: 2.691 GC heap before
{Heap before GC invocations=3 (full 0):
 garbage-first heap   total 260096K, used 171360K [0x0000000702e00000, 0x0000000800000000)
  region size 2048K, 76 young (155648K), 8 survivors (16384K)
 Metaspace       used 9076K, committed 9344K, reserved 1064960K
  class space    used 640K, committed 768K, reserved 1048576K
}
Event: 2.703 GC heap after
{Heap after GC invocations=4 (full 0):
 garbage-first heap   total 260096K, used 15364K [0x0000000702e00000, 0x0000000800000000)
  region size 2048K, 1 young (2048K), 1 survivors (2048K)
 Metaspace       used 9076K, committed 9344K, reserved 1064960K
  class space    used 640K, committed 768K, reserved 1048576K
}
Event: 3.763 GC heap before
{Heap before GC invocations=4 (full 0):
 garbage-first heap   total 260096K, used 168964K [0x0000000702e00000, 0x0000000800000000)
  region size 2048K, 76 young (155648K), 1 survivors (2048K)
 Metaspace       used 9240K, committed 9536K, reserved 1064960K
  class space    used 640K, committed 768K, reserved 1048576K
}
Event: 3.766 GC heap after
{Heap after GC invocations=5 (full 0):
 garbage-first heap   total 260096K, used 14417K [0x0000000702e00000, 0x0000000800000000)
  region size 2048K, 1 young (2048K), 1 survivors (2048K)
 Metaspace       used 9240K, committed 9536K, reserved 1064960K
  class space    used 640K, committed 768K, reserved 1048576K
}

Deoptimization events (20 events):
Event: 3.318 Thread 0x000001f34b326890 DEOPT PACKING pc=0x000001f354e7139b sp=0x000000e2719ff200
Event: 3.318 Thread 0x000001f34b326890 DEOPT UNPACKING pc=0x000001f354642b43 sp=0x000000e2719fe790 mode 0
Event: 3.670 Thread 0x000001f34b326890 DEOPT PACKING pc=0x000001f354e095d1 sp=0x000000e2719ff270
Event: 3.670 Thread 0x000001f34b326890 DEOPT UNPACKING pc=0x000001f354642b43 sp=0x000000e2719fe768 mode 0
Event: 4.119 Thread 0x000001f34b326890 Uncommon trap: trap_request=0xffffffde fr.pc=0x000001f35c252c18 relative=0x00000000000004f8
Event: 4.119 Thread 0x000001f34b326890 Uncommon trap: reason=class_check action=maybe_recompile pc=0x000001f35c252c18 method=engine.entities.GameObject.getComponent(Ljava/lang/Class;)Lengine/components/Component; @ 45 c2
Event: 4.119 Thread 0x000001f34b326890 DEOPT PACKING pc=0x000001f35c252c18 sp=0x000000e2719ff690
Event: 4.119 Thread 0x000001f34b326890 DEOPT UNPACKING pc=0x000001f3546423a3 sp=0x000000e2719ff638 mode 2
Event: 4.119 Thread 0x000001f34b326890 Uncommon trap: trap_request=0xffffffde fr.pc=0x000001f35c252c18 relative=0x00000000000004f8
Event: 4.119 Thread 0x000001f34b326890 Uncommon trap: reason=class_check action=maybe_recompile pc=0x000001f35c252c18 method=engine.entities.GameObject.getComponent(Ljava/lang/Class;)Lengine/components/Component; @ 45 c2
Event: 4.119 Thread 0x000001f34b326890 DEOPT PACKING pc=0x000001f35c252c18 sp=0x000000e2719ff690
Event: 4.119 Thread 0x000001f34b326890 DEOPT UNPACKING pc=0x000001f3546423a3 sp=0x000000e2719ff638 mode 2
Event: 4.119 Thread 0x000001f34b326890 Uncommon trap: trap_request=0xffffffde fr.pc=0x000001f35c252c18 relative=0x00000000000004f8
Event: 4.119 Thread 0x000001f34b326890 Uncommon trap: reason=class_check action=maybe_recompile pc=0x000001f35c252c18 method=engine.entities.GameObject.getComponent(Ljava/lang/Class;)Lengine/components/Component; @ 45 c2
Event: 4.119 Thread 0x000001f34b326890 DEOPT PACKING pc=0x000001f35c252c18 sp=0x000000e2719ff690
Event: 4.119 Thread 0x000001f34b326890 DEOPT UNPACKING pc=0x000001f3546423a3 sp=0x000000e2719ff638 mode 2
Event: 4.136 Thread 0x000001f34b326890 Uncommon trap: trap_request=0xffffffde fr.pc=0x000001f35c252c18 relative=0x00000000000004f8
Event: 4.136 Thread 0x000001f34b326890 Uncommon trap: reason=class_check action=maybe_recompile pc=0x000001f35c252c18 method=engine.entities.GameObject.getComponent(Ljava/lang/Class;)Lengine/components/Component; @ 45 c2
Event: 4.136 Thread 0x000001f34b326890 DEOPT PACKING pc=0x000001f35c252c18 sp=0x000000e2719ff690
Event: 4.136 Thread 0x000001f34b326890 DEOPT UNPACKING pc=0x000001f3546423a3 sp=0x000000e2719ff638 mode 2

Classes unloaded (0 events):
No events

Classes redefined (0 events):
No events

Internal exceptions (20 events):
Event: 4.329 Thread 0x000001f34b326890 Exception <a 'java/io/FileNotFoundException'{0x000000070d50ff28}> (0x000000070d50ff28) 
thrown [s\src\hotspot\share\prims\jni.cpp, line 516]
Event: 4.329 Thread 0x000001f34b326890 Exception <a 'java/io/FileNotFoundException'{0x000000070d51b2b8}> (0x000000070d51b2b8) 
thrown [s\src\hotspot\share\prims\jni.cpp, line 516]
Event: 4.329 Thread 0x000001f34b326890 Exception <a 'java/io/FileNotFoundException'{0x000000070d525dd8}> (0x000000070d525dd8) 
thrown [s\src\hotspot\share\prims\jni.cpp, line 516]
Event: 4.330 Thread 0x000001f34b326890 Exception <a 'java/io/FileNotFoundException'{0x000000070d530798}> (0x000000070d530798) 
thrown [s\src\hotspot\share\prims\jni.cpp, line 516]
Event: 4.330 Thread 0x000001f34b326890 Exception <a 'java/io/FileNotFoundException'{0x000000070d53b168}> (0x000000070d53b168) 
thrown [s\src\hotspot\share\prims\jni.cpp, line 516]
Event: 4.330 Thread 0x000001f34b326890 Exception <a 'java/io/FileNotFoundException'{0x000000070d546500}> (0x000000070d546500) 
thrown [s\src\hotspot\share\prims\jni.cpp, line 516]
Event: 4.330 Thread 0x000001f34b326890 Exception <a 'java/io/FileNotFoundException'{0x000000070d551030}> (0x000000070d551030) 
thrown [s\src\hotspot\share\prims\jni.cpp, line 516]
Event: 4.330 Thread 0x000001f34b326890 Exception <a 'java/io/FileNotFoundException'{0x000000070d55b9f0}> (0x000000070d55b9f0) 
thrown [s\src\hotspot\share\prims\jni.cpp, line 516]
Event: 4.330 Thread 0x000001f34b326890 Exception <a 'java/io/FileNotFoundException'{0x000000070d5663c0}> (0x000000070d5663c0) 
thrown [s\src\hotspot\share\prims\jni.cpp, line 516]
Event: 4.331 Thread 0x000001f34b326890 Exception <a 'java/io/FileNotFoundException'{0x000000070d571758}> (0x000000070d571758) 
thrown [s\src\hotspot\share\prims\jni.cpp, line 516]
Event: 4.331 Thread 0x000001f34b326890 Exception <a 'java/io/FileNotFoundException'{0x000000070d57c280}> (0x000000070d57c280) 
thrown [s\src\hotspot\share\prims\jni.cpp, line 516]
Event: 4.331 Thread 0x000001f34b326890 Exception <a 'java/io/FileNotFoundException'{0x000000070d586c40}> (0x000000070d586c40) 
thrown [s\src\hotspot\share\prims\jni.cpp, line 516]
Event: 4.331 Thread 0x000001f34b326890 Exception <a 'java/io/FileNotFoundException'{0x000000070d591610}> (0x000000070d591610) 
thrown [s\src\hotspot\share\prims\jni.cpp, line 516]
Event: 4.331 Thread 0x000001f34b326890 Exception <a 'java/io/FileNotFoundException'{0x000000070d5ad528}> (0x000000070d5ad528) 
thrown [s\src\hotspot\share\prims\jni.cpp, line 516]
Event: 4.331 Thread 0x000001f34b326890 Exception <a 'java/io/FileNotFoundException'{0x000000070d5b7ee8}> (0x000000070d5b7ee8) 
thrown [s\src\hotspot\share\prims\jni.cpp, line 516]
Event: 4.331 Thread 0x000001f34b326890 Exception <a 'java/io/FileNotFoundException'{0x000000070d5c28b8}> (0x000000070d5c28b8) 
thrown [s\src\hotspot\share\prims\jni.cpp, line 516]
Event: 4.332 Thread 0x000001f34b326890 Exception <a 'java/io/FileNotFoundException'{0x000000070d5de958}> (0x000000070d5de958) 
thrown [s\src\hotspot\share\prims\jni.cpp, line 516]
Event: 4.332 Thread 0x000001f34b326890 Exception <a 'java/io/FileNotFoundException'{0x000000070d5e9318}> (0x000000070d5e9318) 
thrown [s\src\hotspot\share\prims\jni.cpp, line 516]
Event: 4.332 Thread 0x000001f34b326890 Exception <a 'java/io/FileNotFoundException'{0x000000070d5f3ce8}> (0x000000070d5f3ce8) 
thrown [s\src\hotspot\share\prims\jni.cpp, line 516]
Event: 4.346 Thread 0x000001f34b326890 Exception <a 'java/io/FileNotFoundException'{0x000000070d1b6b58}> (0x000000070d1b6b58) 
thrown [s\src\hotspot\share\prims\jni.cpp, line 516]

VM Operations (20 events):
Event: 0.787 Executing VM operation: HandshakeAllThreads
Event: 0.787 Executing VM operation: HandshakeAllThreads done
Event: 0.859 Executing VM operation: HandshakeAllThreads
Event: 0.859 Executing VM operation: HandshakeAllThreads done
Event: 0.870 Executing VM operation: ICBufferFull
Event: 0.870 Executing VM operation: ICBufferFull done
Event: 1.063 Executing VM operation: G1CollectForAllocation
Event: 1.066 Executing VM operation: G1CollectForAllocation done
Event: 1.103 Executing VM operation: G1CollectForAllocation
Event: 1.107 Executing VM operation: G1CollectForAllocation done
Event: 1.326 Executing VM operation: G1CollectForAllocation
Event: 1.339 Executing VM operation: G1CollectForAllocation done
Event: 2.341 Executing VM operation: Cleanup
Event: 2.341 Executing VM operation: Cleanup done
Event: 2.691 Executing VM operation: G1CollectForAllocation
Event: 2.703 Executing VM operation: G1CollectForAllocation done
Event: 3.717 Executing VM operation: Cleanup
Event: 3.717 Executing VM operation: Cleanup done
Event: 3.763 Executing VM operation: G1CollectForAllocation
Event: 3.766 Executing VM operation: G1CollectForAllocation done

Events (20 events):
Event: 2.451 loading class java/util/stream/Node$OfInt done
Event: 2.451 loading class java/util/stream/Nodes$EmptyNode$OfInt done
Event: 2.451 loading class java/util/stream/Nodes$EmptyNode$OfLong
Event: 2.451 loading class java/util/stream/Node$OfLong
Event: 2.451 loading class java/util/stream/Node$OfLong done
Event: 2.451 loading class java/util/stream/Nodes$EmptyNode$OfLong done
Event: 2.451 loading class java/util/stream/Nodes$EmptyNode$OfDouble
Event: 2.452 loading class java/util/stream/Node$OfDouble
Event: 2.452 loading class java/util/stream/Node$OfDouble done
Event: 2.452 loading class java/util/stream/Nodes$EmptyNode$OfDouble done
Event: 2.452 loading class java/util/stream/Nodes$FixedNodeBuilder
Event: 2.452 loading class java/util/stream/Node$Builder
Event: 2.452 loading class java/util/stream/Node$Builder done
Event: 2.452 loading class java/util/stream/Nodes$ArrayNode
Event: 2.452 loading class java/util/stream/Nodes$ArrayNode done
Event: 2.452 loading class java/util/stream/Nodes$FixedNodeBuilder done
Event: 2.501 Thread 0x000001f379860390 Thread added: 0x000001f379860390
Event: 2.613 Thread 0x000001f379861ce0 Thread added: 0x000001f379861ce0
Event: 3.972 Thread 0x000001f379861ce0 Thread exited: 0x000001f379861ce0
Event: 4.092 Thread 0x000001f379860390 Thread exited: 0x000001f379860390


Dynamic libraries:
0x00007ff6869c0000 - 0x00007ff6869cd000 	C:\Users\Kirill\.jdks\corretto-17.0.4.1\bin\java.exe
0x00007ffc4b830000 - 0x00007ffc4ba28000 	C:\WINDOWS\SYSTEM32\ntdll.dll
0x00007ffc4b680000 - 0x00007ffc4b73f000 	C:\WINDOWS\System32\KERNEL32.DLL
0x00007ffc49490000 - 0x00007ffc49762000 	C:\WINDOWS\System32\KERNELBASE.dll
0x00007ffc49770000 - 0x00007ffc49870000 	C:\WINDOWS\System32\ucrtbase.dll
0x00007ffc36df0000 - 0x00007ffc36e08000 	C:\Users\Kirill\.jdks\corretto-17.0.4.1\bin\jli.dll
0x00007ffc36cb0000 - 0x00007ffc36cc5000 	C:\Users\Kirill\.jdks\corretto-17.0.4.1\bin\VCRUNTIME140.dll
0x00007ffc4b070000 - 0x00007ffc4b211000 	C:\WINDOWS\System32\USER32.dll
0x00007ffc49190000 - 0x00007ffc491b2000 	C:\WINDOWS\System32\win32u.dll
0x00007ffc482b0000 - 0x00007ffc4854a000 	C:\WINDOWS\WinSxS\amd64_microsoft.windows.common-controls_6595b64144ccf1df_6.0.19041.1110_none_60b5254171f9507e\COMCTL32.dll
0x00007ffc4add0000 - 0x00007ffc4adfb000 	C:\WINDOWS\System32\GDI32.dll
0x00007ffc4a900000 - 0x00007ffc4a99e000 	C:\WINDOWS\System32\msvcrt.dll
0x00007ffc49330000 - 0x00007ffc4943f000 	C:\WINDOWS\System32\gdi32full.dll
0x00007ffc490f0000 - 0x00007ffc4918d000 	C:\WINDOWS\System32\msvcp_win.dll
0x00007ffc4ac00000 - 0x00007ffc4ac32000 	C:\WINDOWS\System32\IMM32.DLL
0x00007ffc01af0000 - 0x00007ffc01b8b000 	C:\Users\Kirill\.jdks\corretto-17.0.4.1\bin\msvcp140.dll
0x00007ffbfd180000 - 0x00007ffbfdd94000 	C:\Users\Kirill\.jdks\corretto-17.0.4.1\bin\server\jvm.dll
0x00007ffc4aad0000 - 0x00007ffc4ab7e000 	C:\WINDOWS\System32\ADVAPI32.dll
0x00007ffc4ae00000 - 0x00007ffc4ae9c000 	C:\WINDOWS\System32\sechost.dll
0x00007ffc4a6b0000 - 0x00007ffc4a7d5000 	C:\WINDOWS\System32\RPCRT4.dll
0x00007ffc4afd0000 - 0x00007ffc4afd8000 	C:\WINDOWS\System32\PSAPI.DLL
0x00007ffc31bd0000 - 0x00007ffc31bf7000 	C:\WINDOWS\SYSTEM32\WINMM.dll
0x00007ffc367d0000 - 0x00007ffc367d9000 	C:\WINDOWS\SYSTEM32\WSOCK32.dll
0x00007ffc42cf0000 - 0x00007ffc42cfa000 	C:\WINDOWS\SYSTEM32\VERSION.dll
0x00007ffc4ab80000 - 0x00007ffc4abeb000 	C:\WINDOWS\System32\WS2_32.dll
0x00007ffc46000000 - 0x00007ffc46012000 	C:\WINDOWS\SYSTEM32\kernel.appcore.dll
0x00007ffc322f0000 - 0x00007ffc322fa000 	C:\Users\Kirill\.jdks\corretto-17.0.4.1\bin\jimage.dll
0x00007ffc48840000 - 0x00007ffc48a24000 	C:\WINDOWS\SYSTEM32\DBGHELP.DLL
0x00007ffc48660000 - 0x00007ffc48695000 	C:\WINDOWS\SYSTEM32\dbgcore.DLL
0x00007ffc492a0000 - 0x00007ffc49322000 	C:\WINDOWS\System32\bcryptPrimitives.dll
0x00007ffc1b670000 - 0x00007ffc1b695000 	C:\Users\Kirill\.jdks\corretto-17.0.4.1\bin\java.dll
0x00007ffc01080000 - 0x00007ffc01156000 	C:\Users\Kirill\.jdks\corretto-17.0.4.1\bin\jsvml.dll
0x00007ffc49e90000 - 0x00007ffc4a5d4000 	C:\WINDOWS\System32\SHELL32.dll
0x00007ffc46300000 - 0x00007ffc46a92000 	C:\WINDOWS\SYSTEM32\windows.storage.dll
0x00007ffc4b220000 - 0x00007ffc4b575000 	C:\WINDOWS\System32\combase.dll
0x00007ffc48210000 - 0x00007ffc48240000 	C:\WINDOWS\SYSTEM32\Wldp.dll
0x00007ffc4ac40000 - 0x00007ffc4aced000 	C:\WINDOWS\System32\SHCORE.dll
0x00007ffc4a650000 - 0x00007ffc4a6a5000 	C:\WINDOWS\System32\shlwapi.dll
0x00007ffc48e60000 - 0x00007ffc48e7f000 	C:\WINDOWS\SYSTEM32\profapi.dll
0x00007ffc1b650000 - 0x00007ffc1b669000 	C:\Users\Kirill\.jdks\corretto-17.0.4.1\bin\net.dll
0x00007ffc41d10000 - 0x00007ffc41e1c000 	C:\WINDOWS\SYSTEM32\WINHTTP.dll
0x00007ffc480e0000 - 0x00007ffc4814a000 	C:\WINDOWS\system32\mswsock.dll
0x00007ffc0c740000 - 0x00007ffc0c755000 	C:\Users\Kirill\.jdks\corretto-17.0.4.1\bin\nio.dll
0x00007ffc0c720000 - 0x00007ffc0c738000 	C:\Users\Kirill\.jdks\corretto-17.0.4.1\bin\zip.dll
0x00007ffc21dd0000 - 0x00007ffc21de0000 	C:\Users\Kirill\.jdks\corretto-17.0.4.1\bin\verify.dll
0x00007ffc013f0000 - 0x00007ffc01465000 	C:\Users\Kirill\AppData\Local\Temp\lwjglKirill\3.3.1-SNAPSHOT\lwjgl.dll
0x00007ffc01380000 - 0x00007ffc013e1000 	C:\Users\Kirill\AppData\Local\Temp\lwjglKirill\3.3.1-SNAPSHOT\glfw.dll
0x00007ffc3b070000 - 0x00007ffc3b0b5000 	C:\WINDOWS\SYSTEM32\dinput8.dll
0x00007ffc3b1c0000 - 0x00007ffc3b1d1000 	C:\WINDOWS\SYSTEM32\xinput1_4.dll
0x00007ffc49440000 - 0x00007ffc4948e000 	C:\WINDOWS\System32\cfgmgr32.dll
0x00007ffc48c60000 - 0x00007ffc48c8c000 	C:\WINDOWS\SYSTEM32\DEVOBJ.dll
0x00007ffc45df0000 - 0x00007ffc45e1f000 	C:\WINDOWS\SYSTEM32\dwmapi.dll
0x00007ffc3a930000 - 0x00007ffc3aa82000 	C:\WINDOWS\SYSTEM32\inputhost.dll
0x00007ffc4a9a0000 - 0x00007ffc4aa6d000 	C:\WINDOWS\System32\OLEAUT32.dll
0x00007ffc45710000 - 0x00007ffc45802000 	C:\WINDOWS\SYSTEM32\CoreMessaging.dll
0x00007ffc44ce0000 - 0x00007ffc44e34000 	C:\WINDOWS\SYSTEM32\wintypes.dll
0x00007ffc43d80000 - 0x00007ffc43e76000 	C:\WINDOWS\SYSTEM32\PROPSYS.dll
0x00007ffc453b0000 - 0x00007ffc4570e000 	C:\WINDOWS\SYSTEM32\CoreUIComponents.dll
0x00007ffc48c00000 - 0x00007ffc48c33000 	C:\WINDOWS\SYSTEM32\ntmarta.dll
0x00007ffc45c10000 - 0x00007ffc45cae000 	C:\WINDOWS\system32\uxtheme.dll
0x00007ffc4a7e0000 - 0x00007ffc4a8f5000 	C:\WINDOWS\System32\MSCTF.dll
0x00007ffc3a0c0000 - 0x00007ffc3a1e5000 	C:\WINDOWS\SYSTEM32\opengl32.dll
0x00007ffc3bc70000 - 0x00007ffc3bc9c000 	C:\WINDOWS\SYSTEM32\GLU32.dll
0x00007ffc4b740000 - 0x00007ffc4b7ef000 	C:\WINDOWS\System32\clbcatq.dll
0x00007ffbe04f0000 - 0x00007ffbe1595000 	C:\WINDOWS\System32\DriverStore\FileRepository\iigd_dch.inf_amd64_51f685305808e3a5\ig9icd64.dll
0x00007ffc4aea0000 - 0x00007ffc4afca000 	C:\WINDOWS\System32\ole32.dll
0x00007ffc47290000 - 0x00007ffc47383000 	C:\WINDOWS\system32\dxgi.dll
0x00007ffc00590000 - 0x00007ffc006bc000 	C:\WINDOWS\System32\DriverStore\FileRepository\iigd_dch.inf_amd64_51f685305808e3a5\igdml64.dll
0x00007ffc3fb60000 - 0x00007ffc3ff69000 	C:\WINDOWS\System32\DriverStore\FileRepository\iigd_dch.inf_amd64_51f685305808e3a5\igdgmm64.dll
0x00007ffc3beb0000 - 0x00007ffc3f644000 	C:\WINDOWS\System32\DriverStore\FileRepository\iigd_dch.inf_amd64_51f685305808e3a5\igc64.dll
0x00007ffc48ce0000 - 0x00007ffc48d2b000 	C:\WINDOWS\SYSTEM32\powrprof.dll
0x00007ffc48cc0000 - 0x00007ffc48cd2000 	C:\WINDOWS\SYSTEM32\UMPDC.dll
0x00007ffc3a830000 - 0x00007ffc3a929000 	C:\WINDOWS\SYSTEM32\textinputframework.dll
0x00007ffc01320000 - 0x00007ffc0137d000 	C:\Users\Kirill\AppData\Local\Temp\lwjglKirill\3.3.1-SNAPSHOT\lwjgl_opengl.dll
0x0000000064a00000 - 0x000000006580f000 	C:\Users\Kirill\AppData\Local\Temp\imgui-java-natives_1673341398560\imgui-java64.dll
0x00007ffc46aa0000 - 0x00007ffc46aad000 	C:\WINDOWS\SYSTEM32\HID.DLL
0x00007ffc49870000 - 0x00007ffc49cd8000 	C:\WINDOWS\System32\SETUPAPI.DLL
0x00007ffc49270000 - 0x00007ffc49297000 	C:\WINDOWS\System32\bcrypt.dll
0x00007ffc49080000 - 0x00007ffc490e9000 	C:\WINDOWS\System32\WINTRUST.dll
0x00007ffc48f20000 - 0x00007ffc49076000 	C:\WINDOWS\System32\CRYPT32.dll
0x00007ffc48640000 - 0x00007ffc48652000 	C:\WINDOWS\SYSTEM32\MSASN1.dll
0x00007ffc00500000 - 0x00007ffc00581000 	C:\Users\Kirill\AppData\Local\Temp\lwjglKirill\3.3.1-SNAPSHOT\lwjgl_stb.dll

dbghelp: loaded successfully - version: 4.0.5 - missing functions: none
symbol engine: initialized successfully - sym options: 0x614 - pdb path: .;C:\Users\Kirill\.jdks\corretto-17.0.4.1\bin;C:\WINDOWS\SYSTEM32;C:\WINDOWS\WinSxS\amd64_microsoft.windows.common-controls_6595b64144ccf1df_6.0.19041.1110_none_60b5254171f9507e;C:\Users\Kirill\.jdks\corretto-17.0.4.1\bin\server;C:\Users\Kirill\AppData\Local\Temp\lwjglKirill\3.3.1-SNAPSHOT;C:\WINDOWS\System32\DriverStore\FileRepository\iigd_dch.inf_amd64_51f685305808e3a5;C:\Users\Kirill\AppData\Local\Temp\imgui-java-natives_1673341398560

VM Arguments:
jvm_args: -Dfile.encoding=windows-1251 -Duser.country=RU -Duser.language=ru -Duser.variant 
java_command: Main
java_class_path (initial): C:\_Files\Projects\Java\_GameEngine3\build\classes\java\main;C:\_Files\Projects\Java\_GameEngine3\build\resources\main;C:\Users\Kirill\.gradle\caches\modules-2\files-2.1\org.apache.commons\commons-lang3\3.0\8873bd0bb5cb9ee37f1b04578eb7e26fcdd44cb0\commons-lang3-3.0.jar;C:\Users\Kirill\.gradle\caches\modules-2\files-2.1\commons-io\commons-io\2.0.1\7ffdb02f95af1c1a208544e076cea5b8e66e731a\commons-io-2.0.1.jar;C:\Users\Kirill\.gradle\caches\modules-2\files-2.1\org.reflections\reflections\0.10.2\b638d7ca0e0fe0146b60a0e7ba232ad852a73b31\reflections-0.10.2.jar;C:\Users\Kirill\.gradle\caches\modules-2\files-2.1\org.jetbrains\annotations\20.1.0\2fcd1f3225bca0c4a7bc931142076f8c1e80993f\annotations-20.1.0.jar;C:\_Files\Projects\Java\_GameEngine3\libs\PNGDecoder.jar;C:\Users\Kirill\.gradle\caches\modules-2\files-2.1\com.github.tehleo\junionc\1.1.1\df8a242e6827e044718421574b332e4b86bfa517\junionc-1.1.1.jar;C:\_Files\Projects\Java\_GameEngine3\libs\jbox2d-library.jar;C:\_Files\Projects\Java\_GameEngine3\libs\slick-util.jar;C:\_Files\Projects\Java\_GameEngine3\libs\obj-0.3.0.jar;C:\Users\Kirill\.gradle\caches\modules-2\files-2.1\junit\junit\4.13\e49ccba652b735c93bd6e6f59760d8254cf597dd\junit-4.13.jar;C:\Users\Kirill\.gradle\caches\modules-2\files-2.1\io.github.spair\imgui-java-app\1.86.4\23a06b57a93761cd02b242051e9117bac40d0f7\imgui-java-app-1.86.4.jar;C:\Users\Kirill\.gradle\caches\modules-2\files-2.1\io.github.spair\imgui-java-lwjgl3\1.86.4\a538b7aa58be1c26e0dfe0b5395aaf58cb24e3dd\imgui-java-lwjgl3-1.86.4.jar;C:\Users\Kirill\.gradle\caches\modules-2\files-2.1\io.github.spair\imgui-java-binding\1.86.4\f97d32963ed5988b19f725d6c7d9946091cc3ba7\imgui-java-binding-1.86.4.jar;C:\Users\Kirill\.gradle\caches\modules-2\files-2.1\io.github.spair\imgui-java-natives-windows\1.86.0\b9c0aa0ebf251dbebe0dd7c39499f95cbe03d88\imgui-java-natives-windows-1.86.0.jar;C:\Users\Kirill\.gradle\caches\modules-2\files-2.1\com.google.code.gson\gson\2.9.1\2cc2131b98ebfb04e2b2c7
Launcher Type: SUN_STANDARD

[Global flags]
     intx CICompilerCount                          = 4                                         {product} {ergonomic}
     uint ConcGCThreads                            = 3                                         {product} {ergonomic}
     uint G1ConcRefinementThreads                  = 10                                        {product} {ergonomic}
   size_t G1HeapRegionSize                         = 2097152                                   {product} {ergonomic}
    uintx GCDrainStackTargetSize                   = 64                                        {product} {ergonomic}
   size_t InitialHeapSize                          = 266338304                                 {product} {ergonomic}
   size_t MarkStackSize                            = 4194304                                   {product} {ergonomic}
   size_t MaxHeapSize                              = 4246732800                                {product} {ergonomic}
   size_t MaxNewSize                               = 2548039680                                {product} {ergonomic}
   size_t MinHeapDeltaBytes                        = 2097152                                   {product} {ergonomic}
   size_t MinHeapSize                              = 8388608                                   {product} {ergonomic}
    uintx NonNMethodCodeHeapSize                   = 5839372                                {pd product} {ergonomic}
    uintx NonProfiledCodeHeapSize                  = 122909434                              {pd product} {ergonomic}
    uintx ProfiledCodeHeapSize                     = 122909434                              {pd product} {ergonomic}
    uintx ReservedCodeCacheSize                    = 251658240                              {pd product} {ergonomic}
     bool SegmentedCodeCache                       = true                                      {product} {ergonomic}
   size_t SoftMaxHeapSize                          = 4246732800                             {manageable} {ergonomic}
     bool UseCompressedClassPointers               = true                           {product lp64_product} {ergonomic}
     bool UseCompressedOops                        = true                           {product lp64_product} {ergonomic}
     bool UseG1GC                                  = true                                      {product} {ergonomic}
     bool UseLargePagesIndividualAllocation        = false                                  {pd product} {ergonomic}

Logging:
Log output configuration:
 #0: stdout all=warning uptime,level,tags
 #1: stderr all=off uptime,level,tags

Environment Variables:
PATH=C:\Program Files\Common Files\Oracle\Java\javapath;C:\Program Files\Python310\Scripts\;C:\Program Files\Python310\;C:\WINDOWS\system32;C:\WINDOWS;C:\WINDOWS\System32\Wbem;C:\WINDOWS\System32\WindowsPowerShell\v1.0\;C:\WINDOWS\System32\OpenSSH\;C:\Program Files\dotnet\;C:\Program Files\Git\cmd;C:\Program Files\Java\jdk-18.0.2.1\bin;C:\Users\Kirill\AppData\Local\Microsoft\WindowsApps;C:\Program Files\JetBrains\PyCharm Community Edition 2022.2\bin;;C:\Users\Kirill\AppData\Local\Programs\Microsoft VS Code\bin;C:\Program Files\JetBrains\IntelliJ IDEA Community Edition 2022.2.1\bin;;C:\Program Files\Java\jdk-18.0.2.1\bin;
USERNAME=Kirill
OS=Windows_NT
PROCESSOR_IDENTIFIER=Intel64 Family 6 Model 165 Stepping 3, GenuineIntel
TMP=C:\Users\Kirill\AppData\Local\Temp
TEMP=C:\Users\Kirill\AppData\Local\Temp



---------------  S Y S T E M  ---------------

OS:
 Windows 10 , 64 bit Build 19041 (10.0.19041.2364)
OS uptime: 13 days 1:13 hours

CPU: total 12 (initial active 12) (6 cores per cpu, 2 threads per core) family 6 model 165 stepping 3 microcode 0xe0, cx8, cmov, fxsr, ht, mmx, 3dnowpref, sse, sse2, sse3, ssse3, sse4.1, sse4.2, popcnt, lzcnt, tsc, tscinvbit, avx, avx2, aes, erms, clmul, bmi1, bmi2, adx, fma, vzeroupper, clflush, clflushopt

Memory: 4k page, system-wide physical 16196M (6174M free)
TotalPageFile size 19603M (AvailPageFile size 6980M)
current process WorkingSet (physical memory assigned to process): 1018M, peak: 1019M
current process commit charge ("private bytes"): 990M, peak: 990M

vm_info: OpenJDK 64-Bit Server VM (17.0.4.1+9-LTS) for windows-amd64 JRE (17.0.4.1+9-LTS), built on Aug 12 2022 17:33:36 by "Administrator" with MS VC++ 15.9 (VS2017)

END.
