#
# A fatal error has been detected by the Java Runtime Environment:
#
#  EXCEPTION_ACCESS_VIOLATION (0xc0000005) at pc=0x0000000064b49509, pid=3604, tid=12888
#
# JRE version: OpenJDK Runtime Environment Corretto-17.0.4.9.1 (17.0.4.1+9) (build 17.0.4.1+9-LTS)
# Java VM: OpenJDK 64-Bit Server VM Corretto-17.0.4.9.1 (17.0.4.1+9-LTS, mixed mode, sharing, tiered, compressed oops, compressed class ptrs, g1 gc, windows-amd64)
# Problematic frame:
# C  [imgui-java64.dll+0x149509]
#
# No core dump will be written. Minidumps are not enabled by default on client versions of Windows
#
# If you would like to submit a bug report, please visit:
#   https://github.com/corretto/corretto-17/issues/
# The crash happened outside the Java Virtual Machine in native code.
# See problematic frame for where to report the bug.
#

---------------  S U M M A R Y ------------

Command Line: -Dfile.encoding=windows-1251 -Duser.country=RU -Duser.language=ru -Duser.variant Main

Host: Intel(R) Core(TM) i5-10400 CPU @ 2.90GHz, 12 cores, 15G,  Windows 10 , 64 bit Build 19041 (10.0.19041.2364)
Time: Wed Jan 11 14:08:19 2023  Windows 10 , 64 bit Build 19041 (10.0.19041.2364) elapsed time: 2.467267 seconds (0d 0h 0m 2s)

---------------  T H R E A D  ---------------

Current thread (0x000001db4aa067f0):  JavaThread "main" [_thread_in_native, id=12888, stack(0x0000000100600000,0x0000000100700000)]

Stack: [0x0000000100600000,0x0000000100700000],  sp=0x00000001006fee90,  free space=1019k
Native frames: (J=compiled Java code, j=interpreted, Vv=VM code, C=native code)
C  [imgui-java64.dll+0x149509]

Java frames: (J=compiled Java code, j=interpreted, Vv=VM code)
j  imgui.extension.imnodes.ImNodes.beginNodeEditor()V+0
j  engine.imGui.ImGuiLayer.update()V+136
j  Main.main([Ljava/lang/String;)V+407
v  ~StubRoutines::call_stub

siginfo: EXCEPTION_ACCESS_VIOLATION (0xc0000005), reading address 0x0000000000000070


Register to memory mapping:

RIP=0x0000000064b49509 imgui-java64.dll
RAX=0x0 is NULL
RBX={method} {0x000001db7d9b0cb0} 'beginNodeEditor' '()V' in 'imgui/extension/imnodes/ImNodes'
RCX=0x000001db4aa06a98 points into unknown readable memory: 0x000001db6edfa020 | 20 a0 df 6e db 01 00 00
RDX=0x00000001006fefd0 is pointing into the stack for thread: 0x000001db4aa067f0
RSP=0x00000001006fee90 is pointing into the stack for thread: 0x000001db4aa067f0
RBP=0x00000001006fefc0 is pointing into the stack for thread: 0x000001db4aa067f0
RSI=0x0000000000000110 is an unknown value
RDI=0x000001db525194fe is at code_begin+1118 in an Interpreter codelet
return entry points  [0x000001db525190a0, 0x000001db52519ba0]  2816 bytes
R8 =0x0000000000000002 is an unknown value
R9 =0x0000000000000002 is an unknown value
R10=0x000001db5251d5f2 is at code_begin+946 in an Interpreter codelet
method entry point (kind = native)  [0x000001db5251d240, 0x000001db5251dbc0]  2432 bytes
R11=0x000000070c3f8f90 is an oop: java.lang.Class 
{0x000000070c3f8f90} - klass: 'java/lang/Class'
 - ---- fields (total size 15 words):
 - private volatile transient 'classRedefinedCount' 'I' @12  0
 - private volatile transient 'cachedConstructor' 'Ljava/lang/reflect/Constructor;' @40  NULL (0)
 - private transient 'name' 'Ljava/lang/String;' @44  "imgui.extension.imnodes.ImNodes"{0x000000070c3f9018} (e187f203)
 - private transient 'module' 'Ljava/lang/Module;' @48  a 'java/lang/Module'{0x0000000702e1c480} (e05c3890)
 - private final 'classLoader' 'Ljava/lang/ClassLoader;' @52  a 'jdk/internal/loader/ClassLoaders$AppClassLoader'{0x0000000702e00e60} (e05c01cc)
 - private transient 'classData' 'Ljava/lang/Object;' @56  NULL (0)
 - private transient 'packageName' 'Ljava/lang/String;' @60  "imgui.extension.imnodes"{0x000000070c3f4d78} (e187e9af)
 - private final 'componentType' 'Ljava/lang/Class;' @64  NULL (0)
 - private volatile transient 'reflectionData' 'Ljava/lang/ref/SoftReference;' @68  NULL (0)
 - private volatile transient 'genericInfo' 'Lsun/reflect/generics/repository/ClassRepository;' @72  NULL (0)
 - private volatile transient 'enumConstants' '[Ljava/lang/Object;' @76  NULL (0)
 - private volatile transient 'enumConstantDirectory' 'Ljava/util/Map;' @80  NULL (0)
 - private volatile transient 'annotationData' 'Ljava/lang/Class$AnnotationData;' @84  NULL (0)
 - private volatile transient 'annotationType' 'Lsun/reflect/annotation/AnnotationType;' @88  NULL (0)
 - transient 'classValueMap' 'Ljava/lang/ClassValue$ClassValueMap;' @92  NULL (0)
 - signature: Limgui/extension/imnodes/ImNodes;
 - fake entry for mirror: 'imgui/extension/imnodes/ImNodes'
 - fake entry for array: NULL
 - fake entry for oop_size: 15
 - fake entry for static_oop_field_count: 1
 - private static final 'STYLE' 'Limgui/extension/imnodes/ImNodesStyle;' @112  a 'imgui/extension/imnodes/ImNodesStyle'{0x000000070c3fb520} (e187f6a4)
R12=0x0 is NULL
R13={method} {0x000001db7d9b0cb0} 'beginNodeEditor' '()V' in 'imgui/extension/imnodes/ImNodes'
R14=0x00000001006fefd8 is pointing into the stack for thread: 0x000001db4aa067f0
R15=0x000001db4aa067f0 is a thread


Registers:
RAX=0x0000000000000000, RBX=0x000001db7d9b0ca8, RCX=0x000001db4aa06a98, RDX=0x00000001006fefd0
RSP=0x00000001006fee90, RBP=0x00000001006fefc0, RSI=0x0000000000000110, RDI=0x000001db525194fe
R8 =0x0000000000000002, R9 =0x0000000000000002, R10=0x000001db5251d5f2, R11=0x000000070c3f8f90
R12=0x0000000000000000, R13=0x000001db7d9b0ca8, R14=0x00000001006fefd8, R15=0x000001db4aa067f0
RIP=0x0000000064b49509, EFLAGS=0x0000000000010206

Top of Stack: (sp=0x00000001006fee90)
0x00000001006fee90:   000090607d491b02 00007ffbf303f359
0x00000001006feea0:   000001db7d9b0ca8 0000000000000000
0x00000001006feeb0:   000001db525194fe 0000000000000000
0x00000001006feec0:   000001db4aa067f0 000001db4aa067f0
0x00000001006feed0:   000000070c7de158 0000000000000000
0x00000001006feee0:   000000070c7abbd0 0000000000000000
0x00000001006feef0:   00000000e18f576e 0000000000000000
0x00000001006fef00:   00000000e18f5772 0000000000000000
0x00000001006fef10:   0000000000000001 0000000000000000
0x00000001006fef20:   00000000e18f5776 0000000000000000
0x00000001006fef30:   000001db7d9b0ca8 0000000000000110
0x00000001006fef40:   000001db525194fe 000001db5251d621
0x00000001006fef50:   000001db7d9b0ca8 0000000000000110
0x00000001006fef60:   000001db6e6950d1 00000001006fefd8
0x00000001006fef70:   000001db5251d2f6 00000001006fef78
0x00000001006fef80:   000001db7d9b0ca8 00000001006fefd8 

Instructions: (pc=0x0000000064b49509)
0x0000000064b49409:   f8 f8 ff 48 89 88 e8 00 00 00 48 b9 42 96 fa f2
0x0000000064b49419:   42 96 fa a0 48 89 88 00 01 00 00 48 b9 42 96 fa
0x0000000064b49429:   ff 5a aa fa 1e 48 89 88 08 01 00 00 48 b9 5a aa
0x0000000064b49439:   fa 96 e1 e1 e1 ff 48 89 88 10 01 00 00 48 b9 b4
0x0000000064b49449:   b4 b4 64 19 19 19 64 48 89 88 18 01 00 00 48 b9
0x0000000064b49459:   19 19 19 c8 96 96 96 64 48 89 90 f0 00 00 00 48
0x0000000064b49469:   ba 42 96 fa 64 42 96 fa f2 48 89 88 20 01 00 00
0x0000000064b49479:   48 b9 96 96 96 c8 c8 c8 c8 64 48 89 90 f8 00 00
0x0000000064b49489:   00 48 89 88 28 01 00 00 48 81 c1 32 32 5a 37 48
0x0000000064b49499:   89 90 3c 01 00 00 48 ba c8 c8 c8 19 c8 c8 c8 c8
0x0000000064b494a9:   c7 80 dc 00 00 00 f0 f0 f0 ff 48 89 88 34 01 00
0x0000000064b494b9:   00 48 89 90 44 01 00 00 c3 66 66 2e 0f 1f 84 00
0x0000000064b494c9:   00 00 00 00 0f 1f 00 57 56 53 48 81 ec a0 00 00
0x0000000064b494d9:   00 0f 11 74 24 40 0f 11 7c 24 50 44 0f 11 44 24
0x0000000064b494e9:   60 44 0f 11 4c 24 70 44 0f 11 94 24 80 00 00 00
0x0000000064b494f9:   44 0f 11 9c 24 90 00 00 00 48 8b 05 97 6b 47 00
0x0000000064b49509:   83 78 70 01 74 21 41 b8 4d 08 00 00 48 8d 15 04
0x0000000064b49519:   95 3e 00 48 8d 0d 3d 98 3e 00 ff 15 ef e1 cb 00
0x0000000064b49529:   48 8b 05 70 6b 47 00 48 8b 70 08 c7 40 70 02 00
0x0000000064b49539:   00 00 48 85 f6 0f 84 b4 04 00 00 48 b8 ff ff 7f
0x0000000064b49549:   7f ff ff 7f 7f 4c 63 46 10 48 c7 86 d8 00 00 00
0x0000000064b49559:   00 00 00 00 48 89 86 e0 00 00 00 48 b8 00 00 80
0x0000000064b49569:   00 00 00 80 00 48 89 86 e8 00 00 00 c6 86 30 01
0x0000000064b49579:   00 00 00 45 85 c0 0f 85 1b 03 00 00 4c 63 46 50
0x0000000064b49589:   45 85 c0 0f 85 fe 02 00 00 4c 63 86 90 00 00 00
0x0000000064b49599:   45 85 c0 0f 85 d6 02 00 00 48 8b 1d f7 6a 47 00
0x0000000064b495a9:   48 c7 83 a4 01 00 00 ff ff ff ff 48 8b 4b 40 48
0x0000000064b495b9:   c7 83 ac 01 00 00 ff ff ff ff c7 83 b4 01 00 00
0x0000000064b495c9:   ff ff ff ff 48 85 c9 74 1c 48 c7 43 38 00 00 00
0x0000000064b495d9:   00 e8 a1 52 f0 ff 48 c7 43 40 00 00 00 00 48 8b
0x0000000064b495e9:   1d b2 6a 47 00 c7 83 b8 01 00 00 00 00 00 00 e8
0x0000000064b495f9:   c3 58 f0 ff 48 8b 1d 9c 6a 47 00 31 d2 31 c9 48 


Stack slot to memory mapping:
stack at sp + 0 slots: 0x000090607d491b02 is an unknown value
stack at sp + 1 slots: 0x00007ffbf303f359 jvm.dll
stack at sp + 2 slots: {method} {0x000001db7d9b0cb0} 'beginNodeEditor' '()V' in 'imgui/extension/imnodes/ImNodes'
stack at sp + 3 slots: 0x0 is NULL
stack at sp + 4 slots: 0x000001db525194fe is at code_begin+1118 in an Interpreter codelet
return entry points  [0x000001db525190a0, 0x000001db52519ba0]  2816 bytes
stack at sp + 5 slots: 0x0 is NULL
stack at sp + 6 slots: 0x000001db4aa067f0 is a thread
stack at sp + 7 slots: 0x000001db4aa067f0 is a thread


---------------  P R O C E S S  ---------------

Threads class SMR info:
_java_thread_list=0x000001db767b7510, length=12, elements={
0x000001db4aa067f0, 0x000001db6dd55b60, 0x000001db6dd56fe0, 0x000001db6dd6e9c0,
0x000001db6dd71290, 0x000001db6dd71c40, 0x000001db6dd725f0, 0x000001db6dd73380,
0x000001db6dd73e20, 0x000001db6dd76e30, 0x000001db6e92cb10, 0x000001db6e93adf0
}

Java Threads: ( => current thread )
=>0x000001db4aa067f0 JavaThread "main" [_thread_in_native, id=12888, stack(0x0000000100600000,0x0000000100700000)]
  0x000001db6dd55b60 JavaThread "Reference Handler" daemon [_thread_blocked, id=13812, stack(0x0000000100d00000,0x0000000100e00000)]
  0x000001db6dd56fe0 JavaThread "Finalizer" daemon [_thread_blocked, id=7792, stack(0x0000000100e00000,0x0000000100f00000)]
  0x000001db6dd6e9c0 JavaThread "Signal Dispatcher" daemon [_thread_blocked, id=2944, stack(0x0000000100f00000,0x0000000101000000)]
  0x000001db6dd71290 JavaThread "Attach Listener" daemon [_thread_blocked, id=6988, stack(0x0000000101000000,0x0000000101100000)]
  0x000001db6dd71c40 JavaThread "Service Thread" daemon [_thread_blocked, id=8780, stack(0x0000000101100000,0x0000000101200000)]
  0x000001db6dd725f0 JavaThread "Monitor Deflation Thread" daemon [_thread_blocked, id=12812, stack(0x0000000101200000,0x0000000101300000)]
  0x000001db6dd73380 JavaThread "C2 CompilerThread0" daemon [_thread_blocked, id=1176, stack(0x0000000101300000,0x0000000101400000)]
  0x000001db6dd73e20 JavaThread "C1 CompilerThread0" daemon [_thread_blocked, id=7008, stack(0x0000000101400000,0x0000000101500000)]
  0x000001db6dd76e30 JavaThread "Sweeper thread" daemon [_thread_blocked, id=13884, stack(0x0000000101500000,0x0000000101600000)]
  0x000001db6e92cb10 JavaThread "Notification Thread" daemon [_thread_blocked, id=4736, stack(0x0000000101600000,0x0000000101700000)]
  0x000001db6e93adf0 JavaThread "Common-Cleaner" daemon [_thread_blocked, id=15668, stack(0x0000000101800000,0x0000000101900000)]

Other Threads:
  0x000001db6dd50b60 VMThread "VM Thread" [stack: 0x0000000100c00000,0x0000000100d00000] [id=15084]
  0x000001db4aa93660 WatcherThread [stack: 0x0000000101700000,0x0000000101800000] [id=16160]
  0x000001db4aa72aa0 GCTaskThread "GC Thread#0" [stack: 0x0000000100700000,0x0000000100800000] [id=8676]
  0x000001db764fdeb0 GCTaskThread "GC Thread#1" [stack: 0x0000000101f00000,0x0000000102000000] [id=7868]
  0x000001db6f3ac300 GCTaskThread "GC Thread#2" [stack: 0x0000000102000000,0x0000000102100000] [id=13716]
  0x000001db765cf7d0 GCTaskThread "GC Thread#3" [stack: 0x0000000102100000,0x0000000102200000] [id=12704]
  0x000001db765d06a0 GCTaskThread "GC Thread#4" [stack: 0x0000000102200000,0x0000000102300000] [id=2764]
  0x000001db765d0950 GCTaskThread "GC Thread#5" [stack: 0x0000000102300000,0x0000000102400000] [id=11740]
  0x000001db765d1810 GCTaskThread "GC Thread#6" [stack: 0x0000000102400000,0x0000000102500000] [id=14212]
  0x000001db764e1af0 GCTaskThread "GC Thread#7" [stack: 0x0000000102500000,0x0000000102600000] [id=12060]
  0x000001db76a42590 GCTaskThread "GC Thread#8" [stack: 0x0000000102600000,0x0000000102700000] [id=4788]
  0x000001db4aa836f0 ConcurrentGCThread "G1 Main Marker" [stack: 0x0000000100800000,0x0000000100900000] [id=8208]
  0x000001db4aa84940 ConcurrentGCThread "G1 Conc#0" [stack: 0x0000000100900000,0x0000000100a00000] [id=12780]
  0x000001db4aadde40 ConcurrentGCThread "G1 Refine#0" [stack: 0x0000000100a00000,0x0000000100b00000] [id=13544]
  0x000001db4aade860 ConcurrentGCThread "G1 Service" [stack: 0x0000000100b00000,0x0000000100c00000] [id=2192]

Threads with active compile tasks:

VM state: not at safepoint (normal execution)

VM Mutex/Monitor currently owned by a thread: None

Heap address: 0x0000000702e00000, size: 4050 MB, Compressed Oops mode: Zero based, Oop shift amount: 3

CDS archive(s) mapped at: [0x0000000800000000-0x0000000800bc0000-0x0000000800bc0000), size 12320768, SharedBaseAddress: 0x0000000800000000, ArchiveRelocationMode: 0.
Compressed class space mapped at: 0x0000000800c00000-0x0000000840c00000, reserved size: 1073741824
Narrow klass base: 0x0000000800000000, Narrow klass shift: 0, Narrow klass range: 0x100000000

GC Precious Log:
 CPUs: 12 total, 12 available
 Memory: 16196M
 Large Page Support: Disabled
 NUMA Support: Disabled
 Compressed Oops: Enabled (Zero based)
 Heap Region Size: 2M
 Heap Min Capacity: 8M
 Heap Initial Capacity: 254M
 Heap Max Capacity: 4050M
 Pre-touch: Disabled
 Parallel Workers: 10
 Concurrent Workers: 3
 Concurrent Refinement Workers: 10
 Periodic GC: Disabled

Heap:
 garbage-first heap   total 260096K, used 139053K [0x0000000702e00000, 0x0000000800000000)
  region size 2048K, 61 young (124928K), 8 survivors (16384K)
 Metaspace       used 8984K, committed 9280K, reserved 1064960K
  class space    used 640K, committed 768K, reserved 1048576K

Heap Regions: E=young(eden), S=young(survivor), O=old, HS=humongous(starts), HC=humongous(continues), CS=collection set, F=free, OA=open archive, CA=closed archive, TAMS=top-at-mark-start (previous, next)
|   0|0x0000000702e00000, 0x0000000703000000, 0x0000000703000000|100%| O|  |TAMS 0x0000000702e00000, 0x0000000702e00000| Untracked 
|   1|0x0000000703000000, 0x0000000703200000, 0x0000000703200000|100%| O|  |TAMS 0x0000000703000000, 0x0000000703000000| Untracked 
|   2|0x0000000703200000, 0x00000007033cb600, 0x0000000703400000| 89%| O|  |TAMS 0x0000000703200000, 0x0000000703200000| Untracked 
|   3|0x0000000703400000, 0x0000000703600000, 0x0000000703600000|100%|HS|  |TAMS 0x0000000703400000, 0x0000000703400000| Complete 
|   4|0x0000000703600000, 0x0000000703800000, 0x0000000703800000|100%|HS|  |TAMS 0x0000000703600000, 0x0000000703600000| Complete 
|   5|0x0000000703800000, 0x0000000703a00000, 0x0000000703a00000|100%|HC|  |TAMS 0x0000000703800000, 0x0000000703800000| Complete 
|   6|0x0000000703a00000, 0x0000000703c00000, 0x0000000703c00000|100%|HS|  |TAMS 0x0000000703a00000, 0x0000000703a00000| Complete 
|   7|0x0000000703c00000, 0x0000000703e00000, 0x0000000703e00000|100%|HS|  |TAMS 0x0000000703c00000, 0x0000000703c00000| Complete 
|   8|0x0000000703e00000, 0x0000000704000000, 0x0000000704000000|100%|HC|  |TAMS 0x0000000703e00000, 0x0000000703e00000| Complete 
|   9|0x0000000704000000, 0x0000000704000000, 0x0000000704200000|  0%| F|  |TAMS 0x0000000704000000, 0x0000000704000000| Untracked 
|  10|0x0000000704200000, 0x0000000704200000, 0x0000000704400000|  0%| F|  |TAMS 0x0000000704200000, 0x0000000704200000| Untracked 
|  11|0x0000000704400000, 0x0000000704400000, 0x0000000704600000|  0%| F|  |TAMS 0x0000000704400000, 0x0000000704400000| Untracked 
|  12|0x0000000704600000, 0x0000000704600000, 0x0000000704800000|  0%| F|  |TAMS 0x0000000704600000, 0x0000000704600000| Untracked 
|  13|0x0000000704800000, 0x0000000704800000, 0x0000000704a00000|  0%| F|  |TAMS 0x0000000704800000, 0x0000000704800000| Untracked 
|  14|0x0000000704a00000, 0x0000000704a00000, 0x0000000704c00000|  0%| F|  |TAMS 0x0000000704a00000, 0x0000000704a00000| Untracked 
|  15|0x0000000704c00000, 0x0000000704c00000, 0x0000000704e00000|  0%| F|  |TAMS 0x0000000704c00000, 0x0000000704c00000| Untracked 
|  16|0x0000000704e00000, 0x0000000704e00000, 0x0000000705000000|  0%| F|  |TAMS 0x0000000704e00000, 0x0000000704e00000| Untracked 
|  17|0x0000000705000000, 0x0000000705000000, 0x0000000705200000|  0%| F|  |TAMS 0x0000000705000000, 0x0000000705000000| Untracked 
|  18|0x0000000705200000, 0x0000000705200000, 0x0000000705400000|  0%| F|  |TAMS 0x0000000705200000, 0x0000000705200000| Untracked 
|  19|0x0000000705400000, 0x0000000705400000, 0x0000000705600000|  0%| F|  |TAMS 0x0000000705400000, 0x0000000705400000| Untracked 
|  20|0x0000000705600000, 0x0000000705600000, 0x0000000705800000|  0%| F|  |TAMS 0x0000000705600000, 0x0000000705600000| Untracked 
|  21|0x0000000705800000, 0x0000000705800000, 0x0000000705a00000|  0%| F|  |TAMS 0x0000000705800000, 0x0000000705800000| Untracked 
|  22|0x0000000705a00000, 0x0000000705a00000, 0x0000000705c00000|  0%| F|  |TAMS 0x0000000705a00000, 0x0000000705a00000| Untracked 
|  23|0x0000000705c00000, 0x0000000705c00000, 0x0000000705e00000|  0%| F|  |TAMS 0x0000000705c00000, 0x0000000705c00000| Untracked 
|  24|0x0000000705e00000, 0x0000000705e00000, 0x0000000706000000|  0%| F|  |TAMS 0x0000000705e00000, 0x0000000705e00000| Untracked 
|  25|0x0000000706000000, 0x0000000706000000, 0x0000000706200000|  0%| F|  |TAMS 0x0000000706000000, 0x0000000706000000| Untracked 
|  26|0x0000000706200000, 0x0000000706200000, 0x0000000706400000|  0%| F|  |TAMS 0x0000000706200000, 0x0000000706200000| Untracked 
|  27|0x0000000706400000, 0x0000000706400000, 0x0000000706600000|  0%| F|  |TAMS 0x0000000706400000, 0x0000000706400000| Untracked 
|  28|0x0000000706600000, 0x0000000706600000, 0x0000000706800000|  0%| F|  |TAMS 0x0000000706600000, 0x0000000706600000| Untracked 
|  29|0x0000000706800000, 0x0000000706800000, 0x0000000706a00000|  0%| F|  |TAMS 0x0000000706800000, 0x0000000706800000| Untracked 
|  30|0x0000000706a00000, 0x0000000706a00000, 0x0000000706c00000|  0%| F|  |TAMS 0x0000000706a00000, 0x0000000706a00000| Untracked 
|  31|0x0000000706c00000, 0x0000000706c00000, 0x0000000706e00000|  0%| F|  |TAMS 0x0000000706c00000, 0x0000000706c00000| Untracked 
|  32|0x0000000706e00000, 0x0000000706e00000, 0x0000000707000000|  0%| F|  |TAMS 0x0000000706e00000, 0x0000000706e00000| Untracked 
|  33|0x0000000707000000, 0x0000000707000000, 0x0000000707200000|  0%| F|  |TAMS 0x0000000707000000, 0x0000000707000000| Untracked 
|  34|0x0000000707200000, 0x0000000707200000, 0x0000000707400000|  0%| F|  |TAMS 0x0000000707200000, 0x0000000707200000| Untracked 
|  35|0x0000000707400000, 0x0000000707400000, 0x0000000707600000|  0%| F|  |TAMS 0x0000000707400000, 0x0000000707400000| Untracked 
|  36|0x0000000707600000, 0x0000000707600000, 0x0000000707800000|  0%| F|  |TAMS 0x0000000707600000, 0x0000000707600000| Untracked 
|  37|0x0000000707800000, 0x0000000707800000, 0x0000000707a00000|  0%| F|  |TAMS 0x0000000707800000, 0x0000000707800000| Untracked 
|  38|0x0000000707a00000, 0x0000000707a00000, 0x0000000707c00000|  0%| F|  |TAMS 0x0000000707a00000, 0x0000000707a00000| Untracked 
|  39|0x0000000707c00000, 0x0000000707c00000, 0x0000000707e00000|  0%| F|  |TAMS 0x0000000707c00000, 0x0000000707c00000| Untracked 
|  40|0x0000000707e00000, 0x0000000707e00000, 0x0000000708000000|  0%| F|  |TAMS 0x0000000707e00000, 0x0000000707e00000| Untracked 
|  41|0x0000000708000000, 0x0000000708000000, 0x0000000708200000|  0%| F|  |TAMS 0x0000000708000000, 0x0000000708000000| Untracked 
|  42|0x0000000708200000, 0x0000000708200000, 0x0000000708400000|  0%| F|  |TAMS 0x0000000708200000, 0x0000000708200000| Untracked 
|  43|0x0000000708400000, 0x0000000708400000, 0x0000000708600000|  0%| F|  |TAMS 0x0000000708400000, 0x0000000708400000| Untracked 
|  44|0x0000000708600000, 0x0000000708600000, 0x0000000708800000|  0%| F|  |TAMS 0x0000000708600000, 0x0000000708600000| Untracked 
|  45|0x0000000708800000, 0x0000000708800000, 0x0000000708a00000|  0%| F|  |TAMS 0x0000000708800000, 0x0000000708800000| Untracked 
|  46|0x0000000708a00000, 0x0000000708a00000, 0x0000000708c00000|  0%| F|  |TAMS 0x0000000708a00000, 0x0000000708a00000| Untracked 
|  47|0x0000000708c00000, 0x0000000708c00000, 0x0000000708e00000|  0%| F|  |TAMS 0x0000000708c00000, 0x0000000708c00000| Untracked 
|  48|0x0000000708e00000, 0x0000000708e00000, 0x0000000709000000|  0%| F|  |TAMS 0x0000000708e00000, 0x0000000708e00000| Untracked 
|  49|0x0000000709000000, 0x0000000709000000, 0x0000000709200000|  0%| F|  |TAMS 0x0000000709000000, 0x0000000709000000| Untracked 
|  50|0x0000000709200000, 0x0000000709200000, 0x0000000709400000|  0%| F|  |TAMS 0x0000000709200000, 0x0000000709200000| Untracked 
|  51|0x0000000709400000, 0x0000000709400000, 0x0000000709600000|  0%| F|  |TAMS 0x0000000709400000, 0x0000000709400000| Untracked 
|  52|0x0000000709600000, 0x0000000709600000, 0x0000000709800000|  0%| F|  |TAMS 0x0000000709600000, 0x0000000709600000| Untracked 
|  53|0x0000000709800000, 0x0000000709800000, 0x0000000709a00000|  0%| F|  |TAMS 0x0000000709800000, 0x0000000709800000| Untracked 
|  54|0x0000000709a00000, 0x0000000709a00000, 0x0000000709c00000|  0%| F|  |TAMS 0x0000000709a00000, 0x0000000709a00000| Untracked 
|  55|0x0000000709c00000, 0x0000000709e00000, 0x0000000709e00000|100%| S|CS|TAMS 0x0000000709c00000, 0x0000000709c00000| Complete 
|  56|0x0000000709e00000, 0x000000070a000000, 0x000000070a000000|100%| S|CS|TAMS 0x0000000709e00000, 0x0000000709e00000| Complete 
|  57|0x000000070a000000, 0x000000070a200000, 0x000000070a200000|100%| S|CS|TAMS 0x000000070a000000, 0x000000070a000000| Complete 
|  58|0x000000070a200000, 0x000000070a400000, 0x000000070a400000|100%| S|CS|TAMS 0x000000070a200000, 0x000000070a200000| Complete 
|  59|0x000000070a400000, 0x000000070a600000, 0x000000070a600000|100%| S|CS|TAMS 0x000000070a400000, 0x000000070a400000| Complete 
|  60|0x000000070a600000, 0x000000070a800000, 0x000000070a800000|100%| S|CS|TAMS 0x000000070a600000, 0x000000070a600000| Complete 
|  61|0x000000070a800000, 0x000000070aa00000, 0x000000070aa00000|100%| S|CS|TAMS 0x000000070a800000, 0x000000070a800000| Complete 
|  62|0x000000070aa00000, 0x000000070ac00000, 0x000000070ac00000|100%| S|CS|TAMS 0x000000070aa00000, 0x000000070aa00000| Complete 
|  63|0x000000070ac00000, 0x000000070ac00000, 0x000000070ae00000|  0%| F|  |TAMS 0x000000070ac00000, 0x000000070ac00000| Untracked 
|  64|0x000000070ae00000, 0x000000070ae00000, 0x000000070b000000|  0%| F|  |TAMS 0x000000070ae00000, 0x000000070ae00000| Untracked 
|  65|0x000000070b000000, 0x000000070b000000, 0x000000070b200000|  0%| F|  |TAMS 0x000000070b000000, 0x000000070b000000| Untracked 
|  66|0x000000070b200000, 0x000000070b200000, 0x000000070b400000|  0%| F|  |TAMS 0x000000070b200000, 0x000000070b200000| Untracked 
|  67|0x000000070b400000, 0x000000070b400000, 0x000000070b600000|  0%| F|  |TAMS 0x000000070b400000, 0x000000070b400000| Untracked 
|  68|0x000000070b600000, 0x000000070b600000, 0x000000070b800000|  0%| F|  |TAMS 0x000000070b600000, 0x000000070b600000| Untracked 
|  69|0x000000070b800000, 0x000000070b800000, 0x000000070ba00000|  0%| F|  |TAMS 0x000000070b800000, 0x000000070b800000| Untracked 
|  70|0x000000070ba00000, 0x000000070ba00000, 0x000000070bc00000|  0%| F|  |TAMS 0x000000070ba00000, 0x000000070ba00000| Untracked 
|  71|0x000000070bc00000, 0x000000070bc00000, 0x000000070be00000|  0%| F|  |TAMS 0x000000070bc00000, 0x000000070bc00000| Untracked 
|  72|0x000000070be00000, 0x000000070be00000, 0x000000070c000000|  0%| F|  |TAMS 0x000000070be00000, 0x000000070be00000| Untracked 
|  73|0x000000070c000000, 0x000000070c000000, 0x000000070c200000|  0%| F|  |TAMS 0x000000070c000000, 0x000000070c000000| Untracked 
|  74|0x000000070c200000, 0x000000070c400000, 0x000000070c400000|100%| E|  |TAMS 0x000000070c200000, 0x000000070c200000| Complete 
|  75|0x000000070c400000, 0x000000070c600000, 0x000000070c600000|100%| E|CS|TAMS 0x000000070c400000, 0x000000070c400000| Complete 
|  76|0x000000070c600000, 0x000000070c800000, 0x000000070c800000|100%| E|CS|TAMS 0x000000070c600000, 0x000000070c600000| Complete 
|  77|0x000000070c800000, 0x000000070ca00000, 0x000000070ca00000|100%| E|CS|TAMS 0x000000070c800000, 0x000000070c800000| Complete 
|  78|0x000000070ca00000, 0x000000070cc00000, 0x000000070cc00000|100%| E|CS|TAMS 0x000000070ca00000, 0x000000070ca00000| Complete 
|  79|0x000000070cc00000, 0x000000070ce00000, 0x000000070ce00000|100%| E|CS|TAMS 0x000000070cc00000, 0x000000070cc00000| Complete 
|  80|0x000000070ce00000, 0x000000070d000000, 0x000000070d000000|100%| E|CS|TAMS 0x000000070ce00000, 0x000000070ce00000| Complete 
|  81|0x000000070d000000, 0x000000070d200000, 0x000000070d200000|100%| E|CS|TAMS 0x000000070d000000, 0x000000070d000000| Complete 
|  82|0x000000070d200000, 0x000000070d400000, 0x000000070d400000|100%| E|CS|TAMS 0x000000070d200000, 0x000000070d200000| Complete 
|  83|0x000000070d400000, 0x000000070d600000, 0x000000070d600000|100%| E|CS|TAMS 0x000000070d400000, 0x000000070d400000| Complete 
|  84|0x000000070d600000, 0x000000070d800000, 0x000000070d800000|100%| E|CS|TAMS 0x000000070d600000, 0x000000070d600000| Complete 
|  85|0x000000070d800000, 0x000000070da00000, 0x000000070da00000|100%| E|CS|TAMS 0x000000070d800000, 0x000000070d800000| Complete 
|  86|0x000000070da00000, 0x000000070dc00000, 0x000000070dc00000|100%| E|CS|TAMS 0x000000070da00000, 0x000000070da00000| Complete 
|  87|0x000000070dc00000, 0x000000070de00000, 0x000000070de00000|100%| E|CS|TAMS 0x000000070dc00000, 0x000000070dc00000| Complete 
|  88|0x000000070de00000, 0x000000070e000000, 0x000000070e000000|100%| E|CS|TAMS 0x000000070de00000, 0x000000070de00000| Complete 
|  89|0x000000070e000000, 0x000000070e200000, 0x000000070e200000|100%| E|CS|TAMS 0x000000070e000000, 0x000000070e000000| Complete 
|  90|0x000000070e200000, 0x000000070e400000, 0x000000070e400000|100%| E|  |TAMS 0x000000070e200000, 0x000000070e200000| Complete 
|  91|0x000000070e400000, 0x000000070e600000, 0x000000070e600000|100%| E|CS|TAMS 0x000000070e400000, 0x000000070e400000| Complete 
|  92|0x000000070e600000, 0x000000070e800000, 0x000000070e800000|100%| E|CS|TAMS 0x000000070e600000, 0x000000070e600000| Complete 
|  93|0x000000070e800000, 0x000000070ea00000, 0x000000070ea00000|100%| E|CS|TAMS 0x000000070e800000, 0x000000070e800000| Complete 
|  94|0x000000070ea00000, 0x000000070ec00000, 0x000000070ec00000|100%| E|CS|TAMS 0x000000070ea00000, 0x000000070ea00000| Complete 
|  95|0x000000070ec00000, 0x000000070ee00000, 0x000000070ee00000|100%| E|CS|TAMS 0x000000070ec00000, 0x000000070ec00000| Complete 
|  96|0x000000070ee00000, 0x000000070f000000, 0x000000070f000000|100%| E|CS|TAMS 0x000000070ee00000, 0x000000070ee00000| Complete 
|  97|0x000000070f000000, 0x000000070f200000, 0x000000070f200000|100%| E|CS|TAMS 0x000000070f000000, 0x000000070f000000| Complete 
|  98|0x000000070f200000, 0x000000070f400000, 0x000000070f400000|100%| E|CS|TAMS 0x000000070f200000, 0x000000070f200000| Complete 
|  99|0x000000070f400000, 0x000000070f600000, 0x000000070f600000|100%| E|CS|TAMS 0x000000070f400000, 0x000000070f400000| Complete 
| 100|0x000000070f600000, 0x000000070f800000, 0x000000070f800000|100%| E|CS|TAMS 0x000000070f600000, 0x000000070f600000| Complete 
| 101|0x000000070f800000, 0x000000070fa00000, 0x000000070fa00000|100%| E|CS|TAMS 0x000000070f800000, 0x000000070f800000| Complete 
| 102|0x000000070fa00000, 0x000000070fc00000, 0x000000070fc00000|100%| E|CS|TAMS 0x000000070fa00000, 0x000000070fa00000| Complete 
| 103|0x000000070fc00000, 0x000000070fe00000, 0x000000070fe00000|100%| E|CS|TAMS 0x000000070fc00000, 0x000000070fc00000| Complete 
| 104|0x000000070fe00000, 0x0000000710000000, 0x0000000710000000|100%| E|CS|TAMS 0x000000070fe00000, 0x000000070fe00000| Complete 
| 105|0x0000000710000000, 0x0000000710200000, 0x0000000710200000|100%| E|CS|TAMS 0x0000000710000000, 0x0000000710000000| Complete 
| 106|0x0000000710200000, 0x0000000710400000, 0x0000000710400000|100%| E|CS|TAMS 0x0000000710200000, 0x0000000710200000| Complete 
| 107|0x0000000710400000, 0x0000000710600000, 0x0000000710600000|100%| E|CS|TAMS 0x0000000710400000, 0x0000000710400000| Complete 
| 108|0x0000000710600000, 0x0000000710800000, 0x0000000710800000|100%| E|CS|TAMS 0x0000000710600000, 0x0000000710600000| Complete 
| 109|0x0000000710800000, 0x0000000710a00000, 0x0000000710a00000|100%| E|CS|TAMS 0x0000000710800000, 0x0000000710800000| Complete 
| 110|0x0000000710a00000, 0x0000000710c00000, 0x0000000710c00000|100%| E|CS|TAMS 0x0000000710a00000, 0x0000000710a00000| Complete 
| 111|0x0000000710c00000, 0x0000000710e00000, 0x0000000710e00000|100%| E|CS|TAMS 0x0000000710c00000, 0x0000000710c00000| Complete 
| 112|0x0000000710e00000, 0x0000000711000000, 0x0000000711000000|100%| E|CS|TAMS 0x0000000710e00000, 0x0000000710e00000| Complete 
| 113|0x0000000711000000, 0x0000000711200000, 0x0000000711200000|100%| E|CS|TAMS 0x0000000711000000, 0x0000000711000000| Complete 
| 114|0x0000000711200000, 0x0000000711400000, 0x0000000711400000|100%| E|CS|TAMS 0x0000000711200000, 0x0000000711200000| Complete 
| 115|0x0000000711400000, 0x0000000711600000, 0x0000000711600000|100%| E|CS|TAMS 0x0000000711400000, 0x0000000711400000| Complete 
| 116|0x0000000711600000, 0x0000000711800000, 0x0000000711800000|100%| E|CS|TAMS 0x0000000711600000, 0x0000000711600000| Complete 
| 117|0x0000000711800000, 0x0000000711a00000, 0x0000000711a00000|100%| E|CS|TAMS 0x0000000711800000, 0x0000000711800000| Complete 
| 118|0x0000000711a00000, 0x0000000711c00000, 0x0000000711c00000|100%| E|CS|TAMS 0x0000000711a00000, 0x0000000711a00000| Complete 
| 119|0x0000000711c00000, 0x0000000711e00000, 0x0000000711e00000|100%| E|CS|TAMS 0x0000000711c00000, 0x0000000711c00000| Complete 
| 120|0x0000000711e00000, 0x0000000712000000, 0x0000000712000000|100%| E|CS|TAMS 0x0000000711e00000, 0x0000000711e00000| Complete 
| 121|0x0000000712000000, 0x0000000712200000, 0x0000000712200000|100%| E|CS|TAMS 0x0000000712000000, 0x0000000712000000| Complete 
| 122|0x0000000712200000, 0x0000000712400000, 0x0000000712400000|100%| E|CS|TAMS 0x0000000712200000, 0x0000000712200000| Complete 
| 123|0x0000000712400000, 0x0000000712600000, 0x0000000712600000|100%| E|CS|TAMS 0x0000000712400000, 0x0000000712400000| Complete 
| 124|0x0000000712600000, 0x0000000712800000, 0x0000000712800000|100%| E|CS|TAMS 0x0000000712600000, 0x0000000712600000| Complete 
| 125|0x0000000712800000, 0x0000000712a00000, 0x0000000712a00000|100%| E|CS|TAMS 0x0000000712800000, 0x0000000712800000| Complete 
| 126|0x0000000712a00000, 0x0000000712c00000, 0x0000000712c00000|100%| E|CS|TAMS 0x0000000712a00000, 0x0000000712a00000| Complete 

Card table byte_map: [0x000001db62250000,0x000001db62a40000] _byte_map_base: 0x000001db5ea39000

Marking Bits (Prev, Next): (CMBitMap*) 0x000001db4aa730b0, (CMBitMap*) 0x000001db4aa730f0
 Prev Bits: [0x000001db63230000, 0x000001db67178000)
 Next Bits: [0x000001db67180000, 0x000001db6b0c8000)

Polling page: 0x000001db48840000

Metaspace:

Usage:
  Non-class:      8.15 MB used.
      Class:    640.70 KB used.
       Both:      8.77 MB used.

Virtual space:
  Non-class space:       16.00 MB reserved,       8.31 MB ( 52%) committed,  2 nodes.
      Class space:        1.00 GB reserved,     768.00 KB ( <1%) committed,  1 nodes.
             Both:        1.02 GB reserved,       9.06 MB ( <1%) committed. 

Chunk freelists:
   Non-Class:  2.28 MB
       Class:  3.26 MB
        Both:  5.54 MB

MaxMetaspaceSize: unlimited
CompressedClassSpaceSize: 1.00 GB
Initial GC threshold: 21.00 MB
Current GC threshold: 21.00 MB
CDS: on
MetaspaceReclaimPolicy: balanced
 - commit_granule_bytes: 65536.
 - commit_granule_words: 8192.
 - virtual_space_node_default_size: 1048576.
 - enlarge_chunks_in_place: 1.
 - new_chunks_are_fully_committed: 0.
 - uncommit_free_chunks: 1.
 - use_allocation_guard: 0.
 - handle_deallocations: 1.


Internal statistics:

num_allocs_failed_limit: 0.
num_arena_births: 216.
num_arena_deaths: 0.
num_vsnodes_births: 3.
num_vsnodes_deaths: 0.
num_space_committed: 143.
num_space_uncommitted: 0.
num_chunks_returned_to_freelist: 0.
num_chunks_taken_from_freelist: 484.
num_chunk_merges: 0.
num_chunk_splits: 335.
num_chunks_enlarged: 248.
num_purges: 0.
num_inconsistent_stats: 0.

CodeHeap 'non-profiled nmethods': size=120000Kb used=893Kb max_used=893Kb free=119106Kb
 bounds [0x000001db59fe0000, 0x000001db5a250000, 0x000001db61510000]
CodeHeap 'profiled nmethods': size=120000Kb used=3157Kb max_used=3157Kb free=116842Kb
 bounds [0x000001db52ab0000, 0x000001db52dd0000, 0x000001db59fe0000]
CodeHeap 'non-nmethods': size=5760Kb used=1757Kb max_used=1787Kb free=4002Kb
 bounds [0x000001db52510000, 0x000001db52780000, 0x000001db52ab0000]
 total_blobs=2867 nmethods=1632 adapters=1148
 compilation: enabled
              stopped_count=0, restarted_count=0
 full_count=0

Compilation events (20 events):
Event: 2.241 Thread 0x000001db6dd73e20 1621       3       java.lang.ClassLoader::compareCerts (197 bytes)
Event: 2.241 Thread 0x000001db6dd73e20 nmethod 1621 0x000001db52dbc490 code [0x000001db52dbc6a0, 0x000001db52dbcf78]
Event: 2.252 Thread 0x000001db6dd73380 nmethod 1584 0x000001db5a0b9c10 code [0x000001db5a0b9ee0, 0x000001db5a0bcbd0]
Event: 2.417 Thread 0x000001db6dd73e20 1622   !   3       engine.renderEngine.Loader::loadFileMeta_Lines (96 bytes)
Event: 2.418 Thread 0x000001db6dd73e20 nmethod 1622 0x000001db52dbd290 code [0x000001db52dbd6e0, 0x000001db52dbf948]
Event: 2.418 Thread 0x000001db6dd73e20 1623       3       engine.renderEngine.Loader::loadMeta (95 bytes)
Event: 2.419 Thread 0x000001db6dd73e20 nmethod 1623 0x000001db52dc0610 code [0x000001db52dc0880, 0x000001db52dc12b8]
Event: 2.421 Thread 0x000001db6dd73e20 1624       3       java.io.File::length (33 bytes)
Event: 2.421 Thread 0x000001db6dd73e20 nmethod 1624 0x000001db52dc1710 code [0x000001db52dc1900, 0x000001db52dc1d28]
Event: 2.423 Thread 0x000001db6dd73e20 1626       3       java.lang.String::charAt (25 bytes)
Event: 2.423 Thread 0x000001db6dd73e20 nmethod 1626 0x000001db52dc1e90 code [0x000001db52dc2080, 0x000001db52dc25d8]
Event: 2.455 Thread 0x000001db6dd73e20 1628       3       java.lang.invoke.MemberName::isCallerSensitive (8 bytes)
Event: 2.455 Thread 0x000001db6dd73e20 nmethod 1628 0x000001db52dc2810 code [0x000001db52dc29c0, 0x000001db52dc2bf8]
Event: 2.455 Thread 0x000001db6dd73e20 1629       3       java.io.File::<init> (78 bytes)
Event: 2.455 Thread 0x000001db6dd73e20 nmethod 1629 0x000001db52dc2d10 code [0x000001db52dc2ec0, 0x000001db52dc3168]
Event: 2.458 Thread 0x000001db6dd73e20 1630       3       java.io.File::isFile (34 bytes)
Event: 2.458 Thread 0x000001db6dd73e20 nmethod 1630 0x000001db52dc3290 code [0x000001db52dc3480, 0x000001db52dc39c8]
Event: 2.461 Thread 0x000001db6dd73e20 1631       3       java.lang.invoke.MethodHandles$Lookup::<init> (84 bytes)
Event: 2.462 Thread 0x000001db6dd73e20 nmethod 1631 0x000001db52dc3b90 code [0x000001db52dc3d40, 0x000001db52dc3f98]
Event: 2.464 Thread 0x000001db6dd73e20 1632       3       java.lang.ClassLoader::definePackage (85 bytes)

GC Heap History (6 events):
Event: 1.026 GC heap before
{Heap before GC invocations=0 (full 0):
 garbage-first heap   total 260096K, used 20480K [0x0000000702e00000, 0x0000000800000000)
  region size 2048K, 11 young (22528K), 0 survivors (0K)
 Metaspace       used 6820K, committed 7040K, reserved 1056768K
  class space    used 500K, committed 576K, reserved 1048576K
}
Event: 1.028 GC heap after
{Heap after GC invocations=1 (full 0):
 garbage-first heap   total 260096K, used 3591K [0x0000000702e00000, 0x0000000800000000)
  region size 2048K, 2 young (4096K), 2 survivors (4096K)
 Metaspace       used 6820K, committed 7040K, reserved 1056768K
  class space    used 500K, committed 576K, reserved 1048576K
}
Event: 1.078 GC heap before
{Heap before GC invocations=1 (full 0):
 garbage-first heap   total 260096K, used 32263K [0x0000000702e00000, 0x0000000800000000)
  region size 2048K, 16 young (32768K), 2 survivors (4096K)
 Metaspace       used 6842K, committed 7040K, reserved 1056768K
  class space    used 500K, committed 576K, reserved 1048576K
}
Event: 1.082 GC heap after
{Heap after GC invocations=2 (full 0):
 garbage-first heap   total 260096K, used 6417K [0x0000000702e00000, 0x0000000800000000)
  region size 2048K, 2 young (4096K), 2 survivors (4096K)
 Metaspace       used 6842K, committed 7040K, reserved 1056768K
  class space    used 500K, committed 576K, reserved 1048576K
}
Event: 1.304 GC heap before
{Heap before GC invocations=2 (full 0):
 garbage-first heap   total 260096K, used 133393K [0x0000000702e00000, 0x0000000800000000)
  region size 2048K, 64 young (131072K), 2 survivors (4096K)
 Metaspace       used 6873K, committed 7040K, reserved 1056768K
  class space    used 500K, committed 576K, reserved 1048576K
}
Event: 1.317 GC heap after
{Heap after GC invocations=3 (full 0):
 garbage-first heap   total 260096K, used 22317K [0x0000000702e00000, 0x0000000800000000)
  region size 2048K, 8 young (16384K), 8 survivors (16384K)
 Metaspace       used 6873K, committed 7040K, reserved 1056768K
  class space    used 500K, committed 576K, reserved 1048576K
}

Deoptimization events (20 events):
Event: 2.191 Thread 0x000001db4aa067f0 Uncommon trap: trap_request=0xffffffbe fr.pc=0x000001db5a07ff88 relative=0x00000000000014a8
Event: 2.191 Thread 0x000001db4aa067f0 Uncommon trap: reason=profile_predicate action=maybe_recompile pc=0x000001db5a07ff88 method=de.javagl.obj.ObjUtils.makePropertiesUnique(Lde/javagl/obj/ReadableObj;Lde/javagl/obj/ObjUtils$PropertyIndexAccessor;Ljava/util/List;Lde/javagl/obj/WritableObj;)V 
Event: 2.191 Thread 0x000001db4aa067f0 DEOPT PACKING pc=0x000001db5a07ff88 sp=0x00000001006fea50
Event: 2.191 Thread 0x000001db4aa067f0 DEOPT UNPACKING pc=0x000001db525623a3 sp=0x00000001006fea38 mode 2
Event: 2.196 Thread 0x000001db4aa067f0 Uncommon trap: trap_request=0xffffffbe fr.pc=0x000001db5a07ff88 relative=0x00000000000014a8
Event: 2.196 Thread 0x000001db4aa067f0 Uncommon trap: reason=profile_predicate action=maybe_recompile pc=0x000001db5a07ff88 method=de.javagl.obj.ObjUtils.makePropertiesUnique(Lde/javagl/obj/ReadableObj;Lde/javagl/obj/ObjUtils$PropertyIndexAccessor;Ljava/util/List;Lde/javagl/obj/WritableObj;)V 
Event: 2.196 Thread 0x000001db4aa067f0 DEOPT PACKING pc=0x000001db5a07ff88 sp=0x00000001006fea50
Event: 2.196 Thread 0x000001db4aa067f0 DEOPT UNPACKING pc=0x000001db525623a3 sp=0x00000001006fea38 mode 2
Event: 2.197 Thread 0x000001db4aa067f0 Uncommon trap: trap_request=0xffffff45 fr.pc=0x000001db5a0588b8 relative=0x0000000000000878
Event: 2.197 Thread 0x000001db4aa067f0 Uncommon trap: reason=unstable_if action=reinterpret pc=0x000001db5a0588b8 method=de.javagl.obj.ObjUtils.makeVertexIndexed(Lde/javagl/obj/ReadableObj;Lde/javagl/obj/WritableObj;)Lde/javagl/obj/WritableObj; @ 78 c2
Event: 2.197 Thread 0x000001db4aa067f0 DEOPT PACKING pc=0x000001db5a0588b8 sp=0x00000001006feba0
Event: 2.197 Thread 0x000001db4aa067f0 DEOPT UNPACKING pc=0x000001db525623a3 sp=0x00000001006feb40 mode 2
Event: 2.200 Thread 0x000001db4aa067f0 Uncommon trap: trap_request=0xffffffbe fr.pc=0x000001db5a07ff88 relative=0x00000000000014a8
Event: 2.200 Thread 0x000001db4aa067f0 Uncommon trap: reason=profile_predicate action=maybe_recompile pc=0x000001db5a07ff88 method=de.javagl.obj.ObjUtils.makePropertiesUnique(Lde/javagl/obj/ReadableObj;Lde/javagl/obj/ObjUtils$PropertyIndexAccessor;Ljava/util/List;Lde/javagl/obj/WritableObj;)V 
Event: 2.200 Thread 0x000001db4aa067f0 DEOPT PACKING pc=0x000001db5a07ff88 sp=0x00000001006fea50
Event: 2.200 Thread 0x000001db4aa067f0 DEOPT UNPACKING pc=0x000001db525623a3 sp=0x00000001006fea38 mode 2
Event: 2.422 Thread 0x000001db4aa067f0 Uncommon trap: trap_request=0xffffffe5 fr.pc=0x000001db59fe5228 relative=0x0000000000000088
Event: 2.422 Thread 0x000001db4aa067f0 Uncommon trap: reason=range_check action=reinterpret pc=0x000001db59fe5228 method=java.lang.StringLatin1.charAt([BI)C @ 1 c2
Event: 2.422 Thread 0x000001db4aa067f0 DEOPT PACKING pc=0x000001db59fe5228 sp=0x00000001006fecc0
Event: 2.422 Thread 0x000001db4aa067f0 DEOPT UNPACKING pc=0x000001db525623a3 sp=0x00000001006febf8 mode 2

Classes unloaded (0 events):
No events

Classes redefined (0 events):
No events

Internal exceptions (20 events):
Event: 2.163 Thread 0x000001db4aa067f0 Exception <a 'java/io/FileNotFoundException'{0x000000070c9fed50}> (0x000000070c9fed50) 
thrown [s\src\hotspot\share\prims\jni.cpp, line 516]
Event: 2.194 Thread 0x000001db4aa067f0 Exception <a 'java/io/FileNotFoundException'{0x000000070c65f820}> (0x000000070c65f820) 
thrown [s\src\hotspot\share\prims\jni.cpp, line 516]
Event: 2.199 Thread 0x000001db4aa067f0 Exception <a 'java/io/FileNotFoundException'{0x000000070c462990}> (0x000000070c462990) 
thrown [s\src\hotspot\share\prims\jni.cpp, line 516]
Event: 2.202 Thread 0x000001db4aa067f0 Exception <a 'java/io/FileNotFoundException'{0x000000070c54f1b8}> (0x000000070c54f1b8) 
thrown [s\src\hotspot\share\prims\jni.cpp, line 516]
Event: 2.204 Thread 0x000001db4aa067f0 Exception <a 'java/io/FileNotFoundException'{0x000000070c5981f8}> (0x000000070c5981f8) 
thrown [s\src\hotspot\share\prims\jni.cpp, line 516]
Event: 2.206 Thread 0x000001db4aa067f0 Exception <a 'java/io/FileNotFoundException'{0x000000070c5b5cd0}> (0x000000070c5b5cd0) 
thrown [s\src\hotspot\share\prims\jni.cpp, line 516]
Event: 2.208 Thread 0x000001db4aa067f0 Exception <a 'java/io/FileNotFoundException'{0x000000070c5fa528}> (0x000000070c5fa528) 
thrown [s\src\hotspot\share\prims\jni.cpp, line 516]
Event: 2.210 Thread 0x000001db4aa067f0 Exception <a 'java/io/FileNotFoundException'{0x000000070c21e0c8}> (0x000000070c21e0c8) 
thrown [s\src\hotspot\share\prims\jni.cpp, line 516]
Event: 2.211 Thread 0x000001db4aa067f0 Exception <a 'java/io/FileNotFoundException'{0x000000070c2296f8}> (0x000000070c2296f8) 
thrown [s\src\hotspot\share\prims\jni.cpp, line 516]
Event: 2.212 Thread 0x000001db4aa067f0 Exception <a 'java/io/FileNotFoundException'{0x000000070c2356f0}> (0x000000070c2356f0) 
thrown [s\src\hotspot\share\prims\jni.cpp, line 516]
Event: 2.213 Thread 0x000001db4aa067f0 Exception <a 'java/io/FileNotFoundException'{0x000000070c240b80}> (0x000000070c240b80) 
thrown [s\src\hotspot\share\prims\jni.cpp, line 516]
Event: 2.214 Thread 0x000001db4aa067f0 Exception <a 'java/io/FileNotFoundException'{0x000000070c24bfc0}> (0x000000070c24bfc0) 
thrown [s\src\hotspot\share\prims\jni.cpp, line 516]
Event: 2.215 Thread 0x000001db4aa067f0 Exception <a 'java/io/FileNotFoundException'{0x000000070c258c90}> (0x000000070c258c90) 
thrown [s\src\hotspot\share\prims\jni.cpp, line 516]
Event: 2.215 Thread 0x000001db4aa067f0 Exception <a 'java/io/FileNotFoundException'{0x000000070c264180}> (0x000000070c264180) 
thrown [s\src\hotspot\share\prims\jni.cpp, line 516]
Event: 2.218 Thread 0x000001db4aa067f0 Exception <a 'java/io/FileNotFoundException'{0x000000070c285460}> (0x000000070c285460) 
thrown [s\src\hotspot\share\prims\jni.cpp, line 516]
Event: 2.222 Thread 0x000001db4aa067f0 Exception <a 'java/io/FileNotFoundException'{0x000000070c2c78b8}> (0x000000070c2c78b8) 
thrown [s\src\hotspot\share\prims\jni.cpp, line 516]
Event: 2.224 Thread 0x000001db4aa067f0 Exception <a 'java/io/FileNotFoundException'{0x000000070c2da8f8}> (0x000000070c2da8f8) 
thrown [s\src\hotspot\share\prims\jni.cpp, line 516]
Event: 2.225 Thread 0x000001db4aa067f0 Exception <a 'java/io/FileNotFoundException'{0x000000070c2eefa8}> (0x000000070c2eefa8) 
thrown [s\src\hotspot\share\prims\jni.cpp, line 516]
Event: 2.416 Thread 0x000001db4aa067f0 Exception <a 'java/io/FileNotFoundException'{0x000000070c340e70}> (0x000000070c340e70) 
thrown [s\src\hotspot\share\prims\jni.cpp, line 516]
Event: 2.456 Thread 0x000001db4aa067f0 Exception <a 'java/io/FileNotFoundException'{0x000000070c3cb618}> (0x000000070c3cb618) 
thrown [s\src\hotspot\share\prims\jni.cpp, line 516]

VM Operations (18 events):
Event: 0.066 Executing VM operation: HandshakeAllThreads
Event: 0.066 Executing VM operation: HandshakeAllThreads done
Event: 0.117 Executing VM operation: HandshakeAllThreads
Event: 0.117 Executing VM operation: HandshakeAllThreads done
Event: 0.756 Executing VM operation: HandshakeAllThreads
Event: 0.756 Executing VM operation: HandshakeAllThreads done
Event: 0.812 Executing VM operation: HandshakeAllThreads
Event: 0.812 Executing VM operation: HandshakeAllThreads done
Event: 0.819 Executing VM operation: ICBufferFull
Event: 0.819 Executing VM operation: ICBufferFull done
Event: 1.026 Executing VM operation: G1CollectForAllocation
Event: 1.028 Executing VM operation: G1CollectForAllocation done
Event: 1.078 Executing VM operation: G1CollectForAllocation
Event: 1.082 Executing VM operation: G1CollectForAllocation done
Event: 1.304 Executing VM operation: G1CollectForAllocation
Event: 1.317 Executing VM operation: G1CollectForAllocation done
Event: 2.332 Executing VM operation: Cleanup
Event: 2.332 Executing VM operation: Cleanup done

Events (20 events):
Event: 2.453 loading class java/util/stream/Nodes$EmptyNode$OfInt
Event: 2.453 loading class java/util/stream/Node$OfInt
Event: 2.453 loading class java/util/stream/Node$OfPrimitive
Event: 2.453 loading class java/util/stream/Node$OfPrimitive done
Event: 2.453 loading class java/util/stream/Node$OfInt done
Event: 2.453 loading class java/util/stream/Nodes$EmptyNode$OfInt done
Event: 2.453 loading class java/util/stream/Nodes$EmptyNode$OfLong
Event: 2.453 loading class java/util/stream/Node$OfLong
Event: 2.453 loading class java/util/stream/Node$OfLong done
Event: 2.453 loading class java/util/stream/Nodes$EmptyNode$OfLong done
Event: 2.453 loading class java/util/stream/Nodes$EmptyNode$OfDouble
Event: 2.453 loading class java/util/stream/Node$OfDouble
Event: 2.454 loading class java/util/stream/Node$OfDouble done
Event: 2.454 loading class java/util/stream/Nodes$EmptyNode$OfDouble done
Event: 2.454 loading class java/util/stream/Nodes$FixedNodeBuilder
Event: 2.454 loading class java/util/stream/Node$Builder
Event: 2.454 loading class java/util/stream/Node$Builder done
Event: 2.454 loading class java/util/stream/Nodes$ArrayNode
Event: 2.454 loading class java/util/stream/Nodes$ArrayNode done
Event: 2.454 loading class java/util/stream/Nodes$FixedNodeBuilder done


Dynamic libraries:
0x00007ff6f6d10000 - 0x00007ff6f6d1d000 	C:\Users\Kirill\.jdks\corretto-17.0.4.1\bin\java.exe
0x00007ffc4b830000 - 0x00007ffc4ba28000 	C:\WINDOWS\SYSTEM32\ntdll.dll
0x00007ffc4b680000 - 0x00007ffc4b73f000 	C:\WINDOWS\System32\KERNEL32.DLL
0x00007ffc49490000 - 0x00007ffc49762000 	C:\WINDOWS\System32\KERNELBASE.dll
0x00007ffc49770000 - 0x00007ffc49870000 	C:\WINDOWS\System32\ucrtbase.dll
0x00007ffbfedf0000 - 0x00007ffbfee08000 	C:\Users\Kirill\.jdks\corretto-17.0.4.1\bin\jli.dll
0x00007ffbfc610000 - 0x00007ffbfc625000 	C:\Users\Kirill\.jdks\corretto-17.0.4.1\bin\VCRUNTIME140.dll
0x00007ffc4b070000 - 0x00007ffc4b211000 	C:\WINDOWS\System32\USER32.dll
0x00007ffc49190000 - 0x00007ffc491b2000 	C:\WINDOWS\System32\win32u.dll
0x00007ffc482b0000 - 0x00007ffc4854a000 	C:\WINDOWS\WinSxS\amd64_microsoft.windows.common-controls_6595b64144ccf1df_6.0.19041.1110_none_60b5254171f9507e\COMCTL32.dll
0x00007ffc4add0000 - 0x00007ffc4adfb000 	C:\WINDOWS\System32\GDI32.dll
0x00007ffc4a900000 - 0x00007ffc4a99e000 	C:\WINDOWS\System32\msvcrt.dll
0x00007ffc49330000 - 0x00007ffc4943f000 	C:\WINDOWS\System32\gdi32full.dll
0x00007ffc490f0000 - 0x00007ffc4918d000 	C:\WINDOWS\System32\msvcp_win.dll
0x00007ffc4ac00000 - 0x00007ffc4ac32000 	C:\WINDOWS\System32\IMM32.DLL
0x00007ffbfb1f0000 - 0x00007ffbfb28b000 	C:\Users\Kirill\.jdks\corretto-17.0.4.1\bin\msvcp140.dll
0x00007ffbf2a40000 - 0x00007ffbf3654000 	C:\Users\Kirill\.jdks\corretto-17.0.4.1\bin\server\jvm.dll
0x00007ffc4aad0000 - 0x00007ffc4ab7e000 	C:\WINDOWS\System32\ADVAPI32.dll
0x00007ffc4ae00000 - 0x00007ffc4ae9c000 	C:\WINDOWS\System32\sechost.dll
0x00007ffc4a6b0000 - 0x00007ffc4a7d5000 	C:\WINDOWS\System32\RPCRT4.dll
0x00007ffc4afd0000 - 0x00007ffc4afd8000 	C:\WINDOWS\System32\PSAPI.DLL
0x00007ffc367d0000 - 0x00007ffc367d9000 	C:\WINDOWS\SYSTEM32\WSOCK32.dll
0x00007ffc31bd0000 - 0x00007ffc31bf7000 	C:\WINDOWS\SYSTEM32\WINMM.dll
0x00007ffc42cf0000 - 0x00007ffc42cfa000 	C:\WINDOWS\SYSTEM32\VERSION.dll
0x00007ffc4ab80000 - 0x00007ffc4abeb000 	C:\WINDOWS\System32\WS2_32.dll
0x00007ffc46000000 - 0x00007ffc46012000 	C:\WINDOWS\SYSTEM32\kernel.appcore.dll
0x00007ffc06c90000 - 0x00007ffc06c9a000 	C:\Users\Kirill\.jdks\corretto-17.0.4.1\bin\jimage.dll
0x00007ffc48840000 - 0x00007ffc48a24000 	C:\WINDOWS\SYSTEM32\DBGHELP.DLL
0x00007ffc48660000 - 0x00007ffc48695000 	C:\WINDOWS\SYSTEM32\dbgcore.DLL
0x00007ffc492a0000 - 0x00007ffc49322000 	C:\WINDOWS\System32\bcryptPrimitives.dll
0x00007ffbfb1c0000 - 0x00007ffbfb1e5000 	C:\Users\Kirill\.jdks\corretto-17.0.4.1\bin\java.dll
0x00007ffbfaa20000 - 0x00007ffbfaaf6000 	C:\Users\Kirill\.jdks\corretto-17.0.4.1\bin\jsvml.dll
0x00007ffc49e90000 - 0x00007ffc4a5d4000 	C:\WINDOWS\System32\SHELL32.dll
0x00007ffc46300000 - 0x00007ffc46a92000 	C:\WINDOWS\SYSTEM32\windows.storage.dll
0x00007ffc4b220000 - 0x00007ffc4b575000 	C:\WINDOWS\System32\combase.dll
0x00007ffc48210000 - 0x00007ffc48240000 	C:\WINDOWS\SYSTEM32\Wldp.dll
0x00007ffc4ac40000 - 0x00007ffc4aced000 	C:\WINDOWS\System32\SHCORE.dll
0x00007ffc4a650000 - 0x00007ffc4a6a5000 	C:\WINDOWS\System32\shlwapi.dll
0x00007ffc48e60000 - 0x00007ffc48e7f000 	C:\WINDOWS\SYSTEM32\profapi.dll
0x00007ffbfaa00000 - 0x00007ffbfaa19000 	C:\Users\Kirill\.jdks\corretto-17.0.4.1\bin\net.dll
0x00007ffc41d10000 - 0x00007ffc41e1c000 	C:\WINDOWS\SYSTEM32\WINHTTP.dll
0x00007ffc480e0000 - 0x00007ffc4814a000 	C:\WINDOWS\system32\mswsock.dll
0x00007ffbfa9e0000 - 0x00007ffbfa9f5000 	C:\Users\Kirill\.jdks\corretto-17.0.4.1\bin\nio.dll
0x00007ffbfa9c0000 - 0x00007ffbfa9d8000 	C:\Users\Kirill\.jdks\corretto-17.0.4.1\bin\zip.dll
0x00007ffc3bc80000 - 0x00007ffc3bc90000 	C:\Users\Kirill\.jdks\corretto-17.0.4.1\bin\verify.dll
0x00007ffc324f0000 - 0x00007ffc32565000 	C:\Users\Kirill\AppData\Local\Temp\lwjglKirill\3.3.1-SNAPSHOT\lwjgl.dll
0x00007ffc32480000 - 0x00007ffc324e1000 	C:\Users\Kirill\AppData\Local\Temp\lwjglKirill\3.3.1-SNAPSHOT\glfw.dll
0x00007ffc21bd0000 - 0x00007ffc21c15000 	C:\WINDOWS\SYSTEM32\dinput8.dll
0x00007ffc3b520000 - 0x00007ffc3b531000 	C:\WINDOWS\SYSTEM32\xinput1_4.dll
0x00007ffc49440000 - 0x00007ffc4948e000 	C:\WINDOWS\System32\cfgmgr32.dll
0x00007ffc48c60000 - 0x00007ffc48c8c000 	C:\WINDOWS\SYSTEM32\DEVOBJ.dll
0x00007ffc45df0000 - 0x00007ffc45e1f000 	C:\WINDOWS\SYSTEM32\dwmapi.dll
0x00007ffc3a8c0000 - 0x00007ffc3aa12000 	C:\WINDOWS\SYSTEM32\inputhost.dll
0x00007ffc4a9a0000 - 0x00007ffc4aa6d000 	C:\WINDOWS\System32\OLEAUT32.dll
0x00007ffc43d80000 - 0x00007ffc43e76000 	C:\WINDOWS\SYSTEM32\PROPSYS.dll
0x00007ffc45710000 - 0x00007ffc45802000 	C:\WINDOWS\SYSTEM32\CoreMessaging.dll
0x00007ffc44ce0000 - 0x00007ffc44e34000 	C:\WINDOWS\SYSTEM32\wintypes.dll
0x00007ffc453b0000 - 0x00007ffc4570e000 	C:\WINDOWS\SYSTEM32\CoreUIComponents.dll
0x00007ffc48c00000 - 0x00007ffc48c33000 	C:\WINDOWS\SYSTEM32\ntmarta.dll
0x00007ffc45c10000 - 0x00007ffc45cae000 	C:\WINDOWS\system32\uxtheme.dll
0x00007ffc4a7e0000 - 0x00007ffc4a8f5000 	C:\WINDOWS\System32\MSCTF.dll
0x00007ffc38f60000 - 0x00007ffc39085000 	C:\WINDOWS\SYSTEM32\opengl32.dll
0x00007ffc3bae0000 - 0x00007ffc3bb0c000 	C:\WINDOWS\SYSTEM32\GLU32.dll
0x00007ffc4b740000 - 0x00007ffc4b7ef000 	C:\WINDOWS\System32\clbcatq.dll
0x00007ffc10640000 - 0x00007ffc116e5000 	C:\WINDOWS\System32\DriverStore\FileRepository\iigd_dch.inf_amd64_51f685305808e3a5\ig9icd64.dll
0x00007ffc4aea0000 - 0x00007ffc4afca000 	C:\WINDOWS\System32\ole32.dll
0x00007ffc47290000 - 0x00007ffc47383000 	C:\WINDOWS\system32\dxgi.dll
0x00007ffc1a480000 - 0x00007ffc1a5ac000 	C:\WINDOWS\System32\DriverStore\FileRepository\iigd_dch.inf_amd64_51f685305808e3a5\igdml64.dll
0x00007ffc3fb60000 - 0x00007ffc3ff69000 	C:\WINDOWS\System32\DriverStore\FileRepository\iigd_dch.inf_amd64_51f685305808e3a5\igdgmm64.dll
0x00007ffc3beb0000 - 0x00007ffc3f644000 	C:\WINDOWS\System32\DriverStore\FileRepository\iigd_dch.inf_amd64_51f685305808e3a5\igc64.dll
0x00007ffc48ce0000 - 0x00007ffc48d2b000 	C:\WINDOWS\SYSTEM32\powrprof.dll
0x00007ffc48cc0000 - 0x00007ffc48cd2000 	C:\WINDOWS\SYSTEM32\UMPDC.dll
0x00007ffc3bdb0000 - 0x00007ffc3bea9000 	C:\WINDOWS\SYSTEM32\textinputframework.dll
0x00007ffc21b70000 - 0x00007ffc21bcd000 	C:\Users\Kirill\AppData\Local\Temp\lwjglKirill\3.3.1-SNAPSHOT\lwjgl_opengl.dll
0x0000000064a00000 - 0x000000006580f000 	C:\Users\Kirill\AppData\Local\Temp\imgui-java-natives_1673424497122\imgui-java64.dll
0x00007ffc46aa0000 - 0x00007ffc46aad000 	C:\WINDOWS\SYSTEM32\HID.DLL
0x00007ffc49870000 - 0x00007ffc49cd8000 	C:\WINDOWS\System32\SETUPAPI.DLL
0x00007ffc49270000 - 0x00007ffc49297000 	C:\WINDOWS\System32\bcrypt.dll
0x00007ffc49080000 - 0x00007ffc490e9000 	C:\WINDOWS\System32\WINTRUST.dll
0x00007ffc48f20000 - 0x00007ffc49076000 	C:\WINDOWS\System32\CRYPT32.dll
0x00007ffc48640000 - 0x00007ffc48652000 	C:\WINDOWS\SYSTEM32\MSASN1.dll
0x00007ffc21a90000 - 0x00007ffc21b11000 	C:\Users\Kirill\AppData\Local\Temp\lwjglKirill\3.3.1-SNAPSHOT\lwjgl_stb.dll

dbghelp: loaded successfully - version: 4.0.5 - missing functions: none
symbol engine: initialized successfully - sym options: 0x614 - pdb path: .;C:\Users\Kirill\.jdks\corretto-17.0.4.1\bin;C:\WINDOWS\SYSTEM32;C:\WINDOWS\WinSxS\amd64_microsoft.windows.common-controls_6595b64144ccf1df_6.0.19041.1110_none_60b5254171f9507e;C:\Users\Kirill\.jdks\corretto-17.0.4.1\bin\server;C:\Users\Kirill\AppData\Local\Temp\lwjglKirill\3.3.1-SNAPSHOT;C:\WINDOWS\System32\DriverStore\FileRepository\iigd_dch.inf_amd64_51f685305808e3a5;C:\Users\Kirill\AppData\Local\Temp\imgui-java-natives_1673424497122

VM Arguments:
jvm_args: -Dfile.encoding=windows-1251 -Duser.country=RU -Duser.language=ru -Duser.variant 
java_command: Main
java_class_path (initial): C:\_Files\Projects\Java\_GameEngine3\build\classes\java\main;C:\_Files\Projects\Java\_GameEngine3\build\resources\main;C:\Users\Kirill\.gradle\caches\modules-2\files-2.1\org.apache.commons\commons-lang3\3.0\8873bd0bb5cb9ee37f1b04578eb7e26fcdd44cb0\commons-lang3-3.0.jar;C:\Users\Kirill\.gradle\caches\modules-2\files-2.1\commons-io\commons-io\2.0.1\7ffdb02f95af1c1a208544e076cea5b8e66e731a\commons-io-2.0.1.jar;C:\Users\Kirill\.gradle\caches\modules-2\files-2.1\org.reflections\reflections\0.10.2\b638d7ca0e0fe0146b60a0e7ba232ad852a73b31\reflections-0.10.2.jar;C:\Users\Kirill\.gradle\caches\modules-2\files-2.1\org.jetbrains\annotations\20.1.0\2fcd1f3225bca0c4a7bc931142076f8c1e80993f\annotations-20.1.0.jar;C:\_Files\Projects\Java\_GameEngine3\libs\PNGDecoder.jar;C:\Users\Kirill\.gradle\caches\modules-2\files-2.1\com.github.tehleo\junionc\1.1.1\df8a242e6827e044718421574b332e4b86bfa517\junionc-1.1.1.jar;C:\_Files\Projects\Java\_GameEngine3\libs\jbox2d-library.jar;C:\_Files\Projects\Java\_GameEngine3\libs\slick-util.jar;C:\_Files\Projects\Java\_GameEngine3\libs\obj-0.3.0.jar;C:\Users\Kirill\.gradle\caches\modules-2\files-2.1\junit\junit\4.13\e49ccba652b735c93bd6e6f59760d8254cf597dd\junit-4.13.jar;C:\Users\Kirill\.gradle\caches\modules-2\files-2.1\io.github.spair\imgui-java-app\1.86.4\23a06b57a93761cd02b242051e9117bac40d0f7\imgui-java-app-1.86.4.jar;C:\Users\Kirill\.gradle\caches\modules-2\files-2.1\io.github.spair\imgui-java-lwjgl3\1.86.4\a538b7aa58be1c26e0dfe0b5395aaf58cb24e3dd\imgui-java-lwjgl3-1.86.4.jar;C:\Users\Kirill\.gradle\caches\modules-2\files-2.1\io.github.spair\imgui-java-binding\1.86.4\f97d32963ed5988b19f725d6c7d9946091cc3ba7\imgui-java-binding-1.86.4.jar;C:\Users\Kirill\.gradle\caches\modules-2\files-2.1\io.github.spair\imgui-java-natives-windows\1.86.0\b9c0aa0ebf251dbebe0dd7c39499f95cbe03d88\imgui-java-natives-windows-1.86.0.jar;C:\Users\Kirill\.gradle\caches\modules-2\files-2.1\com.google.code.gson\gson\2.9.1\2cc2131b98ebfb04e2b2c7
Launcher Type: SUN_STANDARD

[Global flags]
     intx CICompilerCount                          = 4                                         {product} {ergonomic}
     uint ConcGCThreads                            = 3                                         {product} {ergonomic}
     uint G1ConcRefinementThreads                  = 10                                        {product} {ergonomic}
   size_t G1HeapRegionSize                         = 2097152                                   {product} {ergonomic}
    uintx GCDrainStackTargetSize                   = 64                                        {product} {ergonomic}
   size_t InitialHeapSize                          = 266338304                                 {product} {ergonomic}
   size_t MarkStackSize                            = 4194304                                   {product} {ergonomic}
   size_t MaxHeapSize                              = 4246732800                                {product} {ergonomic}
   size_t MaxNewSize                               = 2548039680                                {product} {ergonomic}
   size_t MinHeapDeltaBytes                        = 2097152                                   {product} {ergonomic}
   size_t MinHeapSize                              = 8388608                                   {product} {ergonomic}
    uintx NonNMethodCodeHeapSize                   = 5839372                                {pd product} {ergonomic}
    uintx NonProfiledCodeHeapSize                  = 122909434                              {pd product} {ergonomic}
    uintx ProfiledCodeHeapSize                     = 122909434                              {pd product} {ergonomic}
    uintx ReservedCodeCacheSize                    = 251658240                              {pd product} {ergonomic}
     bool SegmentedCodeCache                       = true                                      {product} {ergonomic}
   size_t SoftMaxHeapSize                          = 4246732800                             {manageable} {ergonomic}
     bool UseCompressedClassPointers               = true                           {product lp64_product} {ergonomic}
     bool UseCompressedOops                        = true                           {product lp64_product} {ergonomic}
     bool UseG1GC                                  = true                                      {product} {ergonomic}
     bool UseLargePagesIndividualAllocation        = false                                  {pd product} {ergonomic}

Logging:
Log output configuration:
 #0: stdout all=warning uptime,level,tags
 #1: stderr all=off uptime,level,tags

Environment Variables:
PATH=C:\Program Files\Common Files\Oracle\Java\javapath;C:\Program Files\Python310\Scripts\;C:\Program Files\Python310\;C:\WINDOWS\system32;C:\WINDOWS;C:\WINDOWS\System32\Wbem;C:\WINDOWS\System32\WindowsPowerShell\v1.0\;C:\WINDOWS\System32\OpenSSH\;C:\Program Files\dotnet\;C:\Program Files\Git\cmd;C:\Program Files\Java\jdk-18.0.2.1\bin;C:\Users\Kirill\AppData\Local\Microsoft\WindowsApps;C:\Program Files\JetBrains\PyCharm Community Edition 2022.2\bin;;C:\Users\Kirill\AppData\Local\Programs\Microsoft VS Code\bin;C:\Program Files\JetBrains\IntelliJ IDEA Community Edition 2022.2.1\bin;;C:\Program Files\Java\jdk-18.0.2.1\bin;
USERNAME=Kirill
OS=Windows_NT
PROCESSOR_IDENTIFIER=Intel64 Family 6 Model 165 Stepping 3, GenuineIntel
TMP=C:\Users\Kirill\AppData\Local\Temp
TEMP=C:\Users\Kirill\AppData\Local\Temp



---------------  S Y S T E M  ---------------

OS:
 Windows 10 , 64 bit Build 19041 (10.0.19041.2364)
OS uptime: 14 days 0:18 hours

CPU: total 12 (initial active 12) (6 cores per cpu, 2 threads per core) family 6 model 165 stepping 3 microcode 0xe0, cx8, cmov, fxsr, ht, mmx, 3dnowpref, sse, sse2, sse3, ssse3, sse4.1, sse4.2, popcnt, lzcnt, tsc, tscinvbit, avx, avx2, aes, erms, clmul, bmi1, bmi2, adx, fma, vzeroupper, clflush, clflushopt

Memory: 4k page, system-wide physical 16196M (5266M free)
TotalPageFile size 19603M (AvailPageFile size 5703M)
current process WorkingSet (physical memory assigned to process): 977M, peak: 998M
current process commit charge ("private bytes"): 942M, peak: 964M

vm_info: OpenJDK 64-Bit Server VM (17.0.4.1+9-LTS) for windows-amd64 JRE (17.0.4.1+9-LTS), built on Aug 12 2022 17:33:36 by "Administrator" with MS VC++ 15.9 (VS2017)

END.
