#
# A fatal error has been detected by the Java Runtime Environment:
#
#  EXCEPTION_ACCESS_VIOLATION (0xc0000005) at pc=0x0000000064a54aae, pid=1704, tid=10444
#
# JRE version: OpenJDK Runtime Environment Corretto-17.0.4.9.1 (17.0.4.1+9) (build 17.0.4.1+9-LTS)
# Java VM: OpenJDK 64-Bit Server VM Corretto-17.0.4.9.1 (17.0.4.1+9-LTS, mixed mode, sharing, tiered, compressed oops, compressed class ptrs, g1 gc, windows-amd64)
# Problematic frame:
# C  [imgui-java64.dll+0x54aae]
#
# No core dump will be written. Minidumps are not enabled by default on client versions of Windows
#
# If you would like to submit a bug report, please visit:
#   https://github.com/corretto/corretto-17/issues/
# The crash happened outside the Java Virtual Machine in native code.
# See problematic frame for where to report the bug.
#

---------------  S U M M A R Y ------------

Command Line: -Dfile.encoding=windows-1251 -Duser.country=RU -Duser.language=ru -Duser.variant Main

Host: Intel(R) Core(TM) i5-10400 CPU @ 2.90GHz, 12 cores, 15G,  Windows 10 , 64 bit Build 19041 (10.0.19041.2364)
Time: Tue Jan 10 15:01:41 2023  Windows 10 , 64 bit Build 19041 (10.0.19041.2364) elapsed time: 8.645885 seconds (0d 0h 0m 8s)

---------------  T H R E A D  ---------------

Current thread (0x000001e36dbf7de0):  JavaThread "main" [_thread_in_native, id=10444, stack(0x0000007a43d00000,0x0000007a43e00000)]

Stack: [0x0000007a43d00000,0x0000007a43e00000],  sp=0x0000007a43dff0b8,  free space=1020k
Native frames: (J=compiled Java code, j=interpreted, Vv=VM code, C=native code)
C  [imgui-java64.dll+0x54aae]

Java frames: (J=compiled Java code, j=interpreted, Vv=VM code)
j  imgui.ImGui.nGetWindowDrawList()J+0
j  imgui.ImGui.getWindowDrawList()Limgui/ImDrawList;+3
j  imgui.extension.imguizmo.ImGuizmo.setDrawList()V+0
j  engine.gizmo.GizmoSystem.update()V+22
j  Main.main([Ljava/lang/String;)V+194
v  ~StubRoutines::call_stub

siginfo: EXCEPTION_ACCESS_VIOLATION (0xc0000005), writing address 0x00000000000000c9


Register to memory mapping:

RIP=0x0000000064a54aae imgui-java64.dll
RAX=0x0 is NULL
RBX={method} {0x000001e3116a0928} 'nGetWindowDrawList' '()J' in 'imgui/ImGui'
RCX=0x000001e36dbf8088 points into unknown readable memory: 0x000001e311ed2860 | 60 28 ed 11 e3 01 00 00
RDX=0x0000007a43dff140 is pointing into the stack for thread: 0x000001e36dbf7de0
RSP=0x0000007a43dff0b8 is pointing into the stack for thread: 0x000001e36dbf7de0
RBP=0x0000007a43dff130 is pointing into the stack for thread: 0x000001e36dbf7de0
RSI=0x000001e3219c8f20 is pointing into metadata
RDI=0x000001e3000094fe is at code_begin+1118 in an Interpreter codelet
return entry points  [0x000001e3000090a0, 0x000001e300009ba0]  2816 bytes
R8 =0x0000000000000002 is an unknown value
R9 =0x0000000000000002 is an unknown value
R10=0x000001e30000d5f2 is at code_begin+946 in an Interpreter codelet
method entry point (kind = native)  [0x000001e30000d240, 0x000001e30000dbc0]  2432 bytes
R11=0x0000000702fd6478 is an oop: java.lang.Class 
{0x0000000702fd6478} - klass: 'java/lang/Class'
 - ---- fields (total size 24 words):
 - private volatile transient 'classRedefinedCount' 'I' @12  0
 - private volatile transient 'cachedConstructor' 'Ljava/lang/reflect/Constructor;' @40  NULL (0)
 - private transient 'name' 'Ljava/lang/String;' @44  "imgui.ImGui"{0x0000000702fd67a8} (e05facf5)
 - private transient 'module' 'Ljava/lang/Module;' @48  a 'java/lang/Module'{0x0000000702e055c0} (e05c0ab8)
 - private final 'classLoader' 'Ljava/lang/ClassLoader;' @52  a 'jdk/internal/loader/ClassLoaders$AppClassLoader'{0x0000000702e01410} (e05c0282)
 - private transient 'classData' 'Ljava/lang/Object;' @56  NULL (0)
 - private transient 'packageName' 'Ljava/lang/String;' @60  "imgui"{0x0000000702fd53c8} (e05faa79)
 - private final 'componentType' 'Ljava/lang/Class;' @64  NULL (0)
 - private volatile transient 'reflectionData' 'Ljava/lang/ref/SoftReference;' @68  NULL (0)
 - private volatile transient 'genericInfo' 'Lsun/reflect/generics/repository/ClassRepository;' @72  NULL (0)
 - private volatile transient 'enumConstants' '[Ljava/lang/Object;' @76  NULL (0)
 - private volatile transient 'enumConstantDirectory' 'Ljava/util/Map;' @80  NULL (0)
 - private volatile transient 'annotationData' 'Ljava/lang/Class$AnnotationData;' @84  NULL (0)
 - private volatile transient 'annotationType' 'Lsun/reflect/annotation/AnnotationType;' @88  NULL (0)
 - transient 'classValueMap' 'Ljava/lang/ClassValue$ClassValueMap;' @92  NULL (0)
 - signature: Limgui/ImGui;
 - fake entry for mirror: 'imgui/ImGui'
 - fake entry for array: NULL
 - fake entry for oop_size: 24
 - fake entry for static_oop_field_count: 19
 - private static final 'LIB_PATH_PROP' 'Ljava/lang/String;' @112  "imgui.library.path"{0x0000000702fd6768} (e05faced)
 - private static final 'LIB_NAME_PROP' 'Ljava/lang/String;' @116  "imgui.library.name"{0x0000000702fd6728} (e05face5)
 - private static final 'LIB_NAME_DEFAULT' 'Ljava/lang/String;' @120  "imgui-java64"{0x0000000702fd66f0} (e05facde)
 - private static final 'LIB_TMP_DIR_PREFIX' 'Ljava/lang/String;' @124  "imgui-java-natives_1673341293166"{0x0000000702fd66a8} (e05facd5)
 - private static final 'IMGUI_CONTEXT' 'Limgui/internal/ImGuiContext;' @128  a 'imgui/internal/ImGuiContext'{0x0000000702fd6690} (e05facd2)
 - private static final 'IMGUI_IO' 'Limgui/ImGuiIO;' @132  a 'imgui/ImGuiIO'{0x0000000702e0dc98} (e05c1b93)
 - private static final 'WINDOW_DRAW_LIST' 'Limgui/ImDrawList;' @136  a 'imgui/ImDrawList'{0x0000000702fd6678} (e05faccf)
 - private static final 'BACKGROUND_DRAW_LIST' 'Limgui/ImDrawList;' @140  a 'imgui/ImDrawList'{0x0000000702fd6660} (e05faccc)
 - private static final 'FOREGROUND_DRAW_LIST' 'Limgui/ImDrawList;' @144  a 'imgui/ImDrawList'{0x0000000702fd6648} (e05facc9)
 - private static final 'IMGUI_STORAGE' 'Limgui/ImGuiStorage;' @148  a 'imgui/ImGuiStorage'{0x0000000702fd6630} (e05facc6)
 - private static final 'WINDOW_VIEWPORT' 'Limgui/ImGuiViewport;' @152  a 'imgui/ImGuiViewport'{0x0000000702fd6618} (e05facc3)
 - private static final 'FIND_VIEWPORT' 'Limgui/ImGuiViewport;' @156  a 'imgui/ImGuiViewport'{0x0000000702fd6600} (e05facc0)
 - private static final 'DRAW_DATA' 'Limgui/ImDrawData;' @160  a 'imgui/ImDrawData'{0x0000000702fd65e8} (e05facbd)
 - private static final 'FONT' 'Limgui/ImFont;' @164  a 'imgui/ImFont'{0x0000000702fd6598} (e05facb3)
 - private static final 'STYLE' 'Limgui/ImGuiStyle;' @168  a 'imgui/ImGuiStyle'{0x0000000702fd6580} (e05facb0)
 - private static final 'MAIN_VIEWPORT' 'Limgui/ImGuiViewport;' @172  a 'imgui/ImGuiViewport'{0x0000000702fd6568} (e05facad)
 - private static final 'PLATFORM_IO' 'Limgui/ImGuiPlatformIO;' @176  a 'imgui/ImGuiPlatformIO'{0x0000000702fd6550} (e05facaa)
 - private static 'payloadRef' 'Ljava/lang/ref/WeakReference;' @180  NULL (0)
 - private static final 'PAYLOAD_PLACEHOLDER_DATA' '[B' @184  [B{0x0000000702fd6538} (e05faca7)
R12=0x0 is NULL
R13={method} {0x000001e3116a0928} 'nGetWindowDrawList' '()J' in 'imgui/ImGui'
R14=0x0000007a43dff148 is pointing into the stack for thread: 0x000001e36dbf7de0
R15=0x000001e36dbf7de0 is a thread


Registers:
RAX=0x0000000000000000, RBX=0x000001e3116a0920, RCX=0x000001e36dbf8088, RDX=0x0000007a43dff140
RSP=0x0000007a43dff0b8, RBP=0x0000007a43dff130, RSI=0x000001e3219c8f20, RDI=0x000001e3000094fe
R8 =0x0000000000000002, R9 =0x0000000000000002, R10=0x000001e30000d5f2, R11=0x0000000702fd6478
R12=0x0000000000000000, R13=0x000001e3116a0920, R14=0x0000007a43dff148, R15=0x000001e36dbf7de0
RIP=0x0000000064a54aae, EFLAGS=0x0000000000010283

Top of Stack: (sp=0x0000007a43dff0b8)
0x0000007a43dff0b8:   000001e30000d621 000001e3116a0920
0x0000007a43dff0c8:   000001e3219c8f20 000001e3219c8f20
0x0000007a43dff0d8:   00007ffbfd77f2a7 000001e30000d2f6
0x0000007a43dff0e8:   0000007a43dff0e8 000001e3116a0920
0x0000007a43dff0f8:   0000007a43dff148 000001e3116c8000
0x0000007a43dff108:   0000000000000000 0000000702fd6478
0x0000007a43dff118:   000001e3116a0920 0000000000000000
0x0000007a43dff128:   0000007a43dff150 0000007a43dff1a0
0x0000007a43dff138:   000001e3000095cd 0000000702fd6478
0x0000007a43dff148:   000001e30000af77 0000000702fd6678
0x0000007a43dff158:   0000007a43dff158 000001e3116a0883
0x0000007a43dff168:   0000007a43dff1a8 000001e3116c8000
0x0000007a43dff178:   0000000000000000 0000000702fd6478
0x0000007a43dff188:   000001e3116a0898 0000007a43dff150
0x0000007a43dff198:   0000007a43dff1b0 0000007a43dff1f8
0x0000007a43dff1a8:   000001e300009657 0000007a43dff1b0 

Instructions: (pc=0x0000000064a54aae)
0x0000000064a549ae:   00 00 48 8b 05 91 47 56 00 81 88 28 1e 00 00 00
0x0000000064a549be:   01 00 00 89 88 8c 1e 00 00 c3 0f 1f 84 00 00 00
0x0000000064a549ce:   00 00 48 8b 05 71 47 56 00 41 b8 01 00 00 00 81
0x0000000064a549de:   88 28 1e 00 00 00 02 00 00 85 d2 89 88 90 1e 00
0x0000000064a549ee:   00 41 0f 44 d0 89 90 38 1e 00 00 c3 66 0f 1f 44
0x0000000064a549fe:   00 00 56 53 48 83 ec 28 48 8b 35 3b 47 56 00 8b
0x0000000064a54a0e:   41 08 48 89 cb 85 41 0c 75 38 81 8e 28 1e 00 00
0x0000000064a54a1e:   00 04 00 00 f3 0f 6f 03 0f 11 86 94 1e 00 00 48
0x0000000064a54a2e:   8b 43 10 48 89 86 a4 1e 00 00 0f b7 43 18 66 89
0x0000000064a54a3e:   86 ac 1e 00 00 48 83 c4 28 5b 5e c3 66 0f 1f 44
0x0000000064a54a4e:   00 00 e8 8b b5 13 00 84 c0 75 27 8b 43 08 85 43
0x0000000064a54a5e:   0c 74 b7 41 b8 8d 1e 00 00 48 8d 15 92 c6 4b 00
0x0000000064a54a6e:   48 8d 0d 73 ee 4b 00 ff 15 9d 2c db 00 eb 9b 0f
0x0000000064a54a7e:   1f 00 4c 8d 05 79 c6 4b 00 ba 8d 1e 00 00 48 8d
0x0000000064a54a8e:   0d 55 ee 4b 00 e8 68 b4 13 00 e9 7b ff ff ff 0f
0x0000000064a54a9e:   1f 00 48 8b 05 a1 46 56 00 48 8b 80 28 1d 00 00
0x0000000064a54aae:   c6 80 c9 00 00 00 01 48 8b 80 b0 02 00 00 c3 0f
0x0000000064a54abe:   1f 00 48 8b 05 81 46 56 00 f3 0f 10 80 50 1f 00
0x0000000064a54ace:   00 c3 53 48 83 ec 20 48 8b 1d 6c 46 56 00 48 8b
0x0000000064a54ade:   93 58 1f 00 00 48 85 d2 74 10 48 8b 83 28 1d 00
0x0000000064a54aee:   00 48 8b 40 30 48 39 c2 74 46 e8 e3 b4 13 00 84
0x0000000064a54afe:   c0 75 47 48 8b 93 58 1f 00 00 48 85 d2 74 10 48
0x0000000064a54b0e:   8b 83 28 1d 00 00 48 8b 40 30 48 39 c2 74 21 41
0x0000000064a54b1e:   b8 a1 1e 00 00 48 8d 15 d6 c5 4b 00 48 8d 0d 67
0x0000000064a54b2e:   ee 4b 00 ff 15 e1 2b db 00 48 8b 83 58 1f 00 00
0x0000000064a54b3e:   48 83 c4 20 5b c3 0f 1f 40 00 4c 8d 05 b1 c5 4b
0x0000000064a54b4e:   00 ba a1 1e 00 00 48 8d 0d ed ed 4b 00 e8 a0 b3
0x0000000064a54b5e:   13 00 48 8b 83 58 1f 00 00 48 83 c4 20 5b c3 0f
0x0000000064a54b6e:   1f 00 48 8b 05 d1 45 56 00 48 8b 80 90 1a 00 00
0x0000000064a54b7e:   c3 90 48 8b 05 c1 45 56 00 f3 0f 10 80 98 1a 00
0x0000000064a54b8e:   00 c3 48 8b 05 b1 45 56 00 48 8b 80 a0 1a 00 00
0x0000000064a54b9e:   c3 90 48 83 ec 38 0f 11 74 24 20 0f 2f 05 70 40 


Stack slot to memory mapping:
stack at sp + 0 slots: 0x000001e30000d621 is at code_begin+993 in an Interpreter codelet
method entry point (kind = native)  [0x000001e30000d240, 0x000001e30000dbc0]  2432 bytes
stack at sp + 1 slots: {method} {0x000001e3116a0928} 'nGetWindowDrawList' '()J' in 'imgui/ImGui'
stack at sp + 2 slots: 0x000001e3219c8f20 is pointing into metadata
stack at sp + 3 slots: 0x000001e3219c8f20 is pointing into metadata
stack at sp + 4 slots: 0x00007ffbfd77f2a7 jvm.dll
stack at sp + 5 slots: 0x000001e30000d2f6 is at code_begin+182 in an Interpreter codelet
method entry point (kind = native)  [0x000001e30000d240, 0x000001e30000dbc0]  2432 bytes
stack at sp + 6 slots: 0x0000007a43dff0e8 is pointing into the stack for thread: 0x000001e36dbf7de0
stack at sp + 7 slots: {method} {0x000001e3116a0928} 'nGetWindowDrawList' '()J' in 'imgui/ImGui'


---------------  P R O C E S S  ---------------

Threads class SMR info:
_java_thread_list=0x000001e31a46e1e0, length=12, elements={
0x000001e36dbf7de0, 0x000001e37ff44160, 0x000001e37ff45ef0, 0x000001e37ff5b8a0,
0x000001e37ff5e170, 0x000001e37ff5ea30, 0x000001e37ff60300, 0x000001e37ff61aa0,
0x000001e37ff66460, 0x000001e37ff6d250, 0x000001e311a6d820, 0x000001e311a7b520
}

Java Threads: ( => current thread )
=>0x000001e36dbf7de0 JavaThread "main" [_thread_in_native, id=10444, stack(0x0000007a43d00000,0x0000007a43e00000)]
  0x000001e37ff44160 JavaThread "Reference Handler" daemon [_thread_blocked, id=14800, stack(0x0000007a44400000,0x0000007a44500000)]
  0x000001e37ff45ef0 JavaThread "Finalizer" daemon [_thread_blocked, id=9940, stack(0x0000007a44500000,0x0000007a44600000)]
  0x000001e37ff5b8a0 JavaThread "Signal Dispatcher" daemon [_thread_blocked, id=16096, stack(0x0000007a44600000,0x0000007a44700000)]
  0x000001e37ff5e170 JavaThread "Attach Listener" daemon [_thread_blocked, id=8288, stack(0x0000007a44700000,0x0000007a44800000)]
  0x000001e37ff5ea30 JavaThread "Service Thread" daemon [_thread_blocked, id=8176, stack(0x0000007a44800000,0x0000007a44900000)]
  0x000001e37ff60300 JavaThread "Monitor Deflation Thread" daemon [_thread_blocked, id=5024, stack(0x0000007a44900000,0x0000007a44a00000)]
  0x000001e37ff61aa0 JavaThread "C2 CompilerThread0" daemon [_thread_in_native, id=9104, stack(0x0000007a44a00000,0x0000007a44b00000)]
  0x000001e37ff66460 JavaThread "C1 CompilerThread0" daemon [_thread_blocked, id=10492, stack(0x0000007a44b00000,0x0000007a44c00000)]
  0x000001e37ff6d250 JavaThread "Sweeper thread" daemon [_thread_blocked, id=1028, stack(0x0000007a44c00000,0x0000007a44d00000)]
  0x000001e311a6d820 JavaThread "Notification Thread" daemon [_thread_blocked, id=4308, stack(0x0000007a44d00000,0x0000007a44e00000)]
  0x000001e311a7b520 JavaThread "Common-Cleaner" daemon [_thread_blocked, id=5340, stack(0x0000007a44f00000,0x0000007a45000000)]

Other Threads:
  0x000001e37ff3d5f0 VMThread "VM Thread" [stack: 0x0000007a44300000,0x0000007a44400000] [id=14872]
  0x000001e36dc86710 WatcherThread [stack: 0x0000007a44e00000,0x0000007a44f00000] [id=14316]
  0x000001e36dc61830 GCTaskThread "GC Thread#0" [stack: 0x0000007a43e00000,0x0000007a43f00000] [id=4300]
  0x000001e319879030 GCTaskThread "GC Thread#1" [stack: 0x0000007a45600000,0x0000007a45700000] [id=14580]
  0x000001e319834180 GCTaskThread "GC Thread#2" [stack: 0x0000007a45700000,0x0000007a45800000] [id=4828]
  0x000001e319c4bee0 GCTaskThread "GC Thread#3" [stack: 0x0000007a45800000,0x0000007a45900000] [id=15468]
  0x000001e319c4c190 GCTaskThread "GC Thread#4" [stack: 0x0000007a45900000,0x0000007a45a00000] [id=3320]
  0x000001e319ef1c40 GCTaskThread "GC Thread#5" [stack: 0x0000007a45a00000,0x0000007a45b00000] [id=11024]
  0x000001e3198a1d40 GCTaskThread "GC Thread#6" [stack: 0x0000007a45b00000,0x0000007a45c00000] [id=5856]
  0x000001e319ef1ef0 GCTaskThread "GC Thread#7" [stack: 0x0000007a45c00000,0x0000007a45d00000] [id=10140]
  0x000001e319f1fd30 GCTaskThread "GC Thread#8" [stack: 0x0000007a45d00000,0x0000007a45e00000] [id=16604]
  0x000001e31a2a3090 GCTaskThread "GC Thread#9" [stack: 0x0000007a45e00000,0x0000007a45f00000] [id=1200]
  0x000001e36dc753c0 ConcurrentGCThread "G1 Main Marker" [stack: 0x0000007a43f00000,0x0000007a44000000] [id=14712]
  0x000001e36dc76cf0 ConcurrentGCThread "G1 Conc#0" [stack: 0x0000007a44000000,0x0000007a44100000] [id=3772]
  0x000001e36dcce730 ConcurrentGCThread "G1 Refine#0" [stack: 0x0000007a44100000,0x0000007a44200000] [id=15612]
  0x000001e37fdfb680 ConcurrentGCThread "G1 Service" [stack: 0x0000007a44200000,0x0000007a44300000] [id=1264]

Threads with active compile tasks:
C2 CompilerThread0     8670 2591       4       engine.imGui.ProjectStructureWindow::DrawFiles (323 bytes)

VM state: not at safepoint (normal execution)

VM Mutex/Monitor currently owned by a thread: None

Heap address: 0x0000000702e00000, size: 4050 MB, Compressed Oops mode: Zero based, Oop shift amount: 3

CDS archive(s) mapped at: [0x0000000800000000-0x0000000800bc0000-0x0000000800bc0000), size 12320768, SharedBaseAddress: 0x0000000800000000, ArchiveRelocationMode: 0.
Compressed class space mapped at: 0x0000000800c00000-0x0000000840c00000, reserved size: 1073741824
Narrow klass base: 0x0000000800000000, Narrow klass shift: 0, Narrow klass range: 0x100000000

GC Precious Log:
 CPUs: 12 total, 12 available
 Memory: 16196M
 Large Page Support: Disabled
 NUMA Support: Disabled
 Compressed Oops: Enabled (Zero based)
 Heap Region Size: 2M
 Heap Min Capacity: 8M
 Heap Initial Capacity: 254M
 Heap Max Capacity: 4050M
 Pre-touch: Disabled
 Parallel Workers: 10
 Concurrent Workers: 3
 Concurrent Refinement Workers: 10
 Periodic GC: Disabled

Heap:
 garbage-first heap   total 260096K, used 133693K [0x0000000702e00000, 0x0000000800000000)
  region size 2048K, 61 young (124928K), 1 survivors (2048K)
 Metaspace       used 9421K, committed 9664K, reserved 1064960K
  class space    used 641K, committed 768K, reserved 1048576K

Heap Regions: E=young(eden), S=young(survivor), O=old, HS=humongous(starts), HC=humongous(continues), CS=collection set, F=free, OA=open archive, CA=closed archive, TAMS=top-at-mark-start (previous, next)
|   0|0x0000000702e00000, 0x0000000703000000, 0x0000000703000000|100%| O|  |TAMS 0x0000000702e00000, 0x0000000702e00000| Untracked 
|   1|0x0000000703000000, 0x0000000703200000, 0x0000000703200000|100%| O|  |TAMS 0x0000000703000000, 0x0000000703000000| Untracked 
|   2|0x0000000703200000, 0x0000000703400000, 0x0000000703400000|100%| O|  |TAMS 0x0000000703200000, 0x0000000703200000| Untracked 
|   3|0x0000000703400000, 0x0000000703400000, 0x0000000703600000|  0%| F|  |TAMS 0x0000000703400000, 0x0000000703400000| Untracked 
|   4|0x0000000703600000, 0x0000000703600000, 0x0000000703800000|  0%| F|  |TAMS 0x0000000703600000, 0x0000000703600000| Untracked 
|   5|0x0000000703800000, 0x0000000703800000, 0x0000000703a00000|  0%| F|  |TAMS 0x0000000703800000, 0x0000000703800000| Untracked 
|   6|0x0000000703a00000, 0x0000000703a00000, 0x0000000703c00000|  0%| F|  |TAMS 0x0000000703a00000, 0x0000000703a00000| Untracked 
|   7|0x0000000703c00000, 0x0000000703c00000, 0x0000000703e00000|  0%| F|  |TAMS 0x0000000703c00000, 0x0000000703c00000| Untracked 
|   8|0x0000000703e00000, 0x0000000703e00000, 0x0000000704000000|  0%| F|  |TAMS 0x0000000703e00000, 0x0000000703e00000| Untracked 
|   9|0x0000000704000000, 0x0000000704200000, 0x0000000704200000|100%| O|  |TAMS 0x0000000704000000, 0x0000000704000000| Untracked 
|  10|0x0000000704200000, 0x0000000704400000, 0x0000000704400000|100%| O|  |TAMS 0x0000000704200000, 0x0000000704200000| Untracked 
|  11|0x0000000704400000, 0x00000007045ac000, 0x0000000704600000| 83%| O|  |TAMS 0x0000000704400000, 0x0000000704400000| Untracked 
|  12|0x0000000704600000, 0x0000000704600000, 0x0000000704800000|  0%| F|  |TAMS 0x0000000704600000, 0x0000000704600000| Untracked 
|  13|0x0000000704800000, 0x0000000704800000, 0x0000000704a00000|  0%| F|  |TAMS 0x0000000704800000, 0x0000000704800000| Untracked 
|  14|0x0000000704a00000, 0x0000000704a00000, 0x0000000704c00000|  0%| F|  |TAMS 0x0000000704a00000, 0x0000000704a00000| Untracked 
|  15|0x0000000704c00000, 0x0000000704c00000, 0x0000000704e00000|  0%| F|  |TAMS 0x0000000704c00000, 0x0000000704c00000| Untracked 
|  16|0x0000000704e00000, 0x0000000704e00000, 0x0000000705000000|  0%| F|  |TAMS 0x0000000704e00000, 0x0000000704e00000| Untracked 
|  17|0x0000000705000000, 0x0000000705000000, 0x0000000705200000|  0%| F|  |TAMS 0x0000000705000000, 0x0000000705000000| Untracked 
|  18|0x0000000705200000, 0x0000000705200000, 0x0000000705400000|  0%| F|  |TAMS 0x0000000705200000, 0x0000000705200000| Untracked 
|  19|0x0000000705400000, 0x0000000705400000, 0x0000000705600000|  0%| F|  |TAMS 0x0000000705400000, 0x0000000705400000| Untracked 
|  20|0x0000000705600000, 0x0000000705600000, 0x0000000705800000|  0%| F|  |TAMS 0x0000000705600000, 0x0000000705600000| Untracked 
|  21|0x0000000705800000, 0x0000000705800000, 0x0000000705a00000|  0%| F|  |TAMS 0x0000000705800000, 0x0000000705800000| Untracked 
|  22|0x0000000705a00000, 0x0000000705a00000, 0x0000000705c00000|  0%| F|  |TAMS 0x0000000705a00000, 0x0000000705a00000| Untracked 
|  23|0x0000000705c00000, 0x0000000705c00000, 0x0000000705e00000|  0%| F|  |TAMS 0x0000000705c00000, 0x0000000705c00000| Untracked 
|  24|0x0000000705e00000, 0x0000000705e00000, 0x0000000706000000|  0%| F|  |TAMS 0x0000000705e00000, 0x0000000705e00000| Untracked 
|  25|0x0000000706000000, 0x0000000706000000, 0x0000000706200000|  0%| F|  |TAMS 0x0000000706000000, 0x0000000706000000| Untracked 
|  26|0x0000000706200000, 0x0000000706200000, 0x0000000706400000|  0%| F|  |TAMS 0x0000000706200000, 0x0000000706200000| Untracked 
|  27|0x0000000706400000, 0x0000000706400000, 0x0000000706600000|  0%| F|  |TAMS 0x0000000706400000, 0x0000000706400000| Untracked 
|  28|0x0000000706600000, 0x0000000706600000, 0x0000000706800000|  0%| F|  |TAMS 0x0000000706600000, 0x0000000706600000| Untracked 
|  29|0x0000000706800000, 0x0000000706800000, 0x0000000706a00000|  0%| F|  |TAMS 0x0000000706800000, 0x0000000706800000| Untracked 
|  30|0x0000000706a00000, 0x0000000706a00000, 0x0000000706c00000|  0%| F|  |TAMS 0x0000000706a00000, 0x0000000706a00000| Untracked 
|  31|0x0000000706c00000, 0x0000000706c00000, 0x0000000706e00000|  0%| F|  |TAMS 0x0000000706c00000, 0x0000000706c00000| Untracked 
|  32|0x0000000706e00000, 0x0000000706e00000, 0x0000000707000000|  0%| F|  |TAMS 0x0000000706e00000, 0x0000000706e00000| Untracked 
|  33|0x0000000707000000, 0x0000000707000000, 0x0000000707200000|  0%| F|  |TAMS 0x0000000707000000, 0x0000000707000000| Untracked 
|  34|0x0000000707200000, 0x0000000707200000, 0x0000000707400000|  0%| F|  |TAMS 0x0000000707200000, 0x0000000707200000| Untracked 
|  35|0x0000000707400000, 0x0000000707400000, 0x0000000707600000|  0%| F|  |TAMS 0x0000000707400000, 0x0000000707400000| Untracked 
|  36|0x0000000707600000, 0x0000000707600000, 0x0000000707800000|  0%| F|  |TAMS 0x0000000707600000, 0x0000000707600000| Untracked 
|  37|0x0000000707800000, 0x0000000707800000, 0x0000000707a00000|  0%| F|  |TAMS 0x0000000707800000, 0x0000000707800000| Untracked 
|  38|0x0000000707a00000, 0x0000000707a00000, 0x0000000707c00000|  0%| F|  |TAMS 0x0000000707a00000, 0x0000000707a00000| Untracked 
|  39|0x0000000707c00000, 0x0000000707c00000, 0x0000000707e00000|  0%| F|  |TAMS 0x0000000707c00000, 0x0000000707c00000| Untracked 
|  40|0x0000000707e00000, 0x0000000707e00000, 0x0000000708000000|  0%| F|  |TAMS 0x0000000707e00000, 0x0000000707e00000| Untracked 
|  41|0x0000000708000000, 0x0000000708000000, 0x0000000708200000|  0%| F|  |TAMS 0x0000000708000000, 0x0000000708000000| Untracked 
|  42|0x0000000708200000, 0x0000000708200000, 0x0000000708400000|  0%| F|  |TAMS 0x0000000708200000, 0x0000000708200000| Untracked 
|  43|0x0000000708400000, 0x0000000708400000, 0x0000000708600000|  0%| F|  |TAMS 0x0000000708400000, 0x0000000708400000| Untracked 
|  44|0x0000000708600000, 0x0000000708600000, 0x0000000708800000|  0%| F|  |TAMS 0x0000000708600000, 0x0000000708600000| Untracked 
|  45|0x0000000708800000, 0x0000000708800000, 0x0000000708a00000|  0%| F|  |TAMS 0x0000000708800000, 0x0000000708800000| Untracked 
|  46|0x0000000708a00000, 0x0000000708a00000, 0x0000000708c00000|  0%| F|  |TAMS 0x0000000708a00000, 0x0000000708a00000| Untracked 
|  47|0x0000000708c00000, 0x0000000708c00000, 0x0000000708e00000|  0%| F|  |TAMS 0x0000000708c00000, 0x0000000708c00000| Untracked 
|  48|0x0000000708e00000, 0x0000000708e00000, 0x0000000709000000|  0%| F|  |TAMS 0x0000000708e00000, 0x0000000708e00000| Untracked 
|  49|0x0000000709000000, 0x0000000709000000, 0x0000000709200000|  0%| F|  |TAMS 0x0000000709000000, 0x0000000709000000| Untracked 
|  50|0x0000000709200000, 0x00000007092e37d0, 0x0000000709400000| 44%| S|CS|TAMS 0x0000000709200000, 0x0000000709200000| Complete 
|  51|0x0000000709400000, 0x0000000709400000, 0x0000000709600000|  0%| F|  |TAMS 0x0000000709400000, 0x0000000709400000| Untracked 
|  52|0x0000000709600000, 0x0000000709600000, 0x0000000709800000|  0%| F|  |TAMS 0x0000000709600000, 0x0000000709600000| Untracked 
|  53|0x0000000709800000, 0x0000000709800000, 0x0000000709a00000|  0%| F|  |TAMS 0x0000000709800000, 0x0000000709800000| Untracked 
|  54|0x0000000709a00000, 0x0000000709a00000, 0x0000000709c00000|  0%| F|  |TAMS 0x0000000709a00000, 0x0000000709a00000| Untracked 
|  55|0x0000000709c00000, 0x0000000709c00000, 0x0000000709e00000|  0%| F|  |TAMS 0x0000000709c00000, 0x0000000709c00000| Untracked 
|  56|0x0000000709e00000, 0x0000000709e00000, 0x000000070a000000|  0%| F|  |TAMS 0x0000000709e00000, 0x0000000709e00000| Untracked 
|  57|0x000000070a000000, 0x000000070a000000, 0x000000070a200000|  0%| F|  |TAMS 0x000000070a000000, 0x000000070a000000| Untracked 
|  58|0x000000070a200000, 0x000000070a200000, 0x000000070a400000|  0%| F|  |TAMS 0x000000070a200000, 0x000000070a200000| Untracked 
|  59|0x000000070a400000, 0x000000070a400000, 0x000000070a600000|  0%| F|  |TAMS 0x000000070a400000, 0x000000070a400000| Untracked 
|  60|0x000000070a600000, 0x000000070a600000, 0x000000070a800000|  0%| F|  |TAMS 0x000000070a600000, 0x000000070a600000| Untracked 
|  61|0x000000070a800000, 0x000000070a800000, 0x000000070aa00000|  0%| F|  |TAMS 0x000000070a800000, 0x000000070a800000| Untracked 
|  62|0x000000070aa00000, 0x000000070aa00000, 0x000000070ac00000|  0%| F|  |TAMS 0x000000070aa00000, 0x000000070aa00000| Untracked 
|  63|0x000000070ac00000, 0x000000070ac00000, 0x000000070ae00000|  0%| F|  |TAMS 0x000000070ac00000, 0x000000070ac00000| Untracked 
|  64|0x000000070ae00000, 0x000000070ae00000, 0x000000070b000000|  0%| F|  |TAMS 0x000000070ae00000, 0x000000070ae00000| Untracked 
|  65|0x000000070b000000, 0x000000070b000000, 0x000000070b200000|  0%| F|  |TAMS 0x000000070b000000, 0x000000070b000000| Untracked 
|  66|0x000000070b200000, 0x000000070b200000, 0x000000070b400000|  0%| F|  |TAMS 0x000000070b200000, 0x000000070b200000| Untracked 
|  67|0x000000070b400000, 0x000000070b500800, 0x000000070b600000| 50%| E|  |TAMS 0x000000070b400000, 0x000000070b400000| Complete 
|  68|0x000000070b600000, 0x000000070b800000, 0x000000070b800000|100%| E|CS|TAMS 0x000000070b600000, 0x000000070b600000| Complete 
|  69|0x000000070b800000, 0x000000070ba00000, 0x000000070ba00000|100%| E|CS|TAMS 0x000000070b800000, 0x000000070b800000| Complete 
|  70|0x000000070ba00000, 0x000000070bc00000, 0x000000070bc00000|100%| E|CS|TAMS 0x000000070ba00000, 0x000000070ba00000| Complete 
|  71|0x000000070bc00000, 0x000000070be00000, 0x000000070be00000|100%| E|CS|TAMS 0x000000070bc00000, 0x000000070bc00000| Complete 
|  72|0x000000070be00000, 0x000000070c000000, 0x000000070c000000|100%| E|CS|TAMS 0x000000070be00000, 0x000000070be00000| Complete 
|  73|0x000000070c000000, 0x000000070c200000, 0x000000070c200000|100%| E|CS|TAMS 0x000000070c000000, 0x000000070c000000| Complete 
|  74|0x000000070c200000, 0x000000070c400000, 0x000000070c400000|100%| E|CS|TAMS 0x000000070c200000, 0x000000070c200000| Complete 
|  75|0x000000070c400000, 0x000000070c600000, 0x000000070c600000|100%| E|CS|TAMS 0x000000070c400000, 0x000000070c400000| Complete 
|  76|0x000000070c600000, 0x000000070c800000, 0x000000070c800000|100%| E|CS|TAMS 0x000000070c600000, 0x000000070c600000| Complete 
|  77|0x000000070c800000, 0x000000070ca00000, 0x000000070ca00000|100%| E|CS|TAMS 0x000000070c800000, 0x000000070c800000| Complete 
|  78|0x000000070ca00000, 0x000000070cc00000, 0x000000070cc00000|100%| E|CS|TAMS 0x000000070ca00000, 0x000000070ca00000| Complete 
|  79|0x000000070cc00000, 0x000000070ce00000, 0x000000070ce00000|100%| E|CS|TAMS 0x000000070cc00000, 0x000000070cc00000| Complete 
|  80|0x000000070ce00000, 0x000000070d000000, 0x000000070d000000|100%| E|CS|TAMS 0x000000070ce00000, 0x000000070ce00000| Complete 
|  81|0x000000070d000000, 0x000000070d200000, 0x000000070d200000|100%| E|CS|TAMS 0x000000070d000000, 0x000000070d000000| Complete 
|  82|0x000000070d200000, 0x000000070d400000, 0x000000070d400000|100%| E|CS|TAMS 0x000000070d200000, 0x000000070d200000| Complete 
|  83|0x000000070d400000, 0x000000070d600000, 0x000000070d600000|100%| E|CS|TAMS 0x000000070d400000, 0x000000070d400000| Complete 
|  84|0x000000070d600000, 0x000000070d800000, 0x000000070d800000|100%| E|CS|TAMS 0x000000070d600000, 0x000000070d600000| Complete 
|  85|0x000000070d800000, 0x000000070da00000, 0x000000070da00000|100%| E|CS|TAMS 0x000000070d800000, 0x000000070d800000| Complete 
|  86|0x000000070da00000, 0x000000070dc00000, 0x000000070dc00000|100%| E|CS|TAMS 0x000000070da00000, 0x000000070da00000| Complete 
|  87|0x000000070dc00000, 0x000000070de00000, 0x000000070de00000|100%| E|CS|TAMS 0x000000070dc00000, 0x000000070dc00000| Complete 
|  88|0x000000070de00000, 0x000000070e000000, 0x000000070e000000|100%| E|CS|TAMS 0x000000070de00000, 0x000000070de00000| Complete 
|  89|0x000000070e000000, 0x000000070e200000, 0x000000070e200000|100%| E|CS|TAMS 0x000000070e000000, 0x000000070e000000| Complete 
|  90|0x000000070e200000, 0x000000070e400000, 0x000000070e400000|100%| E|CS|TAMS 0x000000070e200000, 0x000000070e200000| Complete 
|  91|0x000000070e400000, 0x000000070e600000, 0x000000070e600000|100%| E|CS|TAMS 0x000000070e400000, 0x000000070e400000| Complete 
|  92|0x000000070e600000, 0x000000070e800000, 0x000000070e800000|100%| E|CS|TAMS 0x000000070e600000, 0x000000070e600000| Complete 
|  93|0x000000070e800000, 0x000000070ea00000, 0x000000070ea00000|100%| E|CS|TAMS 0x000000070e800000, 0x000000070e800000| Complete 
|  94|0x000000070ea00000, 0x000000070ec00000, 0x000000070ec00000|100%| E|CS|TAMS 0x000000070ea00000, 0x000000070ea00000| Complete 
|  95|0x000000070ec00000, 0x000000070ee00000, 0x000000070ee00000|100%| E|CS|TAMS 0x000000070ec00000, 0x000000070ec00000| Complete 
|  96|0x000000070ee00000, 0x000000070f000000, 0x000000070f000000|100%| E|CS|TAMS 0x000000070ee00000, 0x000000070ee00000| Complete 
|  97|0x000000070f000000, 0x000000070f200000, 0x000000070f200000|100%| E|CS|TAMS 0x000000070f000000, 0x000000070f000000| Complete 
|  98|0x000000070f200000, 0x000000070f400000, 0x000000070f400000|100%| E|CS|TAMS 0x000000070f200000, 0x000000070f200000| Complete 
|  99|0x000000070f400000, 0x000000070f600000, 0x000000070f600000|100%| E|CS|TAMS 0x000000070f400000, 0x000000070f400000| Complete 
| 100|0x000000070f600000, 0x000000070f800000, 0x000000070f800000|100%| E|CS|TAMS 0x000000070f600000, 0x000000070f600000| Complete 
| 101|0x000000070f800000, 0x000000070fa00000, 0x000000070fa00000|100%| E|CS|TAMS 0x000000070f800000, 0x000000070f800000| Complete 
| 102|0x000000070fa00000, 0x000000070fc00000, 0x000000070fc00000|100%| E|CS|TAMS 0x000000070fa00000, 0x000000070fa00000| Complete 
| 103|0x000000070fc00000, 0x000000070fe00000, 0x000000070fe00000|100%| E|CS|TAMS 0x000000070fc00000, 0x000000070fc00000| Complete 
| 104|0x000000070fe00000, 0x0000000710000000, 0x0000000710000000|100%| E|CS|TAMS 0x000000070fe00000, 0x000000070fe00000| Complete 
| 105|0x0000000710000000, 0x0000000710200000, 0x0000000710200000|100%| E|CS|TAMS 0x0000000710000000, 0x0000000710000000| Complete 
| 106|0x0000000710200000, 0x0000000710400000, 0x0000000710400000|100%| E|CS|TAMS 0x0000000710200000, 0x0000000710200000| Complete 
| 107|0x0000000710400000, 0x0000000710600000, 0x0000000710600000|100%| E|CS|TAMS 0x0000000710400000, 0x0000000710400000| Complete 
| 108|0x0000000710600000, 0x0000000710800000, 0x0000000710800000|100%| E|CS|TAMS 0x0000000710600000, 0x0000000710600000| Complete 
| 109|0x0000000710800000, 0x0000000710a00000, 0x0000000710a00000|100%| E|CS|TAMS 0x0000000710800000, 0x0000000710800000| Complete 
| 110|0x0000000710a00000, 0x0000000710c00000, 0x0000000710c00000|100%| E|CS|TAMS 0x0000000710a00000, 0x0000000710a00000| Complete 
| 111|0x0000000710c00000, 0x0000000710e00000, 0x0000000710e00000|100%| E|CS|TAMS 0x0000000710c00000, 0x0000000710c00000| Complete 
| 112|0x0000000710e00000, 0x0000000711000000, 0x0000000711000000|100%| E|CS|TAMS 0x0000000710e00000, 0x0000000710e00000| Complete 
| 113|0x0000000711000000, 0x0000000711200000, 0x0000000711200000|100%| E|CS|TAMS 0x0000000711000000, 0x0000000711000000| Complete 
| 114|0x0000000711200000, 0x0000000711400000, 0x0000000711400000|100%| E|CS|TAMS 0x0000000711200000, 0x0000000711200000| Complete 
| 115|0x0000000711400000, 0x0000000711600000, 0x0000000711600000|100%| E|CS|TAMS 0x0000000711400000, 0x0000000711400000| Complete 
| 116|0x0000000711600000, 0x0000000711800000, 0x0000000711800000|100%| E|CS|TAMS 0x0000000711600000, 0x0000000711600000| Complete 
| 117|0x0000000711800000, 0x0000000711a00000, 0x0000000711a00000|100%| E|CS|TAMS 0x0000000711800000, 0x0000000711800000| Complete 
| 118|0x0000000711a00000, 0x0000000711c00000, 0x0000000711c00000|100%| E|CS|TAMS 0x0000000711a00000, 0x0000000711a00000| Complete 
| 119|0x0000000711c00000, 0x0000000711e00000, 0x0000000711e00000|100%| E|CS|TAMS 0x0000000711c00000, 0x0000000711c00000| Complete 
| 120|0x0000000711e00000, 0x0000000712000000, 0x0000000712000000|100%| E|CS|TAMS 0x0000000711e00000, 0x0000000711e00000| Complete 
| 121|0x0000000712000000, 0x0000000712200000, 0x0000000712200000|100%| E|CS|TAMS 0x0000000712000000, 0x0000000712000000| Complete 
| 122|0x0000000712200000, 0x0000000712400000, 0x0000000712400000|100%| E|CS|TAMS 0x0000000712200000, 0x0000000712200000| Complete 
| 123|0x0000000712400000, 0x0000000712600000, 0x0000000712600000|100%| E|CS|TAMS 0x0000000712400000, 0x0000000712400000| Complete 
| 124|0x0000000712600000, 0x0000000712800000, 0x0000000712800000|100%| E|CS|TAMS 0x0000000712600000, 0x0000000712600000| Complete 
| 125|0x0000000712800000, 0x0000000712a00000, 0x0000000712a00000|100%| E|CS|TAMS 0x0000000712800000, 0x0000000712800000| Complete 
| 126|0x0000000712a00000, 0x0000000712c00000, 0x0000000712c00000|100%| E|CS|TAMS 0x0000000712a00000, 0x0000000712a00000| Complete 

Card table byte_map: [0x000001e376450000,0x000001e376c40000] _byte_map_base: 0x000001e372c39000

Marking Bits (Prev, Next): (CMBitMap*) 0x000001e36dc64d80, (CMBitMap*) 0x000001e36dc64dc0
 Prev Bits: [0x000001e377430000, 0x000001e37b378000)
 Next Bits: [0x000001e37b380000, 0x000001e37f2c8000)

Polling page: 0x000001e36bbb0000

Metaspace:

Usage:
  Non-class:      8.57 MB used.
      Class:    641.30 KB used.
       Both:      9.20 MB used.

Virtual space:
  Non-class space:       16.00 MB reserved,       8.69 MB ( 54%) committed,  2 nodes.
      Class space:        1.00 GB reserved,     768.00 KB ( <1%) committed,  1 nodes.
             Both:        1.02 GB reserved,       9.44 MB ( <1%) committed. 

Chunk freelists:
   Non-Class:  2.03 MB
       Class:  3.26 MB
        Both:  5.29 MB

MaxMetaspaceSize: unlimited
CompressedClassSpaceSize: 1.00 GB
Initial GC threshold: 21.00 MB
Current GC threshold: 21.00 MB
CDS: on
MetaspaceReclaimPolicy: balanced
 - commit_granule_bytes: 65536.
 - commit_granule_words: 8192.
 - virtual_space_node_default_size: 1048576.
 - enlarge_chunks_in_place: 1.
 - new_chunks_are_fully_committed: 0.
 - uncommit_free_chunks: 1.
 - use_allocation_guard: 0.
 - handle_deallocations: 1.


Internal statistics:

num_allocs_failed_limit: 0.
num_arena_births: 218.
num_arena_deaths: 0.
num_vsnodes_births: 3.
num_vsnodes_deaths: 0.
num_space_committed: 149.
num_space_uncommitted: 0.
num_chunks_returned_to_freelist: 0.
num_chunks_taken_from_freelist: 503.
num_chunk_merges: 0.
num_chunk_splits: 347.
num_chunks_enlarged: 251.
num_purges: 0.
num_inconsistent_stats: 0.

CodeHeap 'non-profiled nmethods': size=120000Kb used=1948Kb max_used=1948Kb free=118051Kb
 bounds [0x000001e307ad0000, 0x000001e307d40000, 0x000001e30f000000]
CodeHeap 'profiled nmethods': size=120000Kb used=4759Kb max_used=4759Kb free=115240Kb
 bounds [0x000001e3005a0000, 0x000001e300a50000, 0x000001e307ad0000]
CodeHeap 'non-nmethods': size=5760Kb used=1758Kb max_used=1821Kb free=4001Kb
 bounds [0x000001e300000000, 0x000001e300270000, 0x000001e3005a0000]
 total_blobs=3824 nmethods=2589 adapters=1148
 compilation: enabled
              stopped_count=0, restarted_count=0
 full_count=0

Compilation events (20 events):
Event: 8.419 Thread 0x000001e37ff61aa0 nmethod 2576 0x000001e307cb5c90 code [0x000001e307cb5e20, 0x000001e307cb6008]
Event: 8.457 Thread 0x000001e37ff61aa0 2582   !   4       java.nio.DirectIntBufferU::get (34 bytes)
Event: 8.461 Thread 0x000001e37ff61aa0 nmethod 2582 0x000001e307cb6210 code [0x000001e307cb6380, 0x000001e307cb6478]
Event: 8.470 Thread 0x000001e37ff61aa0 2583 %     4       java.util.Arrays::fill @ 5 (21 bytes)
Event: 8.476 Thread 0x000001e37ff61aa0 nmethod 2583% 0x000001e307cb6590 code [0x000001e307cb6720, 0x000001e307cb6938]
Event: 8.505 Thread 0x000001e37ff66460 2584   !   3       engine.imGui.AssetsWindow::imgui (2387 bytes)
Event: 8.511 Thread 0x000001e37ff66460 nmethod 2584 0x000001e300a2ea10 code [0x000001e300a30440, 0x000001e300a3c5f8]
Event: 8.586 Thread 0x000001e37ff66460 2585       3       java.lang.invoke.MethodHandleNatives::refKindIsField (32 bytes)
Event: 8.587 Thread 0x000001e37ff66460 nmethod 2585 0x000001e300a41390 code [0x000001e300a41520, 0x000001e300a41678]
Event: 8.587 Thread 0x000001e37ff61aa0 2587       4       jdk.internal.org.objectweb.asm.ByteVector::putByte (39 bytes)
Event: 8.587 Thread 0x000001e37ff66460 2588       3       jdk.internal.access.SharedSecrets::getJavaLangAccess (4 bytes)
Event: 8.587 Thread 0x000001e37ff66460 nmethod 2588 0x000001e300a41710 code [0x000001e300a418a0, 0x000001e300a41998]
Event: 8.588 Thread 0x000001e37ff61aa0 nmethod 2587 0x000001e307cb6d90 code [0x000001e307cb6f20, 0x000001e307cb7068]
Event: 8.588 Thread 0x000001e37ff66460 2589       3       java.lang.invoke.MethodHandles$Lookup::checkAccess (232 bytes)
Event: 8.589 Thread 0x000001e37ff66460 nmethod 2589 0x000001e300a41a10 code [0x000001e300a41d00, 0x000001e300a42db8]
Event: 8.589 Thread 0x000001e37ff66460 2590       3       java.lang.invoke.LambdaFormEditor::getInCache (165 bytes)
Event: 8.589 Thread 0x000001e37ff66460 nmethod 2590 0x000001e300a43210 code [0x000001e300a43480, 0x000001e300a44398]
Event: 8.608 Thread 0x000001e37ff61aa0 2591       4       engine.imGui.ProjectStructureWindow::DrawFiles (323 bytes)
Event: 8.610 Thread 0x000001e37ff66460 2592       3       java.lang.invoke.MethodType::dropParameterTypes (162 bytes)
Event: 8.610 Thread 0x000001e37ff66460 nmethod 2592 0x000001e300a44710 code [0x000001e300a44a00, 0x000001e300a459a8]

GC Heap History (16 events):
Event: 1.129 GC heap before
{Heap before GC invocations=0 (full 0):
 garbage-first heap   total 260096K, used 20480K [0x0000000702e00000, 0x0000000800000000)
  region size 2048K, 11 young (22528K), 0 survivors (0K)
 Metaspace       used 6808K, committed 6976K, reserved 1056768K
  class space    used 499K, committed 576K, reserved 1048576K
}
Event: 1.131 GC heap after
{Heap after GC invocations=1 (full 0):
 garbage-first heap   total 260096K, used 3620K [0x0000000702e00000, 0x0000000800000000)
  region size 2048K, 2 young (4096K), 2 survivors (4096K)
 Metaspace       used 6808K, committed 6976K, reserved 1056768K
  class space    used 499K, committed 576K, reserved 1048576K
}
Event: 1.167 GC heap before
{Heap before GC invocations=1 (full 0):
 garbage-first heap   total 260096K, used 32292K [0x0000000702e00000, 0x0000000800000000)
  region size 2048K, 16 young (32768K), 2 survivors (4096K)
 Metaspace       used 6830K, committed 6976K, reserved 1056768K
  class space    used 499K, committed 576K, reserved 1048576K
}
Event: 1.171 GC heap after
{Heap after GC invocations=2 (full 0):
 garbage-first heap   total 260096K, used 6300K [0x0000000702e00000, 0x0000000800000000)
  region size 2048K, 2 young (4096K), 2 survivors (4096K)
 Metaspace       used 6830K, committed 6976K, reserved 1056768K
  class space    used 499K, committed 576K, reserved 1048576K
}
Event: 1.411 GC heap before
{Heap before GC invocations=2 (full 0):
 garbage-first heap   total 260096K, used 135324K [0x0000000702e00000, 0x0000000800000000)
  region size 2048K, 65 young (133120K), 2 survivors (4096K)
 Metaspace       used 6860K, committed 7040K, reserved 1056768K
  class space    used 499K, committed 576K, reserved 1048576K
}
Event: 1.423 GC heap after
{Heap after GC invocations=3 (full 0):
 garbage-first heap   total 260096K, used 22681K [0x0000000702e00000, 0x0000000800000000)
  region size 2048K, 9 young (18432K), 9 survivors (18432K)
 Metaspace       used 6860K, committed 7040K, reserved 1056768K
  class space    used 499K, committed 576K, reserved 1048576K
}
Event: 3.083 GC heap before
{Heap before GC invocations=3 (full 0):
 garbage-first heap   total 260096K, used 170137K [0x0000000702e00000, 0x0000000800000000)
  region size 2048K, 76 young (155648K), 9 survivors (18432K)
 Metaspace       used 9082K, committed 9344K, reserved 1064960K
  class space    used 640K, committed 768K, reserved 1048576K
}
Event: 3.100 GC heap after
{Heap after GC invocations=4 (full 0):
 garbage-first heap   total 260096K, used 14438K [0x0000000702e00000, 0x0000000800000000)
  region size 2048K, 2 young (4096K), 2 survivors (4096K)
 Metaspace       used 9082K, committed 9344K, reserved 1064960K
  class space    used 640K, committed 768K, reserved 1048576K
}
Event: 4.382 GC heap before
{Heap before GC invocations=4 (full 0):
 garbage-first heap   total 260096K, used 165990K [0x0000000702e00000, 0x0000000800000000)
  region size 2048K, 76 young (155648K), 2 survivors (4096K)
 Metaspace       used 9247K, committed 9536K, reserved 1064960K
  class space    used 640K, committed 768K, reserved 1048576K
}
Event: 4.385 GC heap after
{Heap after GC invocations=5 (full 0):
 garbage-first heap   total 260096K, used 12929K [0x0000000702e00000, 0x0000000800000000)
  region size 2048K, 1 young (2048K), 1 survivors (2048K)
 Metaspace       used 9247K, committed 9536K, reserved 1064960K
  class space    used 640K, committed 768K, reserved 1048576K
}
Event: 5.666 GC heap before
{Heap before GC invocations=5 (full 0):
 garbage-first heap   total 260096K, used 166529K [0x0000000702e00000, 0x0000000800000000)
  region size 2048K, 76 young (155648K), 1 survivors (2048K)
 Metaspace       used 9294K, committed 9536K, reserved 1064960K
  class space    used 640K, committed 768K, reserved 1048576K
}
Event: 5.667 GC heap after
{Heap after GC invocations=6 (full 0):
 garbage-first heap   total 260096K, used 13019K [0x0000000702e00000, 0x0000000800000000)
  region size 2048K, 1 young (2048K), 1 survivors (2048K)
 Metaspace       used 9294K, committed 9536K, reserved 1064960K
  class space    used 640K, committed 768K, reserved 1048576K
}
Event: 6.865 GC heap before
{Heap before GC invocations=6 (full 0):
 garbage-first heap   total 260096K, used 166619K [0x0000000702e00000, 0x0000000800000000)
  region size 2048K, 76 young (155648K), 1 survivors (2048K)
 Metaspace       used 9343K, committed 9600K, reserved 1064960K
  class space    used 640K, committed 768K, reserved 1048576K
}
Event: 6.870 GC heap after
{Heap after GC invocations=7 (full 0):
 garbage-first heap   total 260096K, used 12901K [0x0000000702e00000, 0x0000000800000000)
  region size 2048K, 1 young (2048K), 1 survivors (2048K)
 Metaspace       used 9343K, committed 9600K, reserved 1064960K
  class space    used 640K, committed 768K, reserved 1048576K
}
Event: 7.840 GC heap before
{Heap before GC invocations=7 (full 0):
 garbage-first heap   total 260096K, used 166501K [0x0000000702e00000, 0x0000000800000000)
  region size 2048K, 76 young (155648K), 1 survivors (2048K)
 Metaspace       used 9360K, committed 9600K, reserved 1064960K
  class space    used 640K, committed 768K, reserved 1048576K
}
Event: 7.844 GC heap after
{Heap after GC invocations=8 (full 0):
 garbage-first heap   total 260096K, used 12861K [0x0000000702e00000, 0x0000000800000000)
  region size 2048K, 1 young (2048K), 1 survivors (2048K)
 Metaspace       used 9360K, committed 9600K, reserved 1064960K
  class space    used 640K, committed 768K, reserved 1048576K
}

Deoptimization events (20 events):
Event: 4.758 Thread 0x000001e36dbf7de0 Uncommon trap: trap_request=0xffffffde fr.pc=0x000001e307c59418 relative=0x00000000000004f8
Event: 4.758 Thread 0x000001e36dbf7de0 Uncommon trap: reason=class_check action=maybe_recompile pc=0x000001e307c59418 method=engine.entities.GameObject.getComponent(Ljava/lang/Class;)Lengine/components/Component; @ 45 c2
Event: 4.758 Thread 0x000001e36dbf7de0 DEOPT PACKING pc=0x000001e307c59418 sp=0x0000007a43dff190
Event: 4.758 Thread 0x000001e36dbf7de0 DEOPT UNPACKING pc=0x000001e3000523a3 sp=0x0000007a43dff138 mode 2
Event: 4.758 Thread 0x000001e36dbf7de0 Uncommon trap: trap_request=0xffffffde fr.pc=0x000001e307c59418 relative=0x00000000000004f8
Event: 4.758 Thread 0x000001e36dbf7de0 Uncommon trap: reason=class_check action=maybe_recompile pc=0x000001e307c59418 method=engine.entities.GameObject.getComponent(Ljava/lang/Class;)Lengine/components/Component; @ 45 c2
Event: 4.758 Thread 0x000001e36dbf7de0 DEOPT PACKING pc=0x000001e307c59418 sp=0x0000007a43dff190
Event: 4.758 Thread 0x000001e36dbf7de0 DEOPT UNPACKING pc=0x000001e3000523a3 sp=0x0000007a43dff138 mode 2
Event: 4.774 Thread 0x000001e36dbf7de0 Uncommon trap: trap_request=0xffffffde fr.pc=0x000001e307c59418 relative=0x00000000000004f8
Event: 4.774 Thread 0x000001e36dbf7de0 Uncommon trap: reason=class_check action=maybe_recompile pc=0x000001e307c59418 method=engine.entities.GameObject.getComponent(Ljava/lang/Class;)Lengine/components/Component; @ 45 c2
Event: 4.774 Thread 0x000001e36dbf7de0 DEOPT PACKING pc=0x000001e307c59418 sp=0x0000007a43dff190
Event: 4.774 Thread 0x000001e36dbf7de0 DEOPT UNPACKING pc=0x000001e3000523a3 sp=0x0000007a43dff138 mode 2
Event: 5.507 Thread 0x000001e36dbf7de0 DEOPT PACKING pc=0x000001e3008261cc sp=0x0000007a43dfedd0
Event: 5.507 Thread 0x000001e36dbf7de0 DEOPT UNPACKING pc=0x000001e300052b43 sp=0x0000007a43dfe288 mode 0
Event: 5.507 Thread 0x000001e36dbf7de0 DEOPT PACKING pc=0x000001e30082a20c sp=0x0000007a43dfedd0
Event: 5.507 Thread 0x000001e36dbf7de0 DEOPT UNPACKING pc=0x000001e300052b43 sp=0x0000007a43dfe288 mode 0
Event: 8.587 Thread 0x000001e36dbf7de0 Uncommon trap: trap_request=0xffffff66 fr.pc=0x000001e307c66478 relative=0x0000000000000058
Event: 8.587 Thread 0x000001e36dbf7de0 Uncommon trap: reason=speculate_class_check action=maybe_recompile pc=0x000001e307c66478 method=java.lang.invoke.Invokers$Holder.linkToTargetMethod(ILjava/lang/Object;)Ljava/lang/Object; @ 1 c2
Event: 8.587 Thread 0x000001e36dbf7de0 DEOPT PACKING pc=0x000001e307c66478 sp=0x0000007a43dff110
Event: 8.587 Thread 0x000001e36dbf7de0 DEOPT UNPACKING pc=0x000001e3000523a3 sp=0x0000007a43dff0a0 mode 2

Classes unloaded (0 events):
No events

Classes redefined (0 events):
No events

Internal exceptions (20 events):
Event: 8.595 Thread 0x000001e36dbf7de0 Exception <a 'java/io/FileNotFoundException'{0x000000070b82aae0}> (0x000000070b82aae0) 
thrown [s\src\hotspot\share\prims\jni.cpp, line 516]
Event: 8.595 Thread 0x000001e36dbf7de0 Exception <a 'java/io/FileNotFoundException'{0x000000070b835eb0}> (0x000000070b835eb0) 
thrown [s\src\hotspot\share\prims\jni.cpp, line 516]
Event: 8.595 Thread 0x000001e36dbf7de0 Exception <a 'java/io/FileNotFoundException'{0x000000070b840a20}> (0x000000070b840a20) 
thrown [s\src\hotspot\share\prims\jni.cpp, line 516]
Event: 8.595 Thread 0x000001e36dbf7de0 Exception <a 'java/io/FileNotFoundException'{0x000000070b84b430}> (0x000000070b84b430) 
thrown [s\src\hotspot\share\prims\jni.cpp, line 516]
Event: 8.595 Thread 0x000001e36dbf7de0 Exception <a 'java/io/FileNotFoundException'{0x000000070b855e50}> (0x000000070b855e50) 
thrown [s\src\hotspot\share\prims\jni.cpp, line 516]
Event: 8.596 Thread 0x000001e36dbf7de0 Exception <a 'java/io/FileNotFoundException'{0x000000070b861228}> (0x000000070b861228) 
thrown [s\src\hotspot\share\prims\jni.cpp, line 516]
Event: 8.596 Thread 0x000001e36dbf7de0 Exception <a 'java/io/FileNotFoundException'{0x000000070b86bda8}> (0x000000070b86bda8) 
thrown [s\src\hotspot\share\prims\jni.cpp, line 516]
Event: 8.596 Thread 0x000001e36dbf7de0 Exception <a 'java/io/FileNotFoundException'{0x000000070b8767b8}> (0x000000070b8767b8) 
thrown [s\src\hotspot\share\prims\jni.cpp, line 516]
Event: 8.596 Thread 0x000001e36dbf7de0 Exception <a 'java/io/FileNotFoundException'{0x000000070b8811d8}> (0x000000070b8811d8) 
thrown [s\src\hotspot\share\prims\jni.cpp, line 516]
Event: 8.596 Thread 0x000001e36dbf7de0 Exception <a 'java/io/FileNotFoundException'{0x000000070b88c5b0}> (0x000000070b88c5b0) 
thrown [s\src\hotspot\share\prims\jni.cpp, line 516]
Event: 8.596 Thread 0x000001e36dbf7de0 Exception <a 'java/io/FileNotFoundException'{0x000000070b897128}> (0x000000070b897128) 
thrown [s\src\hotspot\share\prims\jni.cpp, line 516]
Event: 8.596 Thread 0x000001e36dbf7de0 Exception <a 'java/io/FileNotFoundException'{0x000000070b8a1b38}> (0x000000070b8a1b38) 
thrown [s\src\hotspot\share\prims\jni.cpp, line 516]
Event: 8.596 Thread 0x000001e36dbf7de0 Exception <a 'java/io/FileNotFoundException'{0x000000070b8ac558}> (0x000000070b8ac558) 
thrown [s\src\hotspot\share\prims\jni.cpp, line 516]
Event: 8.597 Thread 0x000001e36dbf7de0 Exception <a 'java/io/FileNotFoundException'{0x000000070b8c8660}> (0x000000070b8c8660) 
thrown [s\src\hotspot\share\prims\jni.cpp, line 516]
Event: 8.597 Thread 0x000001e36dbf7de0 Exception <a 'java/io/FileNotFoundException'{0x000000070b8d3070}> (0x000000070b8d3070) 
thrown [s\src\hotspot\share\prims\jni.cpp, line 516]
Event: 8.597 Thread 0x000001e36dbf7de0 Exception <a 'java/io/FileNotFoundException'{0x000000070b8dda90}> (0x000000070b8dda90) 
thrown [s\src\hotspot\share\prims\jni.cpp, line 516]
Event: 8.597 Thread 0x000001e36dbf7de0 Exception <a 'java/io/FileNotFoundException'{0x000000070b8f9d20}> (0x000000070b8f9d20) 
thrown [s\src\hotspot\share\prims\jni.cpp, line 516]
Event: 8.597 Thread 0x000001e36dbf7de0 Exception <a 'java/io/FileNotFoundException'{0x000000070b904970}> (0x000000070b904970) 
thrown [s\src\hotspot\share\prims\jni.cpp, line 516]
Event: 8.597 Thread 0x000001e36dbf7de0 Exception <a 'java/io/FileNotFoundException'{0x000000070b90f390}> (0x000000070b90f390) 
thrown [s\src\hotspot\share\prims\jni.cpp, line 516]
Event: 8.610 Thread 0x000001e36dbf7de0 Exception <a 'java/io/FileNotFoundException'{0x000000070b4ce0c0}> (0x000000070b4ce0c0) 
thrown [s\src\hotspot\share\prims\jni.cpp, line 516]

VM Operations (20 events):
Event: 3.083 Executing VM operation: G1CollectForAllocation
Event: 3.100 Executing VM operation: G1CollectForAllocation done
Event: 4.114 Executing VM operation: Cleanup
Event: 4.114 Executing VM operation: Cleanup done
Event: 4.382 Executing VM operation: G1CollectForAllocation
Event: 4.385 Executing VM operation: G1CollectForAllocation done
Event: 5.385 Executing VM operation: Cleanup
Event: 5.386 Executing VM operation: Cleanup done
Event: 5.666 Executing VM operation: G1CollectForAllocation
Event: 5.667 Executing VM operation: G1CollectForAllocation done
Event: 6.679 Executing VM operation: Cleanup
Event: 6.679 Executing VM operation: Cleanup done
Event: 6.865 Executing VM operation: G1CollectForAllocation
Event: 6.870 Executing VM operation: G1CollectForAllocation done
Event: 7.100 Executing VM operation: HandshakeAllThreads
Event: 7.100 Executing VM operation: HandshakeAllThreads done
Event: 7.840 Executing VM operation: G1CollectForAllocation
Event: 7.844 Executing VM operation: G1CollectForAllocation done
Event: 8.588 Executing VM operation: HandshakeAllThreads
Event: 8.588 Executing VM operation: HandshakeAllThreads done

Events (20 events):
Event: 2.826 loading class java/util/stream/Node$OfInt done
Event: 2.826 loading class java/util/stream/Nodes$EmptyNode$OfInt done
Event: 2.826 loading class java/util/stream/Nodes$EmptyNode$OfLong
Event: 2.826 loading class java/util/stream/Node$OfLong
Event: 2.827 loading class java/util/stream/Node$OfLong done
Event: 2.827 loading class java/util/stream/Nodes$EmptyNode$OfLong done
Event: 2.827 loading class java/util/stream/Nodes$EmptyNode$OfDouble
Event: 2.827 loading class java/util/stream/Node$OfDouble
Event: 2.827 loading class java/util/stream/Node$OfDouble done
Event: 2.827 loading class java/util/stream/Nodes$EmptyNode$OfDouble done
Event: 2.827 loading class java/util/stream/Nodes$FixedNodeBuilder
Event: 2.827 loading class java/util/stream/Node$Builder
Event: 2.827 loading class java/util/stream/Node$Builder done
Event: 2.827 loading class java/util/stream/Nodes$ArrayNode
Event: 2.827 loading class java/util/stream/Nodes$ArrayNode done
Event: 2.827 loading class java/util/stream/Nodes$FixedNodeBuilder done
Event: 2.870 Thread 0x000001e319c94270 Thread added: 0x000001e319c94270
Event: 3.107 Thread 0x000001e319c97510 Thread added: 0x000001e319c97510
Event: 4.496 Thread 0x000001e319c97510 Thread exited: 0x000001e319c97510
Event: 4.732 Thread 0x000001e319c94270 Thread exited: 0x000001e319c94270


Dynamic libraries:
0x00007ff6869c0000 - 0x00007ff6869cd000 	C:\Users\Kirill\.jdks\corretto-17.0.4.1\bin\java.exe
0x00007ffc4b830000 - 0x00007ffc4ba28000 	C:\WINDOWS\SYSTEM32\ntdll.dll
0x00007ffc4b680000 - 0x00007ffc4b73f000 	C:\WINDOWS\System32\KERNEL32.DLL
0x00007ffc49490000 - 0x00007ffc49762000 	C:\WINDOWS\System32\KERNELBASE.dll
0x00007ffc49770000 - 0x00007ffc49870000 	C:\WINDOWS\System32\ucrtbase.dll
0x00007ffc36df0000 - 0x00007ffc36e08000 	C:\Users\Kirill\.jdks\corretto-17.0.4.1\bin\jli.dll
0x00007ffc36cb0000 - 0x00007ffc36cc5000 	C:\Users\Kirill\.jdks\corretto-17.0.4.1\bin\VCRUNTIME140.dll
0x00007ffc4b070000 - 0x00007ffc4b211000 	C:\WINDOWS\System32\USER32.dll
0x00007ffc482b0000 - 0x00007ffc4854a000 	C:\WINDOWS\WinSxS\amd64_microsoft.windows.common-controls_6595b64144ccf1df_6.0.19041.1110_none_60b5254171f9507e\COMCTL32.dll
0x00007ffc49190000 - 0x00007ffc491b2000 	C:\WINDOWS\System32\win32u.dll
0x00007ffc4a900000 - 0x00007ffc4a99e000 	C:\WINDOWS\System32\msvcrt.dll
0x00007ffc4add0000 - 0x00007ffc4adfb000 	C:\WINDOWS\System32\GDI32.dll
0x00007ffc49330000 - 0x00007ffc4943f000 	C:\WINDOWS\System32\gdi32full.dll
0x00007ffc490f0000 - 0x00007ffc4918d000 	C:\WINDOWS\System32\msvcp_win.dll
0x00007ffc4ac00000 - 0x00007ffc4ac32000 	C:\WINDOWS\System32\IMM32.DLL
0x00007ffc01af0000 - 0x00007ffc01b8b000 	C:\Users\Kirill\.jdks\corretto-17.0.4.1\bin\msvcp140.dll
0x00007ffbfd180000 - 0x00007ffbfdd94000 	C:\Users\Kirill\.jdks\corretto-17.0.4.1\bin\server\jvm.dll
0x00007ffc4aad0000 - 0x00007ffc4ab7e000 	C:\WINDOWS\System32\ADVAPI32.dll
0x00007ffc4ae00000 - 0x00007ffc4ae9c000 	C:\WINDOWS\System32\sechost.dll
0x00007ffc4a6b0000 - 0x00007ffc4a7d5000 	C:\WINDOWS\System32\RPCRT4.dll
0x00007ffc4afd0000 - 0x00007ffc4afd8000 	C:\WINDOWS\System32\PSAPI.DLL
0x00007ffc367d0000 - 0x00007ffc367d9000 	C:\WINDOWS\SYSTEM32\WSOCK32.dll
0x00007ffc31bd0000 - 0x00007ffc31bf7000 	C:\WINDOWS\SYSTEM32\WINMM.dll
0x00007ffc42cf0000 - 0x00007ffc42cfa000 	C:\WINDOWS\SYSTEM32\VERSION.dll
0x00007ffc4ab80000 - 0x00007ffc4abeb000 	C:\WINDOWS\System32\WS2_32.dll
0x00007ffc46000000 - 0x00007ffc46012000 	C:\WINDOWS\SYSTEM32\kernel.appcore.dll
0x00007ffc322f0000 - 0x00007ffc322fa000 	C:\Users\Kirill\.jdks\corretto-17.0.4.1\bin\jimage.dll
0x00007ffc48840000 - 0x00007ffc48a24000 	C:\WINDOWS\SYSTEM32\DBGHELP.DLL
0x00007ffc48660000 - 0x00007ffc48695000 	C:\WINDOWS\SYSTEM32\dbgcore.DLL
0x00007ffc492a0000 - 0x00007ffc49322000 	C:\WINDOWS\System32\bcryptPrimitives.dll
0x00007ffc1b670000 - 0x00007ffc1b695000 	C:\Users\Kirill\.jdks\corretto-17.0.4.1\bin\java.dll
0x00007ffc01080000 - 0x00007ffc01156000 	C:\Users\Kirill\.jdks\corretto-17.0.4.1\bin\jsvml.dll
0x00007ffc49e90000 - 0x00007ffc4a5d4000 	C:\WINDOWS\System32\SHELL32.dll
0x00007ffc46300000 - 0x00007ffc46a92000 	C:\WINDOWS\SYSTEM32\windows.storage.dll
0x00007ffc4b220000 - 0x00007ffc4b575000 	C:\WINDOWS\System32\combase.dll
0x00007ffc48210000 - 0x00007ffc48240000 	C:\WINDOWS\SYSTEM32\Wldp.dll
0x00007ffc4ac40000 - 0x00007ffc4aced000 	C:\WINDOWS\System32\SHCORE.dll
0x00007ffc4a650000 - 0x00007ffc4a6a5000 	C:\WINDOWS\System32\shlwapi.dll
0x00007ffc48e60000 - 0x00007ffc48e7f000 	C:\WINDOWS\SYSTEM32\profapi.dll
0x00007ffc1b650000 - 0x00007ffc1b669000 	C:\Users\Kirill\.jdks\corretto-17.0.4.1\bin\net.dll
0x00007ffc41d10000 - 0x00007ffc41e1c000 	C:\WINDOWS\SYSTEM32\WINHTTP.dll
0x00007ffc480e0000 - 0x00007ffc4814a000 	C:\WINDOWS\system32\mswsock.dll
0x00007ffc0c740000 - 0x00007ffc0c755000 	C:\Users\Kirill\.jdks\corretto-17.0.4.1\bin\nio.dll
0x00007ffc0c720000 - 0x00007ffc0c738000 	C:\Users\Kirill\.jdks\corretto-17.0.4.1\bin\zip.dll
0x00007ffc21dd0000 - 0x00007ffc21de0000 	C:\Users\Kirill\.jdks\corretto-17.0.4.1\bin\verify.dll
0x00007ffbfc480000 - 0x00007ffbfc4f5000 	C:\Users\Kirill\AppData\Local\Temp\lwjglKirill\3.3.1-SNAPSHOT\lwjgl.dll
0x00007ffbfc410000 - 0x00007ffbfc471000 	C:\Users\Kirill\AppData\Local\Temp\lwjglKirill\3.3.1-SNAPSHOT\glfw.dll
0x00007ffc3b070000 - 0x00007ffc3b0b5000 	C:\WINDOWS\SYSTEM32\dinput8.dll
0x00007ffc3b1c0000 - 0x00007ffc3b1d1000 	C:\WINDOWS\SYSTEM32\xinput1_4.dll
0x00007ffc49440000 - 0x00007ffc4948e000 	C:\WINDOWS\System32\cfgmgr32.dll
0x00007ffc48c60000 - 0x00007ffc48c8c000 	C:\WINDOWS\SYSTEM32\DEVOBJ.dll
0x00007ffc45df0000 - 0x00007ffc45e1f000 	C:\WINDOWS\SYSTEM32\dwmapi.dll
0x00007ffc3a930000 - 0x00007ffc3aa82000 	C:\WINDOWS\SYSTEM32\inputhost.dll
0x00007ffc4a9a0000 - 0x00007ffc4aa6d000 	C:\WINDOWS\System32\OLEAUT32.dll
0x00007ffc44ce0000 - 0x00007ffc44e34000 	C:\WINDOWS\SYSTEM32\wintypes.dll
0x00007ffc45710000 - 0x00007ffc45802000 	C:\WINDOWS\SYSTEM32\CoreMessaging.dll
0x00007ffc43d80000 - 0x00007ffc43e76000 	C:\WINDOWS\SYSTEM32\PROPSYS.dll
0x00007ffc453b0000 - 0x00007ffc4570e000 	C:\WINDOWS\SYSTEM32\CoreUIComponents.dll
0x00007ffc48c00000 - 0x00007ffc48c33000 	C:\WINDOWS\SYSTEM32\ntmarta.dll
0x00007ffc45c10000 - 0x00007ffc45cae000 	C:\WINDOWS\system32\uxtheme.dll
0x00007ffc4a7e0000 - 0x00007ffc4a8f5000 	C:\WINDOWS\System32\MSCTF.dll
0x00007ffc3a0c0000 - 0x00007ffc3a1e5000 	C:\WINDOWS\SYSTEM32\opengl32.dll
0x00007ffc3bc70000 - 0x00007ffc3bc9c000 	C:\WINDOWS\SYSTEM32\GLU32.dll
0x00007ffc4b740000 - 0x00007ffc4b7ef000 	C:\WINDOWS\System32\clbcatq.dll
0x00007ffbe04f0000 - 0x00007ffbe1595000 	C:\WINDOWS\System32\DriverStore\FileRepository\iigd_dch.inf_amd64_51f685305808e3a5\ig9icd64.dll
0x00007ffc4aea0000 - 0x00007ffc4afca000 	C:\WINDOWS\System32\ole32.dll
0x00007ffc47290000 - 0x00007ffc47383000 	C:\WINDOWS\system32\dxgi.dll
0x00007ffbf7c70000 - 0x00007ffbf7d9c000 	C:\WINDOWS\System32\DriverStore\FileRepository\iigd_dch.inf_amd64_51f685305808e3a5\igdml64.dll
0x00007ffc3fb60000 - 0x00007ffc3ff69000 	C:\WINDOWS\System32\DriverStore\FileRepository\iigd_dch.inf_amd64_51f685305808e3a5\igdgmm64.dll
0x00007ffc3beb0000 - 0x00007ffc3f644000 	C:\WINDOWS\System32\DriverStore\FileRepository\iigd_dch.inf_amd64_51f685305808e3a5\igc64.dll
0x00007ffc48ce0000 - 0x00007ffc48d2b000 	C:\WINDOWS\SYSTEM32\powrprof.dll
0x00007ffc48cc0000 - 0x00007ffc48cd2000 	C:\WINDOWS\SYSTEM32\UMPDC.dll
0x00007ffc3a830000 - 0x00007ffc3a929000 	C:\WINDOWS\SYSTEM32\textinputframework.dll
0x00007ffbfc250000 - 0x00007ffbfc2ad000 	C:\Users\Kirill\AppData\Local\Temp\lwjglKirill\3.3.1-SNAPSHOT\lwjgl_opengl.dll
0x0000000064a00000 - 0x000000006580f000 	C:\Users\Kirill\AppData\Local\Temp\imgui-java-natives_1673341293166\imgui-java64.dll
0x00007ffc46aa0000 - 0x00007ffc46aad000 	C:\WINDOWS\SYSTEM32\HID.DLL
0x00007ffc49870000 - 0x00007ffc49cd8000 	C:\WINDOWS\System32\SETUPAPI.DLL
0x00007ffc49270000 - 0x00007ffc49297000 	C:\WINDOWS\System32\bcrypt.dll
0x00007ffc49080000 - 0x00007ffc490e9000 	C:\WINDOWS\System32\WINTRUST.dll
0x00007ffc48f20000 - 0x00007ffc49076000 	C:\WINDOWS\System32\CRYPT32.dll
0x00007ffc48640000 - 0x00007ffc48652000 	C:\WINDOWS\SYSTEM32\MSASN1.dll
0x00007ffbfb3f0000 - 0x00007ffbfb471000 	C:\Users\Kirill\AppData\Local\Temp\lwjglKirill\3.3.1-SNAPSHOT\lwjgl_stb.dll

dbghelp: loaded successfully - version: 4.0.5 - missing functions: none
symbol engine: initialized successfully - sym options: 0x614 - pdb path: .;C:\Users\Kirill\.jdks\corretto-17.0.4.1\bin;C:\WINDOWS\SYSTEM32;C:\WINDOWS\WinSxS\amd64_microsoft.windows.common-controls_6595b64144ccf1df_6.0.19041.1110_none_60b5254171f9507e;C:\Users\Kirill\.jdks\corretto-17.0.4.1\bin\server;C:\Users\Kirill\AppData\Local\Temp\lwjglKirill\3.3.1-SNAPSHOT;C:\WINDOWS\System32\DriverStore\FileRepository\iigd_dch.inf_amd64_51f685305808e3a5;C:\Users\Kirill\AppData\Local\Temp\imgui-java-natives_1673341293166

VM Arguments:
jvm_args: -Dfile.encoding=windows-1251 -Duser.country=RU -Duser.language=ru -Duser.variant 
java_command: Main
java_class_path (initial): C:\_Files\Projects\Java\_GameEngine3\build\classes\java\main;C:\_Files\Projects\Java\_GameEngine3\build\resources\main;C:\Users\Kirill\.gradle\caches\modules-2\files-2.1\org.apache.commons\commons-lang3\3.0\8873bd0bb5cb9ee37f1b04578eb7e26fcdd44cb0\commons-lang3-3.0.jar;C:\Users\Kirill\.gradle\caches\modules-2\files-2.1\commons-io\commons-io\2.0.1\7ffdb02f95af1c1a208544e076cea5b8e66e731a\commons-io-2.0.1.jar;C:\Users\Kirill\.gradle\caches\modules-2\files-2.1\org.reflections\reflections\0.10.2\b638d7ca0e0fe0146b60a0e7ba232ad852a73b31\reflections-0.10.2.jar;C:\Users\Kirill\.gradle\caches\modules-2\files-2.1\org.jetbrains\annotations\20.1.0\2fcd1f3225bca0c4a7bc931142076f8c1e80993f\annotations-20.1.0.jar;C:\_Files\Projects\Java\_GameEngine3\libs\PNGDecoder.jar;C:\Users\Kirill\.gradle\caches\modules-2\files-2.1\com.github.tehleo\junionc\1.1.1\df8a242e6827e044718421574b332e4b86bfa517\junionc-1.1.1.jar;C:\_Files\Projects\Java\_GameEngine3\libs\jbox2d-library.jar;C:\_Files\Projects\Java\_GameEngine3\libs\slick-util.jar;C:\_Files\Projects\Java\_GameEngine3\libs\obj-0.3.0.jar;C:\Users\Kirill\.gradle\caches\modules-2\files-2.1\junit\junit\4.13\e49ccba652b735c93bd6e6f59760d8254cf597dd\junit-4.13.jar;C:\Users\Kirill\.gradle\caches\modules-2\files-2.1\io.github.spair\imgui-java-app\1.86.4\23a06b57a93761cd02b242051e9117bac40d0f7\imgui-java-app-1.86.4.jar;C:\Users\Kirill\.gradle\caches\modules-2\files-2.1\io.github.spair\imgui-java-lwjgl3\1.86.4\a538b7aa58be1c26e0dfe0b5395aaf58cb24e3dd\imgui-java-lwjgl3-1.86.4.jar;C:\Users\Kirill\.gradle\caches\modules-2\files-2.1\io.github.spair\imgui-java-binding\1.86.4\f97d32963ed5988b19f725d6c7d9946091cc3ba7\imgui-java-binding-1.86.4.jar;C:\Users\Kirill\.gradle\caches\modules-2\files-2.1\io.github.spair\imgui-java-natives-windows\1.86.0\b9c0aa0ebf251dbebe0dd7c39499f95cbe03d88\imgui-java-natives-windows-1.86.0.jar;C:\Users\Kirill\.gradle\caches\modules-2\files-2.1\com.google.code.gson\gson\2.9.1\2cc2131b98ebfb04e2b2c7
Launcher Type: SUN_STANDARD

[Global flags]
     intx CICompilerCount                          = 4                                         {product} {ergonomic}
     uint ConcGCThreads                            = 3                                         {product} {ergonomic}
     uint G1ConcRefinementThreads                  = 10                                        {product} {ergonomic}
   size_t G1HeapRegionSize                         = 2097152                                   {product} {ergonomic}
    uintx GCDrainStackTargetSize                   = 64                                        {product} {ergonomic}
   size_t InitialHeapSize                          = 266338304                                 {product} {ergonomic}
   size_t MarkStackSize                            = 4194304                                   {product} {ergonomic}
   size_t MaxHeapSize                              = 4246732800                                {product} {ergonomic}
   size_t MaxNewSize                               = 2548039680                                {product} {ergonomic}
   size_t MinHeapDeltaBytes                        = 2097152                                   {product} {ergonomic}
   size_t MinHeapSize                              = 8388608                                   {product} {ergonomic}
    uintx NonNMethodCodeHeapSize                   = 5839372                                {pd product} {ergonomic}
    uintx NonProfiledCodeHeapSize                  = 122909434                              {pd product} {ergonomic}
    uintx ProfiledCodeHeapSize                     = 122909434                              {pd product} {ergonomic}
    uintx ReservedCodeCacheSize                    = 251658240                              {pd product} {ergonomic}
     bool SegmentedCodeCache                       = true                                      {product} {ergonomic}
   size_t SoftMaxHeapSize                          = 4246732800                             {manageable} {ergonomic}
     bool UseCompressedClassPointers               = true                           {product lp64_product} {ergonomic}
     bool UseCompressedOops                        = true                           {product lp64_product} {ergonomic}
     bool UseG1GC                                  = true                                      {product} {ergonomic}
     bool UseLargePagesIndividualAllocation        = false                                  {pd product} {ergonomic}

Logging:
Log output configuration:
 #0: stdout all=warning uptime,level,tags
 #1: stderr all=off uptime,level,tags

Environment Variables:
PATH=C:\Program Files\Common Files\Oracle\Java\javapath;C:\Program Files\Python310\Scripts\;C:\Program Files\Python310\;C:\WINDOWS\system32;C:\WINDOWS;C:\WINDOWS\System32\Wbem;C:\WINDOWS\System32\WindowsPowerShell\v1.0\;C:\WINDOWS\System32\OpenSSH\;C:\Program Files\dotnet\;C:\Program Files\Git\cmd;C:\Program Files\Java\jdk-18.0.2.1\bin;C:\Users\Kirill\AppData\Local\Microsoft\WindowsApps;C:\Program Files\JetBrains\PyCharm Community Edition 2022.2\bin;;C:\Users\Kirill\AppData\Local\Programs\Microsoft VS Code\bin;C:\Program Files\JetBrains\IntelliJ IDEA Community Edition 2022.2.1\bin;;C:\Program Files\Java\jdk-18.0.2.1\bin;
USERNAME=Kirill
OS=Windows_NT
PROCESSOR_IDENTIFIER=Intel64 Family 6 Model 165 Stepping 3, GenuineIntel
TMP=C:\Users\Kirill\AppData\Local\Temp
TEMP=C:\Users\Kirill\AppData\Local\Temp



---------------  S Y S T E M  ---------------

OS:
 Windows 10 , 64 bit Build 19041 (10.0.19041.2364)
OS uptime: 13 days 1:11 hours

CPU: total 12 (initial active 12) (6 cores per cpu, 2 threads per core) family 6 model 165 stepping 3 microcode 0xe0, cx8, cmov, fxsr, ht, mmx, 3dnowpref, sse, sse2, sse3, ssse3, sse4.1, sse4.2, popcnt, lzcnt, tsc, tscinvbit, avx, avx2, aes, erms, clmul, bmi1, bmi2, adx, fma, vzeroupper, clflush, clflushopt

Memory: 4k page, system-wide physical 16196M (6174M free)
TotalPageFile size 19603M (AvailPageFile size 6956M)
current process WorkingSet (physical memory assigned to process): 1034M, peak: 1034M
current process commit charge ("private bytes"): 1026M, peak: 1026M

vm_info: OpenJDK 64-Bit Server VM (17.0.4.1+9-LTS) for windows-amd64 JRE (17.0.4.1+9-LTS), built on Aug 12 2022 17:33:36 by "Administrator" with MS VC++ 15.9 (VS2017)

END.
